ARM GAS  C:\Users\glenn\AppData\Local\Temp\ccQgHKzP.s 			page 1


   1              		.cpu cortex-m0
   2              		.fpu softvfp
   3              		.eabi_attribute 20, 1
   4              		.eabi_attribute 21, 1
   5              		.eabi_attribute 23, 3
   6              		.eabi_attribute 24, 1
   7              		.eabi_attribute 25, 1
   8              		.eabi_attribute 26, 1
   9              		.eabi_attribute 30, 1
  10              		.eabi_attribute 34, 0
  11              		.eabi_attribute 18, 4
  12              		.code	16
  13              		.file	"AMux_1.c"
  14              		.text
  15              	.Ltext0:
  16              		.cfi_sections	.debug_frame
  17              		.section	.text.AMux_1_Start,"ax",%progbits
  18              		.align	2
  19              		.global	AMux_1_Start
  20              		.code	16
  21              		.thumb_func
  22              		.type	AMux_1_Start, %function
  23              	AMux_1_Start:
  24              	.LFB0:
  25              		.file 1 "Generated_Source\\PSoC4\\AMux_1.c"
   1:Generated_Source\PSoC4/AMux_1.c **** /*******************************************************************************
   2:Generated_Source\PSoC4/AMux_1.c **** * File Name: AMux_1.c
   3:Generated_Source\PSoC4/AMux_1.c **** * Version 1.80
   4:Generated_Source\PSoC4/AMux_1.c **** *
   5:Generated_Source\PSoC4/AMux_1.c **** *  Description:
   6:Generated_Source\PSoC4/AMux_1.c **** *    This file contains all functions required for the analog multiplexer
   7:Generated_Source\PSoC4/AMux_1.c **** *    AMux User Module.
   8:Generated_Source\PSoC4/AMux_1.c **** *
   9:Generated_Source\PSoC4/AMux_1.c **** *   Note:
  10:Generated_Source\PSoC4/AMux_1.c **** *
  11:Generated_Source\PSoC4/AMux_1.c **** *******************************************************************************
  12:Generated_Source\PSoC4/AMux_1.c **** * Copyright 2008-2010, Cypress Semiconductor Corporation.  All rights reserved.
  13:Generated_Source\PSoC4/AMux_1.c **** * You may use this file only in accordance with the license, terms, conditions, 
  14:Generated_Source\PSoC4/AMux_1.c **** * disclaimers, and limitations in the end user license agreement accompanying 
  15:Generated_Source\PSoC4/AMux_1.c **** * the software package with which this file was provided.
  16:Generated_Source\PSoC4/AMux_1.c **** ********************************************************************************/
  17:Generated_Source\PSoC4/AMux_1.c **** 
  18:Generated_Source\PSoC4/AMux_1.c **** #include "AMux_1.h"
  19:Generated_Source\PSoC4/AMux_1.c **** 
  20:Generated_Source\PSoC4/AMux_1.c **** static uint8 AMux_1_lastChannel = AMux_1_NULL_CHANNEL;
  21:Generated_Source\PSoC4/AMux_1.c **** 
  22:Generated_Source\PSoC4/AMux_1.c **** 
  23:Generated_Source\PSoC4/AMux_1.c **** /*******************************************************************************
  24:Generated_Source\PSoC4/AMux_1.c **** * Function Name: AMux_1_Start
  25:Generated_Source\PSoC4/AMux_1.c **** ********************************************************************************
  26:Generated_Source\PSoC4/AMux_1.c **** * Summary:
  27:Generated_Source\PSoC4/AMux_1.c **** *  Disconnect all channels.
  28:Generated_Source\PSoC4/AMux_1.c **** *
  29:Generated_Source\PSoC4/AMux_1.c **** * Parameters:
  30:Generated_Source\PSoC4/AMux_1.c **** *  void
  31:Generated_Source\PSoC4/AMux_1.c **** *
  32:Generated_Source\PSoC4/AMux_1.c **** * Return:
ARM GAS  C:\Users\glenn\AppData\Local\Temp\ccQgHKzP.s 			page 2


  33:Generated_Source\PSoC4/AMux_1.c **** *  void
  34:Generated_Source\PSoC4/AMux_1.c **** *
  35:Generated_Source\PSoC4/AMux_1.c **** *******************************************************************************/
  36:Generated_Source\PSoC4/AMux_1.c **** void AMux_1_Start(void) 
  37:Generated_Source\PSoC4/AMux_1.c **** {
  26              		.loc 1 37 0
  27              		.cfi_startproc
  28 0000 10B5     		push	{r4, lr}
  29              		.cfi_def_cfa_offset 8
  30              		.cfi_offset 4, -8
  31              		.cfi_offset 14, -4
  32              	.LVL0:
  38:Generated_Source\PSoC4/AMux_1.c ****     uint8 chan;
  39:Generated_Source\PSoC4/AMux_1.c **** 
  40:Generated_Source\PSoC4/AMux_1.c ****     for(chan = 0u; chan < AMux_1_CHANNELS ; chan++)
  33              		.loc 1 40 0
  34 0002 0024     		mov	r4, #0
  35 0004 04E0     		b	.L2
  36              	.LVL1:
  37              	.L3:
  41:Generated_Source\PSoC4/AMux_1.c ****     {
  42:Generated_Source\PSoC4/AMux_1.c **** #if (AMux_1_MUXTYPE == AMux_1_MUX_SINGLE)
  43:Generated_Source\PSoC4/AMux_1.c ****         AMux_1_Unset(chan);
  38              		.loc 1 43 0 discriminator 3
  39 0006 201C     		mov	r0, r4
  40 0008 FFF7FEFF 		bl	AMux_1_Unset
  41              	.LVL2:
  40:Generated_Source\PSoC4/AMux_1.c ****     {
  42              		.loc 1 40 0 discriminator 3
  43 000c 0134     		add	r4, r4, #1
  44              	.LVL3:
  45 000e E4B2     		uxtb	r4, r4
  46              	.LVL4:
  47              	.L2:
  40:Generated_Source\PSoC4/AMux_1.c ****     {
  48              		.loc 1 40 0 is_stmt 0 discriminator 1
  49 0010 122C     		cmp	r4, #18
  50 0012 F8D9     		bls	.L3
  44:Generated_Source\PSoC4/AMux_1.c **** #else
  45:Generated_Source\PSoC4/AMux_1.c ****         AMux_1_CYAMUXSIDE_A_Unset(chan);
  46:Generated_Source\PSoC4/AMux_1.c ****         AMux_1_CYAMUXSIDE_B_Unset(chan);
  47:Generated_Source\PSoC4/AMux_1.c **** #endif
  48:Generated_Source\PSoC4/AMux_1.c ****     }
  49:Generated_Source\PSoC4/AMux_1.c **** 
  50:Generated_Source\PSoC4/AMux_1.c ****     AMux_1_lastChannel = AMux_1_NULL_CHANNEL;
  51              		.loc 1 50 0 is_stmt 1
  52 0014 FF22     		mov	r2, #255
  53 0016 014B     		ldr	r3, .L4
  54 0018 1A70     		strb	r2, [r3]
  51:Generated_Source\PSoC4/AMux_1.c **** }
  55              		.loc 1 51 0
  56              		@ sp needed
  57              	.LVL5:
  58 001a 10BD     		pop	{r4, pc}
  59              	.L5:
  60              		.align	2
  61              	.L4:
ARM GAS  C:\Users\glenn\AppData\Local\Temp\ccQgHKzP.s 			page 3


  62 001c 00000000 		.word	.LANCHOR0
  63              		.cfi_endproc
  64              	.LFE0:
  65              		.size	AMux_1_Start, .-AMux_1_Start
  66              		.section	.text.AMux_1_Select,"ax",%progbits
  67              		.align	2
  68              		.global	AMux_1_Select
  69              		.code	16
  70              		.thumb_func
  71              		.type	AMux_1_Select, %function
  72              	AMux_1_Select:
  73              	.LFB1:
  52:Generated_Source\PSoC4/AMux_1.c **** 
  53:Generated_Source\PSoC4/AMux_1.c **** 
  54:Generated_Source\PSoC4/AMux_1.c **** #if (!AMux_1_ATMOSTONE)
  55:Generated_Source\PSoC4/AMux_1.c **** /*******************************************************************************
  56:Generated_Source\PSoC4/AMux_1.c **** * Function Name: AMux_1_Select
  57:Generated_Source\PSoC4/AMux_1.c **** ********************************************************************************
  58:Generated_Source\PSoC4/AMux_1.c **** * Summary:
  59:Generated_Source\PSoC4/AMux_1.c **** *  This functions first disconnects all channels then connects the given
  60:Generated_Source\PSoC4/AMux_1.c **** *  channel.
  61:Generated_Source\PSoC4/AMux_1.c **** *
  62:Generated_Source\PSoC4/AMux_1.c **** * Parameters:
  63:Generated_Source\PSoC4/AMux_1.c **** *  channel:  The channel to connect to the common terminal.
  64:Generated_Source\PSoC4/AMux_1.c **** *
  65:Generated_Source\PSoC4/AMux_1.c **** * Return:
  66:Generated_Source\PSoC4/AMux_1.c **** *  void
  67:Generated_Source\PSoC4/AMux_1.c **** *
  68:Generated_Source\PSoC4/AMux_1.c **** *******************************************************************************/
  69:Generated_Source\PSoC4/AMux_1.c **** void AMux_1_Select(uint8 channel) 
  70:Generated_Source\PSoC4/AMux_1.c **** {
  74              		.loc 1 70 0
  75              		.cfi_startproc
  76              	.LVL6:
  77 0000 10B5     		push	{r4, lr}
  78              		.cfi_def_cfa_offset 8
  79              		.cfi_offset 4, -8
  80              		.cfi_offset 14, -4
  81 0002 041C     		mov	r4, r0
  71:Generated_Source\PSoC4/AMux_1.c ****     AMux_1_DisconnectAll();        /* Disconnect all previous connections */
  82              		.loc 1 71 0
  83 0004 FFF7FEFF 		bl	AMux_1_Start
  84              	.LVL7:
  72:Generated_Source\PSoC4/AMux_1.c ****     AMux_1_Connect(channel);       /* Make the given selection */
  85              		.loc 1 72 0
  86 0008 201C     		mov	r0, r4
  87 000a FFF7FEFF 		bl	AMux_1_Set
  88              	.LVL8:
  73:Generated_Source\PSoC4/AMux_1.c ****     AMux_1_lastChannel = channel;  /* Update last channel */
  89              		.loc 1 73 0
  90 000e 014B     		ldr	r3, .L7
  91 0010 1C70     		strb	r4, [r3]
  74:Generated_Source\PSoC4/AMux_1.c **** }
  92              		.loc 1 74 0
  93              		@ sp needed
  94 0012 10BD     		pop	{r4, pc}
  95              	.L8:
ARM GAS  C:\Users\glenn\AppData\Local\Temp\ccQgHKzP.s 			page 4


  96              		.align	2
  97              	.L7:
  98 0014 00000000 		.word	.LANCHOR0
  99              		.cfi_endproc
 100              	.LFE1:
 101              		.size	AMux_1_Select, .-AMux_1_Select
 102              		.section	.text.AMux_1_FastSelect,"ax",%progbits
 103              		.align	2
 104              		.global	AMux_1_FastSelect
 105              		.code	16
 106              		.thumb_func
 107              		.type	AMux_1_FastSelect, %function
 108              	AMux_1_FastSelect:
 109              	.LFB2:
  75:Generated_Source\PSoC4/AMux_1.c **** #endif
  76:Generated_Source\PSoC4/AMux_1.c **** 
  77:Generated_Source\PSoC4/AMux_1.c **** 
  78:Generated_Source\PSoC4/AMux_1.c **** /*******************************************************************************
  79:Generated_Source\PSoC4/AMux_1.c **** * Function Name: AMux_1_FastSelect
  80:Generated_Source\PSoC4/AMux_1.c **** ********************************************************************************
  81:Generated_Source\PSoC4/AMux_1.c **** * Summary:
  82:Generated_Source\PSoC4/AMux_1.c **** *  This function first disconnects the last connection made with FastSelect or
  83:Generated_Source\PSoC4/AMux_1.c **** *  Select, then connects the given channel. The FastSelect function is similar
  84:Generated_Source\PSoC4/AMux_1.c **** *  to the Select function, except it is faster since it only disconnects the
  85:Generated_Source\PSoC4/AMux_1.c **** *  last channel selected rather than all channels.
  86:Generated_Source\PSoC4/AMux_1.c **** *
  87:Generated_Source\PSoC4/AMux_1.c **** * Parameters:
  88:Generated_Source\PSoC4/AMux_1.c **** *  channel:  The channel to connect to the common terminal.
  89:Generated_Source\PSoC4/AMux_1.c **** *
  90:Generated_Source\PSoC4/AMux_1.c **** * Return:
  91:Generated_Source\PSoC4/AMux_1.c **** *  void
  92:Generated_Source\PSoC4/AMux_1.c **** *
  93:Generated_Source\PSoC4/AMux_1.c **** *******************************************************************************/
  94:Generated_Source\PSoC4/AMux_1.c **** void AMux_1_FastSelect(uint8 channel) 
  95:Generated_Source\PSoC4/AMux_1.c **** {
 110              		.loc 1 95 0
 111              		.cfi_startproc
 112              	.LVL9:
 113 0000 10B5     		push	{r4, lr}
 114              		.cfi_def_cfa_offset 8
 115              		.cfi_offset 4, -8
 116              		.cfi_offset 14, -4
 117 0002 041C     		mov	r4, r0
  96:Generated_Source\PSoC4/AMux_1.c ****     /* Disconnect the last valid channel */
  97:Generated_Source\PSoC4/AMux_1.c ****     if( AMux_1_lastChannel != AMux_1_NULL_CHANNEL)
 118              		.loc 1 97 0
 119 0004 054B     		ldr	r3, .L11
 120 0006 1878     		ldrb	r0, [r3]
 121              	.LVL10:
 122 0008 FF28     		cmp	r0, #255
 123 000a 01D0     		beq	.L10
  98:Generated_Source\PSoC4/AMux_1.c ****     {
  99:Generated_Source\PSoC4/AMux_1.c ****         AMux_1_Disconnect(AMux_1_lastChannel);
 124              		.loc 1 99 0
 125 000c FFF7FEFF 		bl	AMux_1_Unset
 126              	.LVL11:
 127              	.L10:
ARM GAS  C:\Users\glenn\AppData\Local\Temp\ccQgHKzP.s 			page 5


 100:Generated_Source\PSoC4/AMux_1.c ****     }
 101:Generated_Source\PSoC4/AMux_1.c **** 
 102:Generated_Source\PSoC4/AMux_1.c ****     /* Make the new channel connection */
 103:Generated_Source\PSoC4/AMux_1.c **** #if (AMux_1_MUXTYPE == AMux_1_MUX_SINGLE)
 104:Generated_Source\PSoC4/AMux_1.c ****     AMux_1_Set(channel);
 128              		.loc 1 104 0
 129 0010 201C     		mov	r0, r4
 130 0012 FFF7FEFF 		bl	AMux_1_Set
 131              	.LVL12:
 105:Generated_Source\PSoC4/AMux_1.c **** #else
 106:Generated_Source\PSoC4/AMux_1.c ****     AMux_1_CYAMUXSIDE_A_Set(channel);
 107:Generated_Source\PSoC4/AMux_1.c ****     AMux_1_CYAMUXSIDE_B_Set(channel);
 108:Generated_Source\PSoC4/AMux_1.c **** #endif
 109:Generated_Source\PSoC4/AMux_1.c **** 
 110:Generated_Source\PSoC4/AMux_1.c **** 
 111:Generated_Source\PSoC4/AMux_1.c ****     AMux_1_lastChannel = channel;   /* Update last channel */
 132              		.loc 1 111 0
 133 0016 014B     		ldr	r3, .L11
 134 0018 1C70     		strb	r4, [r3]
 112:Generated_Source\PSoC4/AMux_1.c **** }
 135              		.loc 1 112 0
 136              		@ sp needed
 137 001a 10BD     		pop	{r4, pc}
 138              	.L12:
 139              		.align	2
 140              	.L11:
 141 001c 00000000 		.word	.LANCHOR0
 142              		.cfi_endproc
 143              	.LFE2:
 144              		.size	AMux_1_FastSelect, .-AMux_1_FastSelect
 145              		.data
 146              		.set	.LANCHOR0,. + 0
 147              		.type	AMux_1_lastChannel, %object
 148              		.size	AMux_1_lastChannel, 1
 149              	AMux_1_lastChannel:
 150 0000 FF       		.byte	-1
 151              		.text
 152              	.Letext0:
 153              		.file 2 "Generated_Source\\PSoC4\\cytypes.h"
 154              		.file 3 "Generated_Source\\PSoC4\\cyfitter_cfg.h"
 155              		.section	.debug_info,"",%progbits
 156              	.Ldebug_info0:
 157 0000 69010000 		.4byte	0x169
 158 0004 0400     		.2byte	0x4
 159 0006 00000000 		.4byte	.Ldebug_abbrev0
 160 000a 04       		.byte	0x4
 161 000b 01       		.uleb128 0x1
 162 000c DE000000 		.4byte	.LASF18
 163 0010 01       		.byte	0x1
 164 0011 15000000 		.4byte	.LASF19
 165 0015 90010000 		.4byte	.LASF20
 166 0019 00000000 		.4byte	.Ldebug_ranges0+0
 167 001d 00000000 		.4byte	0
 168 0021 00000000 		.4byte	.Ldebug_line0
 169 0025 02       		.uleb128 0x2
 170 0026 01       		.byte	0x1
 171 0027 06       		.byte	0x6
ARM GAS  C:\Users\glenn\AppData\Local\Temp\ccQgHKzP.s 			page 6


 172 0028 E6010000 		.4byte	.LASF0
 173 002c 02       		.uleb128 0x2
 174 002d 01       		.byte	0x1
 175 002e 08       		.byte	0x8
 176 002f 3B000000 		.4byte	.LASF1
 177 0033 02       		.uleb128 0x2
 178 0034 02       		.byte	0x2
 179 0035 05       		.byte	0x5
 180 0036 6C010000 		.4byte	.LASF2
 181 003a 02       		.uleb128 0x2
 182 003b 02       		.byte	0x2
 183 003c 07       		.byte	0x7
 184 003d 6D000000 		.4byte	.LASF3
 185 0041 02       		.uleb128 0x2
 186 0042 04       		.byte	0x4
 187 0043 05       		.byte	0x5
 188 0044 87010000 		.4byte	.LASF4
 189 0048 02       		.uleb128 0x2
 190 0049 04       		.byte	0x4
 191 004a 07       		.byte	0x7
 192 004b 5B000000 		.4byte	.LASF5
 193 004f 02       		.uleb128 0x2
 194 0050 08       		.byte	0x8
 195 0051 05       		.byte	0x5
 196 0052 BD000000 		.4byte	.LASF6
 197 0056 02       		.uleb128 0x2
 198 0057 08       		.byte	0x8
 199 0058 07       		.byte	0x7
 200 0059 A1000000 		.4byte	.LASF7
 201 005d 03       		.uleb128 0x3
 202 005e 04       		.byte	0x4
 203 005f 05       		.byte	0x5
 204 0060 696E7400 		.ascii	"int\000"
 205 0064 02       		.uleb128 0x2
 206 0065 04       		.byte	0x4
 207 0066 07       		.byte	0x7
 208 0067 94000000 		.4byte	.LASF8
 209 006b 04       		.uleb128 0x4
 210 006c 76010000 		.4byte	.LASF21
 211 0070 02       		.byte	0x2
 212 0071 9801     		.2byte	0x198
 213 0073 2C000000 		.4byte	0x2c
 214 0077 02       		.uleb128 0x2
 215 0078 04       		.byte	0x4
 216 0079 04       		.byte	0x4
 217 007a 35000000 		.4byte	.LASF9
 218 007e 02       		.uleb128 0x2
 219 007f 08       		.byte	0x8
 220 0080 04       		.byte	0x4
 221 0081 80000000 		.4byte	.LASF10
 222 0085 02       		.uleb128 0x2
 223 0086 01       		.byte	0x1
 224 0087 08       		.byte	0x8
 225 0088 CB000000 		.4byte	.LASF11
 226 008c 05       		.uleb128 0x5
 227 008d 87000000 		.4byte	.LASF12
 228 0091 01       		.byte	0x1
ARM GAS  C:\Users\glenn\AppData\Local\Temp\ccQgHKzP.s 			page 7


 229 0092 24       		.byte	0x24
 230 0093 00000000 		.4byte	.LFB0
 231 0097 20000000 		.4byte	.LFE0-.LFB0
 232 009b 01       		.uleb128 0x1
 233 009c 9C       		.byte	0x9c
 234 009d C1000000 		.4byte	0xc1
 235 00a1 06       		.uleb128 0x6
 236 00a2 B8000000 		.4byte	.LASF16
 237 00a6 01       		.byte	0x1
 238 00a7 26       		.byte	0x26
 239 00a8 6B000000 		.4byte	0x6b
 240 00ac 00000000 		.4byte	.LLST0
 241 00b0 07       		.uleb128 0x7
 242 00b1 0C000000 		.4byte	.LVL2
 243 00b5 4E010000 		.4byte	0x14e
 244 00b9 08       		.uleb128 0x8
 245 00ba 01       		.uleb128 0x1
 246 00bb 50       		.byte	0x50
 247 00bc 02       		.uleb128 0x2
 248 00bd 74       		.byte	0x74
 249 00be 00       		.sleb128 0
 250 00bf 00       		.byte	0
 251 00c0 00       		.byte	0
 252 00c1 05       		.uleb128 0x5
 253 00c2 D0000000 		.4byte	.LASF13
 254 00c6 01       		.byte	0x1
 255 00c7 45       		.byte	0x45
 256 00c8 00000000 		.4byte	.LFB1
 257 00cc 18000000 		.4byte	.LFE1-.LFB1
 258 00d0 01       		.uleb128 0x1
 259 00d1 9C       		.byte	0x9c
 260 00d2 FF000000 		.4byte	0xff
 261 00d6 09       		.uleb128 0x9
 262 00d7 00000000 		.4byte	.LASF15
 263 00db 01       		.byte	0x1
 264 00dc 45       		.byte	0x45
 265 00dd 6B000000 		.4byte	0x6b
 266 00e1 2A000000 		.4byte	.LLST1
 267 00e5 0A       		.uleb128 0xa
 268 00e6 08000000 		.4byte	.LVL7
 269 00ea 8C000000 		.4byte	0x8c
 270 00ee 07       		.uleb128 0x7
 271 00ef 0E000000 		.4byte	.LVL8
 272 00f3 5F010000 		.4byte	0x15f
 273 00f7 08       		.uleb128 0x8
 274 00f8 01       		.uleb128 0x1
 275 00f9 50       		.byte	0x50
 276 00fa 02       		.uleb128 0x2
 277 00fb 74       		.byte	0x74
 278 00fc 00       		.sleb128 0
 279 00fd 00       		.byte	0
 280 00fe 00       		.byte	0
 281 00ff 05       		.uleb128 0x5
 282 0100 49000000 		.4byte	.LASF14
 283 0104 01       		.byte	0x1
 284 0105 5E       		.byte	0x5e
 285 0106 00000000 		.4byte	.LFB2
ARM GAS  C:\Users\glenn\AppData\Local\Temp\ccQgHKzP.s 			page 8


 286 010a 20000000 		.4byte	.LFE2-.LFB2
 287 010e 01       		.uleb128 0x1
 288 010f 9C       		.byte	0x9c
 289 0110 3D010000 		.4byte	0x13d
 290 0114 09       		.uleb128 0x9
 291 0115 00000000 		.4byte	.LASF15
 292 0119 01       		.byte	0x1
 293 011a 5E       		.byte	0x5e
 294 011b 6B000000 		.4byte	0x6b
 295 011f 4B000000 		.4byte	.LLST2
 296 0123 0A       		.uleb128 0xa
 297 0124 10000000 		.4byte	.LVL11
 298 0128 4E010000 		.4byte	0x14e
 299 012c 07       		.uleb128 0x7
 300 012d 16000000 		.4byte	.LVL12
 301 0131 5F010000 		.4byte	0x15f
 302 0135 08       		.uleb128 0x8
 303 0136 01       		.uleb128 0x1
 304 0137 50       		.byte	0x50
 305 0138 02       		.uleb128 0x2
 306 0139 74       		.byte	0x74
 307 013a 00       		.sleb128 0
 308 013b 00       		.byte	0
 309 013c 00       		.byte	0
 310 013d 0B       		.uleb128 0xb
 311 013e F2010000 		.4byte	.LASF17
 312 0142 01       		.byte	0x1
 313 0143 14       		.byte	0x14
 314 0144 6B000000 		.4byte	0x6b
 315 0148 05       		.uleb128 0x5
 316 0149 03       		.byte	0x3
 317 014a 00000000 		.4byte	AMux_1_lastChannel
 318 014e 0C       		.uleb128 0xc
 319 014f 08000000 		.4byte	.LASF22
 320 0153 03       		.byte	0x3
 321 0154 1B       		.byte	0x1b
 322 0155 5F010000 		.4byte	0x15f
 323 0159 0D       		.uleb128 0xd
 324 015a 6B000000 		.4byte	0x6b
 325 015e 00       		.byte	0
 326 015f 0E       		.uleb128 0xe
 327 0160 7C010000 		.4byte	.LASF23
 328 0164 03       		.byte	0x3
 329 0165 1A       		.byte	0x1a
 330 0166 0D       		.uleb128 0xd
 331 0167 6B000000 		.4byte	0x6b
 332 016b 00       		.byte	0
 333 016c 00       		.byte	0
 334              		.section	.debug_abbrev,"",%progbits
 335              	.Ldebug_abbrev0:
 336 0000 01       		.uleb128 0x1
 337 0001 11       		.uleb128 0x11
 338 0002 01       		.byte	0x1
 339 0003 25       		.uleb128 0x25
 340 0004 0E       		.uleb128 0xe
 341 0005 13       		.uleb128 0x13
 342 0006 0B       		.uleb128 0xb
ARM GAS  C:\Users\glenn\AppData\Local\Temp\ccQgHKzP.s 			page 9


 343 0007 03       		.uleb128 0x3
 344 0008 0E       		.uleb128 0xe
 345 0009 1B       		.uleb128 0x1b
 346 000a 0E       		.uleb128 0xe
 347 000b 55       		.uleb128 0x55
 348 000c 17       		.uleb128 0x17
 349 000d 11       		.uleb128 0x11
 350 000e 01       		.uleb128 0x1
 351 000f 10       		.uleb128 0x10
 352 0010 17       		.uleb128 0x17
 353 0011 00       		.byte	0
 354 0012 00       		.byte	0
 355 0013 02       		.uleb128 0x2
 356 0014 24       		.uleb128 0x24
 357 0015 00       		.byte	0
 358 0016 0B       		.uleb128 0xb
 359 0017 0B       		.uleb128 0xb
 360 0018 3E       		.uleb128 0x3e
 361 0019 0B       		.uleb128 0xb
 362 001a 03       		.uleb128 0x3
 363 001b 0E       		.uleb128 0xe
 364 001c 00       		.byte	0
 365 001d 00       		.byte	0
 366 001e 03       		.uleb128 0x3
 367 001f 24       		.uleb128 0x24
 368 0020 00       		.byte	0
 369 0021 0B       		.uleb128 0xb
 370 0022 0B       		.uleb128 0xb
 371 0023 3E       		.uleb128 0x3e
 372 0024 0B       		.uleb128 0xb
 373 0025 03       		.uleb128 0x3
 374 0026 08       		.uleb128 0x8
 375 0027 00       		.byte	0
 376 0028 00       		.byte	0
 377 0029 04       		.uleb128 0x4
 378 002a 16       		.uleb128 0x16
 379 002b 00       		.byte	0
 380 002c 03       		.uleb128 0x3
 381 002d 0E       		.uleb128 0xe
 382 002e 3A       		.uleb128 0x3a
 383 002f 0B       		.uleb128 0xb
 384 0030 3B       		.uleb128 0x3b
 385 0031 05       		.uleb128 0x5
 386 0032 49       		.uleb128 0x49
 387 0033 13       		.uleb128 0x13
 388 0034 00       		.byte	0
 389 0035 00       		.byte	0
 390 0036 05       		.uleb128 0x5
 391 0037 2E       		.uleb128 0x2e
 392 0038 01       		.byte	0x1
 393 0039 3F       		.uleb128 0x3f
 394 003a 19       		.uleb128 0x19
 395 003b 03       		.uleb128 0x3
 396 003c 0E       		.uleb128 0xe
 397 003d 3A       		.uleb128 0x3a
 398 003e 0B       		.uleb128 0xb
 399 003f 3B       		.uleb128 0x3b
ARM GAS  C:\Users\glenn\AppData\Local\Temp\ccQgHKzP.s 			page 10


 400 0040 0B       		.uleb128 0xb
 401 0041 27       		.uleb128 0x27
 402 0042 19       		.uleb128 0x19
 403 0043 11       		.uleb128 0x11
 404 0044 01       		.uleb128 0x1
 405 0045 12       		.uleb128 0x12
 406 0046 06       		.uleb128 0x6
 407 0047 40       		.uleb128 0x40
 408 0048 18       		.uleb128 0x18
 409 0049 9742     		.uleb128 0x2117
 410 004b 19       		.uleb128 0x19
 411 004c 01       		.uleb128 0x1
 412 004d 13       		.uleb128 0x13
 413 004e 00       		.byte	0
 414 004f 00       		.byte	0
 415 0050 06       		.uleb128 0x6
 416 0051 34       		.uleb128 0x34
 417 0052 00       		.byte	0
 418 0053 03       		.uleb128 0x3
 419 0054 0E       		.uleb128 0xe
 420 0055 3A       		.uleb128 0x3a
 421 0056 0B       		.uleb128 0xb
 422 0057 3B       		.uleb128 0x3b
 423 0058 0B       		.uleb128 0xb
 424 0059 49       		.uleb128 0x49
 425 005a 13       		.uleb128 0x13
 426 005b 02       		.uleb128 0x2
 427 005c 17       		.uleb128 0x17
 428 005d 00       		.byte	0
 429 005e 00       		.byte	0
 430 005f 07       		.uleb128 0x7
 431 0060 898201   		.uleb128 0x4109
 432 0063 01       		.byte	0x1
 433 0064 11       		.uleb128 0x11
 434 0065 01       		.uleb128 0x1
 435 0066 31       		.uleb128 0x31
 436 0067 13       		.uleb128 0x13
 437 0068 00       		.byte	0
 438 0069 00       		.byte	0
 439 006a 08       		.uleb128 0x8
 440 006b 8A8201   		.uleb128 0x410a
 441 006e 00       		.byte	0
 442 006f 02       		.uleb128 0x2
 443 0070 18       		.uleb128 0x18
 444 0071 9142     		.uleb128 0x2111
 445 0073 18       		.uleb128 0x18
 446 0074 00       		.byte	0
 447 0075 00       		.byte	0
 448 0076 09       		.uleb128 0x9
 449 0077 05       		.uleb128 0x5
 450 0078 00       		.byte	0
 451 0079 03       		.uleb128 0x3
 452 007a 0E       		.uleb128 0xe
 453 007b 3A       		.uleb128 0x3a
 454 007c 0B       		.uleb128 0xb
 455 007d 3B       		.uleb128 0x3b
 456 007e 0B       		.uleb128 0xb
ARM GAS  C:\Users\glenn\AppData\Local\Temp\ccQgHKzP.s 			page 11


 457 007f 49       		.uleb128 0x49
 458 0080 13       		.uleb128 0x13
 459 0081 02       		.uleb128 0x2
 460 0082 17       		.uleb128 0x17
 461 0083 00       		.byte	0
 462 0084 00       		.byte	0
 463 0085 0A       		.uleb128 0xa
 464 0086 898201   		.uleb128 0x4109
 465 0089 00       		.byte	0
 466 008a 11       		.uleb128 0x11
 467 008b 01       		.uleb128 0x1
 468 008c 31       		.uleb128 0x31
 469 008d 13       		.uleb128 0x13
 470 008e 00       		.byte	0
 471 008f 00       		.byte	0
 472 0090 0B       		.uleb128 0xb
 473 0091 34       		.uleb128 0x34
 474 0092 00       		.byte	0
 475 0093 03       		.uleb128 0x3
 476 0094 0E       		.uleb128 0xe
 477 0095 3A       		.uleb128 0x3a
 478 0096 0B       		.uleb128 0xb
 479 0097 3B       		.uleb128 0x3b
 480 0098 0B       		.uleb128 0xb
 481 0099 49       		.uleb128 0x49
 482 009a 13       		.uleb128 0x13
 483 009b 02       		.uleb128 0x2
 484 009c 18       		.uleb128 0x18
 485 009d 00       		.byte	0
 486 009e 00       		.byte	0
 487 009f 0C       		.uleb128 0xc
 488 00a0 2E       		.uleb128 0x2e
 489 00a1 01       		.byte	0x1
 490 00a2 3F       		.uleb128 0x3f
 491 00a3 19       		.uleb128 0x19
 492 00a4 03       		.uleb128 0x3
 493 00a5 0E       		.uleb128 0xe
 494 00a6 3A       		.uleb128 0x3a
 495 00a7 0B       		.uleb128 0xb
 496 00a8 3B       		.uleb128 0x3b
 497 00a9 0B       		.uleb128 0xb
 498 00aa 27       		.uleb128 0x27
 499 00ab 19       		.uleb128 0x19
 500 00ac 3C       		.uleb128 0x3c
 501 00ad 19       		.uleb128 0x19
 502 00ae 01       		.uleb128 0x1
 503 00af 13       		.uleb128 0x13
 504 00b0 00       		.byte	0
 505 00b1 00       		.byte	0
 506 00b2 0D       		.uleb128 0xd
 507 00b3 05       		.uleb128 0x5
 508 00b4 00       		.byte	0
 509 00b5 49       		.uleb128 0x49
 510 00b6 13       		.uleb128 0x13
 511 00b7 00       		.byte	0
 512 00b8 00       		.byte	0
 513 00b9 0E       		.uleb128 0xe
ARM GAS  C:\Users\glenn\AppData\Local\Temp\ccQgHKzP.s 			page 12


 514 00ba 2E       		.uleb128 0x2e
 515 00bb 01       		.byte	0x1
 516 00bc 3F       		.uleb128 0x3f
 517 00bd 19       		.uleb128 0x19
 518 00be 03       		.uleb128 0x3
 519 00bf 0E       		.uleb128 0xe
 520 00c0 3A       		.uleb128 0x3a
 521 00c1 0B       		.uleb128 0xb
 522 00c2 3B       		.uleb128 0x3b
 523 00c3 0B       		.uleb128 0xb
 524 00c4 27       		.uleb128 0x27
 525 00c5 19       		.uleb128 0x19
 526 00c6 3C       		.uleb128 0x3c
 527 00c7 19       		.uleb128 0x19
 528 00c8 00       		.byte	0
 529 00c9 00       		.byte	0
 530 00ca 00       		.byte	0
 531              		.section	.debug_loc,"",%progbits
 532              	.Ldebug_loc0:
 533              	.LLST0:
 534 0000 02000000 		.4byte	.LVL0
 535 0004 06000000 		.4byte	.LVL1
 536 0008 0200     		.2byte	0x2
 537 000a 30       		.byte	0x30
 538 000b 9F       		.byte	0x9f
 539 000c 06000000 		.4byte	.LVL1
 540 0010 0E000000 		.4byte	.LVL3
 541 0014 0100     		.2byte	0x1
 542 0016 54       		.byte	0x54
 543 0017 10000000 		.4byte	.LVL4
 544 001b 1A000000 		.4byte	.LVL5
 545 001f 0100     		.2byte	0x1
 546 0021 54       		.byte	0x54
 547 0022 00000000 		.4byte	0
 548 0026 00000000 		.4byte	0
 549              	.LLST1:
 550 002a 00000000 		.4byte	.LVL6
 551 002e 07000000 		.4byte	.LVL7-1
 552 0032 0100     		.2byte	0x1
 553 0034 50       		.byte	0x50
 554 0035 07000000 		.4byte	.LVL7-1
 555 0039 18000000 		.4byte	.LFE1
 556 003d 0400     		.2byte	0x4
 557 003f F3       		.byte	0xf3
 558 0040 01       		.uleb128 0x1
 559 0041 50       		.byte	0x50
 560 0042 9F       		.byte	0x9f
 561 0043 00000000 		.4byte	0
 562 0047 00000000 		.4byte	0
 563              	.LLST2:
 564 004b 00000000 		.4byte	.LVL9
 565 004f 08000000 		.4byte	.LVL10
 566 0053 0100     		.2byte	0x1
 567 0055 50       		.byte	0x50
 568 0056 08000000 		.4byte	.LVL10
 569 005a 20000000 		.4byte	.LFE2
 570 005e 0400     		.2byte	0x4
ARM GAS  C:\Users\glenn\AppData\Local\Temp\ccQgHKzP.s 			page 13


 571 0060 F3       		.byte	0xf3
 572 0061 01       		.uleb128 0x1
 573 0062 50       		.byte	0x50
 574 0063 9F       		.byte	0x9f
 575 0064 00000000 		.4byte	0
 576 0068 00000000 		.4byte	0
 577              		.section	.debug_aranges,"",%progbits
 578 0000 2C000000 		.4byte	0x2c
 579 0004 0200     		.2byte	0x2
 580 0006 00000000 		.4byte	.Ldebug_info0
 581 000a 04       		.byte	0x4
 582 000b 00       		.byte	0
 583 000c 0000     		.2byte	0
 584 000e 0000     		.2byte	0
 585 0010 00000000 		.4byte	.LFB0
 586 0014 20000000 		.4byte	.LFE0-.LFB0
 587 0018 00000000 		.4byte	.LFB1
 588 001c 18000000 		.4byte	.LFE1-.LFB1
 589 0020 00000000 		.4byte	.LFB2
 590 0024 20000000 		.4byte	.LFE2-.LFB2
 591 0028 00000000 		.4byte	0
 592 002c 00000000 		.4byte	0
 593              		.section	.debug_ranges,"",%progbits
 594              	.Ldebug_ranges0:
 595 0000 00000000 		.4byte	.LFB0
 596 0004 20000000 		.4byte	.LFE0
 597 0008 00000000 		.4byte	.LFB1
 598 000c 18000000 		.4byte	.LFE1
 599 0010 00000000 		.4byte	.LFB2
 600 0014 20000000 		.4byte	.LFE2
 601 0018 00000000 		.4byte	0
 602 001c 00000000 		.4byte	0
 603              		.section	.debug_line,"",%progbits
 604              	.Ldebug_line0:
 605 0000 A9000000 		.section	.debug_str,"MS",%progbits,1
 605      02005500 
 605      00000201 
 605      FB0E0D00 
 605      01010101 
 606              	.LASF15:
 607 0000 6368616E 		.ascii	"channel\000"
 607      6E656C00 
 608              	.LASF22:
 609 0008 414D7578 		.ascii	"AMux_1_Unset\000"
 609      5F315F55 
 609      6E736574 
 609      00
 610              	.LASF19:
 611 0015 47656E65 		.ascii	"Generated_Source\\PSoC4\\AMux_1.c\000"
 611      72617465 
 611      645F536F 
 611      75726365 
 611      5C50536F 
 612              	.LASF9:
 613 0035 666C6F61 		.ascii	"float\000"
 613      7400
 614              	.LASF1:
ARM GAS  C:\Users\glenn\AppData\Local\Temp\ccQgHKzP.s 			page 14


 615 003b 756E7369 		.ascii	"unsigned char\000"
 615      676E6564 
 615      20636861 
 615      7200
 616              	.LASF14:
 617 0049 414D7578 		.ascii	"AMux_1_FastSelect\000"
 617      5F315F46 
 617      61737453 
 617      656C6563 
 617      7400
 618              	.LASF5:
 619 005b 6C6F6E67 		.ascii	"long unsigned int\000"
 619      20756E73 
 619      69676E65 
 619      6420696E 
 619      7400
 620              	.LASF3:
 621 006d 73686F72 		.ascii	"short unsigned int\000"
 621      7420756E 
 621      7369676E 
 621      65642069 
 621      6E7400
 622              	.LASF10:
 623 0080 646F7562 		.ascii	"double\000"
 623      6C6500
 624              	.LASF12:
 625 0087 414D7578 		.ascii	"AMux_1_Start\000"
 625      5F315F53 
 625      74617274 
 625      00
 626              	.LASF8:
 627 0094 756E7369 		.ascii	"unsigned int\000"
 627      676E6564 
 627      20696E74 
 627      00
 628              	.LASF7:
 629 00a1 6C6F6E67 		.ascii	"long long unsigned int\000"
 629      206C6F6E 
 629      6720756E 
 629      7369676E 
 629      65642069 
 630              	.LASF16:
 631 00b8 6368616E 		.ascii	"chan\000"
 631      00
 632              	.LASF6:
 633 00bd 6C6F6E67 		.ascii	"long long int\000"
 633      206C6F6E 
 633      6720696E 
 633      7400
 634              	.LASF11:
 635 00cb 63686172 		.ascii	"char\000"
 635      00
 636              	.LASF13:
 637 00d0 414D7578 		.ascii	"AMux_1_Select\000"
 637      5F315F53 
 637      656C6563 
 637      7400
ARM GAS  C:\Users\glenn\AppData\Local\Temp\ccQgHKzP.s 			page 15


 638              	.LASF18:
 639 00de 474E5520 		.ascii	"GNU C 4.9.3 20150303 (release) [ARM/embedded-4_9-br"
 639      4320342E 
 639      392E3320 
 639      32303135 
 639      30333033 
 640 0111 616E6368 		.ascii	"anch revision 221220] -mcpu=cortex-m0 -mthumb -g -O"
 640      20726576 
 640      6973696F 
 640      6E203232 
 640      31323230 
 641 0144 67202D66 		.ascii	"g -ffunction-sections -ffat-lto-objects\000"
 641      66756E63 
 641      74696F6E 
 641      2D736563 
 641      74696F6E 
 642              	.LASF2:
 643 016c 73686F72 		.ascii	"short int\000"
 643      7420696E 
 643      7400
 644              	.LASF21:
 645 0176 75696E74 		.ascii	"uint8\000"
 645      3800
 646              	.LASF23:
 647 017c 414D7578 		.ascii	"AMux_1_Set\000"
 647      5F315F53 
 647      657400
 648              	.LASF4:
 649 0187 6C6F6E67 		.ascii	"long int\000"
 649      20696E74 
 649      00
 650              	.LASF20:
 651 0190 433A5C55 		.ascii	"C:\\Users\\glenn\\OneDrive\\PSOC\\moisture_sensor_4"
 651      73657273 
 651      5C676C65 
 651      6E6E5C4F 
 651      6E654472 
 652 01be 6D5C4D6F 		.ascii	"m\\Moisture_Sensor\\Moisture_Sensor.cydsn\000"
 652      69737475 
 652      72655F53 
 652      656E736F 
 652      725C4D6F 
 653              	.LASF0:
 654 01e6 7369676E 		.ascii	"signed char\000"
 654      65642063 
 654      68617200 
 655              	.LASF17:
 656 01f2 414D7578 		.ascii	"AMux_1_lastChannel\000"
 656      5F315F6C 
 656      61737443 
 656      68616E6E 
 656      656C00
 657              		.ident	"GCC: (GNU Tools for ARM Embedded Processors) 4.9.3 20150303 (release) [ARM/embedded-4_9-br
