ARM GAS  C:\Users\glenn\AppData\Local\Temp\ccVzIyI5.s 			page 1


   1              		.cpu cortex-m0
   2              		.fpu softvfp
   3              		.eabi_attribute 20, 1
   4              		.eabi_attribute 21, 1
   5              		.eabi_attribute 23, 3
   6              		.eabi_attribute 24, 1
   7              		.eabi_attribute 25, 1
   8              		.eabi_attribute 26, 1
   9              		.eabi_attribute 30, 6
  10              		.eabi_attribute 34, 0
  11              		.eabi_attribute 18, 4
  12              		.code	16
  13              		.file	"analog_temperature_measurements.c"
  14              		.text
  15              	.Ltext0:
  16              		.cfi_sections	.debug_frame
  17              		.global	__aeabi_i2f
  18              		.global	__aeabi_f2d
  19              		.global	__aeabi_dsub
  20              		.global	__aeabi_ddiv
  21              		.global	__aeabi_d2f
  22              		.global	__aeabi_dmul
  23              		.global	__aeabi_dadd
  24              		.section	.text.measure_tmp36_sensor,"ax",%progbits
  25              		.align	2
  26              		.global	measure_tmp36_sensor
  27              		.code	16
  28              		.thumb_func
  29              		.type	measure_tmp36_sensor, %function
  30              	measure_tmp36_sensor:
  31              	.LFB62:
  32              		.file 1 "moisture_measurement\\analog_temperature_measurements.c"
   1:moisture_measurement/analog_temperature_measurements.c **** /*
   2:moisture_measurement/analog_temperature_measurements.c **** **
   3:moisture_measurement/analog_temperature_measurements.c **** **
   4:moisture_measurement/analog_temperature_measurements.c **** ** File:  analog_temperature_measurements.c
   5:moisture_measurement/analog_temperature_measurements.c **** **
   6:moisture_measurement/analog_temperature_measurements.c **** **
   7:moisture_measurement/analog_temperature_measurements.c **** **
   8:moisture_measurement/analog_temperature_measurements.c **** */
   9:moisture_measurement/analog_temperature_measurements.c **** 
  10:moisture_measurement/analog_temperature_measurements.c **** #include <project.h>
  11:moisture_measurement/analog_temperature_measurements.c **** 
  12:moisture_measurement/analog_temperature_measurements.c **** #include "analog_temperature_measurements.h"
  13:moisture_measurement/analog_temperature_measurements.c **** 
  14:moisture_measurement/analog_temperature_measurements.c **** // temperature calibration in degrees F
  15:moisture_measurement/analog_temperature_measurements.c **** 
  16:moisture_measurement/analog_temperature_measurements.c **** 
  17:moisture_measurement/analog_temperature_measurements.c **** 
  18:moisture_measurement/analog_temperature_measurements.c **** 
  19:moisture_measurement/analog_temperature_measurements.c **** float measure_tmp36_sensor( void )
  20:moisture_measurement/analog_temperature_measurements.c **** {
  33              		.loc 1 20 0
  34              		.cfi_startproc
  35 0000 90B5     		push	{r4, r7, lr}
  36              		.cfi_def_cfa_offset 12
  37              		.cfi_offset 4, -12
ARM GAS  C:\Users\glenn\AppData\Local\Temp\ccVzIyI5.s 			page 2


  38              		.cfi_offset 7, -8
  39              		.cfi_offset 14, -4
  40 0002 83B0     		sub	sp, sp, #12
  41              		.cfi_def_cfa_offset 24
  42 0004 00AF     		add	r7, sp, #0
  43              		.cfi_def_cfa_register 7
  21:moisture_measurement/analog_temperature_measurements.c ****     float temperature;
  22:moisture_measurement/analog_temperature_measurements.c **** 
  23:moisture_measurement/analog_temperature_measurements.c ****     
  24:moisture_measurement/analog_temperature_measurements.c ****     CyDelay(1);
  44              		.loc 1 24 0
  45 0006 0120     		mov	r0, #1
  46 0008 FFF7FEFF 		bl	CyDelay
  25:moisture_measurement/analog_temperature_measurements.c ****     AMux_2_FastSelect( AMux_2_CHANNELS-2 );
  47              		.loc 1 25 0
  48 000c 0A20     		mov	r0, #10
  49 000e FFF7FEFF 		bl	AMux_2_FastSelect
  26:moisture_measurement/analog_temperature_measurements.c **** 
  27:moisture_measurement/analog_temperature_measurements.c ****     ADC_SAR_Seq_1_StartConvert();
  50              		.loc 1 27 0
  51 0012 FFF7FEFF 		bl	ADC_SAR_Seq_1_StartConvert
  28:moisture_measurement/analog_temperature_measurements.c ****     CyDelay(1); 
  52              		.loc 1 28 0
  53 0016 0120     		mov	r0, #1
  54 0018 FFF7FEFF 		bl	CyDelay
  29:moisture_measurement/analog_temperature_measurements.c **** 
  30:moisture_measurement/analog_temperature_measurements.c ****     temperature = ADC_SAR_Seq_1_CountsTo_mVolts(0 ,  ADC_SAR_Seq_1_GetResult16(0));
  55              		.loc 1 30 0
  56 001c 0020     		mov	r0, #0
  57 001e FFF7FEFF 		bl	ADC_SAR_Seq_1_GetResult16
  58 0022 031C     		mov	r3, r0
  59 0024 0020     		mov	r0, #0
  60 0026 191C     		mov	r1, r3
  61 0028 FFF7FEFF 		bl	ADC_SAR_Seq_1_CountsTo_mVolts
  62 002c 031C     		mov	r3, r0
  63 002e 181C     		mov	r0, r3
  64 0030 FFF7FEFF 		bl	__aeabi_i2f
  65 0034 031C     		add	r3, r0, #0
  66 0036 7B60     		str	r3, [r7, #4]
  31:moisture_measurement/analog_temperature_measurements.c **** 
  32:moisture_measurement/analog_temperature_measurements.c ****  
  33:moisture_measurement/analog_temperature_measurements.c **** 
  34:moisture_measurement/analog_temperature_measurements.c ****     temperature = ( (float)temperature - 500.)/10. ; // offset -500 mv  10mv/deg c
  67              		.loc 1 34 0
  68 0038 7868     		ldr	r0, [r7, #4]
  69 003a FFF7FEFF 		bl	__aeabi_f2d
  70 003e 031C     		mov	r3, r0
  71 0040 0C1C     		mov	r4, r1
  72 0042 181C     		mov	r0, r3
  73 0044 211C     		mov	r1, r4
  74 0046 0022     		mov	r2, #0
  75 0048 1D4B     		ldr	r3, .L3
  76 004a FFF7FEFF 		bl	__aeabi_dsub
  77 004e 031C     		mov	r3, r0
  78 0050 0C1C     		mov	r4, r1
  79 0052 181C     		mov	r0, r3
  80 0054 211C     		mov	r1, r4
ARM GAS  C:\Users\glenn\AppData\Local\Temp\ccVzIyI5.s 			page 3


  81 0056 0022     		mov	r2, #0
  82 0058 1A4B     		ldr	r3, .L3+4
  83 005a FFF7FEFF 		bl	__aeabi_ddiv
  84 005e 031C     		mov	r3, r0
  85 0060 0C1C     		mov	r4, r1
  86 0062 181C     		mov	r0, r3
  87 0064 211C     		mov	r1, r4
  88 0066 FFF7FEFF 		bl	__aeabi_d2f
  89 006a 031C     		add	r3, r0, #0
  90 006c 7B60     		str	r3, [r7, #4]
  35:moisture_measurement/analog_temperature_measurements.c ****     temperature = (temperature*9./5.)+32;
  91              		.loc 1 35 0
  92 006e 7868     		ldr	r0, [r7, #4]
  93 0070 FFF7FEFF 		bl	__aeabi_f2d
  94 0074 031C     		mov	r3, r0
  95 0076 0C1C     		mov	r4, r1
  96 0078 181C     		mov	r0, r3
  97 007a 211C     		mov	r1, r4
  98 007c 0022     		mov	r2, #0
  99 007e 124B     		ldr	r3, .L3+8
 100 0080 FFF7FEFF 		bl	__aeabi_dmul
 101 0084 031C     		mov	r3, r0
 102 0086 0C1C     		mov	r4, r1
 103 0088 181C     		mov	r0, r3
 104 008a 211C     		mov	r1, r4
 105 008c 0022     		mov	r2, #0
 106 008e 0F4B     		ldr	r3, .L3+12
 107 0090 FFF7FEFF 		bl	__aeabi_ddiv
 108 0094 031C     		mov	r3, r0
 109 0096 0C1C     		mov	r4, r1
 110 0098 181C     		mov	r0, r3
 111 009a 211C     		mov	r1, r4
 112 009c 0022     		mov	r2, #0
 113 009e 0C4B     		ldr	r3, .L3+16
 114 00a0 FFF7FEFF 		bl	__aeabi_dadd
 115 00a4 031C     		mov	r3, r0
 116 00a6 0C1C     		mov	r4, r1
 117 00a8 181C     		mov	r0, r3
 118 00aa 211C     		mov	r1, r4
 119 00ac FFF7FEFF 		bl	__aeabi_d2f
 120 00b0 031C     		add	r3, r0, #0
 121 00b2 7B60     		str	r3, [r7, #4]
  36:moisture_measurement/analog_temperature_measurements.c ****   
  37:moisture_measurement/analog_temperature_measurements.c ****     return temperature;
 122              		.loc 1 37 0
 123 00b4 7B68     		ldr	r3, [r7, #4]
  38:moisture_measurement/analog_temperature_measurements.c ****     
  39:moisture_measurement/analog_temperature_measurements.c ****   }
 124              		.loc 1 39 0
 125 00b6 181C     		add	r0, r3, #0
 126 00b8 BD46     		mov	sp, r7
 127 00ba 03B0     		add	sp, sp, #12
 128              		@ sp needed
 129 00bc 90BD     		pop	{r4, r7, pc}
 130              	.L4:
 131 00be C046     		.align	2
 132              	.L3:
ARM GAS  C:\Users\glenn\AppData\Local\Temp\ccVzIyI5.s 			page 4


 133 00c0 00407F40 		.word	1082081280
 134 00c4 00002440 		.word	1076101120
 135 00c8 00002240 		.word	1075970048
 136 00cc 00001440 		.word	1075052544
 137 00d0 00004040 		.word	1077936128
 138              		.cfi_endproc
 139              	.LFE62:
 140              		.size	measure_tmp36_sensor, .-measure_tmp36_sensor
 141              		.text
 142              	.Letext0:
 143              		.section	.debug_info,"",%progbits
 144              	.Ldebug_info0:
 145 0000 A8000000 		.4byte	0xa8
 146 0004 0400     		.2byte	0x4
 147 0006 00000000 		.4byte	.Ldebug_abbrev0
 148 000a 04       		.byte	0x4
 149 000b 01       		.uleb128 0x1
 150 000c 0E000000 		.4byte	.LASF13
 151 0010 01       		.byte	0x1
 152 0011 50010000 		.4byte	.LASF14
 153 0015 E0000000 		.4byte	.LASF15
 154 0019 00000000 		.4byte	.Ldebug_ranges0+0
 155 001d 00000000 		.4byte	0
 156 0021 00000000 		.4byte	.Ldebug_line0
 157 0025 02       		.uleb128 0x2
 158 0026 01       		.byte	0x1
 159 0027 06       		.byte	0x6
 160 0028 A1010000 		.4byte	.LASF0
 161 002c 02       		.uleb128 0x2
 162 002d 01       		.byte	0x1
 163 002e 08       		.byte	0x8
 164 002f A9000000 		.4byte	.LASF1
 165 0033 02       		.uleb128 0x2
 166 0034 02       		.byte	0x2
 167 0035 05       		.byte	0x5
 168 0036 C8010000 		.4byte	.LASF2
 169 003a 02       		.uleb128 0x2
 170 003b 02       		.byte	0x2
 171 003c 07       		.byte	0x7
 172 003d 8E010000 		.4byte	.LASF3
 173 0041 02       		.uleb128 0x2
 174 0042 04       		.byte	0x4
 175 0043 05       		.byte	0x5
 176 0044 47010000 		.4byte	.LASF4
 177 0048 02       		.uleb128 0x2
 178 0049 04       		.byte	0x4
 179 004a 07       		.byte	0x7
 180 004b B7000000 		.4byte	.LASF5
 181 004f 02       		.uleb128 0x2
 182 0050 08       		.byte	0x8
 183 0051 05       		.byte	0x5
 184 0052 00000000 		.4byte	.LASF6
 185 0056 02       		.uleb128 0x2
 186 0057 08       		.byte	0x8
 187 0058 07       		.byte	0x7
 188 0059 C9000000 		.4byte	.LASF7
 189 005d 03       		.uleb128 0x3
ARM GAS  C:\Users\glenn\AppData\Local\Temp\ccVzIyI5.s 			page 5


 190 005e 04       		.byte	0x4
 191 005f 05       		.byte	0x5
 192 0060 696E7400 		.ascii	"int\000"
 193 0064 02       		.uleb128 0x2
 194 0065 04       		.byte	0x4
 195 0066 07       		.byte	0x7
 196 0067 9C000000 		.4byte	.LASF8
 197 006b 02       		.uleb128 0x2
 198 006c 04       		.byte	0x4
 199 006d 04       		.byte	0x4
 200 006e C2010000 		.4byte	.LASF9
 201 0072 02       		.uleb128 0x2
 202 0073 08       		.byte	0x8
 203 0074 04       		.byte	0x4
 204 0075 87010000 		.4byte	.LASF10
 205 0079 02       		.uleb128 0x2
 206 007a 01       		.byte	0x1
 207 007b 08       		.byte	0x8
 208 007c 42010000 		.4byte	.LASF11
 209 0080 02       		.uleb128 0x2
 210 0081 04       		.byte	0x4
 211 0082 07       		.byte	0x7
 212 0083 D2010000 		.4byte	.LASF12
 213 0087 04       		.uleb128 0x4
 214 0088 AD010000 		.4byte	.LASF16
 215 008c 01       		.byte	0x1
 216 008d 13       		.byte	0x13
 217 008e 6B000000 		.4byte	0x6b
 218 0092 00000000 		.4byte	.LFB62
 219 0096 D4000000 		.4byte	.LFE62-.LFB62
 220 009a 01       		.uleb128 0x1
 221 009b 9C       		.byte	0x9c
 222 009c 05       		.uleb128 0x5
 223 009d 36010000 		.4byte	.LASF17
 224 00a1 01       		.byte	0x1
 225 00a2 15       		.byte	0x15
 226 00a3 6B000000 		.4byte	0x6b
 227 00a7 02       		.uleb128 0x2
 228 00a8 91       		.byte	0x91
 229 00a9 6C       		.sleb128 -20
 230 00aa 00       		.byte	0
 231 00ab 00       		.byte	0
 232              		.section	.debug_abbrev,"",%progbits
 233              	.Ldebug_abbrev0:
 234 0000 01       		.uleb128 0x1
 235 0001 11       		.uleb128 0x11
 236 0002 01       		.byte	0x1
 237 0003 25       		.uleb128 0x25
 238 0004 0E       		.uleb128 0xe
 239 0005 13       		.uleb128 0x13
 240 0006 0B       		.uleb128 0xb
 241 0007 03       		.uleb128 0x3
 242 0008 0E       		.uleb128 0xe
 243 0009 1B       		.uleb128 0x1b
 244 000a 0E       		.uleb128 0xe
 245 000b 55       		.uleb128 0x55
 246 000c 17       		.uleb128 0x17
ARM GAS  C:\Users\glenn\AppData\Local\Temp\ccVzIyI5.s 			page 6


 247 000d 11       		.uleb128 0x11
 248 000e 01       		.uleb128 0x1
 249 000f 10       		.uleb128 0x10
 250 0010 17       		.uleb128 0x17
 251 0011 00       		.byte	0
 252 0012 00       		.byte	0
 253 0013 02       		.uleb128 0x2
 254 0014 24       		.uleb128 0x24
 255 0015 00       		.byte	0
 256 0016 0B       		.uleb128 0xb
 257 0017 0B       		.uleb128 0xb
 258 0018 3E       		.uleb128 0x3e
 259 0019 0B       		.uleb128 0xb
 260 001a 03       		.uleb128 0x3
 261 001b 0E       		.uleb128 0xe
 262 001c 00       		.byte	0
 263 001d 00       		.byte	0
 264 001e 03       		.uleb128 0x3
 265 001f 24       		.uleb128 0x24
 266 0020 00       		.byte	0
 267 0021 0B       		.uleb128 0xb
 268 0022 0B       		.uleb128 0xb
 269 0023 3E       		.uleb128 0x3e
 270 0024 0B       		.uleb128 0xb
 271 0025 03       		.uleb128 0x3
 272 0026 08       		.uleb128 0x8
 273 0027 00       		.byte	0
 274 0028 00       		.byte	0
 275 0029 04       		.uleb128 0x4
 276 002a 2E       		.uleb128 0x2e
 277 002b 01       		.byte	0x1
 278 002c 3F       		.uleb128 0x3f
 279 002d 19       		.uleb128 0x19
 280 002e 03       		.uleb128 0x3
 281 002f 0E       		.uleb128 0xe
 282 0030 3A       		.uleb128 0x3a
 283 0031 0B       		.uleb128 0xb
 284 0032 3B       		.uleb128 0x3b
 285 0033 0B       		.uleb128 0xb
 286 0034 27       		.uleb128 0x27
 287 0035 19       		.uleb128 0x19
 288 0036 49       		.uleb128 0x49
 289 0037 13       		.uleb128 0x13
 290 0038 11       		.uleb128 0x11
 291 0039 01       		.uleb128 0x1
 292 003a 12       		.uleb128 0x12
 293 003b 06       		.uleb128 0x6
 294 003c 40       		.uleb128 0x40
 295 003d 18       		.uleb128 0x18
 296 003e 9642     		.uleb128 0x2116
 297 0040 19       		.uleb128 0x19
 298 0041 00       		.byte	0
 299 0042 00       		.byte	0
 300 0043 05       		.uleb128 0x5
 301 0044 34       		.uleb128 0x34
 302 0045 00       		.byte	0
 303 0046 03       		.uleb128 0x3
ARM GAS  C:\Users\glenn\AppData\Local\Temp\ccVzIyI5.s 			page 7


 304 0047 0E       		.uleb128 0xe
 305 0048 3A       		.uleb128 0x3a
 306 0049 0B       		.uleb128 0xb
 307 004a 3B       		.uleb128 0x3b
 308 004b 0B       		.uleb128 0xb
 309 004c 49       		.uleb128 0x49
 310 004d 13       		.uleb128 0x13
 311 004e 02       		.uleb128 0x2
 312 004f 18       		.uleb128 0x18
 313 0050 00       		.byte	0
 314 0051 00       		.byte	0
 315 0052 00       		.byte	0
 316              		.section	.debug_aranges,"",%progbits
 317 0000 1C000000 		.4byte	0x1c
 318 0004 0200     		.2byte	0x2
 319 0006 00000000 		.4byte	.Ldebug_info0
 320 000a 04       		.byte	0x4
 321 000b 00       		.byte	0
 322 000c 0000     		.2byte	0
 323 000e 0000     		.2byte	0
 324 0010 00000000 		.4byte	.LFB62
 325 0014 D4000000 		.4byte	.LFE62-.LFB62
 326 0018 00000000 		.4byte	0
 327 001c 00000000 		.4byte	0
 328              		.section	.debug_ranges,"",%progbits
 329              	.Ldebug_ranges0:
 330 0000 00000000 		.4byte	.LFB62
 331 0004 D4000000 		.4byte	.LFE62
 332 0008 00000000 		.4byte	0
 333 000c 00000000 		.4byte	0
 334              		.section	.debug_line,"",%progbits
 335              	.Ldebug_line0:
 336 0000 6E000000 		.section	.debug_str,"MS",%progbits,1
 336      02004D00 
 336      00000201 
 336      FB0E0D00 
 336      01010101 
 337              	.LASF6:
 338 0000 6C6F6E67 		.ascii	"long long int\000"
 338      206C6F6E 
 338      6720696E 
 338      7400
 339              	.LASF13:
 340 000e 474E5520 		.ascii	"GNU C 4.9.3 20150303 (release) [ARM/embedded-4_9-br"
 340      4320342E 
 340      392E3320 
 340      32303135 
 340      30333033 
 341 0041 616E6368 		.ascii	"anch revision 221220] -mcpu=cortex-m0 -mthumb -g -O"
 341      20726576 
 341      6973696F 
 341      6E203232 
 341      31323230 
 342 0074 30202D66 		.ascii	"0 -ffunction-sections -ffat-lto-objects\000"
 342      66756E63 
 342      74696F6E 
 342      2D736563 
ARM GAS  C:\Users\glenn\AppData\Local\Temp\ccVzIyI5.s 			page 8


 342      74696F6E 
 343              	.LASF8:
 344 009c 756E7369 		.ascii	"unsigned int\000"
 344      676E6564 
 344      20696E74 
 344      00
 345              	.LASF1:
 346 00a9 756E7369 		.ascii	"unsigned char\000"
 346      676E6564 
 346      20636861 
 346      7200
 347              	.LASF5:
 348 00b7 6C6F6E67 		.ascii	"long unsigned int\000"
 348      20756E73 
 348      69676E65 
 348      6420696E 
 348      7400
 349              	.LASF7:
 350 00c9 6C6F6E67 		.ascii	"long long unsigned int\000"
 350      206C6F6E 
 350      6720756E 
 350      7369676E 
 350      65642069 
 351              	.LASF15:
 352 00e0 433A5C55 		.ascii	"C:\\Users\\glenn\\OneDrive\\PSOC\\moisture_sensor_4"
 352      73657273 
 352      5C676C65 
 352      6E6E5C4F 
 352      6E654472 
 353 010e 6D5C4D6F 		.ascii	"m\\Moisture_Sensor\\Moisture_Sensor.cydsn\000"
 353      69737475 
 353      72655F53 
 353      656E736F 
 353      725C4D6F 
 354              	.LASF17:
 355 0136 74656D70 		.ascii	"temperature\000"
 355      65726174 
 355      75726500 
 356              	.LASF11:
 357 0142 63686172 		.ascii	"char\000"
 357      00
 358              	.LASF4:
 359 0147 6C6F6E67 		.ascii	"long int\000"
 359      20696E74 
 359      00
 360              	.LASF14:
 361 0150 6D6F6973 		.ascii	"moisture_measurement\\analog_temperature_measuremen"
 361      74757265 
 361      5F6D6561 
 361      73757265 
 361      6D656E74 
 362 0182 74732E63 		.ascii	"ts.c\000"
 362      00
 363              	.LASF10:
 364 0187 646F7562 		.ascii	"double\000"
 364      6C6500
 365              	.LASF3:
ARM GAS  C:\Users\glenn\AppData\Local\Temp\ccVzIyI5.s 			page 9


 366 018e 73686F72 		.ascii	"short unsigned int\000"
 366      7420756E 
 366      7369676E 
 366      65642069 
 366      6E7400
 367              	.LASF0:
 368 01a1 7369676E 		.ascii	"signed char\000"
 368      65642063 
 368      68617200 
 369              	.LASF16:
 370 01ad 6D656173 		.ascii	"measure_tmp36_sensor\000"
 370      7572655F 
 370      746D7033 
 370      365F7365 
 370      6E736F72 
 371              	.LASF9:
 372 01c2 666C6F61 		.ascii	"float\000"
 372      7400
 373              	.LASF2:
 374 01c8 73686F72 		.ascii	"short int\000"
 374      7420696E 
 374      7400
 375              	.LASF12:
 376 01d2 73697A65 		.ascii	"sizetype\000"
 376      74797065 
 376      00
 377              		.ident	"GCC: (GNU Tools for ARM Embedded Processors) 4.9.3 20150303 (release) [ARM/embedded-4_9-br
