ARM GAS  C:\Users\glenn\AppData\Local\Temp\ccxt3zfc.s 			page 1


   1              		.cpu cortex-m0
   2              		.fpu softvfp
   3              		.eabi_attribute 20, 1
   4              		.eabi_attribute 21, 1
   5              		.eabi_attribute 23, 3
   6              		.eabi_attribute 24, 1
   7              		.eabi_attribute 25, 1
   8              		.eabi_attribute 26, 1
   9              		.eabi_attribute 30, 1
  10              		.eabi_attribute 34, 0
  11              		.eabi_attribute 18, 4
  12              		.code	16
  13              		.file	"CapSense_2_INT.c"
  14              		.text
  15              	.Ltext0:
  16              		.cfi_sections	.debug_frame
  17              		.section	.text.CapSense_2_ISR,"ax",%progbits
  18              		.align	2
  19              		.global	CapSense_2_ISR
  20              		.code	16
  21              		.thumb_func
  22              		.type	CapSense_2_ISR, %function
  23              	CapSense_2_ISR:
  24              	.LFB35:
  25              		.file 1 ".\\Generated_Source\\PSoC4\\CapSense_2_INT.c"
   1:.\Generated_Source\PSoC4/CapSense_2_INT.c **** /*******************************************************************************
   2:.\Generated_Source\PSoC4/CapSense_2_INT.c **** * File Name: CapSense_2_INT.c
   3:.\Generated_Source\PSoC4/CapSense_2_INT.c **** * Version 2.40
   4:.\Generated_Source\PSoC4/CapSense_2_INT.c **** *
   5:.\Generated_Source\PSoC4/CapSense_2_INT.c **** * Description:
   6:.\Generated_Source\PSoC4/CapSense_2_INT.c **** *  This file provides the source code of the  Interrupt Service Routine (ISR)
   7:.\Generated_Source\PSoC4/CapSense_2_INT.c **** *  for the CapSense CSD component.
   8:.\Generated_Source\PSoC4/CapSense_2_INT.c **** *
   9:.\Generated_Source\PSoC4/CapSense_2_INT.c **** * Note:
  10:.\Generated_Source\PSoC4/CapSense_2_INT.c **** *
  11:.\Generated_Source\PSoC4/CapSense_2_INT.c **** ********************************************************************************
  12:.\Generated_Source\PSoC4/CapSense_2_INT.c **** * Copyright 2013-2015, Cypress Semiconductor Corporation.  All rights reserved.
  13:.\Generated_Source\PSoC4/CapSense_2_INT.c **** * You may use this file only in accordance with the license, terms, conditions,
  14:.\Generated_Source\PSoC4/CapSense_2_INT.c **** * disclaimers, and limitations in the end user license agreement accompanying
  15:.\Generated_Source\PSoC4/CapSense_2_INT.c **** * the software package with which this file was provided.
  16:.\Generated_Source\PSoC4/CapSense_2_INT.c **** *******************************************************************************/
  17:.\Generated_Source\PSoC4/CapSense_2_INT.c **** 
  18:.\Generated_Source\PSoC4/CapSense_2_INT.c **** #include "CapSense_2.h"
  19:.\Generated_Source\PSoC4/CapSense_2_INT.c **** #include "CapSense_2_PVT.h"
  20:.\Generated_Source\PSoC4/CapSense_2_INT.c **** #include "cyapicallbacks.h"
  21:.\Generated_Source\PSoC4/CapSense_2_INT.c **** 
  22:.\Generated_Source\PSoC4/CapSense_2_INT.c **** 
  23:.\Generated_Source\PSoC4/CapSense_2_INT.c **** /*******************************************************************************
  24:.\Generated_Source\PSoC4/CapSense_2_INT.c **** *  Place your includes, defines and code here
  25:.\Generated_Source\PSoC4/CapSense_2_INT.c **** ********************************************************************************/
  26:.\Generated_Source\PSoC4/CapSense_2_INT.c **** /* `#START CapSense_2_ISR_INTC` */
  27:.\Generated_Source\PSoC4/CapSense_2_INT.c **** 
  28:.\Generated_Source\PSoC4/CapSense_2_INT.c **** /* `#END` */
  29:.\Generated_Source\PSoC4/CapSense_2_INT.c **** 
  30:.\Generated_Source\PSoC4/CapSense_2_INT.c **** 
  31:.\Generated_Source\PSoC4/CapSense_2_INT.c **** /*******************************************************************************
  32:.\Generated_Source\PSoC4/CapSense_2_INT.c **** * Function Name: CapSense_2_ISR
ARM GAS  C:\Users\glenn\AppData\Local\Temp\ccxt3zfc.s 			page 2


  33:.\Generated_Source\PSoC4/CapSense_2_INT.c **** ********************************************************************************
  34:.\Generated_Source\PSoC4/CapSense_2_INT.c **** *
  35:.\Generated_Source\PSoC4/CapSense_2_INT.c **** * Summary:
  36:.\Generated_Source\PSoC4/CapSense_2_INT.c **** *  This ISR is executed when the measure window is closed. The measure window
  37:.\Generated_Source\PSoC4/CapSense_2_INT.c **** *  depends on the sensor scan resolution parameter.
  38:.\Generated_Source\PSoC4/CapSense_2_INT.c **** *  The ISR has two modes:
  39:.\Generated_Source\PSoC4/CapSense_2_INT.c **** *   1. Scans a single sensor and stores the measure result.
  40:.\Generated_Source\PSoC4/CapSense_2_INT.c **** *   2. Stores the result of the current measure and starts the next scan till all
  41:.\Generated_Source\PSoC4/CapSense_2_INT.c **** *      the enabled sensors are scanned.
  42:.\Generated_Source\PSoC4/CapSense_2_INT.c **** *  This interrupt handler is only used in one channel designs.
  43:.\Generated_Source\PSoC4/CapSense_2_INT.c **** *
  44:.\Generated_Source\PSoC4/CapSense_2_INT.c **** * Parameters:
  45:.\Generated_Source\PSoC4/CapSense_2_INT.c **** *  None
  46:.\Generated_Source\PSoC4/CapSense_2_INT.c **** *
  47:.\Generated_Source\PSoC4/CapSense_2_INT.c **** * Return:
  48:.\Generated_Source\PSoC4/CapSense_2_INT.c **** *  None
  49:.\Generated_Source\PSoC4/CapSense_2_INT.c **** *
  50:.\Generated_Source\PSoC4/CapSense_2_INT.c **** * Global Variables:
  51:.\Generated_Source\PSoC4/CapSense_2_INT.c **** *  CapSense_2_csv - used to provide the status and mode of the scanning process.
  52:.\Generated_Source\PSoC4/CapSense_2_INT.c **** *   Mode - a single scan or scan of all the enabled sensors.
  53:.\Generated_Source\PSoC4/CapSense_2_INT.c **** *   Status - scan is in progress or ready for new scan.
  54:.\Generated_Source\PSoC4/CapSense_2_INT.c **** *  CapSense_2_sensorIndex - used to store a sensor scanning sensor number.
  55:.\Generated_Source\PSoC4/CapSense_2_INT.c **** *
  56:.\Generated_Source\PSoC4/CapSense_2_INT.c **** * Reentrant:
  57:.\Generated_Source\PSoC4/CapSense_2_INT.c **** *  No
  58:.\Generated_Source\PSoC4/CapSense_2_INT.c **** *
  59:.\Generated_Source\PSoC4/CapSense_2_INT.c **** *******************************************************************************/
  60:.\Generated_Source\PSoC4/CapSense_2_INT.c **** CY_ISR(CapSense_2_ISR)
  61:.\Generated_Source\PSoC4/CapSense_2_INT.c **** {
  26              		.loc 1 61 0
  27              		.cfi_startproc
  28 0000 10B5     		push	{r4, lr}
  29              		.cfi_def_cfa_offset 8
  30              		.cfi_offset 4, -8
  31              		.cfi_offset 14, -4
  62:.\Generated_Source\PSoC4/CapSense_2_INT.c ****     static uint8 CapSense_2_snsIndexTmp;
  63:.\Generated_Source\PSoC4/CapSense_2_INT.c **** 
  64:.\Generated_Source\PSoC4/CapSense_2_INT.c ****     #ifdef CapSense_2_ISR_ENTRY_CALLBACK
  65:.\Generated_Source\PSoC4/CapSense_2_INT.c ****         CapSense_2_ISR_EntryCallback();
  66:.\Generated_Source\PSoC4/CapSense_2_INT.c ****     #endif /* CapSense_2_ISR_ENTRY_CALLBACK */
  67:.\Generated_Source\PSoC4/CapSense_2_INT.c **** 
  68:.\Generated_Source\PSoC4/CapSense_2_INT.c ****     /*  Place your Interrupt code here. */
  69:.\Generated_Source\PSoC4/CapSense_2_INT.c ****     /* `#START CapSense_2_ISR_ENTER` */
  70:.\Generated_Source\PSoC4/CapSense_2_INT.c **** 
  71:.\Generated_Source\PSoC4/CapSense_2_INT.c ****     /* `#END` */
  72:.\Generated_Source\PSoC4/CapSense_2_INT.c **** 
  73:.\Generated_Source\PSoC4/CapSense_2_INT.c ****     CyIntDisable(CapSense_2_ISR_NUMBER);
  32              		.loc 1 73 0
  33 0002 1120     		mov	r0, #17
  34 0004 FFF7FEFF 		bl	CyIntDisable
  35              	.LVL0:
  74:.\Generated_Source\PSoC4/CapSense_2_INT.c **** 
  75:.\Generated_Source\PSoC4/CapSense_2_INT.c ****     CapSense_2_CSD_INTR_REG = 1u;
  36              		.loc 1 75 0
  37 0008 0122     		mov	r2, #1
  38 000a 1E4B     		ldr	r3, .L7
  39 000c 1A60     		str	r2, [r3]
ARM GAS  C:\Users\glenn\AppData\Local\Temp\ccxt3zfc.s 			page 3


  76:.\Generated_Source\PSoC4/CapSense_2_INT.c **** 
  77:.\Generated_Source\PSoC4/CapSense_2_INT.c ****     CapSense_2_PostScan((uint32)CapSense_2_sensorIndex);
  40              		.loc 1 77 0
  41 000e 1E4B     		ldr	r3, .L7+4
  42 0010 1878     		ldrb	r0, [r3]
  43 0012 C0B2     		uxtb	r0, r0
  44 0014 FFF7FEFF 		bl	CapSense_2_PostScan
  45              	.LVL1:
  78:.\Generated_Source\PSoC4/CapSense_2_INT.c **** 
  79:.\Generated_Source\PSoC4/CapSense_2_INT.c ****     if ((CapSense_2_csdStatusVar & CapSense_2_SW_CTRL_SINGLE_SCAN) != 0u)
  46              		.loc 1 79 0
  47 0018 1C4B     		ldr	r3, .L7+8
  48 001a 1B78     		ldrb	r3, [r3]
  49 001c 5BB2     		sxtb	r3, r3
  50 001e 002B     		cmp	r3, #0
  51 0020 05DA     		bge	.L2
  80:.\Generated_Source\PSoC4/CapSense_2_INT.c ****     {
  81:.\Generated_Source\PSoC4/CapSense_2_INT.c ****         CapSense_2_csdStatusVar &= (uint8)~CapSense_2_SW_STS_BUSY;
  52              		.loc 1 81 0
  53 0022 1A4A     		ldr	r2, .L7+8
  54 0024 1378     		ldrb	r3, [r2]
  55 0026 0121     		mov	r1, #1
  56 0028 8B43     		bic	r3, r1
  57 002a 1370     		strb	r3, [r2]
  58 002c 25E0     		b	.L3
  59              	.L2:
  82:.\Generated_Source\PSoC4/CapSense_2_INT.c ****     }
  83:.\Generated_Source\PSoC4/CapSense_2_INT.c ****     else
  84:.\Generated_Source\PSoC4/CapSense_2_INT.c ****     {
  85:.\Generated_Source\PSoC4/CapSense_2_INT.c ****         /* Proceed scanning */
  86:.\Generated_Source\PSoC4/CapSense_2_INT.c ****         CapSense_2_sensorIndex = CapSense_2_FindNextSensor(CapSense_2_sensorIndex);
  60              		.loc 1 86 0
  61 002e 164C     		ldr	r4, .L7+4
  62 0030 2078     		ldrb	r0, [r4]
  63 0032 C0B2     		uxtb	r0, r0
  64 0034 FFF7FEFF 		bl	CapSense_2_FindNextSensor
  65              	.LVL2:
  66 0038 2070     		strb	r0, [r4]
  87:.\Generated_Source\PSoC4/CapSense_2_INT.c **** 
  88:.\Generated_Source\PSoC4/CapSense_2_INT.c ****         /* Check end of scan */
  89:.\Generated_Source\PSoC4/CapSense_2_INT.c ****         if(CapSense_2_sensorIndex < CapSense_2_TOTAL_SENSOR_COUNT)
  67              		.loc 1 89 0
  68 003a 2378     		ldrb	r3, [r4]
  69 003c 002B     		cmp	r3, #0
  70 003e 05D1     		bne	.L4
  90:.\Generated_Source\PSoC4/CapSense_2_INT.c ****         {
  91:.\Generated_Source\PSoC4/CapSense_2_INT.c ****             CapSense_2_PreScan((uint32)CapSense_2_sensorIndex);
  71              		.loc 1 91 0
  72 0040 114B     		ldr	r3, .L7+4
  73 0042 1878     		ldrb	r0, [r3]
  74 0044 C0B2     		uxtb	r0, r0
  75 0046 FFF7FEFF 		bl	CapSense_2_PreScan
  76              	.LVL3:
  77 004a 16E0     		b	.L3
  78              	.L4:
  92:.\Generated_Source\PSoC4/CapSense_2_INT.c ****         }
  93:.\Generated_Source\PSoC4/CapSense_2_INT.c ****         else
ARM GAS  C:\Users\glenn\AppData\Local\Temp\ccxt3zfc.s 			page 4


  94:.\Generated_Source\PSoC4/CapSense_2_INT.c ****         {
  95:.\Generated_Source\PSoC4/CapSense_2_INT.c ****             CapSense_2_csdStatusVar &= (uint8)~CapSense_2_SW_STS_BUSY;
  79              		.loc 1 95 0
  80 004c 0F4B     		ldr	r3, .L7+8
  81 004e 1A78     		ldrb	r2, [r3]
  82 0050 0121     		mov	r1, #1
  83 0052 8A43     		bic	r2, r1
  84 0054 1A70     		strb	r2, [r3]
  96:.\Generated_Source\PSoC4/CapSense_2_INT.c **** 
  97:.\Generated_Source\PSoC4/CapSense_2_INT.c ****              /* Check if widget has been scanned */
  98:.\Generated_Source\PSoC4/CapSense_2_INT.c ****             if((CapSense_2_csdStatusVar & CapSense_2_SW_CTRL_WIDGET_SCAN) != 0u)
  85              		.loc 1 98 0
  86 0056 1B78     		ldrb	r3, [r3]
  87 0058 5B06     		lsl	r3, r3, #25
  88 005a 0ED5     		bpl	.L3
  99:.\Generated_Source\PSoC4/CapSense_2_INT.c ****             {
 100:.\Generated_Source\PSoC4/CapSense_2_INT.c ****                 /* Restore sensorEnableMask array */
 101:.\Generated_Source\PSoC4/CapSense_2_INT.c ****                 for(CapSense_2_snsIndexTmp = 0u;
  89              		.loc 1 101 0
  90 005c 0022     		mov	r2, #0
  91 005e 0C4B     		ldr	r3, .L7+12
  92 0060 1A70     		strb	r2, [r3]
  93 0062 06E0     		b	.L5
  94              	.L6:
 102:.\Generated_Source\PSoC4/CapSense_2_INT.c ****                     CapSense_2_snsIndexTmp < CapSense_2_TOTAL_SENSOR_MASK;
 103:.\Generated_Source\PSoC4/CapSense_2_INT.c ****                     CapSense_2_snsIndexTmp++)
 104:.\Generated_Source\PSoC4/CapSense_2_INT.c ****                 {
 105:.\Generated_Source\PSoC4/CapSense_2_INT.c ****                     /* Backup sensorEnableMask array */
 106:.\Generated_Source\PSoC4/CapSense_2_INT.c ****                     CapSense_2_sensorEnableMask[CapSense_2_snsIndexTmp] = CapSense_2_sensorEnableMa
  95              		.loc 1 106 0
  96 0064 0B4A     		ldr	r2, .L7+16
  97 0066 D15C     		ldrb	r1, [r2, r3]
  98 0068 0B4A     		ldr	r2, .L7+20
  99 006a D154     		strb	r1, [r2, r3]
 103:.\Generated_Source\PSoC4/CapSense_2_INT.c ****                 {
 100              		.loc 1 103 0
 101 006c 0133     		add	r3, r3, #1
 102 006e 084A     		ldr	r2, .L7+12
 103 0070 1370     		strb	r3, [r2]
 104              	.L5:
 102:.\Generated_Source\PSoC4/CapSense_2_INT.c ****                     CapSense_2_snsIndexTmp < CapSense_2_TOTAL_SENSOR_MASK;
 105              		.loc 1 102 0 discriminator 1
 106 0072 074B     		ldr	r3, .L7+12
 107 0074 1B78     		ldrb	r3, [r3]
 101:.\Generated_Source\PSoC4/CapSense_2_INT.c ****                     CapSense_2_snsIndexTmp < CapSense_2_TOTAL_SENSOR_MASK;
 108              		.loc 1 101 0 discriminator 1
 109 0076 002B     		cmp	r3, #0
 110 0078 F4D0     		beq	.L6
 111              	.L3:
 107:.\Generated_Source\PSoC4/CapSense_2_INT.c ****                 }
 108:.\Generated_Source\PSoC4/CapSense_2_INT.c ****             }
 109:.\Generated_Source\PSoC4/CapSense_2_INT.c ****         }
 110:.\Generated_Source\PSoC4/CapSense_2_INT.c ****     }
 111:.\Generated_Source\PSoC4/CapSense_2_INT.c ****     CyIntEnable(CapSense_2_ISR_NUMBER);
 112              		.loc 1 111 0
 113 007a 1120     		mov	r0, #17
 114 007c FFF7FEFF 		bl	CyIntEnable
ARM GAS  C:\Users\glenn\AppData\Local\Temp\ccxt3zfc.s 			page 5


 115              	.LVL4:
 112:.\Generated_Source\PSoC4/CapSense_2_INT.c **** 
 113:.\Generated_Source\PSoC4/CapSense_2_INT.c ****     /*  Place your Interrupt code here. */
 114:.\Generated_Source\PSoC4/CapSense_2_INT.c ****     /* `#START CapSense_2_ISR_EXIT` */
 115:.\Generated_Source\PSoC4/CapSense_2_INT.c **** 
 116:.\Generated_Source\PSoC4/CapSense_2_INT.c ****     /* `#END` */
 117:.\Generated_Source\PSoC4/CapSense_2_INT.c **** 
 118:.\Generated_Source\PSoC4/CapSense_2_INT.c ****     #ifdef CapSense_2_ISR_EXIT_CALLBACK
 119:.\Generated_Source\PSoC4/CapSense_2_INT.c ****         CapSense_2_ISR_ExitCallback();
 120:.\Generated_Source\PSoC4/CapSense_2_INT.c ****     #endif /* CapSense_2_ISR_EXIT_CALLBACK */
 121:.\Generated_Source\PSoC4/CapSense_2_INT.c **** }
 116              		.loc 1 121 0
 117              		@ sp needed
 118 0080 10BD     		pop	{r4, pc}
 119              	.L8:
 120 0082 C046     		.align	2
 121              	.L7:
 122 0084 14002840 		.word	1076363284
 123 0088 00000000 		.word	CapSense_2_sensorIndex
 124 008c 00000000 		.word	CapSense_2_csdStatusVar
 125 0090 00000000 		.word	.LANCHOR0
 126 0094 00000000 		.word	CapSense_2_sensorEnableMaskBackup
 127 0098 00000000 		.word	CapSense_2_sensorEnableMask
 128              		.cfi_endproc
 129              	.LFE35:
 130              		.size	CapSense_2_ISR, .-CapSense_2_ISR
 131              		.bss
 132              		.set	.LANCHOR0,. + 0
 133              		.type	CapSense_2_snsIndexTmp.5143, %object
 134              		.size	CapSense_2_snsIndexTmp.5143, 1
 135              	CapSense_2_snsIndexTmp.5143:
 136 0000 00       		.space	1
 137              		.text
 138              	.Letext0:
 139              		.file 2 ".\\Generated_Source\\PSoC4\\cytypes.h"
 140              		.file 3 ".\\Generated_Source\\PSoC4\\CapSense_2.h"
 141              		.file 4 ".\\Generated_Source\\PSoC4\\CyLib.h"
 142              		.file 5 ".\\Generated_Source\\PSoC4\\CapSense_2_PVT.h"
 143              		.section	.debug_info,"",%progbits
 144              	.Ldebug_info0:
 145 0000 AB010000 		.4byte	0x1ab
 146 0004 0400     		.2byte	0x4
 147 0006 00000000 		.4byte	.Ldebug_abbrev0
 148 000a 04       		.byte	0x4
 149 000b 01       		.uleb128 0x1
 150 000c 73010000 		.4byte	.LASF23
 151 0010 01       		.byte	0x1
 152 0011 2D010000 		.4byte	.LASF24
 153 0015 2F020000 		.4byte	.LASF25
 154 0019 00000000 		.4byte	.Ldebug_ranges0+0
 155 001d 00000000 		.4byte	0
 156 0021 00000000 		.4byte	.Ldebug_line0
 157 0025 02       		.uleb128 0x2
 158 0026 01       		.byte	0x1
 159 0027 06       		.byte	0x6
 160 0028 85020000 		.4byte	.LASF0
 161 002c 02       		.uleb128 0x2
ARM GAS  C:\Users\glenn\AppData\Local\Temp\ccxt3zfc.s 			page 6


 162 002d 01       		.byte	0x1
 163 002e 08       		.byte	0x8
 164 002f BA000000 		.4byte	.LASF1
 165 0033 02       		.uleb128 0x2
 166 0034 02       		.byte	0x2
 167 0035 05       		.byte	0x5
 168 0036 0E020000 		.4byte	.LASF2
 169 003a 02       		.uleb128 0x2
 170 003b 02       		.byte	0x2
 171 003c 07       		.byte	0x7
 172 003d 4D000000 		.4byte	.LASF3
 173 0041 02       		.uleb128 0x2
 174 0042 04       		.byte	0x4
 175 0043 05       		.byte	0x5
 176 0044 44000000 		.4byte	.LASF4
 177 0048 02       		.uleb128 0x2
 178 0049 04       		.byte	0x4
 179 004a 07       		.byte	0x7
 180 004b C8000000 		.4byte	.LASF5
 181 004f 02       		.uleb128 0x2
 182 0050 08       		.byte	0x8
 183 0051 05       		.byte	0x5
 184 0052 60010000 		.4byte	.LASF6
 185 0056 02       		.uleb128 0x2
 186 0057 08       		.byte	0x8
 187 0058 07       		.byte	0x7
 188 0059 16010000 		.4byte	.LASF7
 189 005d 03       		.uleb128 0x3
 190 005e 04       		.byte	0x4
 191 005f 05       		.byte	0x5
 192 0060 696E7400 		.ascii	"int\000"
 193 0064 02       		.uleb128 0x2
 194 0065 04       		.byte	0x4
 195 0066 07       		.byte	0x7
 196 0067 09010000 		.4byte	.LASF8
 197 006b 04       		.uleb128 0x4
 198 006c DA000000 		.4byte	.LASF9
 199 0070 02       		.byte	0x2
 200 0071 9801     		.2byte	0x198
 201 0073 2C000000 		.4byte	0x2c
 202 0077 04       		.uleb128 0x4
 203 0078 02010000 		.4byte	.LASF10
 204 007c 02       		.byte	0x2
 205 007d 9A01     		.2byte	0x19a
 206 007f 48000000 		.4byte	0x48
 207 0083 02       		.uleb128 0x2
 208 0084 04       		.byte	0x4
 209 0085 04       		.byte	0x4
 210 0086 B4000000 		.4byte	.LASF11
 211 008a 02       		.uleb128 0x2
 212 008b 08       		.byte	0x8
 213 008c 04       		.byte	0x4
 214 008d E0000000 		.4byte	.LASF12
 215 0091 02       		.uleb128 0x2
 216 0092 01       		.byte	0x1
 217 0093 08       		.byte	0x8
 218 0094 6E010000 		.4byte	.LASF13
ARM GAS  C:\Users\glenn\AppData\Local\Temp\ccxt3zfc.s 			page 7


 219 0098 05       		.uleb128 0x5
 220 0099 6B000000 		.4byte	0x6b
 221 009d 04       		.uleb128 0x4
 222 009e 00000000 		.4byte	.LASF14
 223 00a2 02       		.byte	0x2
 224 00a3 4402     		.2byte	0x244
 225 00a5 A9000000 		.4byte	0xa9
 226 00a9 05       		.uleb128 0x5
 227 00aa 77000000 		.4byte	0x77
 228 00ae 02       		.uleb128 0x2
 229 00af 04       		.byte	0x4
 230 00b0 07       		.byte	0x7
 231 00b1 57010000 		.4byte	.LASF15
 232 00b5 06       		.uleb128 0x6
 233 00b6 F3000000 		.4byte	.LASF26
 234 00ba 01       		.byte	0x1
 235 00bb 3C       		.byte	0x3c
 236 00bc 00000000 		.4byte	.LFB35
 237 00c0 9C000000 		.4byte	.LFE35-.LFB35
 238 00c4 01       		.uleb128 0x1
 239 00c5 9C       		.byte	0x9c
 240 00c6 19010000 		.4byte	0x119
 241 00ca 07       		.uleb128 0x7
 242 00cb 2D000000 		.4byte	.LASF27
 243 00cf 01       		.byte	0x1
 244 00d0 3E       		.byte	0x3e
 245 00d1 6B000000 		.4byte	0x6b
 246 00d5 05       		.uleb128 0x5
 247 00d6 03       		.byte	0x3
 248 00d7 00000000 		.4byte	CapSense_2_snsIndexTmp.5143
 249 00db 08       		.uleb128 0x8
 250 00dc 08000000 		.4byte	.LVL0
 251 00e0 59010000 		.4byte	0x159
 252 00e4 EE000000 		.4byte	0xee
 253 00e8 09       		.uleb128 0x9
 254 00e9 01       		.uleb128 0x1
 255 00ea 50       		.byte	0x50
 256 00eb 01       		.uleb128 0x1
 257 00ec 41       		.byte	0x41
 258 00ed 00       		.byte	0
 259 00ee 0A       		.uleb128 0xa
 260 00ef 18000000 		.4byte	.LVL1
 261 00f3 6A010000 		.4byte	0x16a
 262 00f7 0A       		.uleb128 0xa
 263 00f8 38000000 		.4byte	.LVL2
 264 00fc 7B010000 		.4byte	0x17b
 265 0100 0A       		.uleb128 0xa
 266 0101 4A000000 		.4byte	.LVL3
 267 0105 90010000 		.4byte	0x190
 268 0109 0B       		.uleb128 0xb
 269 010a 80000000 		.4byte	.LVL4
 270 010e A1010000 		.4byte	0x1a1
 271 0112 09       		.uleb128 0x9
 272 0113 01       		.uleb128 0x1
 273 0114 50       		.byte	0x50
 274 0115 01       		.uleb128 0x1
 275 0116 41       		.byte	0x41
ARM GAS  C:\Users\glenn\AppData\Local\Temp\ccxt3zfc.s 			page 8


 276 0117 00       		.byte	0
 277 0118 00       		.byte	0
 278 0119 0C       		.uleb128 0xc
 279 011a 9C000000 		.4byte	.LASF16
 280 011e 03       		.byte	0x3
 281 011f DC02     		.2byte	0x2dc
 282 0121 98000000 		.4byte	0x98
 283 0125 0C       		.uleb128 0xc
 284 0126 18020000 		.4byte	.LASF17
 285 012a 03       		.byte	0x3
 286 012b DD02     		.2byte	0x2dd
 287 012d 98000000 		.4byte	0x98
 288 0131 0D       		.uleb128 0xd
 289 0132 6B000000 		.4byte	0x6b
 290 0136 41010000 		.4byte	0x141
 291 013a 0E       		.uleb128 0xe
 292 013b AE000000 		.4byte	0xae
 293 013f 00       		.byte	0
 294 0140 00       		.byte	0
 295 0141 0C       		.uleb128 0xc
 296 0142 60000000 		.4byte	.LASF18
 297 0146 03       		.byte	0x3
 298 0147 E002     		.2byte	0x2e0
 299 0149 31010000 		.4byte	0x131
 300 014d 0C       		.uleb128 0xc
 301 014e 91020000 		.4byte	.LASF19
 302 0152 03       		.byte	0x3
 303 0153 E102     		.2byte	0x2e1
 304 0155 31010000 		.4byte	0x131
 305 0159 0F       		.uleb128 0xf
 306 015a 01020000 		.4byte	.LASF20
 307 015e 04       		.byte	0x4
 308 015f C3       		.byte	0xc3
 309 0160 6A010000 		.4byte	0x16a
 310 0164 10       		.uleb128 0x10
 311 0165 6B000000 		.4byte	0x6b
 312 0169 00       		.byte	0
 313 016a 0F       		.uleb128 0xf
 314 016b 19000000 		.4byte	.LASF21
 315 016f 05       		.byte	0x5
 316 0170 5B       		.byte	0x5b
 317 0171 7B010000 		.4byte	0x17b
 318 0175 10       		.uleb128 0x10
 319 0176 77000000 		.4byte	0x77
 320 017a 00       		.byte	0
 321 017b 11       		.uleb128 0x11
 322 017c 82000000 		.4byte	.LASF28
 323 0180 05       		.byte	0x5
 324 0181 6E       		.byte	0x6e
 325 0182 6B000000 		.4byte	0x6b
 326 0186 90010000 		.4byte	0x190
 327 018a 10       		.uleb128 0x10
 328 018b 6B000000 		.4byte	0x6b
 329 018f 00       		.byte	0
 330 0190 0F       		.uleb128 0xf
 331 0191 06000000 		.4byte	.LASF22
 332 0195 05       		.byte	0x5
ARM GAS  C:\Users\glenn\AppData\Local\Temp\ccxt3zfc.s 			page 9


 333 0196 5A       		.byte	0x5a
 334 0197 A1010000 		.4byte	0x1a1
 335 019b 10       		.uleb128 0x10
 336 019c 77000000 		.4byte	0x77
 337 01a0 00       		.byte	0
 338 01a1 12       		.uleb128 0x12
 339 01a2 E7000000 		.4byte	.LASF29
 340 01a6 04       		.byte	0x4
 341 01a7 C1       		.byte	0xc1
 342 01a8 10       		.uleb128 0x10
 343 01a9 6B000000 		.4byte	0x6b
 344 01ad 00       		.byte	0
 345 01ae 00       		.byte	0
 346              		.section	.debug_abbrev,"",%progbits
 347              	.Ldebug_abbrev0:
 348 0000 01       		.uleb128 0x1
 349 0001 11       		.uleb128 0x11
 350 0002 01       		.byte	0x1
 351 0003 25       		.uleb128 0x25
 352 0004 0E       		.uleb128 0xe
 353 0005 13       		.uleb128 0x13
 354 0006 0B       		.uleb128 0xb
 355 0007 03       		.uleb128 0x3
 356 0008 0E       		.uleb128 0xe
 357 0009 1B       		.uleb128 0x1b
 358 000a 0E       		.uleb128 0xe
 359 000b 55       		.uleb128 0x55
 360 000c 17       		.uleb128 0x17
 361 000d 11       		.uleb128 0x11
 362 000e 01       		.uleb128 0x1
 363 000f 10       		.uleb128 0x10
 364 0010 17       		.uleb128 0x17
 365 0011 00       		.byte	0
 366 0012 00       		.byte	0
 367 0013 02       		.uleb128 0x2
 368 0014 24       		.uleb128 0x24
 369 0015 00       		.byte	0
 370 0016 0B       		.uleb128 0xb
 371 0017 0B       		.uleb128 0xb
 372 0018 3E       		.uleb128 0x3e
 373 0019 0B       		.uleb128 0xb
 374 001a 03       		.uleb128 0x3
 375 001b 0E       		.uleb128 0xe
 376 001c 00       		.byte	0
 377 001d 00       		.byte	0
 378 001e 03       		.uleb128 0x3
 379 001f 24       		.uleb128 0x24
 380 0020 00       		.byte	0
 381 0021 0B       		.uleb128 0xb
 382 0022 0B       		.uleb128 0xb
 383 0023 3E       		.uleb128 0x3e
 384 0024 0B       		.uleb128 0xb
 385 0025 03       		.uleb128 0x3
 386 0026 08       		.uleb128 0x8
 387 0027 00       		.byte	0
 388 0028 00       		.byte	0
 389 0029 04       		.uleb128 0x4
ARM GAS  C:\Users\glenn\AppData\Local\Temp\ccxt3zfc.s 			page 10


 390 002a 16       		.uleb128 0x16
 391 002b 00       		.byte	0
 392 002c 03       		.uleb128 0x3
 393 002d 0E       		.uleb128 0xe
 394 002e 3A       		.uleb128 0x3a
 395 002f 0B       		.uleb128 0xb
 396 0030 3B       		.uleb128 0x3b
 397 0031 05       		.uleb128 0x5
 398 0032 49       		.uleb128 0x49
 399 0033 13       		.uleb128 0x13
 400 0034 00       		.byte	0
 401 0035 00       		.byte	0
 402 0036 05       		.uleb128 0x5
 403 0037 35       		.uleb128 0x35
 404 0038 00       		.byte	0
 405 0039 49       		.uleb128 0x49
 406 003a 13       		.uleb128 0x13
 407 003b 00       		.byte	0
 408 003c 00       		.byte	0
 409 003d 06       		.uleb128 0x6
 410 003e 2E       		.uleb128 0x2e
 411 003f 01       		.byte	0x1
 412 0040 3F       		.uleb128 0x3f
 413 0041 19       		.uleb128 0x19
 414 0042 03       		.uleb128 0x3
 415 0043 0E       		.uleb128 0xe
 416 0044 3A       		.uleb128 0x3a
 417 0045 0B       		.uleb128 0xb
 418 0046 3B       		.uleb128 0x3b
 419 0047 0B       		.uleb128 0xb
 420 0048 27       		.uleb128 0x27
 421 0049 19       		.uleb128 0x19
 422 004a 11       		.uleb128 0x11
 423 004b 01       		.uleb128 0x1
 424 004c 12       		.uleb128 0x12
 425 004d 06       		.uleb128 0x6
 426 004e 40       		.uleb128 0x40
 427 004f 18       		.uleb128 0x18
 428 0050 9742     		.uleb128 0x2117
 429 0052 19       		.uleb128 0x19
 430 0053 01       		.uleb128 0x1
 431 0054 13       		.uleb128 0x13
 432 0055 00       		.byte	0
 433 0056 00       		.byte	0
 434 0057 07       		.uleb128 0x7
 435 0058 34       		.uleb128 0x34
 436 0059 00       		.byte	0
 437 005a 03       		.uleb128 0x3
 438 005b 0E       		.uleb128 0xe
 439 005c 3A       		.uleb128 0x3a
 440 005d 0B       		.uleb128 0xb
 441 005e 3B       		.uleb128 0x3b
 442 005f 0B       		.uleb128 0xb
 443 0060 49       		.uleb128 0x49
 444 0061 13       		.uleb128 0x13
 445 0062 02       		.uleb128 0x2
 446 0063 18       		.uleb128 0x18
ARM GAS  C:\Users\glenn\AppData\Local\Temp\ccxt3zfc.s 			page 11


 447 0064 00       		.byte	0
 448 0065 00       		.byte	0
 449 0066 08       		.uleb128 0x8
 450 0067 898201   		.uleb128 0x4109
 451 006a 01       		.byte	0x1
 452 006b 11       		.uleb128 0x11
 453 006c 01       		.uleb128 0x1
 454 006d 31       		.uleb128 0x31
 455 006e 13       		.uleb128 0x13
 456 006f 01       		.uleb128 0x1
 457 0070 13       		.uleb128 0x13
 458 0071 00       		.byte	0
 459 0072 00       		.byte	0
 460 0073 09       		.uleb128 0x9
 461 0074 8A8201   		.uleb128 0x410a
 462 0077 00       		.byte	0
 463 0078 02       		.uleb128 0x2
 464 0079 18       		.uleb128 0x18
 465 007a 9142     		.uleb128 0x2111
 466 007c 18       		.uleb128 0x18
 467 007d 00       		.byte	0
 468 007e 00       		.byte	0
 469 007f 0A       		.uleb128 0xa
 470 0080 898201   		.uleb128 0x4109
 471 0083 00       		.byte	0
 472 0084 11       		.uleb128 0x11
 473 0085 01       		.uleb128 0x1
 474 0086 31       		.uleb128 0x31
 475 0087 13       		.uleb128 0x13
 476 0088 00       		.byte	0
 477 0089 00       		.byte	0
 478 008a 0B       		.uleb128 0xb
 479 008b 898201   		.uleb128 0x4109
 480 008e 01       		.byte	0x1
 481 008f 11       		.uleb128 0x11
 482 0090 01       		.uleb128 0x1
 483 0091 31       		.uleb128 0x31
 484 0092 13       		.uleb128 0x13
 485 0093 00       		.byte	0
 486 0094 00       		.byte	0
 487 0095 0C       		.uleb128 0xc
 488 0096 34       		.uleb128 0x34
 489 0097 00       		.byte	0
 490 0098 03       		.uleb128 0x3
 491 0099 0E       		.uleb128 0xe
 492 009a 3A       		.uleb128 0x3a
 493 009b 0B       		.uleb128 0xb
 494 009c 3B       		.uleb128 0x3b
 495 009d 05       		.uleb128 0x5
 496 009e 49       		.uleb128 0x49
 497 009f 13       		.uleb128 0x13
 498 00a0 3F       		.uleb128 0x3f
 499 00a1 19       		.uleb128 0x19
 500 00a2 3C       		.uleb128 0x3c
 501 00a3 19       		.uleb128 0x19
 502 00a4 00       		.byte	0
 503 00a5 00       		.byte	0
ARM GAS  C:\Users\glenn\AppData\Local\Temp\ccxt3zfc.s 			page 12


 504 00a6 0D       		.uleb128 0xd
 505 00a7 01       		.uleb128 0x1
 506 00a8 01       		.byte	0x1
 507 00a9 49       		.uleb128 0x49
 508 00aa 13       		.uleb128 0x13
 509 00ab 01       		.uleb128 0x1
 510 00ac 13       		.uleb128 0x13
 511 00ad 00       		.byte	0
 512 00ae 00       		.byte	0
 513 00af 0E       		.uleb128 0xe
 514 00b0 21       		.uleb128 0x21
 515 00b1 00       		.byte	0
 516 00b2 49       		.uleb128 0x49
 517 00b3 13       		.uleb128 0x13
 518 00b4 2F       		.uleb128 0x2f
 519 00b5 0B       		.uleb128 0xb
 520 00b6 00       		.byte	0
 521 00b7 00       		.byte	0
 522 00b8 0F       		.uleb128 0xf
 523 00b9 2E       		.uleb128 0x2e
 524 00ba 01       		.byte	0x1
 525 00bb 3F       		.uleb128 0x3f
 526 00bc 19       		.uleb128 0x19
 527 00bd 03       		.uleb128 0x3
 528 00be 0E       		.uleb128 0xe
 529 00bf 3A       		.uleb128 0x3a
 530 00c0 0B       		.uleb128 0xb
 531 00c1 3B       		.uleb128 0x3b
 532 00c2 0B       		.uleb128 0xb
 533 00c3 27       		.uleb128 0x27
 534 00c4 19       		.uleb128 0x19
 535 00c5 3C       		.uleb128 0x3c
 536 00c6 19       		.uleb128 0x19
 537 00c7 01       		.uleb128 0x1
 538 00c8 13       		.uleb128 0x13
 539 00c9 00       		.byte	0
 540 00ca 00       		.byte	0
 541 00cb 10       		.uleb128 0x10
 542 00cc 05       		.uleb128 0x5
 543 00cd 00       		.byte	0
 544 00ce 49       		.uleb128 0x49
 545 00cf 13       		.uleb128 0x13
 546 00d0 00       		.byte	0
 547 00d1 00       		.byte	0
 548 00d2 11       		.uleb128 0x11
 549 00d3 2E       		.uleb128 0x2e
 550 00d4 01       		.byte	0x1
 551 00d5 3F       		.uleb128 0x3f
 552 00d6 19       		.uleb128 0x19
 553 00d7 03       		.uleb128 0x3
 554 00d8 0E       		.uleb128 0xe
 555 00d9 3A       		.uleb128 0x3a
 556 00da 0B       		.uleb128 0xb
 557 00db 3B       		.uleb128 0x3b
 558 00dc 0B       		.uleb128 0xb
 559 00dd 27       		.uleb128 0x27
 560 00de 19       		.uleb128 0x19
ARM GAS  C:\Users\glenn\AppData\Local\Temp\ccxt3zfc.s 			page 13


 561 00df 49       		.uleb128 0x49
 562 00e0 13       		.uleb128 0x13
 563 00e1 3C       		.uleb128 0x3c
 564 00e2 19       		.uleb128 0x19
 565 00e3 01       		.uleb128 0x1
 566 00e4 13       		.uleb128 0x13
 567 00e5 00       		.byte	0
 568 00e6 00       		.byte	0
 569 00e7 12       		.uleb128 0x12
 570 00e8 2E       		.uleb128 0x2e
 571 00e9 01       		.byte	0x1
 572 00ea 3F       		.uleb128 0x3f
 573 00eb 19       		.uleb128 0x19
 574 00ec 03       		.uleb128 0x3
 575 00ed 0E       		.uleb128 0xe
 576 00ee 3A       		.uleb128 0x3a
 577 00ef 0B       		.uleb128 0xb
 578 00f0 3B       		.uleb128 0x3b
 579 00f1 0B       		.uleb128 0xb
 580 00f2 27       		.uleb128 0x27
 581 00f3 19       		.uleb128 0x19
 582 00f4 3C       		.uleb128 0x3c
 583 00f5 19       		.uleb128 0x19
 584 00f6 00       		.byte	0
 585 00f7 00       		.byte	0
 586 00f8 00       		.byte	0
 587              		.section	.debug_aranges,"",%progbits
 588 0000 1C000000 		.4byte	0x1c
 589 0004 0200     		.2byte	0x2
 590 0006 00000000 		.4byte	.Ldebug_info0
 591 000a 04       		.byte	0x4
 592 000b 00       		.byte	0
 593 000c 0000     		.2byte	0
 594 000e 0000     		.2byte	0
 595 0010 00000000 		.4byte	.LFB35
 596 0014 9C000000 		.4byte	.LFE35-.LFB35
 597 0018 00000000 		.4byte	0
 598 001c 00000000 		.4byte	0
 599              		.section	.debug_ranges,"",%progbits
 600              	.Ldebug_ranges0:
 601 0000 00000000 		.4byte	.LFB35
 602 0004 9C000000 		.4byte	.LFE35
 603 0008 00000000 		.4byte	0
 604 000c 00000000 		.4byte	0
 605              		.section	.debug_line,"",%progbits
 606              	.Ldebug_line0:
 607 0000 B0000000 		.section	.debug_str,"MS",%progbits,1
 607      02007C00 
 607      00000201 
 607      FB0E0D00 
 607      01010101 
 608              	.LASF14:
 609 0000 72656733 		.ascii	"reg32\000"
 609      3200
 610              	.LASF22:
 611 0006 43617053 		.ascii	"CapSense_2_PreScan\000"
 611      656E7365 
ARM GAS  C:\Users\glenn\AppData\Local\Temp\ccxt3zfc.s 			page 14


 611      5F325F50 
 611      72655363 
 611      616E00
 612              	.LASF21:
 613 0019 43617053 		.ascii	"CapSense_2_PostScan\000"
 613      656E7365 
 613      5F325F50 
 613      6F737453 
 613      63616E00 
 614              	.LASF27:
 615 002d 43617053 		.ascii	"CapSense_2_snsIndexTmp\000"
 615      656E7365 
 615      5F325F73 
 615      6E73496E 
 615      64657854 
 616              	.LASF4:
 617 0044 6C6F6E67 		.ascii	"long int\000"
 617      20696E74 
 617      00
 618              	.LASF3:
 619 004d 73686F72 		.ascii	"short unsigned int\000"
 619      7420756E 
 619      7369676E 
 619      65642069 
 619      6E7400
 620              	.LASF18:
 621 0060 43617053 		.ascii	"CapSense_2_sensorEnableMaskBackup\000"
 621      656E7365 
 621      5F325F73 
 621      656E736F 
 621      72456E61 
 622              	.LASF28:
 623 0082 43617053 		.ascii	"CapSense_2_FindNextSensor\000"
 623      656E7365 
 623      5F325F46 
 623      696E644E 
 623      65787453 
 624              	.LASF16:
 625 009c 43617053 		.ascii	"CapSense_2_csdStatusVar\000"
 625      656E7365 
 625      5F325F63 
 625      73645374 
 625      61747573 
 626              	.LASF11:
 627 00b4 666C6F61 		.ascii	"float\000"
 627      7400
 628              	.LASF1:
 629 00ba 756E7369 		.ascii	"unsigned char\000"
 629      676E6564 
 629      20636861 
 629      7200
 630              	.LASF5:
 631 00c8 6C6F6E67 		.ascii	"long unsigned int\000"
 631      20756E73 
 631      69676E65 
 631      6420696E 
 631      7400
ARM GAS  C:\Users\glenn\AppData\Local\Temp\ccxt3zfc.s 			page 15


 632              	.LASF9:
 633 00da 75696E74 		.ascii	"uint8\000"
 633      3800
 634              	.LASF12:
 635 00e0 646F7562 		.ascii	"double\000"
 635      6C6500
 636              	.LASF29:
 637 00e7 4379496E 		.ascii	"CyIntEnable\000"
 637      74456E61 
 637      626C6500 
 638              	.LASF26:
 639 00f3 43617053 		.ascii	"CapSense_2_ISR\000"
 639      656E7365 
 639      5F325F49 
 639      535200
 640              	.LASF10:
 641 0102 75696E74 		.ascii	"uint32\000"
 641      333200
 642              	.LASF8:
 643 0109 756E7369 		.ascii	"unsigned int\000"
 643      676E6564 
 643      20696E74 
 643      00
 644              	.LASF7:
 645 0116 6C6F6E67 		.ascii	"long long unsigned int\000"
 645      206C6F6E 
 645      6720756E 
 645      7369676E 
 645      65642069 
 646              	.LASF24:
 647 012d 2E5C4765 		.ascii	".\\Generated_Source\\PSoC4\\CapSense_2_INT.c\000"
 647      6E657261 
 647      7465645F 
 647      536F7572 
 647      63655C50 
 648              	.LASF15:
 649 0157 73697A65 		.ascii	"sizetype\000"
 649      74797065 
 649      00
 650              	.LASF6:
 651 0160 6C6F6E67 		.ascii	"long long int\000"
 651      206C6F6E 
 651      6720696E 
 651      7400
 652              	.LASF13:
 653 016e 63686172 		.ascii	"char\000"
 653      00
 654              	.LASF23:
 655 0173 474E5520 		.ascii	"GNU C 4.9.3 20150303 (release) [ARM/embedded-4_9-br"
 655      4320342E 
 655      392E3320 
 655      32303135 
 655      30333033 
 656 01a6 616E6368 		.ascii	"anch revision 221220] -mcpu=cortex-m0 -mthumb -g -O"
 656      20726576 
 656      6973696F 
 656      6E203232 
ARM GAS  C:\Users\glenn\AppData\Local\Temp\ccxt3zfc.s 			page 16


 656      31323230 
 657 01d9 67202D66 		.ascii	"g -ffunction-sections -ffat-lto-objects\000"
 657      66756E63 
 657      74696F6E 
 657      2D736563 
 657      74696F6E 
 658              	.LASF20:
 659 0201 4379496E 		.ascii	"CyIntDisable\000"
 659      74446973 
 659      61626C65 
 659      00
 660              	.LASF2:
 661 020e 73686F72 		.ascii	"short int\000"
 661      7420696E 
 661      7400
 662              	.LASF17:
 663 0218 43617053 		.ascii	"CapSense_2_sensorIndex\000"
 663      656E7365 
 663      5F325F73 
 663      656E736F 
 663      72496E64 
 664              	.LASF25:
 665 022f 433A5C55 		.ascii	"C:\\Users\\glenn\\OneDrive\\PSOC\\moisture_sensor_4"
 665      73657273 
 665      5C676C65 
 665      6E6E5C4F 
 665      6E654472 
 666 025d 6D5C4D6F 		.ascii	"m\\Moisture_Sensor\\Moisture_Sensor.cydsn\000"
 666      69737475 
 666      72655F53 
 666      656E736F 
 666      725C4D6F 
 667              	.LASF0:
 668 0285 7369676E 		.ascii	"signed char\000"
 668      65642063 
 668      68617200 
 669              	.LASF19:
 670 0291 43617053 		.ascii	"CapSense_2_sensorEnableMask\000"
 670      656E7365 
 670      5F325F73 
 670      656E736F 
 670      72456E61 
 671              		.ident	"GCC: (GNU Tools for ARM Embedded Processors) 4.9.3 20150303 (release) [ARM/embedded-4_9-br
