ARM GAS  C:\Users\glenn\AppData\Local\Temp\ccTX7z9t.s 			page 1


   1              		.cpu cortex-m0
   2              		.fpu softvfp
   3              		.eabi_attribute 20, 1
   4              		.eabi_attribute 21, 1
   5              		.eabi_attribute 23, 3
   6              		.eabi_attribute 24, 1
   7              		.eabi_attribute 25, 1
   8              		.eabi_attribute 26, 1
   9              		.eabi_attribute 30, 6
  10              		.eabi_attribute 34, 0
  11              		.eabi_attribute 18, 4
  12              		.code	16
  13              		.file	"capsense_moisture.c"
  14              		.text
  15              	.Ltext0:
  16              		.cfi_sections	.debug_frame
  17              		.bss
  18              		.align	2
  19              	cap_array:
  20 0000 00000000 		.space	32
  20      00000000 
  20      00000000 
  20      00000000 
  20      00000000 
  21              		.section	.text.initialize_capacitance_measurements,"ax",%progbits
  22              		.align	2
  23              		.global	initialize_capacitance_measurements
  24              		.code	16
  25              		.thumb_func
  26              		.type	initialize_capacitance_measurements, %function
  27              	initialize_capacitance_measurements:
  28              	.LFB64:
  29              		.file 1 "capsense_sensor\\capsense_moisture.c"
   1:capsense_sensor/capsense_moisture.c **** /*
   2:capsense_sensor/capsense_moisture.c **** **
   3:capsense_sensor/capsense_moisture.c **** ** File:  capsense_moisture.c
   4:capsense_sensor/capsense_moisture.c **** **
   5:capsense_sensor/capsense_moisture.c **** **
   6:capsense_sensor/capsense_moisture.c **** **
   7:capsense_sensor/capsense_moisture.c **** */
   8:capsense_sensor/capsense_moisture.c **** 
   9:capsense_sensor/capsense_moisture.c **** 
  10:capsense_sensor/capsense_moisture.c **** #include <project.h>
  11:capsense_sensor/capsense_moisture.c **** #include "capsense_moisture.h"
  12:capsense_sensor/capsense_moisture.c **** #include "cf_external_functions.h"
  13:capsense_sensor/capsense_moisture.c **** #include "configuration_data.h"
  14:capsense_sensor/capsense_moisture.c **** #include "process_modbus_message.h"
  15:capsense_sensor/capsense_moisture.c **** 
  16:capsense_sensor/capsense_moisture.c **** 
  17:capsense_sensor/capsense_moisture.c **** static float cap_array[ CAPSENSE_SENSORS];
  18:capsense_sensor/capsense_moisture.c **** int initialize_capacitance_measurements(unsigned link_id, unsigned param_1,
  19:capsense_sensor/capsense_moisture.c ****   unsigned param_2, unsigned param_3, unsigned event, unsigned data)
  20:capsense_sensor/capsense_moisture.c **** {
  30              		.loc 1 20 0
  31              		.cfi_startproc
  32 0000 80B5     		push	{r7, lr}
  33              		.cfi_def_cfa_offset 8
ARM GAS  C:\Users\glenn\AppData\Local\Temp\ccTX7z9t.s 			page 2


  34              		.cfi_offset 7, -8
  35              		.cfi_offset 14, -4
  36 0002 84B0     		sub	sp, sp, #16
  37              		.cfi_def_cfa_offset 24
  38 0004 00AF     		add	r7, sp, #0
  39              		.cfi_def_cfa_register 7
  40 0006 F860     		str	r0, [r7, #12]
  41 0008 B960     		str	r1, [r7, #8]
  42 000a 7A60     		str	r2, [r7, #4]
  43 000c 3B60     		str	r3, [r7]
  21:capsense_sensor/capsense_moisture.c ****     
  22:capsense_sensor/capsense_moisture.c ****     
  23:capsense_sensor/capsense_moisture.c ****     
  24:capsense_sensor/capsense_moisture.c ****    CapSense_1_Start();
  44              		.loc 1 24 0
  45 000e FFF7FEFF 		bl	CapSense_1_Start
  25:capsense_sensor/capsense_moisture.c ****    
  26:capsense_sensor/capsense_moisture.c ****    
  27:capsense_sensor/capsense_moisture.c ****     return 0;
  46              		.loc 1 27 0
  47 0012 0023     		mov	r3, #0
  28:capsense_sensor/capsense_moisture.c **** }
  48              		.loc 1 28 0
  49 0014 181C     		mov	r0, r3
  50 0016 BD46     		mov	sp, r7
  51 0018 04B0     		add	sp, sp, #16
  52              		@ sp needed
  53 001a 80BD     		pop	{r7, pc}
  54              		.cfi_endproc
  55              	.LFE64:
  56              		.size	initialize_capacitance_measurements, .-initialize_capacitance_measurements
  57              		.global	__aeabi_ui2f
  58              		.section	.text.make_capacitance_measurements,"ax",%progbits
  59              		.align	2
  60              		.global	make_capacitance_measurements
  61              		.code	16
  62              		.thumb_func
  63              		.type	make_capacitance_measurements, %function
  64              	make_capacitance_measurements:
  65              	.LFB65:
  29:capsense_sensor/capsense_moisture.c ****     
  30:capsense_sensor/capsense_moisture.c **** 
  31:capsense_sensor/capsense_moisture.c **** 
  32:capsense_sensor/capsense_moisture.c **** int make_capacitance_measurements(unsigned link_id, unsigned param_1,
  33:capsense_sensor/capsense_moisture.c ****   unsigned param_2, unsigned param_3, unsigned event, unsigned data)
  34:capsense_sensor/capsense_moisture.c **** {
  66              		.loc 1 34 0
  67              		.cfi_startproc
  68 0000 80B5     		push	{r7, lr}
  69              		.cfi_def_cfa_offset 8
  70              		.cfi_offset 7, -8
  71              		.cfi_offset 14, -4
  72 0002 88B0     		sub	sp, sp, #32
  73              		.cfi_def_cfa_offset 40
  74 0004 00AF     		add	r7, sp, #0
  75              		.cfi_def_cfa_register 7
  76 0006 F860     		str	r0, [r7, #12]
ARM GAS  C:\Users\glenn\AppData\Local\Temp\ccTX7z9t.s 			page 3


  77 0008 B960     		str	r1, [r7, #8]
  78 000a 7A60     		str	r2, [r7, #4]
  79 000c 3B60     		str	r3, [r7]
  35:capsense_sensor/capsense_moisture.c ****     unsigned i;
  36:capsense_sensor/capsense_moisture.c ****     unsigned mask;
  37:capsense_sensor/capsense_moisture.c ****     CONFIGURATION_DATA *ptr; 
  38:capsense_sensor/capsense_moisture.c ****     float temp;
  39:capsense_sensor/capsense_moisture.c ****     
  40:capsense_sensor/capsense_moisture.c **** 
  41:capsense_sensor/capsense_moisture.c ****     mask = 1;
  80              		.loc 1 41 0
  81 000e 0123     		mov	r3, #1
  82 0010 BB61     		str	r3, [r7, #24]
  42:capsense_sensor/capsense_moisture.c ****     ptr = get_configuration_data();
  83              		.loc 1 42 0
  84 0012 FFF7FEFF 		bl	get_configuration_data
  85 0016 031C     		mov	r3, r0
  86 0018 7B61     		str	r3, [r7, #20]
  43:capsense_sensor/capsense_moisture.c ****     
  44:capsense_sensor/capsense_moisture.c ****   
  45:capsense_sensor/capsense_moisture.c ****     for( i = 0; i < CAPSENSE_SENSORS; i++ )
  87              		.loc 1 45 0
  88 001a 0023     		mov	r3, #0
  89 001c FB61     		str	r3, [r7, #28]
  90 001e 30E0     		b	.L4
  91              	.L8:
  46:capsense_sensor/capsense_moisture.c ****     {
  47:capsense_sensor/capsense_moisture.c ****         if( (ptr->capacitance_mask & mask) != 0 )
  92              		.loc 1 47 0
  93 0020 7B69     		ldr	r3, [r7, #20]
  94 0022 9B89     		ldrh	r3, [r3, #12]
  95 0024 1A1C     		mov	r2, r3
  96 0026 BB69     		ldr	r3, [r7, #24]
  97 0028 1340     		and	r3, r2
  98 002a 13D0     		beq	.L5
  48:capsense_sensor/capsense_moisture.c ****         {
  49:capsense_sensor/capsense_moisture.c ****            CapSense_1_ScanSensor(i);
  99              		.loc 1 49 0
 100 002c FB69     		ldr	r3, [r7, #28]
 101 002e 181C     		mov	r0, r3
 102 0030 FFF7FEFF 		bl	CapSense_1_ScanSensor
  50:capsense_sensor/capsense_moisture.c ****            while( CapSense_1_IsBusy() != 0 )
 103              		.loc 1 50 0
 104 0034 C046     		mov	r8, r8
 105              	.L6:
 106              		.loc 1 50 0 is_stmt 0 discriminator 1
 107 0036 FFF7FEFF 		bl	CapSense_1_IsBusy
 108 003a 031E     		sub	r3, r0, #0
 109 003c FBD1     		bne	.L6
  51:capsense_sensor/capsense_moisture.c ****            {
  52:capsense_sensor/capsense_moisture.c ****                 ;
  53:capsense_sensor/capsense_moisture.c ****            }
  54:capsense_sensor/capsense_moisture.c ****            temp = CapSense_1_ReadSensorRaw(i); 
 110              		.loc 1 54 0 is_stmt 1
 111 003e FB69     		ldr	r3, [r7, #28]
 112 0040 181C     		mov	r0, r3
 113 0042 FFF7FEFF 		bl	CapSense_1_ReadSensorRaw
ARM GAS  C:\Users\glenn\AppData\Local\Temp\ccTX7z9t.s 			page 4


 114 0046 031C     		mov	r3, r0
 115 0048 181C     		mov	r0, r3
 116 004a FFF7FEFF 		bl	__aeabi_ui2f
 117 004e 031C     		add	r3, r0, #0
 118 0050 3B61     		str	r3, [r7, #16]
 119 0052 01E0     		b	.L7
 120              	.L5:
  55:capsense_sensor/capsense_moisture.c ****           
  56:capsense_sensor/capsense_moisture.c ****         }
  57:capsense_sensor/capsense_moisture.c ****         else
  58:capsense_sensor/capsense_moisture.c ****         { 
  59:capsense_sensor/capsense_moisture.c ****             temp = 0;
 121              		.loc 1 59 0
 122 0054 0023     		mov	r3, #0
 123 0056 3B61     		str	r3, [r7, #16]
 124              	.L7:
  60:capsense_sensor/capsense_moisture.c ****         }
  61:capsense_sensor/capsense_moisture.c ****         cap_array[i] = temp;
 125              		.loc 1 61 0 discriminator 2
 126 0058 3969     		ldr	r1, [r7, #16]
 127 005a 0E4B     		ldr	r3, .L10
 128 005c FA69     		ldr	r2, [r7, #28]
 129 005e 9200     		lsl	r2, r2, #2
 130 0060 D150     		str	r1, [r2, r3]
  62:capsense_sensor/capsense_moisture.c ****         store_modbus_data_registers( CAPACITIVE_SENSOR_1_FLOAT + (2*i), 2, (uint16 *)&temp );
 131              		.loc 1 62 0 discriminator 2
 132 0062 FB69     		ldr	r3, [r7, #28]
 133 0064 2333     		add	r3, r3, #35
 134 0066 5A00     		lsl	r2, r3, #1
 135 0068 1023     		mov	r3, #16
 136 006a FB18     		add	r3, r7, r3
 137 006c 101C     		mov	r0, r2
 138 006e 0221     		mov	r1, #2
 139 0070 1A1C     		mov	r2, r3
 140 0072 FFF7FEFF 		bl	store_modbus_data_registers
  63:capsense_sensor/capsense_moisture.c ****         mask = mask << 1;
 141              		.loc 1 63 0 discriminator 2
 142 0076 BB69     		ldr	r3, [r7, #24]
 143 0078 5B00     		lsl	r3, r3, #1
 144 007a BB61     		str	r3, [r7, #24]
  45:capsense_sensor/capsense_moisture.c ****     {
 145              		.loc 1 45 0 discriminator 2
 146 007c FB69     		ldr	r3, [r7, #28]
 147 007e 0133     		add	r3, r3, #1
 148 0080 FB61     		str	r3, [r7, #28]
 149              	.L4:
  45:capsense_sensor/capsense_moisture.c ****     {
 150              		.loc 1 45 0 is_stmt 0 discriminator 1
 151 0082 FB69     		ldr	r3, [r7, #28]
 152 0084 072B     		cmp	r3, #7
 153 0086 CBD9     		bls	.L8
  64:capsense_sensor/capsense_moisture.c ****     }
  65:capsense_sensor/capsense_moisture.c ****     
  66:capsense_sensor/capsense_moisture.c ****     return 0;
 154              		.loc 1 66 0 is_stmt 1
 155 0088 0023     		mov	r3, #0
  67:capsense_sensor/capsense_moisture.c **** }
ARM GAS  C:\Users\glenn\AppData\Local\Temp\ccTX7z9t.s 			page 5


 156              		.loc 1 67 0
 157 008a 181C     		mov	r0, r3
 158 008c BD46     		mov	sp, r7
 159 008e 08B0     		add	sp, sp, #32
 160              		@ sp needed
 161 0090 80BD     		pop	{r7, pc}
 162              	.L11:
 163 0092 C046     		.align	2
 164              	.L10:
 165 0094 00000000 		.word	cap_array
 166              		.cfi_endproc
 167              	.LFE65:
 168              		.size	make_capacitance_measurements, .-make_capacitance_measurements
 169              		.text
 170              	.Letext0:
 171              		.file 2 "./configuration_data.h"
 172              		.file 3 "Generated_Source\\PSoC4/cytypes.h"
 173              		.file 4 ".\\rtu_modbus/process_modbus_message.h"
 174              		.section	.debug_info,"",%progbits
 175              	.Ldebug_info0:
 176 0000 44020000 		.4byte	0x244
 177 0004 0400     		.2byte	0x4
 178 0006 00000000 		.4byte	.Ldebug_abbrev0
 179 000a 04       		.byte	0x4
 180 000b 01       		.uleb128 0x1
 181 000c 24000000 		.4byte	.LASF31
 182 0010 01       		.byte	0x1
 183 0011 55020000 		.4byte	.LASF32
 184 0015 2F010000 		.4byte	.LASF33
 185 0019 00000000 		.4byte	.Ldebug_ranges0+0
 186 001d 00000000 		.4byte	0
 187 0021 00000000 		.4byte	.Ldebug_line0
 188 0025 02       		.uleb128 0x2
 189 0026 01       		.byte	0x1
 190 0027 06       		.byte	0x6
 191 0028 93020000 		.4byte	.LASF0
 192 002c 02       		.uleb128 0x2
 193 002d 01       		.byte	0x1
 194 002e 08       		.byte	0x8
 195 002f 21010000 		.4byte	.LASF1
 196 0033 02       		.uleb128 0x2
 197 0034 02       		.byte	0x2
 198 0035 05       		.byte	0x5
 199 0036 4B020000 		.4byte	.LASF2
 200 003a 02       		.uleb128 0x2
 201 003b 02       		.byte	0x2
 202 003c 07       		.byte	0x7
 203 003d D5000000 		.4byte	.LASF3
 204 0041 02       		.uleb128 0x2
 205 0042 04       		.byte	0x4
 206 0043 05       		.byte	0x5
 207 0044 79020000 		.4byte	.LASF4
 208 0048 02       		.uleb128 0x2
 209 0049 04       		.byte	0x4
 210 004a 07       		.byte	0x7
 211 004b D7010000 		.4byte	.LASF5
 212 004f 02       		.uleb128 0x2
ARM GAS  C:\Users\glenn\AppData\Local\Temp\ccTX7z9t.s 			page 6


 213 0050 08       		.byte	0x8
 214 0051 05       		.byte	0x5
 215 0052 38020000 		.4byte	.LASF6
 216 0056 02       		.uleb128 0x2
 217 0057 08       		.byte	0x8
 218 0058 07       		.byte	0x7
 219 0059 FC010000 		.4byte	.LASF7
 220 005d 03       		.uleb128 0x3
 221 005e 04       		.byte	0x4
 222 005f 05       		.byte	0x5
 223 0060 696E7400 		.ascii	"int\000"
 224 0064 02       		.uleb128 0x2
 225 0065 04       		.byte	0x4
 226 0066 07       		.byte	0x7
 227 0067 E8000000 		.4byte	.LASF8
 228 006b 04       		.uleb128 0x4
 229 006c CA010000 		.4byte	.LASF18
 230 0070 03       		.byte	0x3
 231 0071 9901     		.2byte	0x199
 232 0073 3A000000 		.4byte	0x3a
 233 0077 02       		.uleb128 0x2
 234 0078 04       		.byte	0x4
 235 0079 04       		.byte	0x4
 236 007a 16010000 		.4byte	.LASF9
 237 007e 02       		.uleb128 0x2
 238 007f 08       		.byte	0x8
 239 0080 04       		.byte	0x4
 240 0081 FF000000 		.4byte	.LASF10
 241 0085 02       		.uleb128 0x2
 242 0086 01       		.byte	0x1
 243 0087 08       		.byte	0x8
 244 0088 46020000 		.4byte	.LASF11
 245 008c 02       		.uleb128 0x2
 246 008d 04       		.byte	0x4
 247 008e 07       		.byte	0x7
 248 008f 2F020000 		.4byte	.LASF12
 249 0093 05       		.uleb128 0x5
 250 0094 20       		.byte	0x20
 251 0095 02       		.byte	0x2
 252 0096 19       		.byte	0x19
 253 0097 D8000000 		.4byte	0xd8
 254 009b 06       		.uleb128 0x6
 255 009c 13020000 		.4byte	.LASF13
 256 00a0 02       		.byte	0x2
 257 00a1 1B       		.byte	0x1b
 258 00a2 6B000000 		.4byte	0x6b
 259 00a6 00       		.byte	0
 260 00a7 06       		.uleb128 0x6
 261 00a8 B3010000 		.4byte	.LASF14
 262 00ac 02       		.byte	0x2
 263 00ad 1C       		.byte	0x1c
 264 00ae D8000000 		.4byte	0xd8
 265 00b2 02       		.byte	0x2
 266 00b3 06       		.uleb128 0x6
 267 00b4 82020000 		.4byte	.LASF15
 268 00b8 02       		.byte	0x2
 269 00b9 1D       		.byte	0x1d
ARM GAS  C:\Users\glenn\AppData\Local\Temp\ccTX7z9t.s 			page 7


 270 00ba 77000000 		.4byte	0x77
 271 00be 08       		.byte	0x8
 272 00bf 06       		.uleb128 0x6
 273 00c0 8A010000 		.4byte	.LASF16
 274 00c4 02       		.byte	0x2
 275 00c5 1E       		.byte	0x1e
 276 00c6 6B000000 		.4byte	0x6b
 277 00ca 0C       		.byte	0xc
 278 00cb 06       		.uleb128 0x6
 279 00cc 06010000 		.4byte	.LASF17
 280 00d0 02       		.byte	0x2
 281 00d1 1F       		.byte	0x1f
 282 00d2 E8000000 		.4byte	0xe8
 283 00d6 0E       		.byte	0xe
 284 00d7 00       		.byte	0
 285 00d8 07       		.uleb128 0x7
 286 00d9 6B000000 		.4byte	0x6b
 287 00dd E8000000 		.4byte	0xe8
 288 00e1 08       		.uleb128 0x8
 289 00e2 8C000000 		.4byte	0x8c
 290 00e6 01       		.byte	0x1
 291 00e7 00       		.byte	0
 292 00e8 07       		.uleb128 0x7
 293 00e9 6B000000 		.4byte	0x6b
 294 00ed F8000000 		.4byte	0xf8
 295 00f1 08       		.uleb128 0x8
 296 00f2 8C000000 		.4byte	0x8c
 297 00f6 07       		.byte	0x7
 298 00f7 00       		.byte	0
 299 00f8 09       		.uleb128 0x9
 300 00f9 E9010000 		.4byte	.LASF19
 301 00fd 02       		.byte	0x2
 302 00fe 21       		.byte	0x21
 303 00ff 93000000 		.4byte	0x93
 304 0103 0A       		.uleb128 0xa
 305 0104 00000000 		.4byte	.LASF26
 306 0108 01       		.byte	0x1
 307 0109 12       		.byte	0x12
 308 010a 5D000000 		.4byte	0x5d
 309 010e 00000000 		.4byte	.LFB64
 310 0112 1C000000 		.4byte	.LFE64-.LFB64
 311 0116 01       		.uleb128 0x1
 312 0117 9C       		.byte	0x9c
 313 0118 71010000 		.4byte	0x171
 314 011c 0B       		.uleb128 0xb
 315 011d C2010000 		.4byte	.LASF20
 316 0121 01       		.byte	0x1
 317 0122 12       		.byte	0x12
 318 0123 64000000 		.4byte	0x64
 319 0127 02       		.uleb128 0x2
 320 0128 91       		.byte	0x91
 321 0129 74       		.sleb128 -12
 322 012a 0B       		.uleb128 0xb
 323 012b 9B010000 		.4byte	.LASF21
 324 012f 01       		.byte	0x1
 325 0130 12       		.byte	0x12
 326 0131 64000000 		.4byte	0x64
ARM GAS  C:\Users\glenn\AppData\Local\Temp\ccTX7z9t.s 			page 8


 327 0135 02       		.uleb128 0x2
 328 0136 91       		.byte	0x91
 329 0137 70       		.sleb128 -16
 330 0138 0B       		.uleb128 0xb
 331 0139 A3010000 		.4byte	.LASF22
 332 013d 01       		.byte	0x1
 333 013e 13       		.byte	0x13
 334 013f 64000000 		.4byte	0x64
 335 0143 02       		.uleb128 0x2
 336 0144 91       		.byte	0x91
 337 0145 6C       		.sleb128 -20
 338 0146 0B       		.uleb128 0xb
 339 0147 AB010000 		.4byte	.LASF23
 340 014b 01       		.byte	0x1
 341 014c 13       		.byte	0x13
 342 014d 64000000 		.4byte	0x64
 343 0151 02       		.uleb128 0x2
 344 0152 91       		.byte	0x91
 345 0153 68       		.sleb128 -24
 346 0154 0B       		.uleb128 0xb
 347 0155 D1010000 		.4byte	.LASF24
 348 0159 01       		.byte	0x1
 349 015a 13       		.byte	0x13
 350 015b 64000000 		.4byte	0x64
 351 015f 02       		.uleb128 0x2
 352 0160 91       		.byte	0x91
 353 0161 00       		.sleb128 0
 354 0162 0B       		.uleb128 0xb
 355 0163 1C010000 		.4byte	.LASF25
 356 0167 01       		.byte	0x1
 357 0168 13       		.byte	0x13
 358 0169 64000000 		.4byte	0x64
 359 016d 02       		.uleb128 0x2
 360 016e 91       		.byte	0x91
 361 016f 04       		.sleb128 4
 362 0170 00       		.byte	0
 363 0171 0A       		.uleb128 0xa
 364 0172 B7000000 		.4byte	.LASF27
 365 0176 01       		.byte	0x1
 366 0177 20       		.byte	0x20
 367 0178 5D000000 		.4byte	0x5d
 368 017c 00000000 		.4byte	.LFB65
 369 0180 98000000 		.4byte	.LFE65-.LFB65
 370 0184 01       		.uleb128 0x1
 371 0185 9C       		.byte	0x9c
 372 0186 15020000 		.4byte	0x215
 373 018a 0B       		.uleb128 0xb
 374 018b C2010000 		.4byte	.LASF20
 375 018f 01       		.byte	0x1
 376 0190 20       		.byte	0x20
 377 0191 64000000 		.4byte	0x64
 378 0195 02       		.uleb128 0x2
 379 0196 91       		.byte	0x91
 380 0197 64       		.sleb128 -28
 381 0198 0B       		.uleb128 0xb
 382 0199 9B010000 		.4byte	.LASF21
 383 019d 01       		.byte	0x1
ARM GAS  C:\Users\glenn\AppData\Local\Temp\ccTX7z9t.s 			page 9


 384 019e 20       		.byte	0x20
 385 019f 64000000 		.4byte	0x64
 386 01a3 02       		.uleb128 0x2
 387 01a4 91       		.byte	0x91
 388 01a5 60       		.sleb128 -32
 389 01a6 0B       		.uleb128 0xb
 390 01a7 A3010000 		.4byte	.LASF22
 391 01ab 01       		.byte	0x1
 392 01ac 21       		.byte	0x21
 393 01ad 64000000 		.4byte	0x64
 394 01b1 02       		.uleb128 0x2
 395 01b2 91       		.byte	0x91
 396 01b3 5C       		.sleb128 -36
 397 01b4 0B       		.uleb128 0xb
 398 01b5 AB010000 		.4byte	.LASF23
 399 01b9 01       		.byte	0x1
 400 01ba 21       		.byte	0x21
 401 01bb 64000000 		.4byte	0x64
 402 01bf 02       		.uleb128 0x2
 403 01c0 91       		.byte	0x91
 404 01c1 58       		.sleb128 -40
 405 01c2 0B       		.uleb128 0xb
 406 01c3 D1010000 		.4byte	.LASF24
 407 01c7 01       		.byte	0x1
 408 01c8 21       		.byte	0x21
 409 01c9 64000000 		.4byte	0x64
 410 01cd 02       		.uleb128 0x2
 411 01ce 91       		.byte	0x91
 412 01cf 00       		.sleb128 0
 413 01d0 0B       		.uleb128 0xb
 414 01d1 1C010000 		.4byte	.LASF25
 415 01d5 01       		.byte	0x1
 416 01d6 21       		.byte	0x21
 417 01d7 64000000 		.4byte	0x64
 418 01db 02       		.uleb128 0x2
 419 01dc 91       		.byte	0x91
 420 01dd 04       		.sleb128 4
 421 01de 0C       		.uleb128 0xc
 422 01df 6900     		.ascii	"i\000"
 423 01e1 01       		.byte	0x1
 424 01e2 23       		.byte	0x23
 425 01e3 64000000 		.4byte	0x64
 426 01e7 02       		.uleb128 0x2
 427 01e8 91       		.byte	0x91
 428 01e9 74       		.sleb128 -12
 429 01ea 0D       		.uleb128 0xd
 430 01eb B2000000 		.4byte	.LASF28
 431 01ef 01       		.byte	0x1
 432 01f0 24       		.byte	0x24
 433 01f1 64000000 		.4byte	0x64
 434 01f5 02       		.uleb128 0x2
 435 01f6 91       		.byte	0x91
 436 01f7 70       		.sleb128 -16
 437 01f8 0C       		.uleb128 0xc
 438 01f9 70747200 		.ascii	"ptr\000"
 439 01fd 01       		.byte	0x1
 440 01fe 25       		.byte	0x25
ARM GAS  C:\Users\glenn\AppData\Local\Temp\ccTX7z9t.s 			page 10


 441 01ff 15020000 		.4byte	0x215
 442 0203 02       		.uleb128 0x2
 443 0204 91       		.byte	0x91
 444 0205 6C       		.sleb128 -20
 445 0206 0D       		.uleb128 0xd
 446 0207 85010000 		.4byte	.LASF29
 447 020b 01       		.byte	0x1
 448 020c 26       		.byte	0x26
 449 020d 77000000 		.4byte	0x77
 450 0211 02       		.uleb128 0x2
 451 0212 91       		.byte	0x91
 452 0213 68       		.sleb128 -24
 453 0214 00       		.byte	0
 454 0215 0E       		.uleb128 0xe
 455 0216 04       		.byte	0x4
 456 0217 F8000000 		.4byte	0xf8
 457 021b 07       		.uleb128 0x7
 458 021c 77000000 		.4byte	0x77
 459 0220 2B020000 		.4byte	0x22b
 460 0224 08       		.uleb128 0x8
 461 0225 8C000000 		.4byte	0x8c
 462 0229 07       		.byte	0x7
 463 022a 00       		.byte	0
 464 022b 0D       		.uleb128 0xd
 465 022c F5000000 		.4byte	.LASF30
 466 0230 01       		.byte	0x1
 467 0231 11       		.byte	0x11
 468 0232 1B020000 		.4byte	0x21b
 469 0236 05       		.uleb128 0x5
 470 0237 03       		.byte	0x3
 471 0238 00000000 		.4byte	cap_array
 472 023c 0F       		.uleb128 0xf
 473 023d 1B020000 		.4byte	.LASF34
 474 0241 04       		.byte	0x4
 475 0242 58       		.byte	0x58
 476 0243 D8000000 		.4byte	0xd8
 477 0247 00       		.byte	0
 478              		.section	.debug_abbrev,"",%progbits
 479              	.Ldebug_abbrev0:
 480 0000 01       		.uleb128 0x1
 481 0001 11       		.uleb128 0x11
 482 0002 01       		.byte	0x1
 483 0003 25       		.uleb128 0x25
 484 0004 0E       		.uleb128 0xe
 485 0005 13       		.uleb128 0x13
 486 0006 0B       		.uleb128 0xb
 487 0007 03       		.uleb128 0x3
 488 0008 0E       		.uleb128 0xe
 489 0009 1B       		.uleb128 0x1b
 490 000a 0E       		.uleb128 0xe
 491 000b 55       		.uleb128 0x55
 492 000c 17       		.uleb128 0x17
 493 000d 11       		.uleb128 0x11
 494 000e 01       		.uleb128 0x1
 495 000f 10       		.uleb128 0x10
 496 0010 17       		.uleb128 0x17
 497 0011 00       		.byte	0
ARM GAS  C:\Users\glenn\AppData\Local\Temp\ccTX7z9t.s 			page 11


 498 0012 00       		.byte	0
 499 0013 02       		.uleb128 0x2
 500 0014 24       		.uleb128 0x24
 501 0015 00       		.byte	0
 502 0016 0B       		.uleb128 0xb
 503 0017 0B       		.uleb128 0xb
 504 0018 3E       		.uleb128 0x3e
 505 0019 0B       		.uleb128 0xb
 506 001a 03       		.uleb128 0x3
 507 001b 0E       		.uleb128 0xe
 508 001c 00       		.byte	0
 509 001d 00       		.byte	0
 510 001e 03       		.uleb128 0x3
 511 001f 24       		.uleb128 0x24
 512 0020 00       		.byte	0
 513 0021 0B       		.uleb128 0xb
 514 0022 0B       		.uleb128 0xb
 515 0023 3E       		.uleb128 0x3e
 516 0024 0B       		.uleb128 0xb
 517 0025 03       		.uleb128 0x3
 518 0026 08       		.uleb128 0x8
 519 0027 00       		.byte	0
 520 0028 00       		.byte	0
 521 0029 04       		.uleb128 0x4
 522 002a 16       		.uleb128 0x16
 523 002b 00       		.byte	0
 524 002c 03       		.uleb128 0x3
 525 002d 0E       		.uleb128 0xe
 526 002e 3A       		.uleb128 0x3a
 527 002f 0B       		.uleb128 0xb
 528 0030 3B       		.uleb128 0x3b
 529 0031 05       		.uleb128 0x5
 530 0032 49       		.uleb128 0x49
 531 0033 13       		.uleb128 0x13
 532 0034 00       		.byte	0
 533 0035 00       		.byte	0
 534 0036 05       		.uleb128 0x5
 535 0037 13       		.uleb128 0x13
 536 0038 01       		.byte	0x1
 537 0039 0B       		.uleb128 0xb
 538 003a 0B       		.uleb128 0xb
 539 003b 3A       		.uleb128 0x3a
 540 003c 0B       		.uleb128 0xb
 541 003d 3B       		.uleb128 0x3b
 542 003e 0B       		.uleb128 0xb
 543 003f 01       		.uleb128 0x1
 544 0040 13       		.uleb128 0x13
 545 0041 00       		.byte	0
 546 0042 00       		.byte	0
 547 0043 06       		.uleb128 0x6
 548 0044 0D       		.uleb128 0xd
 549 0045 00       		.byte	0
 550 0046 03       		.uleb128 0x3
 551 0047 0E       		.uleb128 0xe
 552 0048 3A       		.uleb128 0x3a
 553 0049 0B       		.uleb128 0xb
 554 004a 3B       		.uleb128 0x3b
ARM GAS  C:\Users\glenn\AppData\Local\Temp\ccTX7z9t.s 			page 12


 555 004b 0B       		.uleb128 0xb
 556 004c 49       		.uleb128 0x49
 557 004d 13       		.uleb128 0x13
 558 004e 38       		.uleb128 0x38
 559 004f 0B       		.uleb128 0xb
 560 0050 00       		.byte	0
 561 0051 00       		.byte	0
 562 0052 07       		.uleb128 0x7
 563 0053 01       		.uleb128 0x1
 564 0054 01       		.byte	0x1
 565 0055 49       		.uleb128 0x49
 566 0056 13       		.uleb128 0x13
 567 0057 01       		.uleb128 0x1
 568 0058 13       		.uleb128 0x13
 569 0059 00       		.byte	0
 570 005a 00       		.byte	0
 571 005b 08       		.uleb128 0x8
 572 005c 21       		.uleb128 0x21
 573 005d 00       		.byte	0
 574 005e 49       		.uleb128 0x49
 575 005f 13       		.uleb128 0x13
 576 0060 2F       		.uleb128 0x2f
 577 0061 0B       		.uleb128 0xb
 578 0062 00       		.byte	0
 579 0063 00       		.byte	0
 580 0064 09       		.uleb128 0x9
 581 0065 16       		.uleb128 0x16
 582 0066 00       		.byte	0
 583 0067 03       		.uleb128 0x3
 584 0068 0E       		.uleb128 0xe
 585 0069 3A       		.uleb128 0x3a
 586 006a 0B       		.uleb128 0xb
 587 006b 3B       		.uleb128 0x3b
 588 006c 0B       		.uleb128 0xb
 589 006d 49       		.uleb128 0x49
 590 006e 13       		.uleb128 0x13
 591 006f 00       		.byte	0
 592 0070 00       		.byte	0
 593 0071 0A       		.uleb128 0xa
 594 0072 2E       		.uleb128 0x2e
 595 0073 01       		.byte	0x1
 596 0074 3F       		.uleb128 0x3f
 597 0075 19       		.uleb128 0x19
 598 0076 03       		.uleb128 0x3
 599 0077 0E       		.uleb128 0xe
 600 0078 3A       		.uleb128 0x3a
 601 0079 0B       		.uleb128 0xb
 602 007a 3B       		.uleb128 0x3b
 603 007b 0B       		.uleb128 0xb
 604 007c 27       		.uleb128 0x27
 605 007d 19       		.uleb128 0x19
 606 007e 49       		.uleb128 0x49
 607 007f 13       		.uleb128 0x13
 608 0080 11       		.uleb128 0x11
 609 0081 01       		.uleb128 0x1
 610 0082 12       		.uleb128 0x12
 611 0083 06       		.uleb128 0x6
ARM GAS  C:\Users\glenn\AppData\Local\Temp\ccTX7z9t.s 			page 13


 612 0084 40       		.uleb128 0x40
 613 0085 18       		.uleb128 0x18
 614 0086 9642     		.uleb128 0x2116
 615 0088 19       		.uleb128 0x19
 616 0089 01       		.uleb128 0x1
 617 008a 13       		.uleb128 0x13
 618 008b 00       		.byte	0
 619 008c 00       		.byte	0
 620 008d 0B       		.uleb128 0xb
 621 008e 05       		.uleb128 0x5
 622 008f 00       		.byte	0
 623 0090 03       		.uleb128 0x3
 624 0091 0E       		.uleb128 0xe
 625 0092 3A       		.uleb128 0x3a
 626 0093 0B       		.uleb128 0xb
 627 0094 3B       		.uleb128 0x3b
 628 0095 0B       		.uleb128 0xb
 629 0096 49       		.uleb128 0x49
 630 0097 13       		.uleb128 0x13
 631 0098 02       		.uleb128 0x2
 632 0099 18       		.uleb128 0x18
 633 009a 00       		.byte	0
 634 009b 00       		.byte	0
 635 009c 0C       		.uleb128 0xc
 636 009d 34       		.uleb128 0x34
 637 009e 00       		.byte	0
 638 009f 03       		.uleb128 0x3
 639 00a0 08       		.uleb128 0x8
 640 00a1 3A       		.uleb128 0x3a
 641 00a2 0B       		.uleb128 0xb
 642 00a3 3B       		.uleb128 0x3b
 643 00a4 0B       		.uleb128 0xb
 644 00a5 49       		.uleb128 0x49
 645 00a6 13       		.uleb128 0x13
 646 00a7 02       		.uleb128 0x2
 647 00a8 18       		.uleb128 0x18
 648 00a9 00       		.byte	0
 649 00aa 00       		.byte	0
 650 00ab 0D       		.uleb128 0xd
 651 00ac 34       		.uleb128 0x34
 652 00ad 00       		.byte	0
 653 00ae 03       		.uleb128 0x3
 654 00af 0E       		.uleb128 0xe
 655 00b0 3A       		.uleb128 0x3a
 656 00b1 0B       		.uleb128 0xb
 657 00b2 3B       		.uleb128 0x3b
 658 00b3 0B       		.uleb128 0xb
 659 00b4 49       		.uleb128 0x49
 660 00b5 13       		.uleb128 0x13
 661 00b6 02       		.uleb128 0x2
 662 00b7 18       		.uleb128 0x18
 663 00b8 00       		.byte	0
 664 00b9 00       		.byte	0
 665 00ba 0E       		.uleb128 0xe
 666 00bb 0F       		.uleb128 0xf
 667 00bc 00       		.byte	0
 668 00bd 0B       		.uleb128 0xb
ARM GAS  C:\Users\glenn\AppData\Local\Temp\ccTX7z9t.s 			page 14


 669 00be 0B       		.uleb128 0xb
 670 00bf 49       		.uleb128 0x49
 671 00c0 13       		.uleb128 0x13
 672 00c1 00       		.byte	0
 673 00c2 00       		.byte	0
 674 00c3 0F       		.uleb128 0xf
 675 00c4 34       		.uleb128 0x34
 676 00c5 00       		.byte	0
 677 00c6 03       		.uleb128 0x3
 678 00c7 0E       		.uleb128 0xe
 679 00c8 3A       		.uleb128 0x3a
 680 00c9 0B       		.uleb128 0xb
 681 00ca 3B       		.uleb128 0x3b
 682 00cb 0B       		.uleb128 0xb
 683 00cc 49       		.uleb128 0x49
 684 00cd 13       		.uleb128 0x13
 685 00ce 3F       		.uleb128 0x3f
 686 00cf 19       		.uleb128 0x19
 687 00d0 3C       		.uleb128 0x3c
 688 00d1 19       		.uleb128 0x19
 689 00d2 00       		.byte	0
 690 00d3 00       		.byte	0
 691 00d4 00       		.byte	0
 692              		.section	.debug_aranges,"",%progbits
 693 0000 24000000 		.4byte	0x24
 694 0004 0200     		.2byte	0x2
 695 0006 00000000 		.4byte	.Ldebug_info0
 696 000a 04       		.byte	0x4
 697 000b 00       		.byte	0
 698 000c 0000     		.2byte	0
 699 000e 0000     		.2byte	0
 700 0010 00000000 		.4byte	.LFB64
 701 0014 1C000000 		.4byte	.LFE64-.LFB64
 702 0018 00000000 		.4byte	.LFB65
 703 001c 98000000 		.4byte	.LFE65-.LFB65
 704 0020 00000000 		.4byte	0
 705 0024 00000000 		.4byte	0
 706              		.section	.debug_ranges,"",%progbits
 707              	.Ldebug_ranges0:
 708 0000 00000000 		.4byte	.LFB64
 709 0004 1C000000 		.4byte	.LFE64
 710 0008 00000000 		.4byte	.LFB65
 711 000c 98000000 		.4byte	.LFE65
 712 0010 00000000 		.4byte	0
 713 0014 00000000 		.4byte	0
 714              		.section	.debug_line,"",%progbits
 715              	.Ldebug_line0:
 716 0000 F8000000 		.section	.debug_str,"MS",%progbits,1
 716      0200A100 
 716      00000201 
 716      FB0E0D00 
 716      01010101 
 717              	.LASF26:
 718 0000 696E6974 		.ascii	"initialize_capacitance_measurements\000"
 718      69616C69 
 718      7A655F63 
 718      61706163 
ARM GAS  C:\Users\glenn\AppData\Local\Temp\ccTX7z9t.s 			page 15


 718      6974616E 
 719              	.LASF31:
 720 0024 474E5520 		.ascii	"GNU C 4.9.3 20150303 (release) [ARM/embedded-4_9-br"
 720      4320342E 
 720      392E3320 
 720      32303135 
 720      30333033 
 721 0057 616E6368 		.ascii	"anch revision 221220] -mcpu=cortex-m0 -mthumb -g -O"
 721      20726576 
 721      6973696F 
 721      6E203232 
 721      31323230 
 722 008a 30202D66 		.ascii	"0 -ffunction-sections -ffat-lto-objects\000"
 722      66756E63 
 722      74696F6E 
 722      2D736563 
 722      74696F6E 
 723              	.LASF28:
 724 00b2 6D61736B 		.ascii	"mask\000"
 724      00
 725              	.LASF27:
 726 00b7 6D616B65 		.ascii	"make_capacitance_measurements\000"
 726      5F636170 
 726      61636974 
 726      616E6365 
 726      5F6D6561 
 727              	.LASF3:
 728 00d5 73686F72 		.ascii	"short unsigned int\000"
 728      7420756E 
 728      7369676E 
 728      65642069 
 728      6E7400
 729              	.LASF8:
 730 00e8 756E7369 		.ascii	"unsigned int\000"
 730      676E6564 
 730      20696E74 
 730      00
 731              	.LASF30:
 732 00f5 6361705F 		.ascii	"cap_array\000"
 732      61727261 
 732      7900
 733              	.LASF10:
 734 00ff 646F7562 		.ascii	"double\000"
 734      6C6500
 735              	.LASF17:
 736 0106 72657369 		.ascii	"resistance_type\000"
 736      7374616E 
 736      63655F74 
 736      79706500 
 737              	.LASF9:
 738 0116 666C6F61 		.ascii	"float\000"
 738      7400
 739              	.LASF25:
 740 011c 64617461 		.ascii	"data\000"
 740      00
 741              	.LASF1:
 742 0121 756E7369 		.ascii	"unsigned char\000"
ARM GAS  C:\Users\glenn\AppData\Local\Temp\ccTX7z9t.s 			page 16


 742      676E6564 
 742      20636861 
 742      7200
 743              	.LASF33:
 744 012f 433A5C55 		.ascii	"C:\\Users\\glenn\\OneDrive\\PSOC\\moisture_sensor_4"
 744      73657273 
 744      5C676C65 
 744      6E6E5C4F 
 744      6E654472 
 745 015d 6D5C4D6F 		.ascii	"m\\Moisture_Sensor\\Moisture_Sensor.cydsn\000"
 745      69737475 
 745      72655F53 
 745      656E736F 
 745      725C4D6F 
 746              	.LASF29:
 747 0185 74656D70 		.ascii	"temp\000"
 747      00
 748              	.LASF16:
 749 018a 63617061 		.ascii	"capacitance_mask\000"
 749      63697461 
 749      6E63655F 
 749      6D61736B 
 749      00
 750              	.LASF21:
 751 019b 70617261 		.ascii	"param_1\000"
 751      6D5F3100 
 752              	.LASF22:
 753 01a3 70617261 		.ascii	"param_2\000"
 753      6D5F3200 
 754              	.LASF23:
 755 01ab 70617261 		.ascii	"param_3\000"
 755      6D5F3300 
 756              	.LASF14:
 757 01b3 6D6F6462 		.ascii	"modbus_address\000"
 757      75735F61 
 757      64647265 
 757      737300
 758              	.LASF20:
 759 01c2 6C696E6B 		.ascii	"link_id\000"
 759      5F696400 
 760              	.LASF18:
 761 01ca 75696E74 		.ascii	"uint16\000"
 761      313600
 762              	.LASF24:
 763 01d1 6576656E 		.ascii	"event\000"
 763      7400
 764              	.LASF5:
 765 01d7 6C6F6E67 		.ascii	"long unsigned int\000"
 765      20756E73 
 765      69676E65 
 765      6420696E 
 765      7400
 766              	.LASF19:
 767 01e9 434F4E46 		.ascii	"CONFIGURATION_DATA\000"
 767      49475552 
 767      4154494F 
 767      4E5F4441 
ARM GAS  C:\Users\glenn\AppData\Local\Temp\ccTX7z9t.s 			page 17


 767      544100
 768              	.LASF7:
 769 01fc 6C6F6E67 		.ascii	"long long unsigned int\000"
 769      206C6F6E 
 769      6720756E 
 769      7369676E 
 769      65642069 
 770              	.LASF13:
 771 0213 75696E74 		.ascii	"uint_id\000"
 771      5F696400 
 772              	.LASF34:
 773 021b 6D6F6462 		.ascii	"modbus_address_data\000"
 773      75735F61 
 773      64647265 
 773      73735F64 
 773      61746100 
 774              	.LASF12:
 775 022f 73697A65 		.ascii	"sizetype\000"
 775      74797065 
 775      00
 776              	.LASF6:
 777 0238 6C6F6E67 		.ascii	"long long int\000"
 777      206C6F6E 
 777      6720696E 
 777      7400
 778              	.LASF11:
 779 0246 63686172 		.ascii	"char\000"
 779      00
 780              	.LASF2:
 781 024b 73686F72 		.ascii	"short int\000"
 781      7420696E 
 781      7400
 782              	.LASF32:
 783 0255 63617073 		.ascii	"capsense_sensor\\capsense_moisture.c\000"
 783      656E7365 
 783      5F73656E 
 783      736F725C 
 783      63617073 
 784              	.LASF4:
 785 0279 6C6F6E67 		.ascii	"long int\000"
 785      20696E74 
 785      00
 786              	.LASF15:
 787 0282 72657369 		.ascii	"resistance_value\000"
 787      7374616E 
 787      63655F76 
 787      616C7565 
 787      00
 788              	.LASF0:
 789 0293 7369676E 		.ascii	"signed char\000"
 789      65642063 
 789      68617200 
 790              		.ident	"GCC: (GNU Tools for ARM Embedded Processors) 4.9.3 20150303 (release) [ARM/embedded-4_9-br
