ARM GAS  C:\Users\glenn\AppData\Local\Temp\ccBqVGLA.s 			page 1


   1              		.cpu cortex-m0
   2              		.fpu softvfp
   3              		.eabi_attribute 20, 1
   4              		.eabi_attribute 21, 1
   5              		.eabi_attribute 23, 3
   6              		.eabi_attribute 24, 1
   7              		.eabi_attribute 25, 1
   8              		.eabi_attribute 26, 1
   9              		.eabi_attribute 30, 2
  10              		.eabi_attribute 34, 0
  11              		.eabi_attribute 18, 4
  12              		.code	16
  13              		.file	"cf_dht22.c"
  14              		.text
  15              	.Ltext0:
  16              		.cfi_sections	.debug_frame
  17              		.section	.text.measure_air_temperature,"ax",%progbits
  18              		.align	2
  19              		.global	measure_air_temperature
  20              		.code	16
  21              		.thumb_func
  22              		.type	measure_air_temperature, %function
  23              	measure_air_temperature:
  24              	.LFB64:
  25              		.file 1 "humidity_sensor\\cf_dht22.c"
   1:humidity_sensor/cf_dht22.c **** /*
   2:humidity_sensor/cf_dht22.c **** **
   3:humidity_sensor/cf_dht22.c **** ** File: cf_dth22.c
   4:humidity_sensor/cf_dht22.c **** **
   5:humidity_sensor/cf_dht22.c **** **
   6:humidity_sensor/cf_dht22.c **** **
   7:humidity_sensor/cf_dht22.c **** */
   8:humidity_sensor/cf_dht22.c **** 
   9:humidity_sensor/cf_dht22.c **** 
  10:humidity_sensor/cf_dht22.c **** 
  11:humidity_sensor/cf_dht22.c **** #include <project.h>
  12:humidity_sensor/cf_dht22.c **** #include "process_modbus_message.h"
  13:humidity_sensor/cf_dht22.c **** #include "cf_external_functions.h"
  14:humidity_sensor/cf_dht22.c **** #include "dht22.h"
  15:humidity_sensor/cf_dht22.c **** 
  16:humidity_sensor/cf_dht22.c **** 
  17:humidity_sensor/cf_dht22.c **** #define NUMBER_OF_DHT22_DEVICES 1
  18:humidity_sensor/cf_dht22.c **** 
  19:humidity_sensor/cf_dht22.c **** const DHT22_SENSOR dht22_sensor[ NUMBER_OF_DHT22_DEVICES] = 
  20:humidity_sensor/cf_dht22.c **** {
  21:humidity_sensor/cf_dht22.c ****     { temp_humidity_pin_Read, temp_humidity_pin_Write },
  22:humidity_sensor/cf_dht22.c ****     
  23:humidity_sensor/cf_dht22.c **** };
  24:humidity_sensor/cf_dht22.c **** 
  25:humidity_sensor/cf_dht22.c **** int measure_air_temperature(unsigned link_id, unsigned param_1,
  26:humidity_sensor/cf_dht22.c ****   unsigned param_2, unsigned param_3, unsigned event, unsigned data)
  27:humidity_sensor/cf_dht22.c **** {
  26              		.loc 1 27 0
  27              		.cfi_startproc
  28              	.LVL0:
  29 0000 10B5     		push	{r4, lr}
  30              		.cfi_def_cfa_offset 8
ARM GAS  C:\Users\glenn\AppData\Local\Temp\ccBqVGLA.s 			page 2


  31              		.cfi_offset 4, -8
  32              		.cfi_offset 14, -4
  33 0002 86B0     		sub	sp, sp, #24
  34              		.cfi_def_cfa_offset 32
  28:humidity_sensor/cf_dht22.c ****     uint32 device_found;
  29:humidity_sensor/cf_dht22.c ****     uint32 step_number;
  30:humidity_sensor/cf_dht22.c ****     float temperature;
  31:humidity_sensor/cf_dht22.c ****     float humidity;
  32:humidity_sensor/cf_dht22.c ****     
  33:humidity_sensor/cf_dht22.c ****     if( param_1 >= NUMBER_OF_DHT22_DEVICES )
  34:humidity_sensor/cf_dht22.c ****     {
  35:humidity_sensor/cf_dht22.c ****         param_1 = NUMBER_OF_DHT22_DEVICES -1;
  36:humidity_sensor/cf_dht22.c ****     }
  37:humidity_sensor/cf_dht22.c ****    
  38:humidity_sensor/cf_dht22.c **** 
  39:humidity_sensor/cf_dht22.c ****     DHT22_get_data( &dht22_sensor[param_1], &device_found, &step_number, &temperature, &humidity );
  35              		.loc 1 39 0
  36 0004 05AC     		add	r4, sp, #20
  37 0006 04AB     		add	r3, sp, #16
  38              	.LVL1:
  39 0008 02A9     		add	r1, sp, #8
  40 000a 03AA     		add	r2, sp, #12
  41              	.LVL2:
  42 000c 0094     		str	r4, [sp]
  43 000e 0848     		ldr	r0, .L2
  44              	.LVL3:
  45 0010 FFF7FEFF 		bl	DHT22_get_data
  46              	.LVL4:
  40:humidity_sensor/cf_dht22.c ****     store_modbus_data_registers(AIR_HUMIDITY_FLOAT, 2, (uint16 *)&humidity);
  47              		.loc 1 40 0
  48 0014 221C     		mov	r2, r4
  49 0016 0221     		mov	r1, #2
  50 0018 0F20     		mov	r0, #15
  51 001a FFF7FEFF 		bl	store_modbus_data_registers
  52              	.LVL5:
  41:humidity_sensor/cf_dht22.c ****     store_modbus_data_registers( AIR_TEMP_FLOAT , 2, (uint16 *)&temperature);
  53              		.loc 1 41 0
  54 001e 0221     		mov	r1, #2
  55 0020 04AA     		add	r2, sp, #16
  56 0022 1120     		mov	r0, #17
  57 0024 FFF7FEFF 		bl	store_modbus_data_registers
  58              	.LVL6:
  42:humidity_sensor/cf_dht22.c ****     return CF_DISABLE;
  43:humidity_sensor/cf_dht22.c **** }
  59              		.loc 1 43 0
  60 0028 0220     		mov	r0, #2
  61 002a 06B0     		add	sp, sp, #24
  62              		@ sp needed
  63 002c 10BD     		pop	{r4, pc}
  64              	.L3:
  65 002e C046     		.align	2
  66              	.L2:
  67 0030 00000000 		.word	.LANCHOR0
  68              		.cfi_endproc
  69              	.LFE64:
  70              		.size	measure_air_temperature, .-measure_air_temperature
  71              		.global	dht22_sensor
ARM GAS  C:\Users\glenn\AppData\Local\Temp\ccBqVGLA.s 			page 3


  72              		.section	.rodata
  73              		.align	2
  74              		.set	.LANCHOR0,. + 0
  75              		.type	dht22_sensor, %object
  76              		.size	dht22_sensor, 8
  77              	dht22_sensor:
  78 0000 00000000 		.word	temp_humidity_pin_Read
  79 0004 00000000 		.word	temp_humidity_pin_Write
  80              		.text
  81              	.Letext0:
  82              		.file 2 "Generated_Source\\PSoC4/cytypes.h"
  83              		.file 3 "humidity_sensor\\dht22.h"
  84              		.file 4 ".\\rtu_modbus/process_modbus_message.h"
  85              		.section	.debug_info,"",%progbits
  86              	.Ldebug_info0:
  87 0000 BA020000 		.4byte	0x2ba
  88 0004 0400     		.2byte	0x4
  89 0006 00000000 		.4byte	.Ldebug_abbrev0
  90 000a 04       		.byte	0x4
  91 000b 01       		.uleb128 0x1
  92 000c 33000000 		.4byte	.LASF33
  93 0010 01       		.byte	0x1
  94 0011 D4000000 		.4byte	.LASF34
  95 0015 53020000 		.4byte	.LASF35
  96 0019 00000000 		.4byte	.Ldebug_ranges0+0
  97 001d 00000000 		.4byte	0
  98 0021 00000000 		.4byte	.Ldebug_line0
  99 0025 02       		.uleb128 0x2
 100 0026 01       		.byte	0x1
 101 0027 06       		.byte	0x6
 102 0028 A9020000 		.4byte	.LASF0
 103 002c 02       		.uleb128 0x2
 104 002d 01       		.byte	0x1
 105 002e 08       		.byte	0x8
 106 002f 21010000 		.4byte	.LASF1
 107 0033 02       		.uleb128 0x2
 108 0034 02       		.byte	0x2
 109 0035 05       		.byte	0x5
 110 0036 20020000 		.4byte	.LASF2
 111 003a 02       		.uleb128 0x2
 112 003b 02       		.byte	0x2
 113 003c 07       		.byte	0x7
 114 003d 0F000000 		.4byte	.LASF3
 115 0041 02       		.uleb128 0x2
 116 0042 04       		.byte	0x4
 117 0043 05       		.byte	0x5
 118 0044 41020000 		.4byte	.LASF4
 119 0048 02       		.uleb128 0x2
 120 0049 04       		.byte	0x4
 121 004a 07       		.byte	0x7
 122 004b EF000000 		.4byte	.LASF5
 123 004f 02       		.uleb128 0x2
 124 0050 08       		.byte	0x8
 125 0051 05       		.byte	0x5
 126 0052 EC010000 		.4byte	.LASF6
 127 0056 02       		.uleb128 0x2
 128 0057 08       		.byte	0x8
ARM GAS  C:\Users\glenn\AppData\Local\Temp\ccBqVGLA.s 			page 4


 129 0058 07       		.byte	0x7
 130 0059 7C010000 		.4byte	.LASF7
 131 005d 03       		.uleb128 0x3
 132 005e 04       		.byte	0x4
 133 005f 05       		.byte	0x5
 134 0060 696E7400 		.ascii	"int\000"
 135 0064 02       		.uleb128 0x2
 136 0065 04       		.byte	0x4
 137 0066 07       		.byte	0x7
 138 0067 62010000 		.4byte	.LASF8
 139 006b 04       		.uleb128 0x4
 140 006c 0E010000 		.4byte	.LASF9
 141 0070 02       		.byte	0x2
 142 0071 9801     		.2byte	0x198
 143 0073 2C000000 		.4byte	0x2c
 144 0077 04       		.uleb128 0x4
 145 0078 4E010000 		.4byte	.LASF10
 146 007c 02       		.byte	0x2
 147 007d 9901     		.2byte	0x199
 148 007f 3A000000 		.4byte	0x3a
 149 0083 04       		.uleb128 0x4
 150 0084 55010000 		.4byte	.LASF11
 151 0088 02       		.byte	0x2
 152 0089 9A01     		.2byte	0x19a
 153 008b 48000000 		.4byte	0x48
 154 008f 02       		.uleb128 0x2
 155 0090 04       		.byte	0x4
 156 0091 04       		.byte	0x4
 157 0092 09000000 		.4byte	.LASF12
 158 0096 02       		.uleb128 0x2
 159 0097 08       		.byte	0x8
 160 0098 04       		.byte	0x4
 161 0099 37010000 		.4byte	.LASF13
 162 009d 02       		.uleb128 0x2
 163 009e 01       		.byte	0x1
 164 009f 08       		.byte	0x8
 165 00a0 03020000 		.4byte	.LASF14
 166 00a4 02       		.uleb128 0x2
 167 00a5 04       		.byte	0x4
 168 00a6 07       		.byte	0x7
 169 00a7 D9010000 		.4byte	.LASF15
 170 00ab 05       		.uleb128 0x5
 171 00ac 4A020000 		.4byte	.LASF16
 172 00b0 03       		.byte	0x3
 173 00b1 11       		.byte	0x11
 174 00b2 B6000000 		.4byte	0xb6
 175 00b6 06       		.uleb128 0x6
 176 00b7 04       		.byte	0x4
 177 00b8 BC000000 		.4byte	0xbc
 178 00bc 07       		.uleb128 0x7
 179 00bd 6B000000 		.4byte	0x6b
 180 00c1 05       		.uleb128 0x5
 181 00c2 E2010000 		.4byte	.LASF17
 182 00c6 03       		.byte	0x3
 183 00c7 12       		.byte	0x12
 184 00c8 CC000000 		.4byte	0xcc
 185 00cc 06       		.uleb128 0x6
ARM GAS  C:\Users\glenn\AppData\Local\Temp\ccBqVGLA.s 			page 5


 186 00cd 04       		.byte	0x4
 187 00ce D2000000 		.4byte	0xd2
 188 00d2 08       		.uleb128 0x8
 189 00d3 DD000000 		.4byte	0xdd
 190 00d7 09       		.uleb128 0x9
 191 00d8 6B000000 		.4byte	0x6b
 192 00dc 00       		.byte	0
 193 00dd 0A       		.uleb128 0xa
 194 00de 08       		.byte	0x8
 195 00df 03       		.byte	0x3
 196 00e0 14       		.byte	0x14
 197 00e1 FE000000 		.4byte	0xfe
 198 00e5 0B       		.uleb128 0xb
 199 00e6 FA010000 		.4byte	.LASF18
 200 00ea 03       		.byte	0x3
 201 00eb 16       		.byte	0x16
 202 00ec AB000000 		.4byte	0xab
 203 00f0 00       		.byte	0
 204 00f1 0B       		.uleb128 0xb
 205 00f2 93010000 		.4byte	.LASF19
 206 00f6 03       		.byte	0x3
 207 00f7 17       		.byte	0x17
 208 00f8 C1000000 		.4byte	0xc1
 209 00fc 04       		.byte	0x4
 210 00fd 00       		.byte	0
 211 00fe 05       		.uleb128 0x5
 212 00ff 6F010000 		.4byte	.LASF20
 213 0103 03       		.byte	0x3
 214 0104 18       		.byte	0x18
 215 0105 09010000 		.4byte	0x109
 216 0109 0C       		.uleb128 0xc
 217 010a DD000000 		.4byte	0xdd
 218 010e 0D       		.uleb128 0xd
 219 010f 08020000 		.4byte	.LASF36
 220 0113 01       		.byte	0x1
 221 0114 19       		.byte	0x19
 222 0115 5D000000 		.4byte	0x5d
 223 0119 00000000 		.4byte	.LFB64
 224 011d 34000000 		.4byte	.LFE64-.LFB64
 225 0121 01       		.uleb128 0x1
 226 0122 9C       		.byte	0x9c
 227 0123 20020000 		.4byte	0x220
 228 0127 0E       		.uleb128 0xe
 229 0128 46010000 		.4byte	.LASF21
 230 012c 01       		.byte	0x1
 231 012d 19       		.byte	0x19
 232 012e 64000000 		.4byte	0x64
 233 0132 00000000 		.4byte	.LLST0
 234 0136 0E       		.uleb128 0xe
 235 0137 2F010000 		.4byte	.LASF22
 236 013b 01       		.byte	0x1
 237 013c 19       		.byte	0x19
 238 013d 64000000 		.4byte	0x64
 239 0141 21000000 		.4byte	.LLST1
 240 0145 0E       		.uleb128 0xe
 241 0146 39020000 		.4byte	.LASF23
 242 014a 01       		.byte	0x1
ARM GAS  C:\Users\glenn\AppData\Local\Temp\ccBqVGLA.s 			page 6


 243 014b 1A       		.byte	0x1a
 244 014c 64000000 		.4byte	0x64
 245 0150 40000000 		.4byte	.LLST2
 246 0154 0E       		.uleb128 0xe
 247 0155 3E010000 		.4byte	.LASF24
 248 0159 01       		.byte	0x1
 249 015a 1A       		.byte	0x1a
 250 015b 64000000 		.4byte	0x64
 251 015f 61000000 		.4byte	.LLST3
 252 0163 0F       		.uleb128 0xf
 253 0164 5C010000 		.4byte	.LASF25
 254 0168 01       		.byte	0x1
 255 0169 1A       		.byte	0x1a
 256 016a 64000000 		.4byte	0x64
 257 016e 02       		.uleb128 0x2
 258 016f 91       		.byte	0x91
 259 0170 00       		.sleb128 0
 260 0171 0F       		.uleb128 0xf
 261 0172 2E000000 		.4byte	.LASF26
 262 0176 01       		.byte	0x1
 263 0177 1A       		.byte	0x1a
 264 0178 64000000 		.4byte	0x64
 265 017c 02       		.uleb128 0x2
 266 017d 91       		.byte	0x91
 267 017e 04       		.sleb128 4
 268 017f 10       		.uleb128 0x10
 269 0180 14010000 		.4byte	.LASF27
 270 0184 01       		.byte	0x1
 271 0185 1C       		.byte	0x1c
 272 0186 83000000 		.4byte	0x83
 273 018a 02       		.uleb128 0x2
 274 018b 91       		.byte	0x91
 275 018c 68       		.sleb128 -24
 276 018d 10       		.uleb128 0x10
 277 018e 9D010000 		.4byte	.LASF28
 278 0192 01       		.byte	0x1
 279 0193 1D       		.byte	0x1d
 280 0194 83000000 		.4byte	0x83
 281 0198 02       		.uleb128 0x2
 282 0199 91       		.byte	0x91
 283 019a 6C       		.sleb128 -20
 284 019b 10       		.uleb128 0x10
 285 019c 22000000 		.4byte	.LASF29
 286 01a0 01       		.byte	0x1
 287 01a1 1E       		.byte	0x1e
 288 01a2 8F000000 		.4byte	0x8f
 289 01a6 02       		.uleb128 0x2
 290 01a7 91       		.byte	0x91
 291 01a8 70       		.sleb128 -16
 292 01a9 10       		.uleb128 0x10
 293 01aa 00000000 		.4byte	.LASF30
 294 01ae 01       		.byte	0x1
 295 01af 1F       		.byte	0x1f
 296 01b0 8F000000 		.4byte	0x8f
 297 01b4 02       		.uleb128 0x2
 298 01b5 91       		.byte	0x91
 299 01b6 74       		.sleb128 -12
ARM GAS  C:\Users\glenn\AppData\Local\Temp\ccBqVGLA.s 			page 7


 300 01b7 11       		.uleb128 0x11
 301 01b8 14000000 		.4byte	.LVL4
 302 01bc 61020000 		.4byte	0x261
 303 01c0 E7010000 		.4byte	0x1e7
 304 01c4 12       		.uleb128 0x12
 305 01c5 01       		.uleb128 0x1
 306 01c6 53       		.byte	0x53
 307 01c7 02       		.uleb128 0x2
 308 01c8 91       		.byte	0x91
 309 01c9 70       		.sleb128 -16
 310 01ca 12       		.uleb128 0x12
 311 01cb 01       		.uleb128 0x1
 312 01cc 52       		.byte	0x52
 313 01cd 02       		.uleb128 0x2
 314 01ce 91       		.byte	0x91
 315 01cf 6C       		.sleb128 -20
 316 01d0 12       		.uleb128 0x12
 317 01d1 01       		.uleb128 0x1
 318 01d2 51       		.byte	0x51
 319 01d3 02       		.uleb128 0x2
 320 01d4 91       		.byte	0x91
 321 01d5 68       		.sleb128 -24
 322 01d6 12       		.uleb128 0x12
 323 01d7 01       		.uleb128 0x1
 324 01d8 50       		.byte	0x50
 325 01d9 05       		.uleb128 0x5
 326 01da 03       		.byte	0x3
 327 01db 00000000 		.4byte	.LANCHOR0
 328 01df 12       		.uleb128 0x12
 329 01e0 02       		.uleb128 0x2
 330 01e1 7D       		.byte	0x7d
 331 01e2 00       		.sleb128 0
 332 01e3 02       		.uleb128 0x2
 333 01e4 74       		.byte	0x74
 334 01e5 00       		.sleb128 0
 335 01e6 00       		.byte	0
 336 01e7 11       		.uleb128 0x11
 337 01e8 1E000000 		.4byte	.LVL5
 338 01ec 98020000 		.4byte	0x298
 339 01f0 05020000 		.4byte	0x205
 340 01f4 12       		.uleb128 0x12
 341 01f5 01       		.uleb128 0x1
 342 01f6 52       		.byte	0x52
 343 01f7 02       		.uleb128 0x2
 344 01f8 74       		.byte	0x74
 345 01f9 00       		.sleb128 0
 346 01fa 12       		.uleb128 0x12
 347 01fb 01       		.uleb128 0x1
 348 01fc 51       		.byte	0x51
 349 01fd 01       		.uleb128 0x1
 350 01fe 32       		.byte	0x32
 351 01ff 12       		.uleb128 0x12
 352 0200 01       		.uleb128 0x1
 353 0201 50       		.byte	0x50
 354 0202 01       		.uleb128 0x1
 355 0203 3F       		.byte	0x3f
 356 0204 00       		.byte	0
ARM GAS  C:\Users\glenn\AppData\Local\Temp\ccBqVGLA.s 			page 8


 357 0205 13       		.uleb128 0x13
 358 0206 28000000 		.4byte	.LVL6
 359 020a 98020000 		.4byte	0x298
 360 020e 12       		.uleb128 0x12
 361 020f 01       		.uleb128 0x1
 362 0210 52       		.byte	0x52
 363 0211 02       		.uleb128 0x2
 364 0212 91       		.byte	0x91
 365 0213 70       		.sleb128 -16
 366 0214 12       		.uleb128 0x12
 367 0215 01       		.uleb128 0x1
 368 0216 51       		.byte	0x51
 369 0217 01       		.uleb128 0x1
 370 0218 32       		.byte	0x32
 371 0219 12       		.uleb128 0x12
 372 021a 01       		.uleb128 0x1
 373 021b 50       		.byte	0x50
 374 021c 01       		.uleb128 0x1
 375 021d 41       		.byte	0x41
 376 021e 00       		.byte	0
 377 021f 00       		.byte	0
 378 0220 14       		.uleb128 0x14
 379 0221 77000000 		.4byte	0x77
 380 0225 30020000 		.4byte	0x230
 381 0229 15       		.uleb128 0x15
 382 022a A4000000 		.4byte	0xa4
 383 022e 01       		.byte	0x1
 384 022f 00       		.byte	0
 385 0230 16       		.uleb128 0x16
 386 0231 C5010000 		.4byte	.LASF31
 387 0235 04       		.byte	0x4
 388 0236 70       		.byte	0x70
 389 0237 20020000 		.4byte	0x220
 390 023b 14       		.uleb128 0x14
 391 023c FE000000 		.4byte	0xfe
 392 0240 4B020000 		.4byte	0x24b
 393 0244 15       		.uleb128 0x15
 394 0245 A4000000 		.4byte	0xa4
 395 0249 00       		.byte	0
 396 024a 00       		.byte	0
 397 024b 17       		.uleb128 0x17
 398 024c 01010000 		.4byte	.LASF32
 399 0250 01       		.byte	0x1
 400 0251 13       		.byte	0x13
 401 0252 5C020000 		.4byte	0x25c
 402 0256 05       		.uleb128 0x5
 403 0257 03       		.byte	0x3
 404 0258 00000000 		.4byte	dht22_sensor
 405 025c 0C       		.uleb128 0xc
 406 025d 3B020000 		.4byte	0x23b
 407 0261 18       		.uleb128 0x18
 408 0262 2A020000 		.4byte	.LASF37
 409 0266 03       		.byte	0x3
 410 0267 1A       		.byte	0x1a
 411 0268 86020000 		.4byte	0x286
 412 026c 09       		.uleb128 0x9
 413 026d 86020000 		.4byte	0x286
ARM GAS  C:\Users\glenn\AppData\Local\Temp\ccBqVGLA.s 			page 9


 414 0271 09       		.uleb128 0x9
 415 0272 8C020000 		.4byte	0x28c
 416 0276 09       		.uleb128 0x9
 417 0277 8C020000 		.4byte	0x28c
 418 027b 09       		.uleb128 0x9
 419 027c 92020000 		.4byte	0x292
 420 0280 09       		.uleb128 0x9
 421 0281 92020000 		.4byte	0x292
 422 0285 00       		.byte	0
 423 0286 06       		.uleb128 0x6
 424 0287 04       		.byte	0x4
 425 0288 FE000000 		.4byte	0xfe
 426 028c 06       		.uleb128 0x6
 427 028d 04       		.byte	0x4
 428 028e 83000000 		.4byte	0x83
 429 0292 06       		.uleb128 0x6
 430 0293 04       		.byte	0x4
 431 0294 8F000000 		.4byte	0x8f
 432 0298 19       		.uleb128 0x19
 433 0299 A9010000 		.4byte	.LASF38
 434 029d 04       		.byte	0x4
 435 029e 82       		.byte	0x82
 436 029f 5D000000 		.4byte	0x5d
 437 02a3 B7020000 		.4byte	0x2b7
 438 02a7 09       		.uleb128 0x9
 439 02a8 64000000 		.4byte	0x64
 440 02ac 09       		.uleb128 0x9
 441 02ad 64000000 		.4byte	0x64
 442 02b1 09       		.uleb128 0x9
 443 02b2 B7020000 		.4byte	0x2b7
 444 02b6 00       		.byte	0
 445 02b7 06       		.uleb128 0x6
 446 02b8 04       		.byte	0x4
 447 02b9 77000000 		.4byte	0x77
 448 02bd 00       		.byte	0
 449              		.section	.debug_abbrev,"",%progbits
 450              	.Ldebug_abbrev0:
 451 0000 01       		.uleb128 0x1
 452 0001 11       		.uleb128 0x11
 453 0002 01       		.byte	0x1
 454 0003 25       		.uleb128 0x25
 455 0004 0E       		.uleb128 0xe
 456 0005 13       		.uleb128 0x13
 457 0006 0B       		.uleb128 0xb
 458 0007 03       		.uleb128 0x3
 459 0008 0E       		.uleb128 0xe
 460 0009 1B       		.uleb128 0x1b
 461 000a 0E       		.uleb128 0xe
 462 000b 55       		.uleb128 0x55
 463 000c 17       		.uleb128 0x17
 464 000d 11       		.uleb128 0x11
 465 000e 01       		.uleb128 0x1
 466 000f 10       		.uleb128 0x10
 467 0010 17       		.uleb128 0x17
 468 0011 00       		.byte	0
 469 0012 00       		.byte	0
 470 0013 02       		.uleb128 0x2
ARM GAS  C:\Users\glenn\AppData\Local\Temp\ccBqVGLA.s 			page 10


 471 0014 24       		.uleb128 0x24
 472 0015 00       		.byte	0
 473 0016 0B       		.uleb128 0xb
 474 0017 0B       		.uleb128 0xb
 475 0018 3E       		.uleb128 0x3e
 476 0019 0B       		.uleb128 0xb
 477 001a 03       		.uleb128 0x3
 478 001b 0E       		.uleb128 0xe
 479 001c 00       		.byte	0
 480 001d 00       		.byte	0
 481 001e 03       		.uleb128 0x3
 482 001f 24       		.uleb128 0x24
 483 0020 00       		.byte	0
 484 0021 0B       		.uleb128 0xb
 485 0022 0B       		.uleb128 0xb
 486 0023 3E       		.uleb128 0x3e
 487 0024 0B       		.uleb128 0xb
 488 0025 03       		.uleb128 0x3
 489 0026 08       		.uleb128 0x8
 490 0027 00       		.byte	0
 491 0028 00       		.byte	0
 492 0029 04       		.uleb128 0x4
 493 002a 16       		.uleb128 0x16
 494 002b 00       		.byte	0
 495 002c 03       		.uleb128 0x3
 496 002d 0E       		.uleb128 0xe
 497 002e 3A       		.uleb128 0x3a
 498 002f 0B       		.uleb128 0xb
 499 0030 3B       		.uleb128 0x3b
 500 0031 05       		.uleb128 0x5
 501 0032 49       		.uleb128 0x49
 502 0033 13       		.uleb128 0x13
 503 0034 00       		.byte	0
 504 0035 00       		.byte	0
 505 0036 05       		.uleb128 0x5
 506 0037 16       		.uleb128 0x16
 507 0038 00       		.byte	0
 508 0039 03       		.uleb128 0x3
 509 003a 0E       		.uleb128 0xe
 510 003b 3A       		.uleb128 0x3a
 511 003c 0B       		.uleb128 0xb
 512 003d 3B       		.uleb128 0x3b
 513 003e 0B       		.uleb128 0xb
 514 003f 49       		.uleb128 0x49
 515 0040 13       		.uleb128 0x13
 516 0041 00       		.byte	0
 517 0042 00       		.byte	0
 518 0043 06       		.uleb128 0x6
 519 0044 0F       		.uleb128 0xf
 520 0045 00       		.byte	0
 521 0046 0B       		.uleb128 0xb
 522 0047 0B       		.uleb128 0xb
 523 0048 49       		.uleb128 0x49
 524 0049 13       		.uleb128 0x13
 525 004a 00       		.byte	0
 526 004b 00       		.byte	0
 527 004c 07       		.uleb128 0x7
ARM GAS  C:\Users\glenn\AppData\Local\Temp\ccBqVGLA.s 			page 11


 528 004d 15       		.uleb128 0x15
 529 004e 00       		.byte	0
 530 004f 27       		.uleb128 0x27
 531 0050 19       		.uleb128 0x19
 532 0051 49       		.uleb128 0x49
 533 0052 13       		.uleb128 0x13
 534 0053 00       		.byte	0
 535 0054 00       		.byte	0
 536 0055 08       		.uleb128 0x8
 537 0056 15       		.uleb128 0x15
 538 0057 01       		.byte	0x1
 539 0058 27       		.uleb128 0x27
 540 0059 19       		.uleb128 0x19
 541 005a 01       		.uleb128 0x1
 542 005b 13       		.uleb128 0x13
 543 005c 00       		.byte	0
 544 005d 00       		.byte	0
 545 005e 09       		.uleb128 0x9
 546 005f 05       		.uleb128 0x5
 547 0060 00       		.byte	0
 548 0061 49       		.uleb128 0x49
 549 0062 13       		.uleb128 0x13
 550 0063 00       		.byte	0
 551 0064 00       		.byte	0
 552 0065 0A       		.uleb128 0xa
 553 0066 13       		.uleb128 0x13
 554 0067 01       		.byte	0x1
 555 0068 0B       		.uleb128 0xb
 556 0069 0B       		.uleb128 0xb
 557 006a 3A       		.uleb128 0x3a
 558 006b 0B       		.uleb128 0xb
 559 006c 3B       		.uleb128 0x3b
 560 006d 0B       		.uleb128 0xb
 561 006e 01       		.uleb128 0x1
 562 006f 13       		.uleb128 0x13
 563 0070 00       		.byte	0
 564 0071 00       		.byte	0
 565 0072 0B       		.uleb128 0xb
 566 0073 0D       		.uleb128 0xd
 567 0074 00       		.byte	0
 568 0075 03       		.uleb128 0x3
 569 0076 0E       		.uleb128 0xe
 570 0077 3A       		.uleb128 0x3a
 571 0078 0B       		.uleb128 0xb
 572 0079 3B       		.uleb128 0x3b
 573 007a 0B       		.uleb128 0xb
 574 007b 49       		.uleb128 0x49
 575 007c 13       		.uleb128 0x13
 576 007d 38       		.uleb128 0x38
 577 007e 0B       		.uleb128 0xb
 578 007f 00       		.byte	0
 579 0080 00       		.byte	0
 580 0081 0C       		.uleb128 0xc
 581 0082 26       		.uleb128 0x26
 582 0083 00       		.byte	0
 583 0084 49       		.uleb128 0x49
 584 0085 13       		.uleb128 0x13
ARM GAS  C:\Users\glenn\AppData\Local\Temp\ccBqVGLA.s 			page 12


 585 0086 00       		.byte	0
 586 0087 00       		.byte	0
 587 0088 0D       		.uleb128 0xd
 588 0089 2E       		.uleb128 0x2e
 589 008a 01       		.byte	0x1
 590 008b 3F       		.uleb128 0x3f
 591 008c 19       		.uleb128 0x19
 592 008d 03       		.uleb128 0x3
 593 008e 0E       		.uleb128 0xe
 594 008f 3A       		.uleb128 0x3a
 595 0090 0B       		.uleb128 0xb
 596 0091 3B       		.uleb128 0x3b
 597 0092 0B       		.uleb128 0xb
 598 0093 27       		.uleb128 0x27
 599 0094 19       		.uleb128 0x19
 600 0095 49       		.uleb128 0x49
 601 0096 13       		.uleb128 0x13
 602 0097 11       		.uleb128 0x11
 603 0098 01       		.uleb128 0x1
 604 0099 12       		.uleb128 0x12
 605 009a 06       		.uleb128 0x6
 606 009b 40       		.uleb128 0x40
 607 009c 18       		.uleb128 0x18
 608 009d 9742     		.uleb128 0x2117
 609 009f 19       		.uleb128 0x19
 610 00a0 01       		.uleb128 0x1
 611 00a1 13       		.uleb128 0x13
 612 00a2 00       		.byte	0
 613 00a3 00       		.byte	0
 614 00a4 0E       		.uleb128 0xe
 615 00a5 05       		.uleb128 0x5
 616 00a6 00       		.byte	0
 617 00a7 03       		.uleb128 0x3
 618 00a8 0E       		.uleb128 0xe
 619 00a9 3A       		.uleb128 0x3a
 620 00aa 0B       		.uleb128 0xb
 621 00ab 3B       		.uleb128 0x3b
 622 00ac 0B       		.uleb128 0xb
 623 00ad 49       		.uleb128 0x49
 624 00ae 13       		.uleb128 0x13
 625 00af 02       		.uleb128 0x2
 626 00b0 17       		.uleb128 0x17
 627 00b1 00       		.byte	0
 628 00b2 00       		.byte	0
 629 00b3 0F       		.uleb128 0xf
 630 00b4 05       		.uleb128 0x5
 631 00b5 00       		.byte	0
 632 00b6 03       		.uleb128 0x3
 633 00b7 0E       		.uleb128 0xe
 634 00b8 3A       		.uleb128 0x3a
 635 00b9 0B       		.uleb128 0xb
 636 00ba 3B       		.uleb128 0x3b
 637 00bb 0B       		.uleb128 0xb
 638 00bc 49       		.uleb128 0x49
 639 00bd 13       		.uleb128 0x13
 640 00be 02       		.uleb128 0x2
 641 00bf 18       		.uleb128 0x18
ARM GAS  C:\Users\glenn\AppData\Local\Temp\ccBqVGLA.s 			page 13


 642 00c0 00       		.byte	0
 643 00c1 00       		.byte	0
 644 00c2 10       		.uleb128 0x10
 645 00c3 34       		.uleb128 0x34
 646 00c4 00       		.byte	0
 647 00c5 03       		.uleb128 0x3
 648 00c6 0E       		.uleb128 0xe
 649 00c7 3A       		.uleb128 0x3a
 650 00c8 0B       		.uleb128 0xb
 651 00c9 3B       		.uleb128 0x3b
 652 00ca 0B       		.uleb128 0xb
 653 00cb 49       		.uleb128 0x49
 654 00cc 13       		.uleb128 0x13
 655 00cd 02       		.uleb128 0x2
 656 00ce 18       		.uleb128 0x18
 657 00cf 00       		.byte	0
 658 00d0 00       		.byte	0
 659 00d1 11       		.uleb128 0x11
 660 00d2 898201   		.uleb128 0x4109
 661 00d5 01       		.byte	0x1
 662 00d6 11       		.uleb128 0x11
 663 00d7 01       		.uleb128 0x1
 664 00d8 31       		.uleb128 0x31
 665 00d9 13       		.uleb128 0x13
 666 00da 01       		.uleb128 0x1
 667 00db 13       		.uleb128 0x13
 668 00dc 00       		.byte	0
 669 00dd 00       		.byte	0
 670 00de 12       		.uleb128 0x12
 671 00df 8A8201   		.uleb128 0x410a
 672 00e2 00       		.byte	0
 673 00e3 02       		.uleb128 0x2
 674 00e4 18       		.uleb128 0x18
 675 00e5 9142     		.uleb128 0x2111
 676 00e7 18       		.uleb128 0x18
 677 00e8 00       		.byte	0
 678 00e9 00       		.byte	0
 679 00ea 13       		.uleb128 0x13
 680 00eb 898201   		.uleb128 0x4109
 681 00ee 01       		.byte	0x1
 682 00ef 11       		.uleb128 0x11
 683 00f0 01       		.uleb128 0x1
 684 00f1 31       		.uleb128 0x31
 685 00f2 13       		.uleb128 0x13
 686 00f3 00       		.byte	0
 687 00f4 00       		.byte	0
 688 00f5 14       		.uleb128 0x14
 689 00f6 01       		.uleb128 0x1
 690 00f7 01       		.byte	0x1
 691 00f8 49       		.uleb128 0x49
 692 00f9 13       		.uleb128 0x13
 693 00fa 01       		.uleb128 0x1
 694 00fb 13       		.uleb128 0x13
 695 00fc 00       		.byte	0
 696 00fd 00       		.byte	0
 697 00fe 15       		.uleb128 0x15
 698 00ff 21       		.uleb128 0x21
ARM GAS  C:\Users\glenn\AppData\Local\Temp\ccBqVGLA.s 			page 14


 699 0100 00       		.byte	0
 700 0101 49       		.uleb128 0x49
 701 0102 13       		.uleb128 0x13
 702 0103 2F       		.uleb128 0x2f
 703 0104 0B       		.uleb128 0xb
 704 0105 00       		.byte	0
 705 0106 00       		.byte	0
 706 0107 16       		.uleb128 0x16
 707 0108 34       		.uleb128 0x34
 708 0109 00       		.byte	0
 709 010a 03       		.uleb128 0x3
 710 010b 0E       		.uleb128 0xe
 711 010c 3A       		.uleb128 0x3a
 712 010d 0B       		.uleb128 0xb
 713 010e 3B       		.uleb128 0x3b
 714 010f 0B       		.uleb128 0xb
 715 0110 49       		.uleb128 0x49
 716 0111 13       		.uleb128 0x13
 717 0112 3F       		.uleb128 0x3f
 718 0113 19       		.uleb128 0x19
 719 0114 3C       		.uleb128 0x3c
 720 0115 19       		.uleb128 0x19
 721 0116 00       		.byte	0
 722 0117 00       		.byte	0
 723 0118 17       		.uleb128 0x17
 724 0119 34       		.uleb128 0x34
 725 011a 00       		.byte	0
 726 011b 03       		.uleb128 0x3
 727 011c 0E       		.uleb128 0xe
 728 011d 3A       		.uleb128 0x3a
 729 011e 0B       		.uleb128 0xb
 730 011f 3B       		.uleb128 0x3b
 731 0120 0B       		.uleb128 0xb
 732 0121 49       		.uleb128 0x49
 733 0122 13       		.uleb128 0x13
 734 0123 3F       		.uleb128 0x3f
 735 0124 19       		.uleb128 0x19
 736 0125 02       		.uleb128 0x2
 737 0126 18       		.uleb128 0x18
 738 0127 00       		.byte	0
 739 0128 00       		.byte	0
 740 0129 18       		.uleb128 0x18
 741 012a 2E       		.uleb128 0x2e
 742 012b 01       		.byte	0x1
 743 012c 3F       		.uleb128 0x3f
 744 012d 19       		.uleb128 0x19
 745 012e 03       		.uleb128 0x3
 746 012f 0E       		.uleb128 0xe
 747 0130 3A       		.uleb128 0x3a
 748 0131 0B       		.uleb128 0xb
 749 0132 3B       		.uleb128 0x3b
 750 0133 0B       		.uleb128 0xb
 751 0134 27       		.uleb128 0x27
 752 0135 19       		.uleb128 0x19
 753 0136 3C       		.uleb128 0x3c
 754 0137 19       		.uleb128 0x19
 755 0138 01       		.uleb128 0x1
ARM GAS  C:\Users\glenn\AppData\Local\Temp\ccBqVGLA.s 			page 15


 756 0139 13       		.uleb128 0x13
 757 013a 00       		.byte	0
 758 013b 00       		.byte	0
 759 013c 19       		.uleb128 0x19
 760 013d 2E       		.uleb128 0x2e
 761 013e 01       		.byte	0x1
 762 013f 3F       		.uleb128 0x3f
 763 0140 19       		.uleb128 0x19
 764 0141 03       		.uleb128 0x3
 765 0142 0E       		.uleb128 0xe
 766 0143 3A       		.uleb128 0x3a
 767 0144 0B       		.uleb128 0xb
 768 0145 3B       		.uleb128 0x3b
 769 0146 0B       		.uleb128 0xb
 770 0147 27       		.uleb128 0x27
 771 0148 19       		.uleb128 0x19
 772 0149 49       		.uleb128 0x49
 773 014a 13       		.uleb128 0x13
 774 014b 3C       		.uleb128 0x3c
 775 014c 19       		.uleb128 0x19
 776 014d 01       		.uleb128 0x1
 777 014e 13       		.uleb128 0x13
 778 014f 00       		.byte	0
 779 0150 00       		.byte	0
 780 0151 00       		.byte	0
 781              		.section	.debug_loc,"",%progbits
 782              	.Ldebug_loc0:
 783              	.LLST0:
 784 0000 00000000 		.4byte	.LVL0
 785 0004 10000000 		.4byte	.LVL3
 786 0008 0100     		.2byte	0x1
 787 000a 50       		.byte	0x50
 788 000b 10000000 		.4byte	.LVL3
 789 000f 34000000 		.4byte	.LFE64
 790 0013 0400     		.2byte	0x4
 791 0015 F3       		.byte	0xf3
 792 0016 01       		.uleb128 0x1
 793 0017 50       		.byte	0x50
 794 0018 9F       		.byte	0x9f
 795 0019 00000000 		.4byte	0
 796 001d 00000000 		.4byte	0
 797              	.LLST1:
 798 0021 00000000 		.4byte	.LVL0
 799 0025 00000000 		.4byte	.LVL0
 800 0029 0100     		.2byte	0x1
 801 002b 51       		.byte	0x51
 802 002c 00000000 		.4byte	.LVL0
 803 0030 34000000 		.4byte	.LFE64
 804 0034 0200     		.2byte	0x2
 805 0036 30       		.byte	0x30
 806 0037 9F       		.byte	0x9f
 807 0038 00000000 		.4byte	0
 808 003c 00000000 		.4byte	0
 809              	.LLST2:
 810 0040 00000000 		.4byte	.LVL0
 811 0044 0C000000 		.4byte	.LVL2
 812 0048 0100     		.2byte	0x1
ARM GAS  C:\Users\glenn\AppData\Local\Temp\ccBqVGLA.s 			page 16


 813 004a 52       		.byte	0x52
 814 004b 0C000000 		.4byte	.LVL2
 815 004f 34000000 		.4byte	.LFE64
 816 0053 0400     		.2byte	0x4
 817 0055 F3       		.byte	0xf3
 818 0056 01       		.uleb128 0x1
 819 0057 52       		.byte	0x52
 820 0058 9F       		.byte	0x9f
 821 0059 00000000 		.4byte	0
 822 005d 00000000 		.4byte	0
 823              	.LLST3:
 824 0061 00000000 		.4byte	.LVL0
 825 0065 08000000 		.4byte	.LVL1
 826 0069 0100     		.2byte	0x1
 827 006b 53       		.byte	0x53
 828 006c 08000000 		.4byte	.LVL1
 829 0070 34000000 		.4byte	.LFE64
 830 0074 0400     		.2byte	0x4
 831 0076 F3       		.byte	0xf3
 832 0077 01       		.uleb128 0x1
 833 0078 53       		.byte	0x53
 834 0079 9F       		.byte	0x9f
 835 007a 00000000 		.4byte	0
 836 007e 00000000 		.4byte	0
 837              		.section	.debug_aranges,"",%progbits
 838 0000 1C000000 		.4byte	0x1c
 839 0004 0200     		.2byte	0x2
 840 0006 00000000 		.4byte	.Ldebug_info0
 841 000a 04       		.byte	0x4
 842 000b 00       		.byte	0
 843 000c 0000     		.2byte	0
 844 000e 0000     		.2byte	0
 845 0010 00000000 		.4byte	.LFB64
 846 0014 34000000 		.4byte	.LFE64-.LFB64
 847 0018 00000000 		.4byte	0
 848 001c 00000000 		.4byte	0
 849              		.section	.debug_ranges,"",%progbits
 850              	.Ldebug_ranges0:
 851 0000 00000000 		.4byte	.LFB64
 852 0004 34000000 		.4byte	.LFE64
 853 0008 00000000 		.4byte	0
 854 000c 00000000 		.4byte	0
 855              		.section	.debug_line,"",%progbits
 856              	.Ldebug_line0:
 857 0000 A4000000 		.section	.debug_str,"MS",%progbits,1
 857      02008900 
 857      00000201 
 857      FB0E0D00 
 857      01010101 
 858              	.LASF30:
 859 0000 68756D69 		.ascii	"humidity\000"
 859      64697479 
 859      00
 860              	.LASF12:
 861 0009 666C6F61 		.ascii	"float\000"
 861      7400
 862              	.LASF3:
ARM GAS  C:\Users\glenn\AppData\Local\Temp\ccBqVGLA.s 			page 17


 863 000f 73686F72 		.ascii	"short unsigned int\000"
 863      7420756E 
 863      7369676E 
 863      65642069 
 863      6E7400
 864              	.LASF29:
 865 0022 74656D70 		.ascii	"temperature\000"
 865      65726174 
 865      75726500 
 866              	.LASF26:
 867 002e 64617461 		.ascii	"data\000"
 867      00
 868              	.LASF33:
 869 0033 474E5520 		.ascii	"GNU C 4.9.3 20150303 (release) [ARM/embedded-4_9-br"
 869      4320342E 
 869      392E3320 
 869      32303135 
 869      30333033 
 870 0066 616E6368 		.ascii	"anch revision 221220] -mcpu=cortex-m0 -mthumb -g -O"
 870      20726576 
 870      6973696F 
 870      6E203232 
 870      31323230 
 871 0099 32202D66 		.ascii	"2 -ffunction-sections -finline-functions -ffat-lto-"
 871      66756E63 
 871      74696F6E 
 871      2D736563 
 871      74696F6E 
 872 00cc 6F626A65 		.ascii	"objects\000"
 872      63747300 
 873              	.LASF34:
 874 00d4 68756D69 		.ascii	"humidity_sensor\\cf_dht22.c\000"
 874      64697479 
 874      5F73656E 
 874      736F725C 
 874      63665F64 
 875              	.LASF5:
 876 00ef 6C6F6E67 		.ascii	"long unsigned int\000"
 876      20756E73 
 876      69676E65 
 876      6420696E 
 876      7400
 877              	.LASF32:
 878 0101 64687432 		.ascii	"dht22_sensor\000"
 878      325F7365 
 878      6E736F72 
 878      00
 879              	.LASF9:
 880 010e 75696E74 		.ascii	"uint8\000"
 880      3800
 881              	.LASF27:
 882 0114 64657669 		.ascii	"device_found\000"
 882      63655F66 
 882      6F756E64 
 882      00
 883              	.LASF1:
 884 0121 756E7369 		.ascii	"unsigned char\000"
ARM GAS  C:\Users\glenn\AppData\Local\Temp\ccBqVGLA.s 			page 18


 884      676E6564 
 884      20636861 
 884      7200
 885              	.LASF22:
 886 012f 70617261 		.ascii	"param_1\000"
 886      6D5F3100 
 887              	.LASF13:
 888 0137 646F7562 		.ascii	"double\000"
 888      6C6500
 889              	.LASF24:
 890 013e 70617261 		.ascii	"param_3\000"
 890      6D5F3300 
 891              	.LASF21:
 892 0146 6C696E6B 		.ascii	"link_id\000"
 892      5F696400 
 893              	.LASF10:
 894 014e 75696E74 		.ascii	"uint16\000"
 894      313600
 895              	.LASF11:
 896 0155 75696E74 		.ascii	"uint32\000"
 896      333200
 897              	.LASF25:
 898 015c 6576656E 		.ascii	"event\000"
 898      7400
 899              	.LASF8:
 900 0162 756E7369 		.ascii	"unsigned int\000"
 900      676E6564 
 900      20696E74 
 900      00
 901              	.LASF20:
 902 016f 44485432 		.ascii	"DHT22_SENSOR\000"
 902      325F5345 
 902      4E534F52 
 902      00
 903              	.LASF7:
 904 017c 6C6F6E67 		.ascii	"long long unsigned int\000"
 904      206C6F6E 
 904      6720756E 
 904      7369676E 
 904      65642069 
 905              	.LASF19:
 906 0193 70696E5F 		.ascii	"pin_write\000"
 906      77726974 
 906      6500
 907              	.LASF28:
 908 019d 73746570 		.ascii	"step_number\000"
 908      5F6E756D 
 908      62657200 
 909              	.LASF38:
 910 01a9 73746F72 		.ascii	"store_modbus_data_registers\000"
 910      655F6D6F 
 910      64627573 
 910      5F646174 
 910      615F7265 
 911              	.LASF31:
 912 01c5 6D6F6462 		.ascii	"modbus_address_data\000"
 912      75735F61 
ARM GAS  C:\Users\glenn\AppData\Local\Temp\ccBqVGLA.s 			page 19


 912      64647265 
 912      73735F64 
 912      61746100 
 913              	.LASF15:
 914 01d9 73697A65 		.ascii	"sizetype\000"
 914      74797065 
 914      00
 915              	.LASF17:
 916 01e2 50494E5F 		.ascii	"PIN_WRITE\000"
 916      57524954 
 916      4500
 917              	.LASF6:
 918 01ec 6C6F6E67 		.ascii	"long long int\000"
 918      206C6F6E 
 918      6720696E 
 918      7400
 919              	.LASF18:
 920 01fa 70696E5F 		.ascii	"pin_read\000"
 920      72656164 
 920      00
 921              	.LASF14:
 922 0203 63686172 		.ascii	"char\000"
 922      00
 923              	.LASF36:
 924 0208 6D656173 		.ascii	"measure_air_temperature\000"
 924      7572655F 
 924      6169725F 
 924      74656D70 
 924      65726174 
 925              	.LASF2:
 926 0220 73686F72 		.ascii	"short int\000"
 926      7420696E 
 926      7400
 927              	.LASF37:
 928 022a 44485432 		.ascii	"DHT22_get_data\000"
 928      325F6765 
 928      745F6461 
 928      746100
 929              	.LASF23:
 930 0239 70617261 		.ascii	"param_2\000"
 930      6D5F3200 
 931              	.LASF4:
 932 0241 6C6F6E67 		.ascii	"long int\000"
 932      20696E74 
 932      00
 933              	.LASF16:
 934 024a 50494E5F 		.ascii	"PIN_READ\000"
 934      52454144 
 934      00
 935              	.LASF35:
 936 0253 433A5C55 		.ascii	"C:\\Users\\glenn\\OneDrive\\PSOC\\moisture_sensor_4"
 936      73657273 
 936      5C676C65 
 936      6E6E5C4F 
 936      6E654472 
 937 0281 6D5C4D6F 		.ascii	"m\\Moisture_Sensor\\Moisture_Sensor.cydsn\000"
 937      69737475 
ARM GAS  C:\Users\glenn\AppData\Local\Temp\ccBqVGLA.s 			page 20


 937      72655F53 
 937      656E736F 
 937      725C4D6F 
 938              	.LASF0:
 939 02a9 7369676E 		.ascii	"signed char\000"
 939      65642063 
 939      68617200 
 940              		.ident	"GCC: (GNU Tools for ARM Embedded Processors) 4.9.3 20150303 (release) [ARM/embedded-4_9-br
