ARM GAS  C:\Users\glenn\AppData\Local\Temp\ccVoJZCR.s 			page 1


   1              		.cpu cortex-m0
   2              		.fpu softvfp
   3              		.eabi_attribute 20, 1
   4              		.eabi_attribute 21, 1
   5              		.eabi_attribute 23, 3
   6              		.eabi_attribute 24, 1
   7              		.eabi_attribute 25, 1
   8              		.eabi_attribute 26, 1
   9              		.eabi_attribute 30, 2
  10              		.eabi_attribute 34, 0
  11              		.eabi_attribute 18, 4
  12              		.code	16
  13              		.file	"cf_status_bit.c"
  14              		.text
  15              	.Ltext0:
  16              		.cfi_sections	.debug_frame
  17              		.section	.text.cf_initialize_status_manager,"ax",%progbits
  18              		.align	2
  19              		.global	cf_initialize_status_manager
  20              		.code	16
  21              		.thumb_func
  22              		.type	cf_initialize_status_manager, %function
  23              	cf_initialize_status_manager:
  24              	.LFB62:
  25              		.file 1 "chain_flow\\cf_status_bit.c"
   1:chain_flow/cf_status_bit.c **** /*
   2:chain_flow/cf_status_bit.c **** **
   3:chain_flow/cf_status_bit.c **** ** File cf_status_bit.c
   4:chain_flow/cf_status_bit.c **** **
   5:chain_flow/cf_status_bit.c **** **
   6:chain_flow/cf_status_bit.c **** **
   7:chain_flow/cf_status_bit.c **** */
   8:chain_flow/cf_status_bit.c **** #include <project.h>
   9:chain_flow/cf_status_bit.c **** #include "cf_status_bit.h"
  10:chain_flow/cf_status_bit.c **** 
  11:chain_flow/cf_status_bit.c **** 
  12:chain_flow/cf_status_bit.c **** static uint32 cf_status_register;
  13:chain_flow/cf_status_bit.c **** 
  14:chain_flow/cf_status_bit.c **** 
  15:chain_flow/cf_status_bit.c **** 
  16:chain_flow/cf_status_bit.c **** void cf_initialize_status_manager( void )
  17:chain_flow/cf_status_bit.c **** {
  26              		.loc 1 17 0
  27              		.cfi_startproc
  18:chain_flow/cf_status_bit.c ****    cf_status_register = 0;
  28              		.loc 1 18 0
  29 0000 0022     		mov	r2, #0
  30 0002 014B     		ldr	r3, .L2
  19:chain_flow/cf_status_bit.c **** }
  31              		.loc 1 19 0
  32              		@ sp needed
  18:chain_flow/cf_status_bit.c ****    cf_status_register = 0;
  33              		.loc 1 18 0
  34 0004 1A60     		str	r2, [r3]
  35              		.loc 1 19 0
  36 0006 7047     		bx	lr
  37              	.L3:
ARM GAS  C:\Users\glenn\AppData\Local\Temp\ccVoJZCR.s 			page 2


  38              		.align	2
  39              	.L2:
  40 0008 00000000 		.word	.LANCHOR0
  41              		.cfi_endproc
  42              	.LFE62:
  43              		.size	cf_initialize_status_manager, .-cf_initialize_status_manager
  44              		.section	.text.cf_status_clear_bit,"ax",%progbits
  45              		.align	2
  46              		.global	cf_status_clear_bit
  47              		.code	16
  48              		.thumb_func
  49              		.type	cf_status_clear_bit, %function
  50              	cf_status_clear_bit:
  51              	.LFB63:
  20:chain_flow/cf_status_bit.c **** 
  21:chain_flow/cf_status_bit.c **** void  cf_status_clear_bit( uint32 status_bit)
  22:chain_flow/cf_status_bit.c **** {
  52              		.loc 1 22 0
  53              		.cfi_startproc
  54              	.LVL0:
  55 0000 10B5     		push	{r4, lr}
  56              		.cfi_def_cfa_offset 8
  57              		.cfi_offset 4, -8
  58              		.cfi_offset 14, -4
  59              		.loc 1 22 0
  60 0002 041C     		mov	r4, r0
  23:chain_flow/cf_status_bit.c ****   uint8  criticalState;
  24:chain_flow/cf_status_bit.c ****     criticalState = CyEnterCriticalSection();
  61              		.loc 1 24 0
  62 0004 FFF7FEFF 		bl	CyEnterCriticalSection
  63              	.LVL1:
  25:chain_flow/cf_status_bit.c **** 
  26:chain_flow/cf_status_bit.c ****     cf_status_register = cf_status_register &(~status_bit);
  64              		.loc 1 26 0
  65 0008 034A     		ldr	r2, .L5
  27:chain_flow/cf_status_bit.c ****     CyExitCriticalSection(criticalState);
  28:chain_flow/cf_status_bit.c **** }
  66              		.loc 1 28 0
  67              		@ sp needed
  26:chain_flow/cf_status_bit.c ****     CyExitCriticalSection(criticalState);
  68              		.loc 1 26 0
  69 000a 1368     		ldr	r3, [r2]
  70 000c A343     		bic	r3, r4
  71 000e 1360     		str	r3, [r2]
  27:chain_flow/cf_status_bit.c ****     CyExitCriticalSection(criticalState);
  72              		.loc 1 27 0
  73 0010 FFF7FEFF 		bl	CyExitCriticalSection
  74              	.LVL2:
  75              	.LVL3:
  76              		.loc 1 28 0
  77 0014 10BD     		pop	{r4, pc}
  78              	.L6:
  79 0016 C046     		.align	2
  80              	.L5:
  81 0018 00000000 		.word	.LANCHOR0
  82              		.cfi_endproc
  83              	.LFE63:
ARM GAS  C:\Users\glenn\AppData\Local\Temp\ccVoJZCR.s 			page 3


  84              		.size	cf_status_clear_bit, .-cf_status_clear_bit
  85              		.section	.text.cf_clear_status,"ax",%progbits
  86              		.align	2
  87              		.global	cf_clear_status
  88              		.code	16
  89              		.thumb_func
  90              		.type	cf_clear_status, %function
  91              	cf_clear_status:
  92              	.LFB64:
  29:chain_flow/cf_status_bit.c **** 
  30:chain_flow/cf_status_bit.c **** void cf_clear_status(void )
  31:chain_flow/cf_status_bit.c **** {
  93              		.loc 1 31 0
  94              		.cfi_startproc
  95 0000 08B5     		push	{r3, lr}
  96              		.cfi_def_cfa_offset 8
  97              		.cfi_offset 3, -8
  98              		.cfi_offset 14, -4
  32:chain_flow/cf_status_bit.c ****       
  33:chain_flow/cf_status_bit.c ****    uint8  criticalState;
  34:chain_flow/cf_status_bit.c ****     criticalState = CyEnterCriticalSection();
  99              		.loc 1 34 0
 100 0002 FFF7FEFF 		bl	CyEnterCriticalSection
 101              	.LVL4:
  35:chain_flow/cf_status_bit.c **** 
  36:chain_flow/cf_status_bit.c ****     cf_status_register = 0;
 102              		.loc 1 36 0
 103 0006 0022     		mov	r2, #0
 104 0008 024B     		ldr	r3, .L8
  37:chain_flow/cf_status_bit.c ****     CyExitCriticalSection(criticalState);
  38:chain_flow/cf_status_bit.c **** }
 105              		.loc 1 38 0
 106              		@ sp needed
  36:chain_flow/cf_status_bit.c ****     CyExitCriticalSection(criticalState);
 107              		.loc 1 36 0
 108 000a 1A60     		str	r2, [r3]
  37:chain_flow/cf_status_bit.c ****     CyExitCriticalSection(criticalState);
 109              		.loc 1 37 0
 110 000c FFF7FEFF 		bl	CyExitCriticalSection
 111              	.LVL5:
 112              		.loc 1 38 0
 113 0010 08BD     		pop	{r3, pc}
 114              	.L9:
 115 0012 C046     		.align	2
 116              	.L8:
 117 0014 00000000 		.word	.LANCHOR0
 118              		.cfi_endproc
 119              	.LFE64:
 120              		.size	cf_clear_status, .-cf_clear_status
 121              		.section	.text.cf_set_interrupt_status_bit,"ax",%progbits
 122              		.align	2
 123              		.global	cf_set_interrupt_status_bit
 124              		.code	16
 125              		.thumb_func
 126              		.type	cf_set_interrupt_status_bit, %function
 127              	cf_set_interrupt_status_bit:
 128              	.LFB65:
ARM GAS  C:\Users\glenn\AppData\Local\Temp\ccVoJZCR.s 			page 4


  39:chain_flow/cf_status_bit.c **** 
  40:chain_flow/cf_status_bit.c **** void cf_set_interrupt_status_bit( uint32 status_bit )
  41:chain_flow/cf_status_bit.c **** {
 129              		.loc 1 41 0
 130              		.cfi_startproc
 131              	.LVL6:
  42:chain_flow/cf_status_bit.c ****       cf_status_register |= status_bit;
 132              		.loc 1 42 0
 133 0000 024B     		ldr	r3, .L11
  43:chain_flow/cf_status_bit.c **** 
  44:chain_flow/cf_status_bit.c **** }
 134              		.loc 1 44 0
 135              		@ sp needed
  42:chain_flow/cf_status_bit.c ****       cf_status_register |= status_bit;
 136              		.loc 1 42 0
 137 0002 1A68     		ldr	r2, [r3]
 138 0004 1043     		orr	r0, r2
 139              	.LVL7:
 140 0006 1860     		str	r0, [r3]
 141              		.loc 1 44 0
 142 0008 7047     		bx	lr
 143              	.L12:
 144 000a C046     		.align	2
 145              	.L11:
 146 000c 00000000 		.word	.LANCHOR0
 147              		.cfi_endproc
 148              	.LFE65:
 149              		.size	cf_set_interrupt_status_bit, .-cf_set_interrupt_status_bit
 150              		.section	.text.cf_set_status_bit,"ax",%progbits
 151              		.align	2
 152              		.global	cf_set_status_bit
 153              		.code	16
 154              		.thumb_func
 155              		.type	cf_set_status_bit, %function
 156              	cf_set_status_bit:
 157              	.LFB66:
  45:chain_flow/cf_status_bit.c **** 
  46:chain_flow/cf_status_bit.c **** void cf_set_status_bit( uint32 status_bit )
  47:chain_flow/cf_status_bit.c **** {
 158              		.loc 1 47 0
 159              		.cfi_startproc
 160              	.LVL8:
 161 0000 10B5     		push	{r4, lr}
 162              		.cfi_def_cfa_offset 8
 163              		.cfi_offset 4, -8
 164              		.cfi_offset 14, -4
 165              		.loc 1 47 0
 166 0002 041C     		mov	r4, r0
  48:chain_flow/cf_status_bit.c ****     
  49:chain_flow/cf_status_bit.c ****     uint8  criticalState;
  50:chain_flow/cf_status_bit.c ****     criticalState = CyEnterCriticalSection();
 167              		.loc 1 50 0
 168 0004 FFF7FEFF 		bl	CyEnterCriticalSection
 169              	.LVL9:
  51:chain_flow/cf_status_bit.c **** 
  52:chain_flow/cf_status_bit.c ****    cf_status_register |= status_bit;
 170              		.loc 1 52 0
ARM GAS  C:\Users\glenn\AppData\Local\Temp\ccVoJZCR.s 			page 5


 171 0008 034A     		ldr	r2, .L14
  53:chain_flow/cf_status_bit.c ****    CyExitCriticalSection(criticalState);
  54:chain_flow/cf_status_bit.c **** }
 172              		.loc 1 54 0
 173              		@ sp needed
  52:chain_flow/cf_status_bit.c ****    CyExitCriticalSection(criticalState);
 174              		.loc 1 52 0
 175 000a 1368     		ldr	r3, [r2]
 176 000c 2343     		orr	r3, r4
 177 000e 1360     		str	r3, [r2]
  53:chain_flow/cf_status_bit.c ****    CyExitCriticalSection(criticalState);
 178              		.loc 1 53 0
 179 0010 FFF7FEFF 		bl	CyExitCriticalSection
 180              	.LVL10:
 181              	.LVL11:
 182              		.loc 1 54 0
 183 0014 10BD     		pop	{r4, pc}
 184              	.L15:
 185 0016 C046     		.align	2
 186              	.L14:
 187 0018 00000000 		.word	.LANCHOR0
 188              		.cfi_endproc
 189              	.LFE66:
 190              		.size	cf_set_status_bit, .-cf_set_status_bit
 191              		.section	.text.cf_get_status,"ax",%progbits
 192              		.align	2
 193              		.global	cf_get_status
 194              		.code	16
 195              		.thumb_func
 196              		.type	cf_get_status, %function
 197              	cf_get_status:
 198              	.LFB67:
  55:chain_flow/cf_status_bit.c **** 
  56:chain_flow/cf_status_bit.c **** 
  57:chain_flow/cf_status_bit.c **** uint32 cf_get_status( )
  58:chain_flow/cf_status_bit.c **** {
 199              		.loc 1 58 0
 200              		.cfi_startproc
 201 0000 10B5     		push	{r4, lr}
 202              		.cfi_def_cfa_offset 8
 203              		.cfi_offset 4, -8
 204              		.cfi_offset 14, -4
  59:chain_flow/cf_status_bit.c ****    int return_value;
  60:chain_flow/cf_status_bit.c ****    uint8  criticalState;
  61:chain_flow/cf_status_bit.c ****     criticalState = CyEnterCriticalSection();
 205              		.loc 1 61 0
 206 0002 FFF7FEFF 		bl	CyEnterCriticalSection
 207              	.LVL12:
  62:chain_flow/cf_status_bit.c **** 
  63:chain_flow/cf_status_bit.c ****    // add interrupt protoection
  64:chain_flow/cf_status_bit.c ****    return_value = cf_status_register;
  65:chain_flow/cf_status_bit.c ****    cf_status_register = 0;
 208              		.loc 1 65 0
 209 0006 0022     		mov	r2, #0
  64:chain_flow/cf_status_bit.c ****    cf_status_register = 0;
 210              		.loc 1 64 0
 211 0008 034B     		ldr	r3, .L17
ARM GAS  C:\Users\glenn\AppData\Local\Temp\ccVoJZCR.s 			page 6


  66:chain_flow/cf_status_bit.c ****    CyExitCriticalSection(criticalState);
  67:chain_flow/cf_status_bit.c ****    return return_value;
  68:chain_flow/cf_status_bit.c **** }
 212              		.loc 1 68 0
 213              		@ sp needed
  64:chain_flow/cf_status_bit.c ****    cf_status_register = 0;
 214              		.loc 1 64 0
 215 000a 1C68     		ldr	r4, [r3]
 216              	.LVL13:
  65:chain_flow/cf_status_bit.c ****    CyExitCriticalSection(criticalState);
 217              		.loc 1 65 0
 218 000c 1A60     		str	r2, [r3]
  66:chain_flow/cf_status_bit.c ****    CyExitCriticalSection(criticalState);
 219              		.loc 1 66 0
 220 000e FFF7FEFF 		bl	CyExitCriticalSection
 221              	.LVL14:
 222              		.loc 1 68 0
 223 0012 201C     		mov	r0, r4
 224              	.LVL15:
 225 0014 10BD     		pop	{r4, pc}
 226              	.L18:
 227 0016 C046     		.align	2
 228              	.L17:
 229 0018 00000000 		.word	.LANCHOR0
 230              		.cfi_endproc
 231              	.LFE67:
 232              		.size	cf_get_status, .-cf_get_status
 233              		.bss
 234              		.align	2
 235              		.set	.LANCHOR0,. + 0
 236              		.type	cf_status_register, %object
 237              		.size	cf_status_register, 4
 238              	cf_status_register:
 239 0000 00000000 		.space	4
 240              		.text
 241              	.Letext0:
 242              		.file 2 "Generated_Source\\PSoC4/cytypes.h"
 243              		.file 3 "Generated_Source\\PSoC4/CyLib.h"
 244              		.section	.debug_info,"",%progbits
 245              	.Ldebug_info0:
 246 0000 08020000 		.4byte	0x208
 247 0004 0400     		.2byte	0x4
 248 0006 00000000 		.4byte	.Ldebug_abbrev0
 249 000a 04       		.byte	0x4
 250 000b 01       		.uleb128 0x1
 251 000c A2000000 		.4byte	.LASF23
 252 0010 01       		.byte	0x1
 253 0011 5B020000 		.4byte	.LASF24
 254 0015 EB010000 		.4byte	.LASF25
 255 0019 00000000 		.4byte	.Ldebug_ranges0+0
 256 001d 00000000 		.4byte	0
 257 0021 00000000 		.4byte	.Ldebug_line0
 258 0025 02       		.uleb128 0x2
 259 0026 01       		.byte	0x1
 260 0027 06       		.byte	0x6
 261 0028 41020000 		.4byte	.LASF0
 262 002c 02       		.uleb128 0x2
ARM GAS  C:\Users\glenn\AppData\Local\Temp\ccVoJZCR.s 			page 7


 263 002d 01       		.byte	0x1
 264 002e 08       		.byte	0x8
 265 002f 43010000 		.4byte	.LASF1
 266 0033 02       		.uleb128 0x2
 267 0034 02       		.byte	0x2
 268 0035 05       		.byte	0x5
 269 0036 D8010000 		.4byte	.LASF2
 270 003a 02       		.uleb128 0x2
 271 003b 02       		.byte	0x2
 272 003c 07       		.byte	0x7
 273 003d 53000000 		.4byte	.LASF3
 274 0041 02       		.uleb128 0x2
 275 0042 04       		.byte	0x4
 276 0043 05       		.byte	0x5
 277 0044 E2010000 		.4byte	.LASF4
 278 0048 02       		.uleb128 0x2
 279 0049 04       		.byte	0x4
 280 004a 07       		.byte	0x7
 281 004b 51010000 		.4byte	.LASF5
 282 004f 02       		.uleb128 0x2
 283 0050 08       		.byte	0x8
 284 0051 05       		.byte	0x5
 285 0052 BA010000 		.4byte	.LASF6
 286 0056 02       		.uleb128 0x2
 287 0057 08       		.byte	0x8
 288 0058 07       		.byte	0x7
 289 0059 8B000000 		.4byte	.LASF7
 290 005d 03       		.uleb128 0x3
 291 005e 04       		.byte	0x4
 292 005f 05       		.byte	0x5
 293 0060 696E7400 		.ascii	"int\000"
 294 0064 02       		.uleb128 0x2
 295 0065 04       		.byte	0x4
 296 0066 07       		.byte	0x7
 297 0067 8E010000 		.4byte	.LASF8
 298 006b 04       		.uleb128 0x4
 299 006c 63010000 		.4byte	.LASF9
 300 0070 02       		.byte	0x2
 301 0071 9801     		.2byte	0x198
 302 0073 2C000000 		.4byte	0x2c
 303 0077 04       		.uleb128 0x4
 304 0078 70010000 		.4byte	.LASF10
 305 007c 02       		.byte	0x2
 306 007d 9A01     		.2byte	0x19a
 307 007f 48000000 		.4byte	0x48
 308 0083 02       		.uleb128 0x2
 309 0084 04       		.byte	0x4
 310 0085 04       		.byte	0x4
 311 0086 85000000 		.4byte	.LASF11
 312 008a 02       		.uleb128 0x2
 313 008b 08       		.byte	0x8
 314 008c 04       		.byte	0x4
 315 008d 69010000 		.4byte	.LASF12
 316 0091 02       		.uleb128 0x2
 317 0092 01       		.byte	0x1
 318 0093 08       		.byte	0x8
 319 0094 D3010000 		.4byte	.LASF13
ARM GAS  C:\Users\glenn\AppData\Local\Temp\ccVoJZCR.s 			page 8


 320 0098 02       		.uleb128 0x2
 321 0099 04       		.byte	0x4
 322 009a 07       		.byte	0x7
 323 009b B1010000 		.4byte	.LASF14
 324 009f 05       		.uleb128 0x5
 325 00a0 84020000 		.4byte	.LASF26
 326 00a4 01       		.byte	0x1
 327 00a5 10       		.byte	0x10
 328 00a6 00000000 		.4byte	.LFB62
 329 00aa 0C000000 		.4byte	.LFE62-.LFB62
 330 00ae 01       		.uleb128 0x1
 331 00af 9C       		.byte	0x9c
 332 00b0 06       		.uleb128 0x6
 333 00b1 23000000 		.4byte	.LASF15
 334 00b5 01       		.byte	0x1
 335 00b6 15       		.byte	0x15
 336 00b7 00000000 		.4byte	.LFB63
 337 00bb 1C000000 		.4byte	.LFE63-.LFB63
 338 00bf 01       		.uleb128 0x1
 339 00c0 9C       		.byte	0x9c
 340 00c1 F6000000 		.4byte	0xf6
 341 00c5 07       		.uleb128 0x7
 342 00c6 C8010000 		.4byte	.LASF19
 343 00ca 01       		.byte	0x1
 344 00cb 15       		.byte	0x15
 345 00cc 77000000 		.4byte	0x77
 346 00d0 00000000 		.4byte	.LLST0
 347 00d4 08       		.uleb128 0x8
 348 00d5 4D020000 		.4byte	.LASF17
 349 00d9 01       		.byte	0x1
 350 00da 17       		.byte	0x17
 351 00db 6B000000 		.4byte	0x6b
 352 00df 2C000000 		.4byte	.LLST1
 353 00e3 09       		.uleb128 0x9
 354 00e4 08000000 		.4byte	.LVL1
 355 00e8 F3010000 		.4byte	0x1f3
 356 00ec 09       		.uleb128 0x9
 357 00ed 14000000 		.4byte	.LVL2
 358 00f1 FE010000 		.4byte	0x1fe
 359 00f5 00       		.byte	0
 360 00f6 06       		.uleb128 0x6
 361 00f7 00000000 		.4byte	.LASF16
 362 00fb 01       		.byte	0x1
 363 00fc 1E       		.byte	0x1e
 364 00fd 00000000 		.4byte	.LFB64
 365 0101 18000000 		.4byte	.LFE64-.LFB64
 366 0105 01       		.uleb128 0x1
 367 0106 9C       		.byte	0x9c
 368 0107 2D010000 		.4byte	0x12d
 369 010b 08       		.uleb128 0x8
 370 010c 4D020000 		.4byte	.LASF17
 371 0110 01       		.byte	0x1
 372 0111 21       		.byte	0x21
 373 0112 6B000000 		.4byte	0x6b
 374 0116 3F000000 		.4byte	.LLST2
 375 011a 09       		.uleb128 0x9
 376 011b 06000000 		.4byte	.LVL4
ARM GAS  C:\Users\glenn\AppData\Local\Temp\ccVoJZCR.s 			page 9


 377 011f F3010000 		.4byte	0x1f3
 378 0123 09       		.uleb128 0x9
 379 0124 10000000 		.4byte	.LVL5
 380 0128 FE010000 		.4byte	0x1fe
 381 012c 00       		.byte	0
 382 012d 06       		.uleb128 0x6
 383 012e 37000000 		.4byte	.LASF18
 384 0132 01       		.byte	0x1
 385 0133 28       		.byte	0x28
 386 0134 00000000 		.4byte	.LFB65
 387 0138 10000000 		.4byte	.LFE65-.LFB65
 388 013c 01       		.uleb128 0x1
 389 013d 9C       		.byte	0x9c
 390 013e 52010000 		.4byte	0x152
 391 0142 07       		.uleb128 0x7
 392 0143 C8010000 		.4byte	.LASF19
 393 0147 01       		.byte	0x1
 394 0148 28       		.byte	0x28
 395 0149 77000000 		.4byte	0x77
 396 014d 52000000 		.4byte	.LLST3
 397 0151 00       		.byte	0
 398 0152 06       		.uleb128 0x6
 399 0153 66000000 		.4byte	.LASF20
 400 0157 01       		.byte	0x1
 401 0158 2E       		.byte	0x2e
 402 0159 00000000 		.4byte	.LFB66
 403 015d 1C000000 		.4byte	.LFE66-.LFB66
 404 0161 01       		.uleb128 0x1
 405 0162 9C       		.byte	0x9c
 406 0163 98010000 		.4byte	0x198
 407 0167 07       		.uleb128 0x7
 408 0168 C8010000 		.4byte	.LASF19
 409 016c 01       		.byte	0x1
 410 016d 2E       		.byte	0x2e
 411 016e 77000000 		.4byte	0x77
 412 0172 73000000 		.4byte	.LLST4
 413 0176 08       		.uleb128 0x8
 414 0177 4D020000 		.4byte	.LASF17
 415 017b 01       		.byte	0x1
 416 017c 31       		.byte	0x31
 417 017d 6B000000 		.4byte	0x6b
 418 0181 9F000000 		.4byte	.LLST5
 419 0185 09       		.uleb128 0x9
 420 0186 08000000 		.4byte	.LVL9
 421 018a F3010000 		.4byte	0x1f3
 422 018e 09       		.uleb128 0x9
 423 018f 14000000 		.4byte	.LVL10
 424 0193 FE010000 		.4byte	0x1fe
 425 0197 00       		.byte	0
 426 0198 0A       		.uleb128 0xa
 427 0199 76020000 		.4byte	.LASF27
 428 019d 01       		.byte	0x1
 429 019e 39       		.byte	0x39
 430 019f 77000000 		.4byte	0x77
 431 01a3 00000000 		.4byte	.LFB67
 432 01a7 1C000000 		.4byte	.LFE67-.LFB67
 433 01ab 01       		.uleb128 0x1
ARM GAS  C:\Users\glenn\AppData\Local\Temp\ccVoJZCR.s 			page 10


 434 01ac 9C       		.byte	0x9c
 435 01ad E2010000 		.4byte	0x1e2
 436 01b1 08       		.uleb128 0x8
 437 01b2 78000000 		.4byte	.LASF21
 438 01b6 01       		.byte	0x1
 439 01b7 3B       		.byte	0x3b
 440 01b8 5D000000 		.4byte	0x5d
 441 01bc B2000000 		.4byte	.LLST6
 442 01c0 08       		.uleb128 0x8
 443 01c1 4D020000 		.4byte	.LASF17
 444 01c5 01       		.byte	0x1
 445 01c6 3C       		.byte	0x3c
 446 01c7 6B000000 		.4byte	0x6b
 447 01cb D0000000 		.4byte	.LLST7
 448 01cf 09       		.uleb128 0x9
 449 01d0 06000000 		.4byte	.LVL12
 450 01d4 F3010000 		.4byte	0x1f3
 451 01d8 09       		.uleb128 0x9
 452 01d9 12000000 		.4byte	.LVL14
 453 01dd FE010000 		.4byte	0x1fe
 454 01e1 00       		.byte	0
 455 01e2 0B       		.uleb128 0xb
 456 01e3 10000000 		.4byte	.LASF22
 457 01e7 01       		.byte	0x1
 458 01e8 0C       		.byte	0xc
 459 01e9 77000000 		.4byte	0x77
 460 01ed 05       		.uleb128 0x5
 461 01ee 03       		.byte	0x3
 462 01ef 00000000 		.4byte	cf_status_register
 463 01f3 0C       		.uleb128 0xc
 464 01f4 77010000 		.4byte	.LASF28
 465 01f8 03       		.byte	0x3
 466 01f9 E3       		.byte	0xe3
 467 01fa 6B000000 		.4byte	0x6b
 468 01fe 0D       		.uleb128 0xd
 469 01ff 9B010000 		.4byte	.LASF29
 470 0203 03       		.byte	0x3
 471 0204 E4       		.byte	0xe4
 472 0205 0E       		.uleb128 0xe
 473 0206 6B000000 		.4byte	0x6b
 474 020a 00       		.byte	0
 475 020b 00       		.byte	0
 476              		.section	.debug_abbrev,"",%progbits
 477              	.Ldebug_abbrev0:
 478 0000 01       		.uleb128 0x1
 479 0001 11       		.uleb128 0x11
 480 0002 01       		.byte	0x1
 481 0003 25       		.uleb128 0x25
 482 0004 0E       		.uleb128 0xe
 483 0005 13       		.uleb128 0x13
 484 0006 0B       		.uleb128 0xb
 485 0007 03       		.uleb128 0x3
 486 0008 0E       		.uleb128 0xe
 487 0009 1B       		.uleb128 0x1b
 488 000a 0E       		.uleb128 0xe
 489 000b 55       		.uleb128 0x55
 490 000c 17       		.uleb128 0x17
ARM GAS  C:\Users\glenn\AppData\Local\Temp\ccVoJZCR.s 			page 11


 491 000d 11       		.uleb128 0x11
 492 000e 01       		.uleb128 0x1
 493 000f 10       		.uleb128 0x10
 494 0010 17       		.uleb128 0x17
 495 0011 00       		.byte	0
 496 0012 00       		.byte	0
 497 0013 02       		.uleb128 0x2
 498 0014 24       		.uleb128 0x24
 499 0015 00       		.byte	0
 500 0016 0B       		.uleb128 0xb
 501 0017 0B       		.uleb128 0xb
 502 0018 3E       		.uleb128 0x3e
 503 0019 0B       		.uleb128 0xb
 504 001a 03       		.uleb128 0x3
 505 001b 0E       		.uleb128 0xe
 506 001c 00       		.byte	0
 507 001d 00       		.byte	0
 508 001e 03       		.uleb128 0x3
 509 001f 24       		.uleb128 0x24
 510 0020 00       		.byte	0
 511 0021 0B       		.uleb128 0xb
 512 0022 0B       		.uleb128 0xb
 513 0023 3E       		.uleb128 0x3e
 514 0024 0B       		.uleb128 0xb
 515 0025 03       		.uleb128 0x3
 516 0026 08       		.uleb128 0x8
 517 0027 00       		.byte	0
 518 0028 00       		.byte	0
 519 0029 04       		.uleb128 0x4
 520 002a 16       		.uleb128 0x16
 521 002b 00       		.byte	0
 522 002c 03       		.uleb128 0x3
 523 002d 0E       		.uleb128 0xe
 524 002e 3A       		.uleb128 0x3a
 525 002f 0B       		.uleb128 0xb
 526 0030 3B       		.uleb128 0x3b
 527 0031 05       		.uleb128 0x5
 528 0032 49       		.uleb128 0x49
 529 0033 13       		.uleb128 0x13
 530 0034 00       		.byte	0
 531 0035 00       		.byte	0
 532 0036 05       		.uleb128 0x5
 533 0037 2E       		.uleb128 0x2e
 534 0038 00       		.byte	0
 535 0039 3F       		.uleb128 0x3f
 536 003a 19       		.uleb128 0x19
 537 003b 03       		.uleb128 0x3
 538 003c 0E       		.uleb128 0xe
 539 003d 3A       		.uleb128 0x3a
 540 003e 0B       		.uleb128 0xb
 541 003f 3B       		.uleb128 0x3b
 542 0040 0B       		.uleb128 0xb
 543 0041 27       		.uleb128 0x27
 544 0042 19       		.uleb128 0x19
 545 0043 11       		.uleb128 0x11
 546 0044 01       		.uleb128 0x1
 547 0045 12       		.uleb128 0x12
ARM GAS  C:\Users\glenn\AppData\Local\Temp\ccVoJZCR.s 			page 12


 548 0046 06       		.uleb128 0x6
 549 0047 40       		.uleb128 0x40
 550 0048 18       		.uleb128 0x18
 551 0049 9742     		.uleb128 0x2117
 552 004b 19       		.uleb128 0x19
 553 004c 00       		.byte	0
 554 004d 00       		.byte	0
 555 004e 06       		.uleb128 0x6
 556 004f 2E       		.uleb128 0x2e
 557 0050 01       		.byte	0x1
 558 0051 3F       		.uleb128 0x3f
 559 0052 19       		.uleb128 0x19
 560 0053 03       		.uleb128 0x3
 561 0054 0E       		.uleb128 0xe
 562 0055 3A       		.uleb128 0x3a
 563 0056 0B       		.uleb128 0xb
 564 0057 3B       		.uleb128 0x3b
 565 0058 0B       		.uleb128 0xb
 566 0059 27       		.uleb128 0x27
 567 005a 19       		.uleb128 0x19
 568 005b 11       		.uleb128 0x11
 569 005c 01       		.uleb128 0x1
 570 005d 12       		.uleb128 0x12
 571 005e 06       		.uleb128 0x6
 572 005f 40       		.uleb128 0x40
 573 0060 18       		.uleb128 0x18
 574 0061 9742     		.uleb128 0x2117
 575 0063 19       		.uleb128 0x19
 576 0064 01       		.uleb128 0x1
 577 0065 13       		.uleb128 0x13
 578 0066 00       		.byte	0
 579 0067 00       		.byte	0
 580 0068 07       		.uleb128 0x7
 581 0069 05       		.uleb128 0x5
 582 006a 00       		.byte	0
 583 006b 03       		.uleb128 0x3
 584 006c 0E       		.uleb128 0xe
 585 006d 3A       		.uleb128 0x3a
 586 006e 0B       		.uleb128 0xb
 587 006f 3B       		.uleb128 0x3b
 588 0070 0B       		.uleb128 0xb
 589 0071 49       		.uleb128 0x49
 590 0072 13       		.uleb128 0x13
 591 0073 02       		.uleb128 0x2
 592 0074 17       		.uleb128 0x17
 593 0075 00       		.byte	0
 594 0076 00       		.byte	0
 595 0077 08       		.uleb128 0x8
 596 0078 34       		.uleb128 0x34
 597 0079 00       		.byte	0
 598 007a 03       		.uleb128 0x3
 599 007b 0E       		.uleb128 0xe
 600 007c 3A       		.uleb128 0x3a
 601 007d 0B       		.uleb128 0xb
 602 007e 3B       		.uleb128 0x3b
 603 007f 0B       		.uleb128 0xb
 604 0080 49       		.uleb128 0x49
ARM GAS  C:\Users\glenn\AppData\Local\Temp\ccVoJZCR.s 			page 13


 605 0081 13       		.uleb128 0x13
 606 0082 02       		.uleb128 0x2
 607 0083 17       		.uleb128 0x17
 608 0084 00       		.byte	0
 609 0085 00       		.byte	0
 610 0086 09       		.uleb128 0x9
 611 0087 898201   		.uleb128 0x4109
 612 008a 00       		.byte	0
 613 008b 11       		.uleb128 0x11
 614 008c 01       		.uleb128 0x1
 615 008d 31       		.uleb128 0x31
 616 008e 13       		.uleb128 0x13
 617 008f 00       		.byte	0
 618 0090 00       		.byte	0
 619 0091 0A       		.uleb128 0xa
 620 0092 2E       		.uleb128 0x2e
 621 0093 01       		.byte	0x1
 622 0094 3F       		.uleb128 0x3f
 623 0095 19       		.uleb128 0x19
 624 0096 03       		.uleb128 0x3
 625 0097 0E       		.uleb128 0xe
 626 0098 3A       		.uleb128 0x3a
 627 0099 0B       		.uleb128 0xb
 628 009a 3B       		.uleb128 0x3b
 629 009b 0B       		.uleb128 0xb
 630 009c 27       		.uleb128 0x27
 631 009d 19       		.uleb128 0x19
 632 009e 49       		.uleb128 0x49
 633 009f 13       		.uleb128 0x13
 634 00a0 11       		.uleb128 0x11
 635 00a1 01       		.uleb128 0x1
 636 00a2 12       		.uleb128 0x12
 637 00a3 06       		.uleb128 0x6
 638 00a4 40       		.uleb128 0x40
 639 00a5 18       		.uleb128 0x18
 640 00a6 9742     		.uleb128 0x2117
 641 00a8 19       		.uleb128 0x19
 642 00a9 01       		.uleb128 0x1
 643 00aa 13       		.uleb128 0x13
 644 00ab 00       		.byte	0
 645 00ac 00       		.byte	0
 646 00ad 0B       		.uleb128 0xb
 647 00ae 34       		.uleb128 0x34
 648 00af 00       		.byte	0
 649 00b0 03       		.uleb128 0x3
 650 00b1 0E       		.uleb128 0xe
 651 00b2 3A       		.uleb128 0x3a
 652 00b3 0B       		.uleb128 0xb
 653 00b4 3B       		.uleb128 0x3b
 654 00b5 0B       		.uleb128 0xb
 655 00b6 49       		.uleb128 0x49
 656 00b7 13       		.uleb128 0x13
 657 00b8 02       		.uleb128 0x2
 658 00b9 18       		.uleb128 0x18
 659 00ba 00       		.byte	0
 660 00bb 00       		.byte	0
 661 00bc 0C       		.uleb128 0xc
ARM GAS  C:\Users\glenn\AppData\Local\Temp\ccVoJZCR.s 			page 14


 662 00bd 2E       		.uleb128 0x2e
 663 00be 00       		.byte	0
 664 00bf 3F       		.uleb128 0x3f
 665 00c0 19       		.uleb128 0x19
 666 00c1 03       		.uleb128 0x3
 667 00c2 0E       		.uleb128 0xe
 668 00c3 3A       		.uleb128 0x3a
 669 00c4 0B       		.uleb128 0xb
 670 00c5 3B       		.uleb128 0x3b
 671 00c6 0B       		.uleb128 0xb
 672 00c7 27       		.uleb128 0x27
 673 00c8 19       		.uleb128 0x19
 674 00c9 49       		.uleb128 0x49
 675 00ca 13       		.uleb128 0x13
 676 00cb 3C       		.uleb128 0x3c
 677 00cc 19       		.uleb128 0x19
 678 00cd 00       		.byte	0
 679 00ce 00       		.byte	0
 680 00cf 0D       		.uleb128 0xd
 681 00d0 2E       		.uleb128 0x2e
 682 00d1 01       		.byte	0x1
 683 00d2 3F       		.uleb128 0x3f
 684 00d3 19       		.uleb128 0x19
 685 00d4 03       		.uleb128 0x3
 686 00d5 0E       		.uleb128 0xe
 687 00d6 3A       		.uleb128 0x3a
 688 00d7 0B       		.uleb128 0xb
 689 00d8 3B       		.uleb128 0x3b
 690 00d9 0B       		.uleb128 0xb
 691 00da 27       		.uleb128 0x27
 692 00db 19       		.uleb128 0x19
 693 00dc 3C       		.uleb128 0x3c
 694 00dd 19       		.uleb128 0x19
 695 00de 00       		.byte	0
 696 00df 00       		.byte	0
 697 00e0 0E       		.uleb128 0xe
 698 00e1 05       		.uleb128 0x5
 699 00e2 00       		.byte	0
 700 00e3 49       		.uleb128 0x49
 701 00e4 13       		.uleb128 0x13
 702 00e5 00       		.byte	0
 703 00e6 00       		.byte	0
 704 00e7 00       		.byte	0
 705              		.section	.debug_loc,"",%progbits
 706              	.Ldebug_loc0:
 707              	.LLST0:
 708 0000 00000000 		.4byte	.LVL0
 709 0004 07000000 		.4byte	.LVL1-1
 710 0008 0100     		.2byte	0x1
 711 000a 50       		.byte	0x50
 712 000b 07000000 		.4byte	.LVL1-1
 713 000f 14000000 		.4byte	.LVL3
 714 0013 0100     		.2byte	0x1
 715 0015 54       		.byte	0x54
 716 0016 14000000 		.4byte	.LVL3
 717 001a 1C000000 		.4byte	.LFE63
 718 001e 0400     		.2byte	0x4
ARM GAS  C:\Users\glenn\AppData\Local\Temp\ccVoJZCR.s 			page 15


 719 0020 F3       		.byte	0xf3
 720 0021 01       		.uleb128 0x1
 721 0022 50       		.byte	0x50
 722 0023 9F       		.byte	0x9f
 723 0024 00000000 		.4byte	0
 724 0028 00000000 		.4byte	0
 725              	.LLST1:
 726 002c 08000000 		.4byte	.LVL1
 727 0030 13000000 		.4byte	.LVL2-1
 728 0034 0100     		.2byte	0x1
 729 0036 50       		.byte	0x50
 730 0037 00000000 		.4byte	0
 731 003b 00000000 		.4byte	0
 732              	.LLST2:
 733 003f 06000000 		.4byte	.LVL4
 734 0043 0F000000 		.4byte	.LVL5-1
 735 0047 0100     		.2byte	0x1
 736 0049 50       		.byte	0x50
 737 004a 00000000 		.4byte	0
 738 004e 00000000 		.4byte	0
 739              	.LLST3:
 740 0052 00000000 		.4byte	.LVL6
 741 0056 06000000 		.4byte	.LVL7
 742 005a 0100     		.2byte	0x1
 743 005c 50       		.byte	0x50
 744 005d 06000000 		.4byte	.LVL7
 745 0061 10000000 		.4byte	.LFE65
 746 0065 0400     		.2byte	0x4
 747 0067 F3       		.byte	0xf3
 748 0068 01       		.uleb128 0x1
 749 0069 50       		.byte	0x50
 750 006a 9F       		.byte	0x9f
 751 006b 00000000 		.4byte	0
 752 006f 00000000 		.4byte	0
 753              	.LLST4:
 754 0073 00000000 		.4byte	.LVL8
 755 0077 07000000 		.4byte	.LVL9-1
 756 007b 0100     		.2byte	0x1
 757 007d 50       		.byte	0x50
 758 007e 07000000 		.4byte	.LVL9-1
 759 0082 14000000 		.4byte	.LVL11
 760 0086 0100     		.2byte	0x1
 761 0088 54       		.byte	0x54
 762 0089 14000000 		.4byte	.LVL11
 763 008d 1C000000 		.4byte	.LFE66
 764 0091 0400     		.2byte	0x4
 765 0093 F3       		.byte	0xf3
 766 0094 01       		.uleb128 0x1
 767 0095 50       		.byte	0x50
 768 0096 9F       		.byte	0x9f
 769 0097 00000000 		.4byte	0
 770 009b 00000000 		.4byte	0
 771              	.LLST5:
 772 009f 08000000 		.4byte	.LVL9
 773 00a3 13000000 		.4byte	.LVL10-1
 774 00a7 0100     		.2byte	0x1
 775 00a9 50       		.byte	0x50
ARM GAS  C:\Users\glenn\AppData\Local\Temp\ccVoJZCR.s 			page 16


 776 00aa 00000000 		.4byte	0
 777 00ae 00000000 		.4byte	0
 778              	.LLST6:
 779 00b2 0C000000 		.4byte	.LVL13
 780 00b6 14000000 		.4byte	.LVL15
 781 00ba 0100     		.2byte	0x1
 782 00bc 54       		.byte	0x54
 783 00bd 14000000 		.4byte	.LVL15
 784 00c1 1C000000 		.4byte	.LFE67
 785 00c5 0100     		.2byte	0x1
 786 00c7 50       		.byte	0x50
 787 00c8 00000000 		.4byte	0
 788 00cc 00000000 		.4byte	0
 789              	.LLST7:
 790 00d0 06000000 		.4byte	.LVL12
 791 00d4 11000000 		.4byte	.LVL14-1
 792 00d8 0100     		.2byte	0x1
 793 00da 50       		.byte	0x50
 794 00db 00000000 		.4byte	0
 795 00df 00000000 		.4byte	0
 796              		.section	.debug_aranges,"",%progbits
 797 0000 44000000 		.4byte	0x44
 798 0004 0200     		.2byte	0x2
 799 0006 00000000 		.4byte	.Ldebug_info0
 800 000a 04       		.byte	0x4
 801 000b 00       		.byte	0
 802 000c 0000     		.2byte	0
 803 000e 0000     		.2byte	0
 804 0010 00000000 		.4byte	.LFB62
 805 0014 0C000000 		.4byte	.LFE62-.LFB62
 806 0018 00000000 		.4byte	.LFB63
 807 001c 1C000000 		.4byte	.LFE63-.LFB63
 808 0020 00000000 		.4byte	.LFB64
 809 0024 18000000 		.4byte	.LFE64-.LFB64
 810 0028 00000000 		.4byte	.LFB65
 811 002c 10000000 		.4byte	.LFE65-.LFB65
 812 0030 00000000 		.4byte	.LFB66
 813 0034 1C000000 		.4byte	.LFE66-.LFB66
 814 0038 00000000 		.4byte	.LFB67
 815 003c 1C000000 		.4byte	.LFE67-.LFB67
 816 0040 00000000 		.4byte	0
 817 0044 00000000 		.4byte	0
 818              		.section	.debug_ranges,"",%progbits
 819              	.Ldebug_ranges0:
 820 0000 00000000 		.4byte	.LFB62
 821 0004 0C000000 		.4byte	.LFE62
 822 0008 00000000 		.4byte	.LFB63
 823 000c 1C000000 		.4byte	.LFE63
 824 0010 00000000 		.4byte	.LFB64
 825 0014 18000000 		.4byte	.LFE64
 826 0018 00000000 		.4byte	.LFB65
 827 001c 10000000 		.4byte	.LFE65
 828 0020 00000000 		.4byte	.LFB66
 829 0024 1C000000 		.4byte	.LFE66
 830 0028 00000000 		.4byte	.LFB67
 831 002c 1C000000 		.4byte	.LFE67
 832 0030 00000000 		.4byte	0
ARM GAS  C:\Users\glenn\AppData\Local\Temp\ccVoJZCR.s 			page 17


 833 0034 00000000 		.4byte	0
 834              		.section	.debug_line,"",%progbits
 835              	.Ldebug_line0:
 836 0000 E4000000 		.section	.debug_str,"MS",%progbits,1
 836      02006000 
 836      00000201 
 836      FB0E0D00 
 836      01010101 
 837              	.LASF16:
 838 0000 63665F63 		.ascii	"cf_clear_status\000"
 838      6C656172 
 838      5F737461 
 838      74757300 
 839              	.LASF22:
 840 0010 63665F73 		.ascii	"cf_status_register\000"
 840      74617475 
 840      735F7265 
 840      67697374 
 840      657200
 841              	.LASF15:
 842 0023 63665F73 		.ascii	"cf_status_clear_bit\000"
 842      74617475 
 842      735F636C 
 842      6561725F 
 842      62697400 
 843              	.LASF18:
 844 0037 63665F73 		.ascii	"cf_set_interrupt_status_bit\000"
 844      65745F69 
 844      6E746572 
 844      72757074 
 844      5F737461 
 845              	.LASF3:
 846 0053 73686F72 		.ascii	"short unsigned int\000"
 846      7420756E 
 846      7369676E 
 846      65642069 
 846      6E7400
 847              	.LASF20:
 848 0066 63665F73 		.ascii	"cf_set_status_bit\000"
 848      65745F73 
 848      74617475 
 848      735F6269 
 848      7400
 849              	.LASF21:
 850 0078 72657475 		.ascii	"return_value\000"
 850      726E5F76 
 850      616C7565 
 850      00
 851              	.LASF11:
 852 0085 666C6F61 		.ascii	"float\000"
 852      7400
 853              	.LASF7:
 854 008b 6C6F6E67 		.ascii	"long long unsigned int\000"
 854      206C6F6E 
 854      6720756E 
 854      7369676E 
 854      65642069 
ARM GAS  C:\Users\glenn\AppData\Local\Temp\ccVoJZCR.s 			page 18


 855              	.LASF23:
 856 00a2 474E5520 		.ascii	"GNU C 4.9.3 20150303 (release) [ARM/embedded-4_9-br"
 856      4320342E 
 856      392E3320 
 856      32303135 
 856      30333033 
 857 00d5 616E6368 		.ascii	"anch revision 221220] -mcpu=cortex-m0 -mthumb -g -O"
 857      20726576 
 857      6973696F 
 857      6E203232 
 857      31323230 
 858 0108 32202D66 		.ascii	"2 -ffunction-sections -finline-functions -ffat-lto-"
 858      66756E63 
 858      74696F6E 
 858      2D736563 
 858      74696F6E 
 859 013b 6F626A65 		.ascii	"objects\000"
 859      63747300 
 860              	.LASF1:
 861 0143 756E7369 		.ascii	"unsigned char\000"
 861      676E6564 
 861      20636861 
 861      7200
 862              	.LASF5:
 863 0151 6C6F6E67 		.ascii	"long unsigned int\000"
 863      20756E73 
 863      69676E65 
 863      6420696E 
 863      7400
 864              	.LASF9:
 865 0163 75696E74 		.ascii	"uint8\000"
 865      3800
 866              	.LASF12:
 867 0169 646F7562 		.ascii	"double\000"
 867      6C6500
 868              	.LASF10:
 869 0170 75696E74 		.ascii	"uint32\000"
 869      333200
 870              	.LASF28:
 871 0177 4379456E 		.ascii	"CyEnterCriticalSection\000"
 871      74657243 
 871      72697469 
 871      63616C53 
 871      65637469 
 872              	.LASF8:
 873 018e 756E7369 		.ascii	"unsigned int\000"
 873      676E6564 
 873      20696E74 
 873      00
 874              	.LASF29:
 875 019b 43794578 		.ascii	"CyExitCriticalSection\000"
 875      69744372 
 875      69746963 
 875      616C5365 
 875      6374696F 
 876              	.LASF14:
 877 01b1 73697A65 		.ascii	"sizetype\000"
ARM GAS  C:\Users\glenn\AppData\Local\Temp\ccVoJZCR.s 			page 19


 877      74797065 
 877      00
 878              	.LASF6:
 879 01ba 6C6F6E67 		.ascii	"long long int\000"
 879      206C6F6E 
 879      6720696E 
 879      7400
 880              	.LASF19:
 881 01c8 73746174 		.ascii	"status_bit\000"
 881      75735F62 
 881      697400
 882              	.LASF13:
 883 01d3 63686172 		.ascii	"char\000"
 883      00
 884              	.LASF2:
 885 01d8 73686F72 		.ascii	"short int\000"
 885      7420696E 
 885      7400
 886              	.LASF4:
 887 01e2 6C6F6E67 		.ascii	"long int\000"
 887      20696E74 
 887      00
 888              	.LASF25:
 889 01eb 433A5C55 		.ascii	"C:\\Users\\glenn\\OneDrive\\PSOC\\moisture_sensor_4"
 889      73657273 
 889      5C676C65 
 889      6E6E5C4F 
 889      6E654472 
 890 0219 6D5C4D6F 		.ascii	"m\\Moisture_Sensor\\Moisture_Sensor.cydsn\000"
 890      69737475 
 890      72655F53 
 890      656E736F 
 890      725C4D6F 
 891              	.LASF0:
 892 0241 7369676E 		.ascii	"signed char\000"
 892      65642063 
 892      68617200 
 893              	.LASF17:
 894 024d 63726974 		.ascii	"criticalState\000"
 894      6963616C 
 894      53746174 
 894      6500
 895              	.LASF24:
 896 025b 63686169 		.ascii	"chain_flow\\cf_status_bit.c\000"
 896      6E5F666C 
 896      6F775C63 
 896      665F7374 
 896      61747573 
 897              	.LASF27:
 898 0276 63665F67 		.ascii	"cf_get_status\000"
 898      65745F73 
 898      74617475 
 898      7300
 899              	.LASF26:
 900 0284 63665F69 		.ascii	"cf_initialize_status_manager\000"
 900      6E697469 
 900      616C697A 
ARM GAS  C:\Users\glenn\AppData\Local\Temp\ccVoJZCR.s 			page 20


 900      655F7374 
 900      61747573 
 901              		.ident	"GCC: (GNU Tools for ARM Embedded Processors) 4.9.3 20150303 (release) [ARM/embedded-4_9-br
