--------------- Clean Started: 01/02/2017 12:03:05 Project: Moisture_Sensor, Configuration: ARM GCC 4.9-2015-q1-update Debug ---------------
Deleting file ".\CortexM0\ARM_GCC_493\Debug\rtc_functions.o"
Deleting file ".\CortexM0\ARM_GCC_493\Debug\moisture_measurements.o"
Deleting file ".\CortexM0\ARM_GCC_493\Debug\cf_events.o"
Deleting file ".\CortexM0\ARM_GCC_493\Debug\cf_external_functions.o"
Deleting file ".\CortexM0\ARM_GCC_493\Debug\cf_runtime_functions.o"
Deleting file ".\CortexM0\ARM_GCC_493\Debug\cf_status_bit.o"
Deleting file ".\CortexM0\ARM_GCC_493\Debug\chain_flow_support.o"
Deleting file ".\CortexM0\ARM_GCC_493\Debug\modbus_serial_ctrl.o"
Deleting file ".\CortexM0\ARM_GCC_493\Debug\process_crc.o"
Deleting file ".\CortexM0\ARM_GCC_493\Debug\process_modbus_message.o"
Deleting file ".\CortexM0\ARM_GCC_493\Debug\process_type_3_message.o"
Deleting file ".\CortexM0\ARM_GCC_493\Debug\process_type_16_message.o"
Deleting file ".\CortexM0\ARM_GCC_493\Debug\process_type_24_message.o"
Deleting file ".\CortexM0\ARM_GCC_493\Debug\one_wire.o"
Deleting file ".\CortexM0\ARM_GCC_493\Debug\DS18B20.o"
Deleting file ".\CortexM0\ARM_GCC_493\Debug\event_fifo.o"
Deleting file ".\CortexM0\ARM_GCC_493\Debug\dht22.o"
Deleting file ".\CortexM0\ARM_GCC_493\Debug\cf_dht22.o"
Deleting file ".\CortexM0\ARM_GCC_493\Debug\main.o"
Deleting file ".\CortexM0\ARM_GCC_493\Debug\configuration_data.o"
Deleting file ".\CortexM0\ARM_GCC_493\Debug\cyfitter_cfg.o"
Deleting file ".\CortexM0\ARM_GCC_493\Debug\cymetadata.o"
Deleting file ".\CortexM0\ARM_GCC_493\Debug\Switch_Pin.o"
Deleting file ".\CortexM0\ARM_GCC_493\Debug\Switch_Pin_PM.o"
Deleting file ".\CortexM0\ARM_GCC_493\Debug\Heart_Beat_Pin.o"
Deleting file ".\CortexM0\ARM_GCC_493\Debug\Heart_Beat_Pin_PM.o"
Deleting file ".\CortexM0\ARM_GCC_493\Debug\UART_1.o"
Deleting file ".\CortexM0\ARM_GCC_493\Debug\UART_1_PM.o"
Deleting file ".\CortexM0\ARM_GCC_493\Debug\UART_1_INT.o"
Deleting file ".\CortexM0\ARM_GCC_493\Debug\UART_1_BOOT.o"
Deleting file ".\CortexM0\ARM_GCC_493\Debug\UART_1_IntClock.o"
Deleting file ".\CortexM0\ARM_GCC_493\Debug\Cm0Start.o"
Deleting file ".\CortexM0\ARM_GCC_493\Debug\CyBootAsmGnu.o"
Deleting file ".\CortexM0\ARM_GCC_493\Debug\CyFlash.o"
Deleting file ".\CortexM0\ARM_GCC_493\Debug\CyLib.o"
Deleting file ".\CortexM0\ARM_GCC_493\Debug\cyPm.o"
Deleting file ".\CortexM0\ARM_GCC_493\Debug\cyutils.o"
Deleting file ".\CortexM0\ARM_GCC_493\Debug\CyDMA.o"
Deleting file ".\CortexM0\ARM_GCC_493\Debug\CyLFClk.o"
Deleting file ".\CortexM0\ARM_GCC_493\Debug\AMux_2.o"
Deleting file ".\CortexM0\ARM_GCC_493\Debug\ADC_SAR_Seq_1.o"
Deleting file ".\CortexM0\ARM_GCC_493\Debug\ADC_SAR_Seq_1_PM.o"
Deleting file ".\CortexM0\ARM_GCC_493\Debug\ADC_SAR_Seq_1_INT.o"
Deleting file ".\CortexM0\ARM_GCC_493\Debug\ADC_SAR_Seq_1_IRQ.o"
Deleting file ".\CortexM0\ARM_GCC_493\Debug\ADC_SAR_Seq_1_intClock.o"
Deleting file ".\CortexM0\ARM_GCC_493\Debug\RS_485_Dir.o"
Deleting file ".\CortexM0\ARM_GCC_493\Debug\RS_485_Dir_PM.o"
Deleting file ".\CortexM0\ARM_GCC_493\Debug\RTC_1.o"
Deleting file ".\CortexM0\ARM_GCC_493\Debug\One_Wire_Pin.o"
Deleting file ".\CortexM0\ARM_GCC_493\Debug\One_Wire_Pin_PM.o"
Deleting file ".\CortexM0\ARM_GCC_493\Debug\WdtIsr.o"
Deleting file ".\CortexM0\ARM_GCC_493\Debug\modbus_tx_interrupt.o"
Deleting file ".\CortexM0\ARM_GCC_493\Debug\modbus_rx_interrupt.o"
Deleting file ".\CortexM0\ARM_GCC_493\Debug\I2C_1.o"
Deleting file ".\CortexM0\ARM_GCC_493\Debug\I2C_1_I2C_INT.o"
Deleting file ".\CortexM0\ARM_GCC_493\Debug\I2C_1_I2C.o"
Deleting file ".\CortexM0\ARM_GCC_493\Debug\I2C_1_I2C_BOOT.o"
Deleting file ".\CortexM0\ARM_GCC_493\Debug\I2C_1_I2C_MASTER.o"
Deleting file ".\CortexM0\ARM_GCC_493\Debug\I2C_1_PM.o"
Deleting file ".\CortexM0\ARM_GCC_493\Debug\I2C_1_BOOT.o"
Deleting file ".\CortexM0\ARM_GCC_493\Debug\I2C_1_SCBCLK.o"
Deleting file ".\CortexM0\ARM_GCC_493\Debug\I2C_1_sda.o"
Deleting file ".\CortexM0\ARM_GCC_493\Debug\I2C_1_sda_PM.o"
Deleting file ".\CortexM0\ARM_GCC_493\Debug\I2C_1_scl.o"
Deleting file ".\CortexM0\ARM_GCC_493\Debug\I2C_1_scl_PM.o"
Deleting file ".\CortexM0\ARM_GCC_493\Debug\I2C_1_SCB_IRQ.o"
Deleting file ".\CortexM0\ARM_GCC_493\Debug\temp_humidity_pin.o"
Deleting file ".\CortexM0\ARM_GCC_493\Debug\temp_humidity_pin_PM.o"
Deleting file ".\CortexM0\ARM_GCC_493\Debug\Input_Pin_1.o"
Deleting file ".\CortexM0\ARM_GCC_493\Debug\Input_Pin_1_PM.o"
Deleting file ".\CortexM0\ARM_GCC_493\Debug\input_Pin_2.o"
Deleting file ".\CortexM0\ARM_GCC_493\Debug\input_Pin_2_PM.o"
Deleting file ".\CortexM0\ARM_GCC_493\Debug\input_Pin_3.o"
Deleting file ".\CortexM0\ARM_GCC_493\Debug\input_Pin_3_PM.o"
Deleting file ".\CortexM0\ARM_GCC_493\Debug\Source_Pin_1.o"
Deleting file ".\CortexM0\ARM_GCC_493\Debug\Source_Pin_1_PM.o"
Deleting file ".\CortexM0\ARM_GCC_493\Debug\Sink_Pin_1.o"
Deleting file ".\CortexM0\ARM_GCC_493\Debug\Sink_Pin_1_PM.o"
Deleting file ".\CortexM0\ARM_GCC_493\Debug\Source_Pin_2.o"
Deleting file ".\CortexM0\ARM_GCC_493\Debug\Source_Pin_2_PM.o"
Deleting file ".\CortexM0\ARM_GCC_493\Debug\Sink_Pin_2.o"
Deleting file ".\CortexM0\ARM_GCC_493\Debug\Sink_Pin_2_PM.o"
Deleting file ".\CortexM0\ARM_GCC_493\Debug\Sink_Control.o"
Deleting file ".\CortexM0\ARM_GCC_493\Debug\Sink_Control_PM.o"
Deleting file ".\CortexM0\ARM_GCC_493\Debug\Source_Control.o"
Deleting file ".\CortexM0\ARM_GCC_493\Debug\Source_Control_PM.o"
Deleting file ".\CortexM0\ARM_GCC_493\Debug\Moisture_Sensor.hex"
Deleting file ".\CortexM0\ARM_GCC_493\Debug\Moisture_Sensor.elf"
Deleting file ".\CortexM0\ARM_GCC_493\Debug\Moisture_Sensor.map"
Deleting file ".\Moisture_Sensor.cycdx"
Deleting file ".\Moisture_Sensor.svd"
Deleting file ".\Moisture_Sensor.rpt"
Deleting file ".\Moisture_Sensor_timing.html"
Deleting file ".\CortexM0\ARM_GCC_493\Debug\.deps\SOURCE_C__ARM_GCC_GENERIC.P"
Deleting file ".\CortexM0\ARM_GCC_493\Debug\.deps\SOURCE_ASM__ARM_GCC_GENERIC.P"
--------------- Clean Succeeded: 01/02/2017 12:03:05 ---------------
