ARM GAS  C:\Users\glenn\AppData\Local\Temp\ccuxkIhv.s 			page 1


   1              		.cpu cortex-m0
   2              		.fpu softvfp
   3              		.eabi_attribute 20, 1
   4              		.eabi_attribute 21, 1
   5              		.eabi_attribute 23, 3
   6              		.eabi_attribute 24, 1
   7              		.eabi_attribute 25, 1
   8              		.eabi_attribute 26, 1
   9              		.eabi_attribute 30, 6
  10              		.eabi_attribute 34, 0
  11              		.eabi_attribute 18, 4
  12              		.code	16
  13              		.file	"configuration_data.c"
  14              		.text
  15              	.Ltext0:
  16              		.cfi_sections	.debug_frame
  17              		.comm	flash_result,4,4
  18              		.bss
  19              		.align	2
  20              	shaddow_row_data:
  21 0000 00000000 		.space	128
  21      00000000 
  21      00000000 
  21      00000000 
  21      00000000 
  22              		.align	2
  23              	configuration_data:
  24 0080 00000000 		.space	4
  25              		.section	.rodata
  26              		.align	2
  27              		.type	default_configuration_data, %object
  28              		.size	default_configuration_data, 32
  29              	default_configuration_data:
  30 0000 0102     		.short	513
  31 0002 2800     		.short	40
  32 0004 C000     		.short	192
  33 0006 0000     		.space	2
  34 0008 00281B46 		.word	1176184832
  35 000c FF00     		.short	255
  36 000e 0100     		.short	1
  37 0010 0000     		.short	0
  38 0012 0000     		.short	0
  39 0014 0000     		.short	0
  40 0016 0000     		.short	0
  41 0018 0000     		.short	0
  42 001a 0000     		.short	0
  43 001c 0000     		.short	0
  44 001e 0000     		.space	2
  45              		.section	.text.get_configuration_data,"ax",%progbits
  46              		.align	2
  47              		.global	get_configuration_data
  48              		.code	16
  49              		.thumb_func
  50              		.type	get_configuration_data, %function
  51              	get_configuration_data:
  52              	.LFB62:
  53              		.file 1 "configuration_data.c"
ARM GAS  C:\Users\glenn\AppData\Local\Temp\ccuxkIhv.s 			page 2


   1:configuration_data.c **** /*
   2:configuration_data.c **** **
   3:configuration_data.c **** **
   4:configuration_data.c **** ** File: configuration_data.c
   5:configuration_data.c **** **
   6:configuration_data.c **** **
   7:configuration_data.c **** **
   8:configuration_data.c **** */
   9:configuration_data.c **** 
  10:configuration_data.c **** 
  11:configuration_data.c **** #include "configuration_data.h"
  12:configuration_data.c **** 
  13:configuration_data.c **** #define CLOCK_FREQUENCY  40
  14:configuration_data.c **** #define CONFIGURATION_DEBUG 0
  15:configuration_data.c **** 
  16:configuration_data.c **** static int compute_crc( int length, uint8 *in);
  17:configuration_data.c **** static void append_crc( int out_length, uint8 *out_buffer);
  18:configuration_data.c **** static uint16 crc16( int buffer_length, uint8 *buffer );
  19:configuration_data.c **** 
  20:configuration_data.c **** #define CONFIGURATION_DATA_ROW  CY_FLASH_BASE + (CY_FLASH_NUMBER_ROWS-1)*CYDEV_FLS_ROW_SIZE
  21:configuration_data.c **** 
  22:configuration_data.c **** volatile  uint32 flash_result;
  23:configuration_data.c **** static uint8 shaddow_row_data[CYDEV_FLS_ROW_SIZE];
  24:configuration_data.c **** static CONFIGURATION_DATA *configuration_data;
  25:configuration_data.c **** static const CONFIGURATION_DATA default_configuration_data = 
  26:configuration_data.c **** {
  27:configuration_data.c ****      0x0201,
  28:configuration_data.c ****     {40,0xC0},
  29:configuration_data.c ****     9930., 
  30:configuration_data.c **** 
  31:configuration_data.c **** 
  32:configuration_data.c ****     0xff,  // 4 sensors
  33:configuration_data.c ****     {  RESISTOR, NOT_POPULATED, NOT_POPULATED,   NOT_POPULATED,NOT_POPULATED,NOT_POPULATED,NOT_POPU
  34:configuration_data.c ****      
  35:configuration_data.c **** };
  36:configuration_data.c **** 
  37:configuration_data.c **** CONFIGURATION_DATA *get_configuration_data( void )
  38:configuration_data.c **** {
  54              		.loc 1 38 0
  55              		.cfi_startproc
  56 0000 80B5     		push	{r7, lr}
  57              		.cfi_def_cfa_offset 8
  58              		.cfi_offset 7, -8
  59              		.cfi_offset 14, -4
  60 0002 00AF     		add	r7, sp, #0
  61              		.cfi_def_cfa_register 7
  39:configuration_data.c ****     return configuration_data;
  62              		.loc 1 39 0
  63 0004 024B     		ldr	r3, .L3
  64 0006 1B68     		ldr	r3, [r3]
  40:configuration_data.c **** }
  65              		.loc 1 40 0
  66 0008 181C     		mov	r0, r3
  67 000a BD46     		mov	sp, r7
  68              		@ sp needed
  69 000c 80BD     		pop	{r7, pc}
  70              	.L4:
ARM GAS  C:\Users\glenn\AppData\Local\Temp\ccuxkIhv.s 			page 3


  71 000e C046     		.align	2
  72              	.L3:
  73 0010 80000000 		.word	configuration_data
  74              		.cfi_endproc
  75              	.LFE62:
  76              		.size	get_configuration_data, .-get_configuration_data
  77              		.section	.text.initialize_configuration_data,"ax",%progbits
  78              		.align	2
  79              		.global	initialize_configuration_data
  80              		.code	16
  81              		.thumb_func
  82              		.type	initialize_configuration_data, %function
  83              	initialize_configuration_data:
  84              	.LFB63:
  41:configuration_data.c **** 
  42:configuration_data.c **** void initialize_configuration_data( void )
  43:configuration_data.c **** {
  85              		.loc 1 43 0
  86              		.cfi_startproc
  87 0000 80B5     		push	{r7, lr}
  88              		.cfi_def_cfa_offset 8
  89              		.cfi_offset 7, -8
  90              		.cfi_offset 14, -4
  91 0002 00AF     		add	r7, sp, #0
  92              		.cfi_def_cfa_register 7
  44:configuration_data.c **** #if CONFIGURATION_DEBUG
  45:configuration_data.c ****    restore_default_configuration_data();
  46:configuration_data.c **** #endif
  47:configuration_data.c ****    memcpy( shaddow_row_data, (void *) CONFIGURATION_DATA_ROW, sizeof(shaddow_row_data ));
  93              		.loc 1 47 0
  94 0004 0B4B     		ldr	r3, .L7
  95 0006 0C4A     		ldr	r2, .L7+4
  96 0008 191C     		mov	r1, r3
  97 000a 8023     		mov	r3, #128
  98 000c 081C     		mov	r0, r1
  99 000e 111C     		mov	r1, r2
 100 0010 1A1C     		mov	r2, r3
 101 0012 FFF7FEFF 		bl	memcpy
  48:configuration_data.c ****    if( compute_crc( CYDEV_FLS_ROW_SIZE, shaddow_row_data ) == 1 )
 102              		.loc 1 48 0
 103 0016 074B     		ldr	r3, .L7
 104 0018 8020     		mov	r0, #128
 105 001a 191C     		mov	r1, r3
 106 001c FFF7FEFF 		bl	compute_crc
 107 0020 031E     		sub	r3, r0, #0
 108 0022 012B     		cmp	r3, #1
 109 0024 01D0     		beq	.L6
  49:configuration_data.c ****    {
  50:configuration_data.c ****       ; // do nothing
  51:configuration_data.c ****    }
  52:configuration_data.c ****    else
  53:configuration_data.c ****    {
  54:configuration_data.c ****       restore_default_configuration_data();
 110              		.loc 1 54 0
 111 0026 FFF7FEFF 		bl	restore_default_configuration_data
 112              	.L6:
  55:configuration_data.c ****    }
ARM GAS  C:\Users\glenn\AppData\Local\Temp\ccuxkIhv.s 			page 4


  56:configuration_data.c ****    configuration_data = (CONFIGURATION_DATA *)shaddow_row_data;
 113              		.loc 1 56 0
 114 002a 044B     		ldr	r3, .L7+8
 115 002c 014A     		ldr	r2, .L7
 116 002e 1A60     		str	r2, [r3]
  57:configuration_data.c **** }
 117              		.loc 1 57 0
 118 0030 BD46     		mov	sp, r7
 119              		@ sp needed
 120 0032 80BD     		pop	{r7, pc}
 121              	.L8:
 122              		.align	2
 123              	.L7:
 124 0034 00000000 		.word	shaddow_row_data
 125 0038 80FF0100 		.word	130944
 126 003c 80000000 		.word	configuration_data
 127              		.cfi_endproc
 128              	.LFE63:
 129              		.size	initialize_configuration_data, .-initialize_configuration_data
 130              		.section	.text.restore_default_configuration_data,"ax",%progbits
 131              		.align	2
 132              		.global	restore_default_configuration_data
 133              		.code	16
 134              		.thumb_func
 135              		.type	restore_default_configuration_data, %function
 136              	restore_default_configuration_data:
 137              	.LFB64:
  58:configuration_data.c **** 
  59:configuration_data.c **** 
  60:configuration_data.c **** 
  61:configuration_data.c **** void restore_default_configuration_data( void )
  62:configuration_data.c **** {
 138              		.loc 1 62 0
 139              		.cfi_startproc
 140 0000 98B5     		push	{r3, r4, r7, lr}
 141              		.cfi_def_cfa_offset 16
 142              		.cfi_offset 3, -16
 143              		.cfi_offset 4, -12
 144              		.cfi_offset 7, -8
 145              		.cfi_offset 14, -4
 146 0002 00AF     		add	r7, sp, #0
 147              		.cfi_def_cfa_register 7
  63:configuration_data.c ****      memset( shaddow_row_data,  0, sizeof(shaddow_row_data ));
 148              		.loc 1 63 0
 149 0004 114B     		ldr	r3, .L10
 150 0006 181C     		mov	r0, r3
 151 0008 0021     		mov	r1, #0
 152 000a 8022     		mov	r2, #128
 153 000c FFF7FEFF 		bl	memset
  64:configuration_data.c ****      memcpy( shaddow_row_data, (void *) &default_configuration_data, sizeof(default_configuration_d
 154              		.loc 1 64 0
 155 0010 0E4B     		ldr	r3, .L10
 156 0012 0F4A     		ldr	r2, .L10+4
 157 0014 13CA     		ldmia	r2!, {r0, r1, r4}
 158 0016 13C3     		stmia	r3!, {r0, r1, r4}
 159 0018 13CA     		ldmia	r2!, {r0, r1, r4}
 160 001a 13C3     		stmia	r3!, {r0, r1, r4}
ARM GAS  C:\Users\glenn\AppData\Local\Temp\ccuxkIhv.s 			page 5


 161 001c 03CA     		ldmia	r2!, {r0, r1}
 162 001e 03C3     		stmia	r3!, {r0, r1}
  65:configuration_data.c ****      append_crc( CYDEV_FLS_ROW_SIZE-sizeof(uint16), shaddow_row_data );
 163              		.loc 1 65 0
 164 0020 0A4B     		ldr	r3, .L10
 165 0022 7E20     		mov	r0, #126
 166 0024 191C     		mov	r1, r3
 167 0026 FFF7FEFF 		bl	append_crc
  66:configuration_data.c ****      flash_result = CySysFlashWriteRow( CY_FLASH_NUMBER_ROWS-1, shaddow_row_data);
 168              		.loc 1 66 0
 169 002a 0A4A     		ldr	r2, .L10+8
 170 002c 074B     		ldr	r3, .L10
 171 002e 101C     		mov	r0, r2
 172 0030 191C     		mov	r1, r3
 173 0032 FFF7FEFF 		bl	CySysFlashWriteRow
 174 0036 021C     		mov	r2, r0
 175 0038 074B     		ldr	r3, .L10+12
 176 003a 1A60     		str	r2, [r3]
  67:configuration_data.c ****      CySysFlashSetWaitCycles(CLOCK_FREQUENCY);
 177              		.loc 1 67 0
 178 003c 2820     		mov	r0, #40
 179 003e FFF7FEFF 		bl	CySysFlashSetWaitCycles
  68:configuration_data.c ****      configuration_data = (CONFIGURATION_DATA *)shaddow_row_data;
 180              		.loc 1 68 0
 181 0042 064B     		ldr	r3, .L10+16
 182 0044 014A     		ldr	r2, .L10
 183 0046 1A60     		str	r2, [r3]
  69:configuration_data.c **** }
 184              		.loc 1 69 0
 185 0048 BD46     		mov	sp, r7
 186              		@ sp needed
 187 004a 98BD     		pop	{r3, r4, r7, pc}
 188              	.L11:
 189              		.align	2
 190              	.L10:
 191 004c 00000000 		.word	shaddow_row_data
 192 0050 00000000 		.word	default_configuration_data
 193 0054 FF030000 		.word	1023
 194 0058 00000000 		.word	flash_result
 195 005c 80000000 		.word	configuration_data
 196              		.cfi_endproc
 197              	.LFE64:
 198              		.size	restore_default_configuration_data, .-restore_default_configuration_data
 199              		.section	.text.store_configuration_data,"ax",%progbits
 200              		.align	2
 201              		.global	store_configuration_data
 202              		.code	16
 203              		.thumb_func
 204              		.type	store_configuration_data, %function
 205              	store_configuration_data:
 206              	.LFB65:
  70:configuration_data.c ****     
  71:configuration_data.c **** void store_configuration_data( void )
  72:configuration_data.c **** {
 207              		.loc 1 72 0
 208              		.cfi_startproc
 209 0000 90B5     		push	{r4, r7, lr}
ARM GAS  C:\Users\glenn\AppData\Local\Temp\ccuxkIhv.s 			page 6


 210              		.cfi_def_cfa_offset 12
 211              		.cfi_offset 4, -12
 212              		.cfi_offset 7, -8
 213              		.cfi_offset 14, -4
 214 0002 83B0     		sub	sp, sp, #12
 215              		.cfi_def_cfa_offset 24
 216 0004 00AF     		add	r7, sp, #0
 217              		.cfi_def_cfa_register 7
  73:configuration_data.c ****      uint8  criticalState;
  74:configuration_data.c ****      append_crc( CYDEV_FLS_ROW_SIZE-sizeof(uint16), shaddow_row_data );
 218              		.loc 1 74 0
 219 0006 104B     		ldr	r3, .L13
 220 0008 7E20     		mov	r0, #126
 221 000a 191C     		mov	r1, r3
 222 000c FFF7FEFF 		bl	append_crc
  75:configuration_data.c ****      criticalState = CyEnterCriticalSection();
 223              		.loc 1 75 0
 224 0010 FC1D     		add	r4, r7, #7
 225 0012 FFF7FEFF 		bl	CyEnterCriticalSection
 226 0016 031C     		mov	r3, r0
 227 0018 2370     		strb	r3, [r4]
  76:configuration_data.c ****      flash_result = CySysFlashWriteRow( CY_FLASH_NUMBER_ROWS-1, shaddow_row_data);
 228              		.loc 1 76 0
 229 001a 0C4A     		ldr	r2, .L13+4
 230 001c 0A4B     		ldr	r3, .L13
 231 001e 101C     		mov	r0, r2
 232 0020 191C     		mov	r1, r3
 233 0022 FFF7FEFF 		bl	CySysFlashWriteRow
 234 0026 021C     		mov	r2, r0
 235 0028 094B     		ldr	r3, .L13+8
 236 002a 1A60     		str	r2, [r3]
  77:configuration_data.c ****      CySysFlashSetWaitCycles(CLOCK_FREQUENCY);
 237              		.loc 1 77 0
 238 002c 2820     		mov	r0, #40
 239 002e FFF7FEFF 		bl	CySysFlashSetWaitCycles
  78:configuration_data.c ****      CyExitCriticalSection(criticalState);
 240              		.loc 1 78 0
 241 0032 FB1D     		add	r3, r7, #7
 242 0034 1B78     		ldrb	r3, [r3]
 243 0036 181C     		mov	r0, r3
 244 0038 FFF7FEFF 		bl	CyExitCriticalSection
  79:configuration_data.c ****      configuration_data = (CONFIGURATION_DATA *)shaddow_row_data;
 245              		.loc 1 79 0
 246 003c 054B     		ldr	r3, .L13+12
 247 003e 024A     		ldr	r2, .L13
 248 0040 1A60     		str	r2, [r3]
  80:configuration_data.c **** }
 249              		.loc 1 80 0
 250 0042 BD46     		mov	sp, r7
 251 0044 03B0     		add	sp, sp, #12
 252              		@ sp needed
 253 0046 90BD     		pop	{r4, r7, pc}
 254              	.L14:
 255              		.align	2
 256              	.L13:
 257 0048 00000000 		.word	shaddow_row_data
 258 004c FF030000 		.word	1023
ARM GAS  C:\Users\glenn\AppData\Local\Temp\ccuxkIhv.s 			page 7


 259 0050 00000000 		.word	flash_result
 260 0054 80000000 		.word	configuration_data
 261              		.cfi_endproc
 262              	.LFE65:
 263              		.size	store_configuration_data, .-store_configuration_data
 264              		.section	.rodata
 265              		.align	2
 266              		.type	table_crc_hi, %object
 267              		.size	table_crc_hi, 256
 268              	table_crc_hi:
 269 0020 00       		.byte	0
 270 0021 C1       		.byte	-63
 271 0022 81       		.byte	-127
 272 0023 40       		.byte	64
 273 0024 01       		.byte	1
 274 0025 C0       		.byte	-64
 275 0026 80       		.byte	-128
 276 0027 41       		.byte	65
 277 0028 01       		.byte	1
 278 0029 C0       		.byte	-64
 279 002a 80       		.byte	-128
 280 002b 41       		.byte	65
 281 002c 00       		.byte	0
 282 002d C1       		.byte	-63
 283 002e 81       		.byte	-127
 284 002f 40       		.byte	64
 285 0030 01       		.byte	1
 286 0031 C0       		.byte	-64
 287 0032 80       		.byte	-128
 288 0033 41       		.byte	65
 289 0034 00       		.byte	0
 290 0035 C1       		.byte	-63
 291 0036 81       		.byte	-127
 292 0037 40       		.byte	64
 293 0038 00       		.byte	0
 294 0039 C1       		.byte	-63
 295 003a 81       		.byte	-127
 296 003b 40       		.byte	64
 297 003c 01       		.byte	1
 298 003d C0       		.byte	-64
 299 003e 80       		.byte	-128
 300 003f 41       		.byte	65
 301 0040 01       		.byte	1
 302 0041 C0       		.byte	-64
 303 0042 80       		.byte	-128
 304 0043 41       		.byte	65
 305 0044 00       		.byte	0
 306 0045 C1       		.byte	-63
 307 0046 81       		.byte	-127
 308 0047 40       		.byte	64
 309 0048 00       		.byte	0
 310 0049 C1       		.byte	-63
 311 004a 81       		.byte	-127
 312 004b 40       		.byte	64
 313 004c 01       		.byte	1
 314 004d C0       		.byte	-64
 315 004e 80       		.byte	-128
ARM GAS  C:\Users\glenn\AppData\Local\Temp\ccuxkIhv.s 			page 8


 316 004f 41       		.byte	65
 317 0050 00       		.byte	0
 318 0051 C1       		.byte	-63
 319 0052 81       		.byte	-127
 320 0053 40       		.byte	64
 321 0054 01       		.byte	1
 322 0055 C0       		.byte	-64
 323 0056 80       		.byte	-128
 324 0057 41       		.byte	65
 325 0058 01       		.byte	1
 326 0059 C0       		.byte	-64
 327 005a 80       		.byte	-128
 328 005b 41       		.byte	65
 329 005c 00       		.byte	0
 330 005d C1       		.byte	-63
 331 005e 81       		.byte	-127
 332 005f 40       		.byte	64
 333 0060 01       		.byte	1
 334 0061 C0       		.byte	-64
 335 0062 80       		.byte	-128
 336 0063 41       		.byte	65
 337 0064 00       		.byte	0
 338 0065 C1       		.byte	-63
 339 0066 81       		.byte	-127
 340 0067 40       		.byte	64
 341 0068 00       		.byte	0
 342 0069 C1       		.byte	-63
 343 006a 81       		.byte	-127
 344 006b 40       		.byte	64
 345 006c 01       		.byte	1
 346 006d C0       		.byte	-64
 347 006e 80       		.byte	-128
 348 006f 41       		.byte	65
 349 0070 00       		.byte	0
 350 0071 C1       		.byte	-63
 351 0072 81       		.byte	-127
 352 0073 40       		.byte	64
 353 0074 01       		.byte	1
 354 0075 C0       		.byte	-64
 355 0076 80       		.byte	-128
 356 0077 41       		.byte	65
 357 0078 01       		.byte	1
 358 0079 C0       		.byte	-64
 359 007a 80       		.byte	-128
 360 007b 41       		.byte	65
 361 007c 00       		.byte	0
 362 007d C1       		.byte	-63
 363 007e 81       		.byte	-127
 364 007f 40       		.byte	64
 365 0080 00       		.byte	0
 366 0081 C1       		.byte	-63
 367 0082 81       		.byte	-127
 368 0083 40       		.byte	64
 369 0084 01       		.byte	1
 370 0085 C0       		.byte	-64
 371 0086 80       		.byte	-128
 372 0087 41       		.byte	65
ARM GAS  C:\Users\glenn\AppData\Local\Temp\ccuxkIhv.s 			page 9


 373 0088 01       		.byte	1
 374 0089 C0       		.byte	-64
 375 008a 80       		.byte	-128
 376 008b 41       		.byte	65
 377 008c 00       		.byte	0
 378 008d C1       		.byte	-63
 379 008e 81       		.byte	-127
 380 008f 40       		.byte	64
 381 0090 01       		.byte	1
 382 0091 C0       		.byte	-64
 383 0092 80       		.byte	-128
 384 0093 41       		.byte	65
 385 0094 00       		.byte	0
 386 0095 C1       		.byte	-63
 387 0096 81       		.byte	-127
 388 0097 40       		.byte	64
 389 0098 00       		.byte	0
 390 0099 C1       		.byte	-63
 391 009a 81       		.byte	-127
 392 009b 40       		.byte	64
 393 009c 01       		.byte	1
 394 009d C0       		.byte	-64
 395 009e 80       		.byte	-128
 396 009f 41       		.byte	65
 397 00a0 01       		.byte	1
 398 00a1 C0       		.byte	-64
 399 00a2 80       		.byte	-128
 400 00a3 41       		.byte	65
 401 00a4 00       		.byte	0
 402 00a5 C1       		.byte	-63
 403 00a6 81       		.byte	-127
 404 00a7 40       		.byte	64
 405 00a8 00       		.byte	0
 406 00a9 C1       		.byte	-63
 407 00aa 81       		.byte	-127
 408 00ab 40       		.byte	64
 409 00ac 01       		.byte	1
 410 00ad C0       		.byte	-64
 411 00ae 80       		.byte	-128
 412 00af 41       		.byte	65
 413 00b0 00       		.byte	0
 414 00b1 C1       		.byte	-63
 415 00b2 81       		.byte	-127
 416 00b3 40       		.byte	64
 417 00b4 01       		.byte	1
 418 00b5 C0       		.byte	-64
 419 00b6 80       		.byte	-128
 420 00b7 41       		.byte	65
 421 00b8 01       		.byte	1
 422 00b9 C0       		.byte	-64
 423 00ba 80       		.byte	-128
 424 00bb 41       		.byte	65
 425 00bc 00       		.byte	0
 426 00bd C1       		.byte	-63
 427 00be 81       		.byte	-127
 428 00bf 40       		.byte	64
 429 00c0 00       		.byte	0
ARM GAS  C:\Users\glenn\AppData\Local\Temp\ccuxkIhv.s 			page 10


 430 00c1 C1       		.byte	-63
 431 00c2 81       		.byte	-127
 432 00c3 40       		.byte	64
 433 00c4 01       		.byte	1
 434 00c5 C0       		.byte	-64
 435 00c6 80       		.byte	-128
 436 00c7 41       		.byte	65
 437 00c8 01       		.byte	1
 438 00c9 C0       		.byte	-64
 439 00ca 80       		.byte	-128
 440 00cb 41       		.byte	65
 441 00cc 00       		.byte	0
 442 00cd C1       		.byte	-63
 443 00ce 81       		.byte	-127
 444 00cf 40       		.byte	64
 445 00d0 01       		.byte	1
 446 00d1 C0       		.byte	-64
 447 00d2 80       		.byte	-128
 448 00d3 41       		.byte	65
 449 00d4 00       		.byte	0
 450 00d5 C1       		.byte	-63
 451 00d6 81       		.byte	-127
 452 00d7 40       		.byte	64
 453 00d8 00       		.byte	0
 454 00d9 C1       		.byte	-63
 455 00da 81       		.byte	-127
 456 00db 40       		.byte	64
 457 00dc 01       		.byte	1
 458 00dd C0       		.byte	-64
 459 00de 80       		.byte	-128
 460 00df 41       		.byte	65
 461 00e0 00       		.byte	0
 462 00e1 C1       		.byte	-63
 463 00e2 81       		.byte	-127
 464 00e3 40       		.byte	64
 465 00e4 01       		.byte	1
 466 00e5 C0       		.byte	-64
 467 00e6 80       		.byte	-128
 468 00e7 41       		.byte	65
 469 00e8 01       		.byte	1
 470 00e9 C0       		.byte	-64
 471 00ea 80       		.byte	-128
 472 00eb 41       		.byte	65
 473 00ec 00       		.byte	0
 474 00ed C1       		.byte	-63
 475 00ee 81       		.byte	-127
 476 00ef 40       		.byte	64
 477 00f0 01       		.byte	1
 478 00f1 C0       		.byte	-64
 479 00f2 80       		.byte	-128
 480 00f3 41       		.byte	65
 481 00f4 00       		.byte	0
 482 00f5 C1       		.byte	-63
 483 00f6 81       		.byte	-127
 484 00f7 40       		.byte	64
 485 00f8 00       		.byte	0
 486 00f9 C1       		.byte	-63
ARM GAS  C:\Users\glenn\AppData\Local\Temp\ccuxkIhv.s 			page 11


 487 00fa 81       		.byte	-127
 488 00fb 40       		.byte	64
 489 00fc 01       		.byte	1
 490 00fd C0       		.byte	-64
 491 00fe 80       		.byte	-128
 492 00ff 41       		.byte	65
 493 0100 01       		.byte	1
 494 0101 C0       		.byte	-64
 495 0102 80       		.byte	-128
 496 0103 41       		.byte	65
 497 0104 00       		.byte	0
 498 0105 C1       		.byte	-63
 499 0106 81       		.byte	-127
 500 0107 40       		.byte	64
 501 0108 00       		.byte	0
 502 0109 C1       		.byte	-63
 503 010a 81       		.byte	-127
 504 010b 40       		.byte	64
 505 010c 01       		.byte	1
 506 010d C0       		.byte	-64
 507 010e 80       		.byte	-128
 508 010f 41       		.byte	65
 509 0110 00       		.byte	0
 510 0111 C1       		.byte	-63
 511 0112 81       		.byte	-127
 512 0113 40       		.byte	64
 513 0114 01       		.byte	1
 514 0115 C0       		.byte	-64
 515 0116 80       		.byte	-128
 516 0117 41       		.byte	65
 517 0118 01       		.byte	1
 518 0119 C0       		.byte	-64
 519 011a 80       		.byte	-128
 520 011b 41       		.byte	65
 521 011c 00       		.byte	0
 522 011d C1       		.byte	-63
 523 011e 81       		.byte	-127
 524 011f 40       		.byte	64
 525              		.align	2
 526              		.type	table_crc_lo, %object
 527              		.size	table_crc_lo, 256
 528              	table_crc_lo:
 529 0120 00       		.byte	0
 530 0121 C0       		.byte	-64
 531 0122 C1       		.byte	-63
 532 0123 01       		.byte	1
 533 0124 C3       		.byte	-61
 534 0125 03       		.byte	3
 535 0126 02       		.byte	2
 536 0127 C2       		.byte	-62
 537 0128 C6       		.byte	-58
 538 0129 06       		.byte	6
 539 012a 07       		.byte	7
 540 012b C7       		.byte	-57
 541 012c 05       		.byte	5
 542 012d C5       		.byte	-59
 543 012e C4       		.byte	-60
ARM GAS  C:\Users\glenn\AppData\Local\Temp\ccuxkIhv.s 			page 12


 544 012f 04       		.byte	4
 545 0130 CC       		.byte	-52
 546 0131 0C       		.byte	12
 547 0132 0D       		.byte	13
 548 0133 CD       		.byte	-51
 549 0134 0F       		.byte	15
 550 0135 CF       		.byte	-49
 551 0136 CE       		.byte	-50
 552 0137 0E       		.byte	14
 553 0138 0A       		.byte	10
 554 0139 CA       		.byte	-54
 555 013a CB       		.byte	-53
 556 013b 0B       		.byte	11
 557 013c C9       		.byte	-55
 558 013d 09       		.byte	9
 559 013e 08       		.byte	8
 560 013f C8       		.byte	-56
 561 0140 D8       		.byte	-40
 562 0141 18       		.byte	24
 563 0142 19       		.byte	25
 564 0143 D9       		.byte	-39
 565 0144 1B       		.byte	27
 566 0145 DB       		.byte	-37
 567 0146 DA       		.byte	-38
 568 0147 1A       		.byte	26
 569 0148 1E       		.byte	30
 570 0149 DE       		.byte	-34
 571 014a DF       		.byte	-33
 572 014b 1F       		.byte	31
 573 014c DD       		.byte	-35
 574 014d 1D       		.byte	29
 575 014e 1C       		.byte	28
 576 014f DC       		.byte	-36
 577 0150 14       		.byte	20
 578 0151 D4       		.byte	-44
 579 0152 D5       		.byte	-43
 580 0153 15       		.byte	21
 581 0154 D7       		.byte	-41
 582 0155 17       		.byte	23
 583 0156 16       		.byte	22
 584 0157 D6       		.byte	-42
 585 0158 D2       		.byte	-46
 586 0159 12       		.byte	18
 587 015a 13       		.byte	19
 588 015b D3       		.byte	-45
 589 015c 11       		.byte	17
 590 015d D1       		.byte	-47
 591 015e D0       		.byte	-48
 592 015f 10       		.byte	16
 593 0160 F0       		.byte	-16
 594 0161 30       		.byte	48
 595 0162 31       		.byte	49
 596 0163 F1       		.byte	-15
 597 0164 33       		.byte	51
 598 0165 F3       		.byte	-13
 599 0166 F2       		.byte	-14
 600 0167 32       		.byte	50
ARM GAS  C:\Users\glenn\AppData\Local\Temp\ccuxkIhv.s 			page 13


 601 0168 36       		.byte	54
 602 0169 F6       		.byte	-10
 603 016a F7       		.byte	-9
 604 016b 37       		.byte	55
 605 016c F5       		.byte	-11
 606 016d 35       		.byte	53
 607 016e 34       		.byte	52
 608 016f F4       		.byte	-12
 609 0170 3C       		.byte	60
 610 0171 FC       		.byte	-4
 611 0172 FD       		.byte	-3
 612 0173 3D       		.byte	61
 613 0174 FF       		.byte	-1
 614 0175 3F       		.byte	63
 615 0176 3E       		.byte	62
 616 0177 FE       		.byte	-2
 617 0178 FA       		.byte	-6
 618 0179 3A       		.byte	58
 619 017a 3B       		.byte	59
 620 017b FB       		.byte	-5
 621 017c 39       		.byte	57
 622 017d F9       		.byte	-7
 623 017e F8       		.byte	-8
 624 017f 38       		.byte	56
 625 0180 28       		.byte	40
 626 0181 E8       		.byte	-24
 627 0182 E9       		.byte	-23
 628 0183 29       		.byte	41
 629 0184 EB       		.byte	-21
 630 0185 2B       		.byte	43
 631 0186 2A       		.byte	42
 632 0187 EA       		.byte	-22
 633 0188 EE       		.byte	-18
 634 0189 2E       		.byte	46
 635 018a 2F       		.byte	47
 636 018b EF       		.byte	-17
 637 018c 2D       		.byte	45
 638 018d ED       		.byte	-19
 639 018e EC       		.byte	-20
 640 018f 2C       		.byte	44
 641 0190 E4       		.byte	-28
 642 0191 24       		.byte	36
 643 0192 25       		.byte	37
 644 0193 E5       		.byte	-27
 645 0194 27       		.byte	39
 646 0195 E7       		.byte	-25
 647 0196 E6       		.byte	-26
 648 0197 26       		.byte	38
 649 0198 22       		.byte	34
 650 0199 E2       		.byte	-30
 651 019a E3       		.byte	-29
 652 019b 23       		.byte	35
 653 019c E1       		.byte	-31
 654 019d 21       		.byte	33
 655 019e 20       		.byte	32
 656 019f E0       		.byte	-32
 657 01a0 A0       		.byte	-96
ARM GAS  C:\Users\glenn\AppData\Local\Temp\ccuxkIhv.s 			page 14


 658 01a1 60       		.byte	96
 659 01a2 61       		.byte	97
 660 01a3 A1       		.byte	-95
 661 01a4 63       		.byte	99
 662 01a5 A3       		.byte	-93
 663 01a6 A2       		.byte	-94
 664 01a7 62       		.byte	98
 665 01a8 66       		.byte	102
 666 01a9 A6       		.byte	-90
 667 01aa A7       		.byte	-89
 668 01ab 67       		.byte	103
 669 01ac A5       		.byte	-91
 670 01ad 65       		.byte	101
 671 01ae 64       		.byte	100
 672 01af A4       		.byte	-92
 673 01b0 6C       		.byte	108
 674 01b1 AC       		.byte	-84
 675 01b2 AD       		.byte	-83
 676 01b3 6D       		.byte	109
 677 01b4 AF       		.byte	-81
 678 01b5 6F       		.byte	111
 679 01b6 6E       		.byte	110
 680 01b7 AE       		.byte	-82
 681 01b8 AA       		.byte	-86
 682 01b9 6A       		.byte	106
 683 01ba 6B       		.byte	107
 684 01bb AB       		.byte	-85
 685 01bc 69       		.byte	105
 686 01bd A9       		.byte	-87
 687 01be A8       		.byte	-88
 688 01bf 68       		.byte	104
 689 01c0 78       		.byte	120
 690 01c1 B8       		.byte	-72
 691 01c2 B9       		.byte	-71
 692 01c3 79       		.byte	121
 693 01c4 BB       		.byte	-69
 694 01c5 7B       		.byte	123
 695 01c6 7A       		.byte	122
 696 01c7 BA       		.byte	-70
 697 01c8 BE       		.byte	-66
 698 01c9 7E       		.byte	126
 699 01ca 7F       		.byte	127
 700 01cb BF       		.byte	-65
 701 01cc 7D       		.byte	125
 702 01cd BD       		.byte	-67
 703 01ce BC       		.byte	-68
 704 01cf 7C       		.byte	124
 705 01d0 B4       		.byte	-76
 706 01d1 74       		.byte	116
 707 01d2 75       		.byte	117
 708 01d3 B5       		.byte	-75
 709 01d4 77       		.byte	119
 710 01d5 B7       		.byte	-73
 711 01d6 B6       		.byte	-74
 712 01d7 76       		.byte	118
 713 01d8 72       		.byte	114
 714 01d9 B2       		.byte	-78
ARM GAS  C:\Users\glenn\AppData\Local\Temp\ccuxkIhv.s 			page 15


 715 01da B3       		.byte	-77
 716 01db 73       		.byte	115
 717 01dc B1       		.byte	-79
 718 01dd 71       		.byte	113
 719 01de 70       		.byte	112
 720 01df B0       		.byte	-80
 721 01e0 50       		.byte	80
 722 01e1 90       		.byte	-112
 723 01e2 91       		.byte	-111
 724 01e3 51       		.byte	81
 725 01e4 93       		.byte	-109
 726 01e5 53       		.byte	83
 727 01e6 52       		.byte	82
 728 01e7 92       		.byte	-110
 729 01e8 96       		.byte	-106
 730 01e9 56       		.byte	86
 731 01ea 57       		.byte	87
 732 01eb 97       		.byte	-105
 733 01ec 55       		.byte	85
 734 01ed 95       		.byte	-107
 735 01ee 94       		.byte	-108
 736 01ef 54       		.byte	84
 737 01f0 9C       		.byte	-100
 738 01f1 5C       		.byte	92
 739 01f2 5D       		.byte	93
 740 01f3 9D       		.byte	-99
 741 01f4 5F       		.byte	95
 742 01f5 9F       		.byte	-97
 743 01f6 9E       		.byte	-98
 744 01f7 5E       		.byte	94
 745 01f8 5A       		.byte	90
 746 01f9 9A       		.byte	-102
 747 01fa 9B       		.byte	-101
 748 01fb 5B       		.byte	91
 749 01fc 99       		.byte	-103
 750 01fd 59       		.byte	89
 751 01fe 58       		.byte	88
 752 01ff 98       		.byte	-104
 753 0200 88       		.byte	-120
 754 0201 48       		.byte	72
 755 0202 49       		.byte	73
 756 0203 89       		.byte	-119
 757 0204 4B       		.byte	75
 758 0205 8B       		.byte	-117
 759 0206 8A       		.byte	-118
 760 0207 4A       		.byte	74
 761 0208 4E       		.byte	78
 762 0209 8E       		.byte	-114
 763 020a 8F       		.byte	-113
 764 020b 4F       		.byte	79
 765 020c 8D       		.byte	-115
 766 020d 4D       		.byte	77
 767 020e 4C       		.byte	76
 768 020f 8C       		.byte	-116
 769 0210 44       		.byte	68
 770 0211 84       		.byte	-124
 771 0212 85       		.byte	-123
ARM GAS  C:\Users\glenn\AppData\Local\Temp\ccuxkIhv.s 			page 16


 772 0213 45       		.byte	69
 773 0214 87       		.byte	-121
 774 0215 47       		.byte	71
 775 0216 46       		.byte	70
 776 0217 86       		.byte	-122
 777 0218 82       		.byte	-126
 778 0219 42       		.byte	66
 779 021a 43       		.byte	67
 780 021b 83       		.byte	-125
 781 021c 41       		.byte	65
 782 021d 81       		.byte	-127
 783 021e 80       		.byte	-128
 784 021f 40       		.byte	64
 785              		.section	.text.compute_crc,"ax",%progbits
 786              		.align	2
 787              		.code	16
 788              		.thumb_func
 789              		.type	compute_crc, %function
 790              	compute_crc:
 791              	.LFB66:
  81:configuration_data.c **** 
  82:configuration_data.c **** 
  83:configuration_data.c **** /* Table of CRC values for high-order byte */
  84:configuration_data.c **** static const uint8_t table_crc_hi[] = {
  85:configuration_data.c ****     0x00, 0xC1, 0x81, 0x40, 0x01, 0xC0, 0x80, 0x41, 0x01, 0xC0,
  86:configuration_data.c ****     0x80, 0x41, 0x00, 0xC1, 0x81, 0x40, 0x01, 0xC0, 0x80, 0x41,
  87:configuration_data.c ****     0x00, 0xC1, 0x81, 0x40, 0x00, 0xC1, 0x81, 0x40, 0x01, 0xC0,
  88:configuration_data.c ****     0x80, 0x41, 0x01, 0xC0, 0x80, 0x41, 0x00, 0xC1, 0x81, 0x40,
  89:configuration_data.c ****     0x00, 0xC1, 0x81, 0x40, 0x01, 0xC0, 0x80, 0x41, 0x00, 0xC1,
  90:configuration_data.c ****     0x81, 0x40, 0x01, 0xC0, 0x80, 0x41, 0x01, 0xC0, 0x80, 0x41,
  91:configuration_data.c ****     0x00, 0xC1, 0x81, 0x40, 0x01, 0xC0, 0x80, 0x41, 0x00, 0xC1,
  92:configuration_data.c ****     0x81, 0x40, 0x00, 0xC1, 0x81, 0x40, 0x01, 0xC0, 0x80, 0x41,
  93:configuration_data.c ****     0x00, 0xC1, 0x81, 0x40, 0x01, 0xC0, 0x80, 0x41, 0x01, 0xC0,
  94:configuration_data.c ****     0x80, 0x41, 0x00, 0xC1, 0x81, 0x40, 0x00, 0xC1, 0x81, 0x40,
  95:configuration_data.c ****     0x01, 0xC0, 0x80, 0x41, 0x01, 0xC0, 0x80, 0x41, 0x00, 0xC1,
  96:configuration_data.c ****     0x81, 0x40, 0x01, 0xC0, 0x80, 0x41, 0x00, 0xC1, 0x81, 0x40,
  97:configuration_data.c ****     0x00, 0xC1, 0x81, 0x40, 0x01, 0xC0, 0x80, 0x41, 0x01, 0xC0,
  98:configuration_data.c ****     0x80, 0x41, 0x00, 0xC1, 0x81, 0x40, 0x00, 0xC1, 0x81, 0x40,
  99:configuration_data.c ****     0x01, 0xC0, 0x80, 0x41, 0x00, 0xC1, 0x81, 0x40, 0x01, 0xC0,
 100:configuration_data.c ****     0x80, 0x41, 0x01, 0xC0, 0x80, 0x41, 0x00, 0xC1, 0x81, 0x40,
 101:configuration_data.c ****     0x00, 0xC1, 0x81, 0x40, 0x01, 0xC0, 0x80, 0x41, 0x01, 0xC0,
 102:configuration_data.c ****     0x80, 0x41, 0x00, 0xC1, 0x81, 0x40, 0x01, 0xC0, 0x80, 0x41,
 103:configuration_data.c ****     0x00, 0xC1, 0x81, 0x40, 0x00, 0xC1, 0x81, 0x40, 0x01, 0xC0,
 104:configuration_data.c ****     0x80, 0x41, 0x00, 0xC1, 0x81, 0x40, 0x01, 0xC0, 0x80, 0x41,
 105:configuration_data.c ****     0x01, 0xC0, 0x80, 0x41, 0x00, 0xC1, 0x81, 0x40, 0x01, 0xC0,
 106:configuration_data.c ****     0x80, 0x41, 0x00, 0xC1, 0x81, 0x40, 0x00, 0xC1, 0x81, 0x40,
 107:configuration_data.c ****     0x01, 0xC0, 0x80, 0x41, 0x01, 0xC0, 0x80, 0x41, 0x00, 0xC1,
 108:configuration_data.c ****     0x81, 0x40, 0x00, 0xC1, 0x81, 0x40, 0x01, 0xC0, 0x80, 0x41,
 109:configuration_data.c ****     0x00, 0xC1, 0x81, 0x40, 0x01, 0xC0, 0x80, 0x41, 0x01, 0xC0,
 110:configuration_data.c ****     0x80, 0x41, 0x00, 0xC1, 0x81, 0x40
 111:configuration_data.c **** };
 112:configuration_data.c **** 
 113:configuration_data.c **** /* Table of CRC values for low-order byte */
 114:configuration_data.c **** static const uint8_t table_crc_lo[] = {
 115:configuration_data.c ****     0x00, 0xC0, 0xC1, 0x01, 0xC3, 0x03, 0x02, 0xC2, 0xC6, 0x06,
 116:configuration_data.c ****     0x07, 0xC7, 0x05, 0xC5, 0xC4, 0x04, 0xCC, 0x0C, 0x0D, 0xCD,
 117:configuration_data.c ****     0x0F, 0xCF, 0xCE, 0x0E, 0x0A, 0xCA, 0xCB, 0x0B, 0xC9, 0x09,
ARM GAS  C:\Users\glenn\AppData\Local\Temp\ccuxkIhv.s 			page 17


 118:configuration_data.c ****     0x08, 0xC8, 0xD8, 0x18, 0x19, 0xD9, 0x1B, 0xDB, 0xDA, 0x1A,
 119:configuration_data.c ****     0x1E, 0xDE, 0xDF, 0x1F, 0xDD, 0x1D, 0x1C, 0xDC, 0x14, 0xD4,
 120:configuration_data.c ****     0xD5, 0x15, 0xD7, 0x17, 0x16, 0xD6, 0xD2, 0x12, 0x13, 0xD3,
 121:configuration_data.c ****     0x11, 0xD1, 0xD0, 0x10, 0xF0, 0x30, 0x31, 0xF1, 0x33, 0xF3,
 122:configuration_data.c ****     0xF2, 0x32, 0x36, 0xF6, 0xF7, 0x37, 0xF5, 0x35, 0x34, 0xF4,
 123:configuration_data.c ****     0x3C, 0xFC, 0xFD, 0x3D, 0xFF, 0x3F, 0x3E, 0xFE, 0xFA, 0x3A,
 124:configuration_data.c ****     0x3B, 0xFB, 0x39, 0xF9, 0xF8, 0x38, 0x28, 0xE8, 0xE9, 0x29,
 125:configuration_data.c ****     0xEB, 0x2B, 0x2A, 0xEA, 0xEE, 0x2E, 0x2F, 0xEF, 0x2D, 0xED,
 126:configuration_data.c ****     0xEC, 0x2C, 0xE4, 0x24, 0x25, 0xE5, 0x27, 0xE7, 0xE6, 0x26,
 127:configuration_data.c ****     0x22, 0xE2, 0xE3, 0x23, 0xE1, 0x21, 0x20, 0xE0, 0xA0, 0x60,
 128:configuration_data.c ****     0x61, 0xA1, 0x63, 0xA3, 0xA2, 0x62, 0x66, 0xA6, 0xA7, 0x67,
 129:configuration_data.c ****     0xA5, 0x65, 0x64, 0xA4, 0x6C, 0xAC, 0xAD, 0x6D, 0xAF, 0x6F,
 130:configuration_data.c ****     0x6E, 0xAE, 0xAA, 0x6A, 0x6B, 0xAB, 0x69, 0xA9, 0xA8, 0x68,
 131:configuration_data.c ****     0x78, 0xB8, 0xB9, 0x79, 0xBB, 0x7B, 0x7A, 0xBA, 0xBE, 0x7E,
 132:configuration_data.c ****     0x7F, 0xBF, 0x7D, 0xBD, 0xBC, 0x7C, 0xB4, 0x74, 0x75, 0xB5,
 133:configuration_data.c ****     0x77, 0xB7, 0xB6, 0x76, 0x72, 0xB2, 0xB3, 0x73, 0xB1, 0x71,
 134:configuration_data.c ****     0x70, 0xB0, 0x50, 0x90, 0x91, 0x51, 0x93, 0x53, 0x52, 0x92,
 135:configuration_data.c ****     0x96, 0x56, 0x57, 0x97, 0x55, 0x95, 0x94, 0x54, 0x9C, 0x5C,
 136:configuration_data.c ****     0x5D, 0x9D, 0x5F, 0x9F, 0x9E, 0x5E, 0x5A, 0x9A, 0x9B, 0x5B,
 137:configuration_data.c ****     0x99, 0x59, 0x58, 0x98, 0x88, 0x48, 0x49, 0x89, 0x4B, 0x8B,
 138:configuration_data.c ****     0x8A, 0x4A, 0x4E, 0x8E, 0x8F, 0x4F, 0x8D, 0x4D, 0x4C, 0x8C,
 139:configuration_data.c ****     0x44, 0x84, 0x85, 0x45, 0x87, 0x47, 0x46, 0x86, 0x82, 0x42,
 140:configuration_data.c ****     0x43, 0x83, 0x41, 0x81, 0x80, 0x40
 141:configuration_data.c **** };
 142:configuration_data.c **** 
 143:configuration_data.c **** 
 144:configuration_data.c **** 
 145:configuration_data.c **** static int compute_crc( int length, uint8 *in)
 146:configuration_data.c **** {
 792              		.loc 1 146 0
 793              		.cfi_startproc
 794 0000 90B5     		push	{r4, r7, lr}
 795              		.cfi_def_cfa_offset 12
 796              		.cfi_offset 4, -12
 797              		.cfi_offset 7, -8
 798              		.cfi_offset 14, -4
 799 0002 85B0     		sub	sp, sp, #20
 800              		.cfi_def_cfa_offset 32
 801 0004 00AF     		add	r7, sp, #0
 802              		.cfi_def_cfa_register 7
 803 0006 7860     		str	r0, [r7, #4]
 804 0008 3960     		str	r1, [r7]
 147:configuration_data.c ****    uint16 crc_calculated;
 148:configuration_data.c ****    uint16 crc_received;
 149:configuration_data.c ****    int    status;
 150:configuration_data.c ****     
 151:configuration_data.c ****    crc_calculated = crc16(length-2, in);
 805              		.loc 1 151 0
 806 000a 7B68     		ldr	r3, [r7, #4]
 807 000c 9A1E     		sub	r2, r3, #2
 808 000e 0A23     		mov	r3, #10
 809 0010 FC18     		add	r4, r7, r3
 810 0012 3B68     		ldr	r3, [r7]
 811 0014 101C     		mov	r0, r2
 812 0016 191C     		mov	r1, r3
 813 0018 FFF7FEFF 		bl	crc16
 814 001c 031C     		mov	r3, r0
ARM GAS  C:\Users\glenn\AppData\Local\Temp\ccuxkIhv.s 			page 18


 815 001e 2380     		strh	r3, [r4]
 152:configuration_data.c ****    crc_received = ( in[length - 2] << 8) | in[length - 1];
 816              		.loc 1 152 0
 817 0020 7B68     		ldr	r3, [r7, #4]
 818 0022 023B     		sub	r3, r3, #2
 819 0024 3A68     		ldr	r2, [r7]
 820 0026 D318     		add	r3, r2, r3
 821 0028 1B78     		ldrb	r3, [r3]
 822 002a 1B02     		lsl	r3, r3, #8
 823 002c 99B2     		uxth	r1, r3
 824 002e 7B68     		ldr	r3, [r7, #4]
 825 0030 013B     		sub	r3, r3, #1
 826 0032 3A68     		ldr	r2, [r7]
 827 0034 D318     		add	r3, r2, r3
 828 0036 1B78     		ldrb	r3, [r3]
 829 0038 9BB2     		uxth	r3, r3
 830 003a 0A1C     		add	r2, r1, #0
 831 003c 1343     		orr	r3, r2
 832 003e 9AB2     		uxth	r2, r3
 833 0040 0823     		mov	r3, #8
 834 0042 FB18     		add	r3, r7, r3
 835 0044 1A80     		strh	r2, [r3]
 153:configuration_data.c **** 
 154:configuration_data.c ****     /* Check CRC of msg */
 155:configuration_data.c ****     if (crc_calculated == crc_received) 
 836              		.loc 1 155 0
 837 0046 0A23     		mov	r3, #10
 838 0048 FA18     		add	r2, r7, r3
 839 004a 0823     		mov	r3, #8
 840 004c FB18     		add	r3, r7, r3
 841 004e 1288     		ldrh	r2, [r2]
 842 0050 1B88     		ldrh	r3, [r3]
 843 0052 9A42     		cmp	r2, r3
 844 0054 02D1     		bne	.L16
 156:configuration_data.c ****     {
 157:configuration_data.c ****         status = 1;
 845              		.loc 1 157 0
 846 0056 0123     		mov	r3, #1
 847 0058 FB60     		str	r3, [r7, #12]
 848 005a 01E0     		b	.L17
 849              	.L16:
 158:configuration_data.c ****     }
 159:configuration_data.c ****     else
 160:configuration_data.c ****     {
 161:configuration_data.c ****         status = 0;
 850              		.loc 1 161 0
 851 005c 0023     		mov	r3, #0
 852 005e FB60     		str	r3, [r7, #12]
 853              	.L17:
 162:configuration_data.c ****     }    
 163:configuration_data.c ****     return status;
 854              		.loc 1 163 0
 855 0060 FB68     		ldr	r3, [r7, #12]
 164:configuration_data.c **** }
 856              		.loc 1 164 0
 857 0062 181C     		mov	r0, r3
 858 0064 BD46     		mov	sp, r7
ARM GAS  C:\Users\glenn\AppData\Local\Temp\ccuxkIhv.s 			page 19


 859 0066 05B0     		add	sp, sp, #20
 860              		@ sp needed
 861 0068 90BD     		pop	{r4, r7, pc}
 862              		.cfi_endproc
 863              	.LFE66:
 864              		.size	compute_crc, .-compute_crc
 865 006a C046     		.section	.text.append_crc,"ax",%progbits
 866              		.align	2
 867              		.code	16
 868              		.thumb_func
 869              		.type	append_crc, %function
 870              	append_crc:
 871              	.LFB67:
 165:configuration_data.c **** 
 166:configuration_data.c **** 
 167:configuration_data.c **** static void append_crc( int out_length, uint8 *out_buffer)
 168:configuration_data.c **** {
 872              		.loc 1 168 0
 873              		.cfi_startproc
 874 0000 90B5     		push	{r4, r7, lr}
 875              		.cfi_def_cfa_offset 12
 876              		.cfi_offset 4, -12
 877              		.cfi_offset 7, -8
 878              		.cfi_offset 14, -4
 879 0002 85B0     		sub	sp, sp, #20
 880              		.cfi_def_cfa_offset 32
 881 0004 00AF     		add	r7, sp, #0
 882              		.cfi_def_cfa_register 7
 883 0006 7860     		str	r0, [r7, #4]
 884 0008 3960     		str	r1, [r7]
 169:configuration_data.c ****     uint16 crc;
 170:configuration_data.c ****     crc = crc16( out_length, out_buffer);
 885              		.loc 1 170 0
 886 000a 0E23     		mov	r3, #14
 887 000c FC18     		add	r4, r7, r3
 888 000e 7A68     		ldr	r2, [r7, #4]
 889 0010 3B68     		ldr	r3, [r7]
 890 0012 101C     		mov	r0, r2
 891 0014 191C     		mov	r1, r3
 892 0016 FFF7FEFF 		bl	crc16
 893 001a 031C     		mov	r3, r0
 894 001c 2380     		strh	r3, [r4]
 171:configuration_data.c ****     out_buffer[out_length++] = crc >> 8;
 895              		.loc 1 171 0
 896 001e 7B68     		ldr	r3, [r7, #4]
 897 0020 5A1C     		add	r2, r3, #1
 898 0022 7A60     		str	r2, [r7, #4]
 899 0024 1A1C     		mov	r2, r3
 900 0026 3B68     		ldr	r3, [r7]
 901 0028 9B18     		add	r3, r3, r2
 902 002a 0E22     		mov	r2, #14
 903 002c BA18     		add	r2, r7, r2
 904 002e 1288     		ldrh	r2, [r2]
 905 0030 120A     		lsr	r2, r2, #8
 906 0032 92B2     		uxth	r2, r2
 907 0034 D2B2     		uxtb	r2, r2
 908 0036 1A70     		strb	r2, [r3]
ARM GAS  C:\Users\glenn\AppData\Local\Temp\ccuxkIhv.s 			page 20


 172:configuration_data.c ****     out_buffer[out_length++] = crc & 0x00FF;
 909              		.loc 1 172 0
 910 0038 7B68     		ldr	r3, [r7, #4]
 911 003a 5A1C     		add	r2, r3, #1
 912 003c 7A60     		str	r2, [r7, #4]
 913 003e 1A1C     		mov	r2, r3
 914 0040 3B68     		ldr	r3, [r7]
 915 0042 9B18     		add	r3, r3, r2
 916 0044 0E22     		mov	r2, #14
 917 0046 BA18     		add	r2, r7, r2
 918 0048 1288     		ldrh	r2, [r2]
 919 004a D2B2     		uxtb	r2, r2
 920 004c 1A70     		strb	r2, [r3]
 173:configuration_data.c **** }    
 921              		.loc 1 173 0
 922 004e BD46     		mov	sp, r7
 923 0050 05B0     		add	sp, sp, #20
 924              		@ sp needed
 925 0052 90BD     		pop	{r4, r7, pc}
 926              		.cfi_endproc
 927              	.LFE67:
 928              		.size	append_crc, .-append_crc
 929              		.section	.text.crc16,"ax",%progbits
 930              		.align	2
 931              		.code	16
 932              		.thumb_func
 933              		.type	crc16, %function
 934              	crc16:
 935              	.LFB68:
 174:configuration_data.c **** 
 175:configuration_data.c **** static uint16 crc16( int buffer_length, uint8 *buffer )
 176:configuration_data.c **** {
 936              		.loc 1 176 0
 937              		.cfi_startproc
 938 0000 80B5     		push	{r7, lr}
 939              		.cfi_def_cfa_offset 8
 940              		.cfi_offset 7, -8
 941              		.cfi_offset 14, -4
 942 0002 84B0     		sub	sp, sp, #16
 943              		.cfi_def_cfa_offset 24
 944 0004 00AF     		add	r7, sp, #0
 945              		.cfi_def_cfa_register 7
 946 0006 7860     		str	r0, [r7, #4]
 947 0008 3960     		str	r1, [r7]
 177:configuration_data.c ****     uint8 crc_hi = 0xFF; /* high CRC byte initialized */
 948              		.loc 1 177 0
 949 000a 0F23     		mov	r3, #15
 950 000c FB18     		add	r3, r7, r3
 951 000e FF22     		mov	r2, #255
 952 0010 1A70     		strb	r2, [r3]
 178:configuration_data.c ****     uint8 crc_lo = 0xFF; /* low CRC byte initialized */
 953              		.loc 1 178 0
 954 0012 0E23     		mov	r3, #14
 955 0014 FB18     		add	r3, r7, r3
 956 0016 FF22     		mov	r2, #255
 957 0018 1A70     		strb	r2, [r3]
 179:configuration_data.c ****     unsigned i; /* will index into CRC lookup */
ARM GAS  C:\Users\glenn\AppData\Local\Temp\ccuxkIhv.s 			page 21


 180:configuration_data.c **** 
 181:configuration_data.c ****     /* pass through message buffer */
 182:configuration_data.c ****     while (buffer_length--) {
 958              		.loc 1 182 0
 959 001a 1BE0     		b	.L21
 960              	.L22:
 183:configuration_data.c ****         i = crc_hi ^ *buffer++; /* calculate the CRC  */
 961              		.loc 1 183 0
 962 001c 3B68     		ldr	r3, [r7]
 963 001e 5A1C     		add	r2, r3, #1
 964 0020 3A60     		str	r2, [r7]
 965 0022 1A78     		ldrb	r2, [r3]
 966 0024 0F23     		mov	r3, #15
 967 0026 FB18     		add	r3, r7, r3
 968 0028 1B78     		ldrb	r3, [r3]
 969 002a 5340     		eor	r3, r2
 970 002c DBB2     		uxtb	r3, r3
 971 002e BB60     		str	r3, [r7, #8]
 184:configuration_data.c ****         crc_hi = crc_lo ^ table_crc_hi[i];
 972              		.loc 1 184 0
 973 0030 134A     		ldr	r2, .L24
 974 0032 BB68     		ldr	r3, [r7, #8]
 975 0034 D318     		add	r3, r2, r3
 976 0036 1978     		ldrb	r1, [r3]
 977 0038 0F23     		mov	r3, #15
 978 003a FB18     		add	r3, r7, r3
 979 003c 0E22     		mov	r2, #14
 980 003e BA18     		add	r2, r7, r2
 981 0040 1278     		ldrb	r2, [r2]
 982 0042 4A40     		eor	r2, r1
 983 0044 1A70     		strb	r2, [r3]
 185:configuration_data.c ****         crc_lo = table_crc_lo[i];
 984              		.loc 1 185 0
 985 0046 0E23     		mov	r3, #14
 986 0048 FB18     		add	r3, r7, r3
 987 004a 0E49     		ldr	r1, .L24+4
 988 004c BA68     		ldr	r2, [r7, #8]
 989 004e 8A18     		add	r2, r1, r2
 990 0050 1278     		ldrb	r2, [r2]
 991 0052 1A70     		strb	r2, [r3]
 992              	.L21:
 182:configuration_data.c ****         i = crc_hi ^ *buffer++; /* calculate the CRC  */
 993              		.loc 1 182 0
 994 0054 7B68     		ldr	r3, [r7, #4]
 995 0056 5A1E     		sub	r2, r3, #1
 996 0058 7A60     		str	r2, [r7, #4]
 997 005a 002B     		cmp	r3, #0
 998 005c DED1     		bne	.L22
 186:configuration_data.c ****     }
 187:configuration_data.c **** 
 188:configuration_data.c ****     return (crc_hi << 8 | crc_lo);
 999              		.loc 1 188 0
 1000 005e 0F23     		mov	r3, #15
 1001 0060 FB18     		add	r3, r7, r3
 1002 0062 1B78     		ldrb	r3, [r3]
 1003 0064 1B02     		lsl	r3, r3, #8
 1004 0066 9AB2     		uxth	r2, r3
ARM GAS  C:\Users\glenn\AppData\Local\Temp\ccuxkIhv.s 			page 22


 1005 0068 0E23     		mov	r3, #14
 1006 006a FB18     		add	r3, r7, r3
 1007 006c 1B78     		ldrb	r3, [r3]
 1008 006e 9BB2     		uxth	r3, r3
 1009 0070 1343     		orr	r3, r2
 1010 0072 9BB2     		uxth	r3, r3
 1011 0074 9BB2     		uxth	r3, r3
 189:configuration_data.c **** }
 1012              		.loc 1 189 0
 1013 0076 181C     		mov	r0, r3
 1014 0078 BD46     		mov	sp, r7
 1015 007a 04B0     		add	sp, sp, #16
 1016              		@ sp needed
 1017 007c 80BD     		pop	{r7, pc}
 1018              	.L25:
 1019 007e C046     		.align	2
 1020              	.L24:
 1021 0080 20000000 		.word	table_crc_hi
 1022 0084 20010000 		.word	table_crc_lo
 1023              		.cfi_endproc
 1024              	.LFE68:
 1025              		.size	crc16, .-crc16
 1026              		.text
 1027              	.Letext0:
 1028              		.file 2 "c:\\program files (x86)\\cypress\\psoc creator\\4.0\\psoc creator\\import\\gnu\\arm\\4.9.
 1029              		.file 3 "c:\\program files (x86)\\cypress\\psoc creator\\4.0\\psoc creator\\import\\gnu\\arm\\4.9.
 1030              		.file 4 "Generated_Source\\PSoC4/cytypes.h"
 1031              		.file 5 "configuration_data.h"
 1032              		.section	.debug_info,"",%progbits
 1033              	.Ldebug_info0:
 1034 0000 47030000 		.4byte	0x347
 1035 0004 0400     		.2byte	0x4
 1036 0006 00000000 		.4byte	.Ldebug_abbrev0
 1037 000a 04       		.byte	0x4
 1038 000b 01       		.uleb128 0x1
 1039 000c 69010000 		.4byte	.LASF47
 1040 0010 01       		.byte	0x1
 1041 0011 B7020000 		.4byte	.LASF48
 1042 0015 CC020000 		.4byte	.LASF49
 1043 0019 00000000 		.4byte	.Ldebug_ranges0+0
 1044 001d 00000000 		.4byte	0
 1045 0021 00000000 		.4byte	.Ldebug_line0
 1046 0025 02       		.uleb128 0x2
 1047 0026 01       		.byte	0x1
 1048 0027 06       		.byte	0x6
 1049 0028 77030000 		.4byte	.LASF0
 1050 002c 03       		.uleb128 0x3
 1051 002d 0D000000 		.4byte	.LASF9
 1052 0031 02       		.byte	0x2
 1053 0032 1D       		.byte	0x1d
 1054 0033 37000000 		.4byte	0x37
 1055 0037 02       		.uleb128 0x2
 1056 0038 01       		.byte	0x1
 1057 0039 08       		.byte	0x8
 1058 003a 30010000 		.4byte	.LASF1
 1059 003e 02       		.uleb128 0x2
 1060 003f 02       		.byte	0x2
ARM GAS  C:\Users\glenn\AppData\Local\Temp\ccuxkIhv.s 			page 23


 1061 0040 05       		.byte	0x5
 1062 0041 5F010000 		.4byte	.LASF2
 1063 0045 02       		.uleb128 0x2
 1064 0046 02       		.byte	0x2
 1065 0047 07       		.byte	0x7
 1066 0048 E2000000 		.4byte	.LASF3
 1067 004c 02       		.uleb128 0x2
 1068 004d 04       		.byte	0x4
 1069 004e 05       		.byte	0x5
 1070 004f 56030000 		.4byte	.LASF4
 1071 0053 02       		.uleb128 0x2
 1072 0054 04       		.byte	0x4
 1073 0055 07       		.byte	0x7
 1074 0056 3E010000 		.4byte	.LASF5
 1075 005a 02       		.uleb128 0x2
 1076 005b 08       		.byte	0x8
 1077 005c 05       		.byte	0x5
 1078 005d 9B020000 		.4byte	.LASF6
 1079 0061 02       		.uleb128 0x2
 1080 0062 08       		.byte	0x8
 1081 0063 07       		.byte	0x7
 1082 0064 42020000 		.4byte	.LASF7
 1083 0068 04       		.uleb128 0x4
 1084 0069 04       		.byte	0x4
 1085 006a 05       		.byte	0x5
 1086 006b 696E7400 		.ascii	"int\000"
 1087 006f 02       		.uleb128 0x2
 1088 0070 04       		.byte	0x4
 1089 0071 07       		.byte	0x7
 1090 0072 51000000 		.4byte	.LASF8
 1091 0076 03       		.uleb128 0x3
 1092 0077 59020000 		.4byte	.LASF10
 1093 007b 03       		.byte	0x3
 1094 007c 15       		.byte	0x15
 1095 007d 2C000000 		.4byte	0x2c
 1096 0081 05       		.uleb128 0x5
 1097 0082 29030000 		.4byte	.LASF11
 1098 0086 04       		.byte	0x4
 1099 0087 9801     		.2byte	0x198
 1100 0089 37000000 		.4byte	0x37
 1101 008d 05       		.uleb128 0x5
 1102 008e F7010000 		.4byte	.LASF12
 1103 0092 04       		.byte	0x4
 1104 0093 9901     		.2byte	0x199
 1105 0095 45000000 		.4byte	0x45
 1106 0099 05       		.uleb128 0x5
 1107 009a 0A020000 		.4byte	.LASF13
 1108 009e 04       		.byte	0x4
 1109 009f 9A01     		.2byte	0x19a
 1110 00a1 53000000 		.4byte	0x53
 1111 00a5 02       		.uleb128 0x2
 1112 00a6 04       		.byte	0x4
 1113 00a7 04       		.byte	0x4
 1114 00a8 BD000000 		.4byte	.LASF14
 1115 00ac 02       		.uleb128 0x2
 1116 00ad 08       		.byte	0x8
 1117 00ae 04       		.byte	0x4
ARM GAS  C:\Users\glenn\AppData\Local\Temp\ccuxkIhv.s 			page 24


 1118 00af 79000000 		.4byte	.LASF15
 1119 00b3 02       		.uleb128 0x2
 1120 00b4 01       		.byte	0x1
 1121 00b5 08       		.byte	0x8
 1122 00b6 B2020000 		.4byte	.LASF16
 1123 00ba 06       		.uleb128 0x6
 1124 00bb 99000000 		.4byte	0x99
 1125 00bf 02       		.uleb128 0x2
 1126 00c0 04       		.byte	0x4
 1127 00c1 07       		.byte	0x7
 1128 00c2 A9020000 		.4byte	.LASF17
 1129 00c6 07       		.uleb128 0x7
 1130 00c7 04       		.byte	0x4
 1131 00c8 81000000 		.4byte	0x81
 1132 00cc 08       		.uleb128 0x8
 1133 00cd 01       		.byte	0x1
 1134 00ce 05       		.byte	0x5
 1135 00cf 12       		.byte	0x12
 1136 00d0 E7000000 		.4byte	0xe7
 1137 00d4 09       		.uleb128 0x9
 1138 00d5 2F030000 		.4byte	.LASF18
 1139 00d9 00       		.sleb128 0
 1140 00da 09       		.uleb128 0x9
 1141 00db D9000000 		.4byte	.LASF19
 1142 00df 01       		.sleb128 1
 1143 00e0 09       		.uleb128 0x9
 1144 00e1 90000000 		.4byte	.LASF20
 1145 00e5 02       		.sleb128 2
 1146 00e6 00       		.byte	0
 1147 00e7 0A       		.uleb128 0xa
 1148 00e8 20       		.byte	0x20
 1149 00e9 05       		.byte	0x5
 1150 00ea 19       		.byte	0x19
 1151 00eb 2C010000 		.4byte	0x12c
 1152 00ef 0B       		.uleb128 0xb
 1153 00f0 98030000 		.4byte	.LASF21
 1154 00f4 05       		.byte	0x5
 1155 00f5 1B       		.byte	0x1b
 1156 00f6 8D000000 		.4byte	0x8d
 1157 00fa 00       		.byte	0
 1158 00fb 0B       		.uleb128 0xb
 1159 00fc 50010000 		.4byte	.LASF22
 1160 0100 05       		.byte	0x5
 1161 0101 1C       		.byte	0x1c
 1162 0102 2C010000 		.4byte	0x12c
 1163 0106 02       		.byte	0x2
 1164 0107 0B       		.uleb128 0xb
 1165 0108 66030000 		.4byte	.LASF23
 1166 010c 05       		.byte	0x5
 1167 010d 1D       		.byte	0x1d
 1168 010e A5000000 		.4byte	0xa5
 1169 0112 08       		.byte	0x8
 1170 0113 0B       		.uleb128 0xb
 1171 0114 06010000 		.4byte	.LASF24
 1172 0118 05       		.byte	0x5
 1173 0119 1E       		.byte	0x1e
 1174 011a 8D000000 		.4byte	0x8d
ARM GAS  C:\Users\glenn\AppData\Local\Temp\ccuxkIhv.s 			page 25


 1175 011e 0C       		.byte	0xc
 1176 011f 0B       		.uleb128 0xb
 1177 0120 80000000 		.4byte	.LASF25
 1178 0124 05       		.byte	0x5
 1179 0125 1F       		.byte	0x1f
 1180 0126 3C010000 		.4byte	0x13c
 1181 012a 0E       		.byte	0xe
 1182 012b 00       		.byte	0
 1183 012c 0C       		.uleb128 0xc
 1184 012d 8D000000 		.4byte	0x8d
 1185 0131 3C010000 		.4byte	0x13c
 1186 0135 0D       		.uleb128 0xd
 1187 0136 BF000000 		.4byte	0xbf
 1188 013a 01       		.byte	0x1
 1189 013b 00       		.byte	0
 1190 013c 0C       		.uleb128 0xc
 1191 013d 8D000000 		.4byte	0x8d
 1192 0141 4C010000 		.4byte	0x14c
 1193 0145 0D       		.uleb128 0xd
 1194 0146 BF000000 		.4byte	0xbf
 1195 014a 07       		.byte	0x7
 1196 014b 00       		.byte	0
 1197 014c 03       		.uleb128 0x3
 1198 014d 11020000 		.4byte	.LASF26
 1199 0151 05       		.byte	0x5
 1200 0152 21       		.byte	0x21
 1201 0153 E7000000 		.4byte	0xe7
 1202 0157 0E       		.uleb128 0xe
 1203 0158 61020000 		.4byte	.LASF50
 1204 015c 01       		.byte	0x1
 1205 015d 25       		.byte	0x25
 1206 015e 6C010000 		.4byte	0x16c
 1207 0162 00000000 		.4byte	.LFB62
 1208 0166 14000000 		.4byte	.LFE62-.LFB62
 1209 016a 01       		.uleb128 0x1
 1210 016b 9C       		.byte	0x9c
 1211 016c 07       		.uleb128 0x7
 1212 016d 04       		.byte	0x4
 1213 016e 4C010000 		.4byte	0x14c
 1214 0172 0F       		.uleb128 0xf
 1215 0173 24020000 		.4byte	.LASF27
 1216 0177 01       		.byte	0x1
 1217 0178 2A       		.byte	0x2a
 1218 0179 00000000 		.4byte	.LFB63
 1219 017d 40000000 		.4byte	.LFE63-.LFB63
 1220 0181 01       		.uleb128 0x1
 1221 0182 9C       		.byte	0x9c
 1222 0183 0F       		.uleb128 0xf
 1223 0184 9A000000 		.4byte	.LASF28
 1224 0188 01       		.byte	0x1
 1225 0189 3D       		.byte	0x3d
 1226 018a 00000000 		.4byte	.LFB64
 1227 018e 60000000 		.4byte	.LFE64-.LFB64
 1228 0192 01       		.uleb128 0x1
 1229 0193 9C       		.byte	0x9c
 1230 0194 10       		.uleb128 0x10
 1231 0195 17010000 		.4byte	.LASF51
ARM GAS  C:\Users\glenn\AppData\Local\Temp\ccuxkIhv.s 			page 26


 1232 0199 01       		.byte	0x1
 1233 019a 47       		.byte	0x47
 1234 019b 00000000 		.4byte	.LFB65
 1235 019f 58000000 		.4byte	.LFE65-.LFB65
 1236 01a3 01       		.uleb128 0x1
 1237 01a4 9C       		.byte	0x9c
 1238 01a5 B8010000 		.4byte	0x1b8
 1239 01a9 11       		.uleb128 0x11
 1240 01aa 83030000 		.4byte	.LASF30
 1241 01ae 01       		.byte	0x1
 1242 01af 49       		.byte	0x49
 1243 01b0 81000000 		.4byte	0x81
 1244 01b4 02       		.uleb128 0x2
 1245 01b5 91       		.byte	0x91
 1246 01b6 6F       		.sleb128 -17
 1247 01b7 00       		.byte	0
 1248 01b8 12       		.uleb128 0x12
 1249 01b9 FE010000 		.4byte	.LASF36
 1250 01bd 01       		.byte	0x1
 1251 01be 91       		.byte	0x91
 1252 01bf 68000000 		.4byte	0x68
 1253 01c3 00000000 		.4byte	.LFB66
 1254 01c7 6A000000 		.4byte	.LFE66-.LFB66
 1255 01cb 01       		.uleb128 0x1
 1256 01cc 9C       		.byte	0x9c
 1257 01cd 17020000 		.4byte	0x217
 1258 01d1 13       		.uleb128 0x13
 1259 01d2 91030000 		.4byte	.LASF29
 1260 01d6 01       		.byte	0x1
 1261 01d7 91       		.byte	0x91
 1262 01d8 68000000 		.4byte	0x68
 1263 01dc 02       		.uleb128 0x2
 1264 01dd 91       		.byte	0x91
 1265 01de 64       		.sleb128 -28
 1266 01df 14       		.uleb128 0x14
 1267 01e0 696E00   		.ascii	"in\000"
 1268 01e3 01       		.byte	0x1
 1269 01e4 91       		.byte	0x91
 1270 01e5 C6000000 		.4byte	0xc6
 1271 01e9 02       		.uleb128 0x2
 1272 01ea 91       		.byte	0x91
 1273 01eb 60       		.sleb128 -32
 1274 01ec 11       		.uleb128 0x11
 1275 01ed C3000000 		.4byte	.LASF31
 1276 01f1 01       		.byte	0x1
 1277 01f2 93       		.byte	0x93
 1278 01f3 8D000000 		.4byte	0x8d
 1279 01f7 02       		.uleb128 0x2
 1280 01f8 91       		.byte	0x91
 1281 01f9 6A       		.sleb128 -22
 1282 01fa 11       		.uleb128 0x11
 1283 01fb 17000000 		.4byte	.LASF32
 1284 01ff 01       		.byte	0x1
 1285 0200 94       		.byte	0x94
 1286 0201 8D000000 		.4byte	0x8d
 1287 0205 02       		.uleb128 0x2
 1288 0206 91       		.byte	0x91
ARM GAS  C:\Users\glenn\AppData\Local\Temp\ccuxkIhv.s 			page 27


 1289 0207 68       		.sleb128 -24
 1290 0208 11       		.uleb128 0x11
 1291 0209 24000000 		.4byte	.LASF33
 1292 020d 01       		.byte	0x1
 1293 020e 95       		.byte	0x95
 1294 020f 68000000 		.4byte	0x68
 1295 0213 02       		.uleb128 0x2
 1296 0214 91       		.byte	0x91
 1297 0215 6C       		.sleb128 -20
 1298 0216 00       		.byte	0
 1299 0217 15       		.uleb128 0x15
 1300 0218 85020000 		.4byte	.LASF52
 1301 021c 01       		.byte	0x1
 1302 021d A7       		.byte	0xa7
 1303 021e 00000000 		.4byte	.LFB67
 1304 0222 54000000 		.4byte	.LFE67-.LFB67
 1305 0226 01       		.uleb128 0x1
 1306 0227 9C       		.byte	0x9c
 1307 0228 57020000 		.4byte	0x257
 1308 022c 13       		.uleb128 0x13
 1309 022d 90020000 		.4byte	.LASF34
 1310 0231 01       		.byte	0x1
 1311 0232 A7       		.byte	0xa7
 1312 0233 68000000 		.4byte	0x68
 1313 0237 02       		.uleb128 0x2
 1314 0238 91       		.byte	0x91
 1315 0239 64       		.sleb128 -28
 1316 023a 13       		.uleb128 0x13
 1317 023b 39000000 		.4byte	.LASF35
 1318 023f 01       		.byte	0x1
 1319 0240 A7       		.byte	0xa7
 1320 0241 C6000000 		.4byte	0xc6
 1321 0245 02       		.uleb128 0x2
 1322 0246 91       		.byte	0x91
 1323 0247 60       		.sleb128 -32
 1324 0248 16       		.uleb128 0x16
 1325 0249 63726300 		.ascii	"crc\000"
 1326 024d 01       		.byte	0x1
 1327 024e A9       		.byte	0xa9
 1328 024f 8D000000 		.4byte	0x8d
 1329 0253 02       		.uleb128 0x2
 1330 0254 91       		.byte	0x91
 1331 0255 6E       		.sleb128 -18
 1332 0256 00       		.byte	0
 1333 0257 17       		.uleb128 0x17
 1334 0258 3D030000 		.4byte	.LASF37
 1335 025c 01       		.byte	0x1
 1336 025d AF       		.byte	0xaf
 1337 025e 8D000000 		.4byte	0x8d
 1338 0262 00000000 		.4byte	.LFB68
 1339 0266 88000000 		.4byte	.LFE68-.LFB68
 1340 026a 01       		.uleb128 0x1
 1341 026b 9C       		.byte	0x9c
 1342 026c B5020000 		.4byte	0x2b5
 1343 0270 13       		.uleb128 0x13
 1344 0271 2B000000 		.4byte	.LASF38
 1345 0275 01       		.byte	0x1
ARM GAS  C:\Users\glenn\AppData\Local\Temp\ccuxkIhv.s 			page 28


 1346 0276 AF       		.byte	0xaf
 1347 0277 68000000 		.4byte	0x68
 1348 027b 02       		.uleb128 0x2
 1349 027c 91       		.byte	0x91
 1350 027d 6C       		.sleb128 -20
 1351 027e 13       		.uleb128 0x13
 1352 027f 22030000 		.4byte	.LASF39
 1353 0283 01       		.byte	0x1
 1354 0284 AF       		.byte	0xaf
 1355 0285 C6000000 		.4byte	0xc6
 1356 0289 02       		.uleb128 0x2
 1357 028a 91       		.byte	0x91
 1358 028b 68       		.sleb128 -24
 1359 028c 11       		.uleb128 0x11
 1360 028d 5F030000 		.4byte	.LASF40
 1361 0291 01       		.byte	0x1
 1362 0292 B1       		.byte	0xb1
 1363 0293 81000000 		.4byte	0x81
 1364 0297 02       		.uleb128 0x2
 1365 0298 91       		.byte	0x91
 1366 0299 77       		.sleb128 -9
 1367 029a 11       		.uleb128 0x11
 1368 029b D2000000 		.4byte	.LASF41
 1369 029f 01       		.byte	0x1
 1370 02a0 B2       		.byte	0xb2
 1371 02a1 81000000 		.4byte	0x81
 1372 02a5 02       		.uleb128 0x2
 1373 02a6 91       		.byte	0x91
 1374 02a7 76       		.sleb128 -10
 1375 02a8 16       		.uleb128 0x16
 1376 02a9 6900     		.ascii	"i\000"
 1377 02ab 01       		.byte	0x1
 1378 02ac B3       		.byte	0xb3
 1379 02ad 6F000000 		.4byte	0x6f
 1380 02b1 02       		.uleb128 0x2
 1381 02b2 91       		.byte	0x91
 1382 02b3 70       		.sleb128 -16
 1383 02b4 00       		.byte	0
 1384 02b5 0C       		.uleb128 0xc
 1385 02b6 81000000 		.4byte	0x81
 1386 02ba C5020000 		.4byte	0x2c5
 1387 02be 0D       		.uleb128 0xd
 1388 02bf BF000000 		.4byte	0xbf
 1389 02c3 7F       		.byte	0x7f
 1390 02c4 00       		.byte	0
 1391 02c5 11       		.uleb128 0x11
 1392 02c6 F5000000 		.4byte	.LASF42
 1393 02ca 01       		.byte	0x1
 1394 02cb 17       		.byte	0x17
 1395 02cc B5020000 		.4byte	0x2b5
 1396 02d0 05       		.uleb128 0x5
 1397 02d1 03       		.byte	0x3
 1398 02d2 00000000 		.4byte	shaddow_row_data
 1399 02d6 11       		.uleb128 0x11
 1400 02d7 43030000 		.4byte	.LASF43
 1401 02db 01       		.byte	0x1
 1402 02dc 18       		.byte	0x18
ARM GAS  C:\Users\glenn\AppData\Local\Temp\ccuxkIhv.s 			page 29


 1403 02dd 6C010000 		.4byte	0x16c
 1404 02e1 05       		.uleb128 0x5
 1405 02e2 03       		.byte	0x3
 1406 02e3 80000000 		.4byte	configuration_data
 1407 02e7 11       		.uleb128 0x11
 1408 02e8 5E000000 		.4byte	.LASF44
 1409 02ec 01       		.byte	0x1
 1410 02ed 19       		.byte	0x19
 1411 02ee F8020000 		.4byte	0x2f8
 1412 02f2 05       		.uleb128 0x5
 1413 02f3 03       		.byte	0x3
 1414 02f4 00000000 		.4byte	default_configuration_data
 1415 02f8 18       		.uleb128 0x18
 1416 02f9 4C010000 		.4byte	0x14c
 1417 02fd 0C       		.uleb128 0xc
 1418 02fe 76000000 		.4byte	0x76
 1419 0302 0D030000 		.4byte	0x30d
 1420 0306 0D       		.uleb128 0xd
 1421 0307 BF000000 		.4byte	0xbf
 1422 030b FF       		.byte	0xff
 1423 030c 00       		.byte	0
 1424 030d 11       		.uleb128 0x11
 1425 030e 00000000 		.4byte	.LASF45
 1426 0312 01       		.byte	0x1
 1427 0313 54       		.byte	0x54
 1428 0314 1E030000 		.4byte	0x31e
 1429 0318 05       		.uleb128 0x5
 1430 0319 03       		.byte	0x3
 1431 031a 20000000 		.4byte	table_crc_hi
 1432 031e 18       		.uleb128 0x18
 1433 031f FD020000 		.4byte	0x2fd
 1434 0323 11       		.uleb128 0x11
 1435 0324 44000000 		.4byte	.LASF46
 1436 0328 01       		.byte	0x1
 1437 0329 72       		.byte	0x72
 1438 032a 34030000 		.4byte	0x334
 1439 032e 05       		.uleb128 0x5
 1440 032f 03       		.byte	0x3
 1441 0330 20010000 		.4byte	table_crc_lo
 1442 0334 18       		.uleb128 0x18
 1443 0335 FD020000 		.4byte	0x2fd
 1444 0339 19       		.uleb128 0x19
 1445 033a 78020000 		.4byte	.LASF53
 1446 033e 01       		.byte	0x1
 1447 033f 16       		.byte	0x16
 1448 0340 BA000000 		.4byte	0xba
 1449 0344 05       		.uleb128 0x5
 1450 0345 03       		.byte	0x3
 1451 0346 00000000 		.4byte	flash_result
 1452 034a 00       		.byte	0
 1453              		.section	.debug_abbrev,"",%progbits
 1454              	.Ldebug_abbrev0:
 1455 0000 01       		.uleb128 0x1
 1456 0001 11       		.uleb128 0x11
 1457 0002 01       		.byte	0x1
 1458 0003 25       		.uleb128 0x25
 1459 0004 0E       		.uleb128 0xe
ARM GAS  C:\Users\glenn\AppData\Local\Temp\ccuxkIhv.s 			page 30


 1460 0005 13       		.uleb128 0x13
 1461 0006 0B       		.uleb128 0xb
 1462 0007 03       		.uleb128 0x3
 1463 0008 0E       		.uleb128 0xe
 1464 0009 1B       		.uleb128 0x1b
 1465 000a 0E       		.uleb128 0xe
 1466 000b 55       		.uleb128 0x55
 1467 000c 17       		.uleb128 0x17
 1468 000d 11       		.uleb128 0x11
 1469 000e 01       		.uleb128 0x1
 1470 000f 10       		.uleb128 0x10
 1471 0010 17       		.uleb128 0x17
 1472 0011 00       		.byte	0
 1473 0012 00       		.byte	0
 1474 0013 02       		.uleb128 0x2
 1475 0014 24       		.uleb128 0x24
 1476 0015 00       		.byte	0
 1477 0016 0B       		.uleb128 0xb
 1478 0017 0B       		.uleb128 0xb
 1479 0018 3E       		.uleb128 0x3e
 1480 0019 0B       		.uleb128 0xb
 1481 001a 03       		.uleb128 0x3
 1482 001b 0E       		.uleb128 0xe
 1483 001c 00       		.byte	0
 1484 001d 00       		.byte	0
 1485 001e 03       		.uleb128 0x3
 1486 001f 16       		.uleb128 0x16
 1487 0020 00       		.byte	0
 1488 0021 03       		.uleb128 0x3
 1489 0022 0E       		.uleb128 0xe
 1490 0023 3A       		.uleb128 0x3a
 1491 0024 0B       		.uleb128 0xb
 1492 0025 3B       		.uleb128 0x3b
 1493 0026 0B       		.uleb128 0xb
 1494 0027 49       		.uleb128 0x49
 1495 0028 13       		.uleb128 0x13
 1496 0029 00       		.byte	0
 1497 002a 00       		.byte	0
 1498 002b 04       		.uleb128 0x4
 1499 002c 24       		.uleb128 0x24
 1500 002d 00       		.byte	0
 1501 002e 0B       		.uleb128 0xb
 1502 002f 0B       		.uleb128 0xb
 1503 0030 3E       		.uleb128 0x3e
 1504 0031 0B       		.uleb128 0xb
 1505 0032 03       		.uleb128 0x3
 1506 0033 08       		.uleb128 0x8
 1507 0034 00       		.byte	0
 1508 0035 00       		.byte	0
 1509 0036 05       		.uleb128 0x5
 1510 0037 16       		.uleb128 0x16
 1511 0038 00       		.byte	0
 1512 0039 03       		.uleb128 0x3
 1513 003a 0E       		.uleb128 0xe
 1514 003b 3A       		.uleb128 0x3a
 1515 003c 0B       		.uleb128 0xb
 1516 003d 3B       		.uleb128 0x3b
ARM GAS  C:\Users\glenn\AppData\Local\Temp\ccuxkIhv.s 			page 31


 1517 003e 05       		.uleb128 0x5
 1518 003f 49       		.uleb128 0x49
 1519 0040 13       		.uleb128 0x13
 1520 0041 00       		.byte	0
 1521 0042 00       		.byte	0
 1522 0043 06       		.uleb128 0x6
 1523 0044 35       		.uleb128 0x35
 1524 0045 00       		.byte	0
 1525 0046 49       		.uleb128 0x49
 1526 0047 13       		.uleb128 0x13
 1527 0048 00       		.byte	0
 1528 0049 00       		.byte	0
 1529 004a 07       		.uleb128 0x7
 1530 004b 0F       		.uleb128 0xf
 1531 004c 00       		.byte	0
 1532 004d 0B       		.uleb128 0xb
 1533 004e 0B       		.uleb128 0xb
 1534 004f 49       		.uleb128 0x49
 1535 0050 13       		.uleb128 0x13
 1536 0051 00       		.byte	0
 1537 0052 00       		.byte	0
 1538 0053 08       		.uleb128 0x8
 1539 0054 04       		.uleb128 0x4
 1540 0055 01       		.byte	0x1
 1541 0056 0B       		.uleb128 0xb
 1542 0057 0B       		.uleb128 0xb
 1543 0058 3A       		.uleb128 0x3a
 1544 0059 0B       		.uleb128 0xb
 1545 005a 3B       		.uleb128 0x3b
 1546 005b 0B       		.uleb128 0xb
 1547 005c 01       		.uleb128 0x1
 1548 005d 13       		.uleb128 0x13
 1549 005e 00       		.byte	0
 1550 005f 00       		.byte	0
 1551 0060 09       		.uleb128 0x9
 1552 0061 28       		.uleb128 0x28
 1553 0062 00       		.byte	0
 1554 0063 03       		.uleb128 0x3
 1555 0064 0E       		.uleb128 0xe
 1556 0065 1C       		.uleb128 0x1c
 1557 0066 0D       		.uleb128 0xd
 1558 0067 00       		.byte	0
 1559 0068 00       		.byte	0
 1560 0069 0A       		.uleb128 0xa
 1561 006a 13       		.uleb128 0x13
 1562 006b 01       		.byte	0x1
 1563 006c 0B       		.uleb128 0xb
 1564 006d 0B       		.uleb128 0xb
 1565 006e 3A       		.uleb128 0x3a
 1566 006f 0B       		.uleb128 0xb
 1567 0070 3B       		.uleb128 0x3b
 1568 0071 0B       		.uleb128 0xb
 1569 0072 01       		.uleb128 0x1
 1570 0073 13       		.uleb128 0x13
 1571 0074 00       		.byte	0
 1572 0075 00       		.byte	0
 1573 0076 0B       		.uleb128 0xb
ARM GAS  C:\Users\glenn\AppData\Local\Temp\ccuxkIhv.s 			page 32


 1574 0077 0D       		.uleb128 0xd
 1575 0078 00       		.byte	0
 1576 0079 03       		.uleb128 0x3
 1577 007a 0E       		.uleb128 0xe
 1578 007b 3A       		.uleb128 0x3a
 1579 007c 0B       		.uleb128 0xb
 1580 007d 3B       		.uleb128 0x3b
 1581 007e 0B       		.uleb128 0xb
 1582 007f 49       		.uleb128 0x49
 1583 0080 13       		.uleb128 0x13
 1584 0081 38       		.uleb128 0x38
 1585 0082 0B       		.uleb128 0xb
 1586 0083 00       		.byte	0
 1587 0084 00       		.byte	0
 1588 0085 0C       		.uleb128 0xc
 1589 0086 01       		.uleb128 0x1
 1590 0087 01       		.byte	0x1
 1591 0088 49       		.uleb128 0x49
 1592 0089 13       		.uleb128 0x13
 1593 008a 01       		.uleb128 0x1
 1594 008b 13       		.uleb128 0x13
 1595 008c 00       		.byte	0
 1596 008d 00       		.byte	0
 1597 008e 0D       		.uleb128 0xd
 1598 008f 21       		.uleb128 0x21
 1599 0090 00       		.byte	0
 1600 0091 49       		.uleb128 0x49
 1601 0092 13       		.uleb128 0x13
 1602 0093 2F       		.uleb128 0x2f
 1603 0094 0B       		.uleb128 0xb
 1604 0095 00       		.byte	0
 1605 0096 00       		.byte	0
 1606 0097 0E       		.uleb128 0xe
 1607 0098 2E       		.uleb128 0x2e
 1608 0099 00       		.byte	0
 1609 009a 3F       		.uleb128 0x3f
 1610 009b 19       		.uleb128 0x19
 1611 009c 03       		.uleb128 0x3
 1612 009d 0E       		.uleb128 0xe
 1613 009e 3A       		.uleb128 0x3a
 1614 009f 0B       		.uleb128 0xb
 1615 00a0 3B       		.uleb128 0x3b
 1616 00a1 0B       		.uleb128 0xb
 1617 00a2 27       		.uleb128 0x27
 1618 00a3 19       		.uleb128 0x19
 1619 00a4 49       		.uleb128 0x49
 1620 00a5 13       		.uleb128 0x13
 1621 00a6 11       		.uleb128 0x11
 1622 00a7 01       		.uleb128 0x1
 1623 00a8 12       		.uleb128 0x12
 1624 00a9 06       		.uleb128 0x6
 1625 00aa 40       		.uleb128 0x40
 1626 00ab 18       		.uleb128 0x18
 1627 00ac 9742     		.uleb128 0x2117
 1628 00ae 19       		.uleb128 0x19
 1629 00af 00       		.byte	0
 1630 00b0 00       		.byte	0
ARM GAS  C:\Users\glenn\AppData\Local\Temp\ccuxkIhv.s 			page 33


 1631 00b1 0F       		.uleb128 0xf
 1632 00b2 2E       		.uleb128 0x2e
 1633 00b3 00       		.byte	0
 1634 00b4 3F       		.uleb128 0x3f
 1635 00b5 19       		.uleb128 0x19
 1636 00b6 03       		.uleb128 0x3
 1637 00b7 0E       		.uleb128 0xe
 1638 00b8 3A       		.uleb128 0x3a
 1639 00b9 0B       		.uleb128 0xb
 1640 00ba 3B       		.uleb128 0x3b
 1641 00bb 0B       		.uleb128 0xb
 1642 00bc 27       		.uleb128 0x27
 1643 00bd 19       		.uleb128 0x19
 1644 00be 11       		.uleb128 0x11
 1645 00bf 01       		.uleb128 0x1
 1646 00c0 12       		.uleb128 0x12
 1647 00c1 06       		.uleb128 0x6
 1648 00c2 40       		.uleb128 0x40
 1649 00c3 18       		.uleb128 0x18
 1650 00c4 9642     		.uleb128 0x2116
 1651 00c6 19       		.uleb128 0x19
 1652 00c7 00       		.byte	0
 1653 00c8 00       		.byte	0
 1654 00c9 10       		.uleb128 0x10
 1655 00ca 2E       		.uleb128 0x2e
 1656 00cb 01       		.byte	0x1
 1657 00cc 3F       		.uleb128 0x3f
 1658 00cd 19       		.uleb128 0x19
 1659 00ce 03       		.uleb128 0x3
 1660 00cf 0E       		.uleb128 0xe
 1661 00d0 3A       		.uleb128 0x3a
 1662 00d1 0B       		.uleb128 0xb
 1663 00d2 3B       		.uleb128 0x3b
 1664 00d3 0B       		.uleb128 0xb
 1665 00d4 27       		.uleb128 0x27
 1666 00d5 19       		.uleb128 0x19
 1667 00d6 11       		.uleb128 0x11
 1668 00d7 01       		.uleb128 0x1
 1669 00d8 12       		.uleb128 0x12
 1670 00d9 06       		.uleb128 0x6
 1671 00da 40       		.uleb128 0x40
 1672 00db 18       		.uleb128 0x18
 1673 00dc 9642     		.uleb128 0x2116
 1674 00de 19       		.uleb128 0x19
 1675 00df 01       		.uleb128 0x1
 1676 00e0 13       		.uleb128 0x13
 1677 00e1 00       		.byte	0
 1678 00e2 00       		.byte	0
 1679 00e3 11       		.uleb128 0x11
 1680 00e4 34       		.uleb128 0x34
 1681 00e5 00       		.byte	0
 1682 00e6 03       		.uleb128 0x3
 1683 00e7 0E       		.uleb128 0xe
 1684 00e8 3A       		.uleb128 0x3a
 1685 00e9 0B       		.uleb128 0xb
 1686 00ea 3B       		.uleb128 0x3b
 1687 00eb 0B       		.uleb128 0xb
ARM GAS  C:\Users\glenn\AppData\Local\Temp\ccuxkIhv.s 			page 34


 1688 00ec 49       		.uleb128 0x49
 1689 00ed 13       		.uleb128 0x13
 1690 00ee 02       		.uleb128 0x2
 1691 00ef 18       		.uleb128 0x18
 1692 00f0 00       		.byte	0
 1693 00f1 00       		.byte	0
 1694 00f2 12       		.uleb128 0x12
 1695 00f3 2E       		.uleb128 0x2e
 1696 00f4 01       		.byte	0x1
 1697 00f5 03       		.uleb128 0x3
 1698 00f6 0E       		.uleb128 0xe
 1699 00f7 3A       		.uleb128 0x3a
 1700 00f8 0B       		.uleb128 0xb
 1701 00f9 3B       		.uleb128 0x3b
 1702 00fa 0B       		.uleb128 0xb
 1703 00fb 27       		.uleb128 0x27
 1704 00fc 19       		.uleb128 0x19
 1705 00fd 49       		.uleb128 0x49
 1706 00fe 13       		.uleb128 0x13
 1707 00ff 11       		.uleb128 0x11
 1708 0100 01       		.uleb128 0x1
 1709 0101 12       		.uleb128 0x12
 1710 0102 06       		.uleb128 0x6
 1711 0103 40       		.uleb128 0x40
 1712 0104 18       		.uleb128 0x18
 1713 0105 9642     		.uleb128 0x2116
 1714 0107 19       		.uleb128 0x19
 1715 0108 01       		.uleb128 0x1
 1716 0109 13       		.uleb128 0x13
 1717 010a 00       		.byte	0
 1718 010b 00       		.byte	0
 1719 010c 13       		.uleb128 0x13
 1720 010d 05       		.uleb128 0x5
 1721 010e 00       		.byte	0
 1722 010f 03       		.uleb128 0x3
 1723 0110 0E       		.uleb128 0xe
 1724 0111 3A       		.uleb128 0x3a
 1725 0112 0B       		.uleb128 0xb
 1726 0113 3B       		.uleb128 0x3b
 1727 0114 0B       		.uleb128 0xb
 1728 0115 49       		.uleb128 0x49
 1729 0116 13       		.uleb128 0x13
 1730 0117 02       		.uleb128 0x2
 1731 0118 18       		.uleb128 0x18
 1732 0119 00       		.byte	0
 1733 011a 00       		.byte	0
 1734 011b 14       		.uleb128 0x14
 1735 011c 05       		.uleb128 0x5
 1736 011d 00       		.byte	0
 1737 011e 03       		.uleb128 0x3
 1738 011f 08       		.uleb128 0x8
 1739 0120 3A       		.uleb128 0x3a
 1740 0121 0B       		.uleb128 0xb
 1741 0122 3B       		.uleb128 0x3b
 1742 0123 0B       		.uleb128 0xb
 1743 0124 49       		.uleb128 0x49
 1744 0125 13       		.uleb128 0x13
ARM GAS  C:\Users\glenn\AppData\Local\Temp\ccuxkIhv.s 			page 35


 1745 0126 02       		.uleb128 0x2
 1746 0127 18       		.uleb128 0x18
 1747 0128 00       		.byte	0
 1748 0129 00       		.byte	0
 1749 012a 15       		.uleb128 0x15
 1750 012b 2E       		.uleb128 0x2e
 1751 012c 01       		.byte	0x1
 1752 012d 03       		.uleb128 0x3
 1753 012e 0E       		.uleb128 0xe
 1754 012f 3A       		.uleb128 0x3a
 1755 0130 0B       		.uleb128 0xb
 1756 0131 3B       		.uleb128 0x3b
 1757 0132 0B       		.uleb128 0xb
 1758 0133 27       		.uleb128 0x27
 1759 0134 19       		.uleb128 0x19
 1760 0135 11       		.uleb128 0x11
 1761 0136 01       		.uleb128 0x1
 1762 0137 12       		.uleb128 0x12
 1763 0138 06       		.uleb128 0x6
 1764 0139 40       		.uleb128 0x40
 1765 013a 18       		.uleb128 0x18
 1766 013b 9642     		.uleb128 0x2116
 1767 013d 19       		.uleb128 0x19
 1768 013e 01       		.uleb128 0x1
 1769 013f 13       		.uleb128 0x13
 1770 0140 00       		.byte	0
 1771 0141 00       		.byte	0
 1772 0142 16       		.uleb128 0x16
 1773 0143 34       		.uleb128 0x34
 1774 0144 00       		.byte	0
 1775 0145 03       		.uleb128 0x3
 1776 0146 08       		.uleb128 0x8
 1777 0147 3A       		.uleb128 0x3a
 1778 0148 0B       		.uleb128 0xb
 1779 0149 3B       		.uleb128 0x3b
 1780 014a 0B       		.uleb128 0xb
 1781 014b 49       		.uleb128 0x49
 1782 014c 13       		.uleb128 0x13
 1783 014d 02       		.uleb128 0x2
 1784 014e 18       		.uleb128 0x18
 1785 014f 00       		.byte	0
 1786 0150 00       		.byte	0
 1787 0151 17       		.uleb128 0x17
 1788 0152 2E       		.uleb128 0x2e
 1789 0153 01       		.byte	0x1
 1790 0154 03       		.uleb128 0x3
 1791 0155 0E       		.uleb128 0xe
 1792 0156 3A       		.uleb128 0x3a
 1793 0157 0B       		.uleb128 0xb
 1794 0158 3B       		.uleb128 0x3b
 1795 0159 0B       		.uleb128 0xb
 1796 015a 27       		.uleb128 0x27
 1797 015b 19       		.uleb128 0x19
 1798 015c 49       		.uleb128 0x49
 1799 015d 13       		.uleb128 0x13
 1800 015e 11       		.uleb128 0x11
 1801 015f 01       		.uleb128 0x1
ARM GAS  C:\Users\glenn\AppData\Local\Temp\ccuxkIhv.s 			page 36


 1802 0160 12       		.uleb128 0x12
 1803 0161 06       		.uleb128 0x6
 1804 0162 40       		.uleb128 0x40
 1805 0163 18       		.uleb128 0x18
 1806 0164 9742     		.uleb128 0x2117
 1807 0166 19       		.uleb128 0x19
 1808 0167 01       		.uleb128 0x1
 1809 0168 13       		.uleb128 0x13
 1810 0169 00       		.byte	0
 1811 016a 00       		.byte	0
 1812 016b 18       		.uleb128 0x18
 1813 016c 26       		.uleb128 0x26
 1814 016d 00       		.byte	0
 1815 016e 49       		.uleb128 0x49
 1816 016f 13       		.uleb128 0x13
 1817 0170 00       		.byte	0
 1818 0171 00       		.byte	0
 1819 0172 19       		.uleb128 0x19
 1820 0173 34       		.uleb128 0x34
 1821 0174 00       		.byte	0
 1822 0175 03       		.uleb128 0x3
 1823 0176 0E       		.uleb128 0xe
 1824 0177 3A       		.uleb128 0x3a
 1825 0178 0B       		.uleb128 0xb
 1826 0179 3B       		.uleb128 0x3b
 1827 017a 0B       		.uleb128 0xb
 1828 017b 49       		.uleb128 0x49
 1829 017c 13       		.uleb128 0x13
 1830 017d 3F       		.uleb128 0x3f
 1831 017e 19       		.uleb128 0x19
 1832 017f 02       		.uleb128 0x2
 1833 0180 18       		.uleb128 0x18
 1834 0181 00       		.byte	0
 1835 0182 00       		.byte	0
 1836 0183 00       		.byte	0
 1837              		.section	.debug_aranges,"",%progbits
 1838 0000 4C000000 		.4byte	0x4c
 1839 0004 0200     		.2byte	0x2
 1840 0006 00000000 		.4byte	.Ldebug_info0
 1841 000a 04       		.byte	0x4
 1842 000b 00       		.byte	0
 1843 000c 0000     		.2byte	0
 1844 000e 0000     		.2byte	0
 1845 0010 00000000 		.4byte	.LFB62
 1846 0014 14000000 		.4byte	.LFE62-.LFB62
 1847 0018 00000000 		.4byte	.LFB63
 1848 001c 40000000 		.4byte	.LFE63-.LFB63
 1849 0020 00000000 		.4byte	.LFB64
 1850 0024 60000000 		.4byte	.LFE64-.LFB64
 1851 0028 00000000 		.4byte	.LFB65
 1852 002c 58000000 		.4byte	.LFE65-.LFB65
 1853 0030 00000000 		.4byte	.LFB66
 1854 0034 6A000000 		.4byte	.LFE66-.LFB66
 1855 0038 00000000 		.4byte	.LFB67
 1856 003c 54000000 		.4byte	.LFE67-.LFB67
 1857 0040 00000000 		.4byte	.LFB68
 1858 0044 88000000 		.4byte	.LFE68-.LFB68
ARM GAS  C:\Users\glenn\AppData\Local\Temp\ccuxkIhv.s 			page 37


 1859 0048 00000000 		.4byte	0
 1860 004c 00000000 		.4byte	0
 1861              		.section	.debug_ranges,"",%progbits
 1862              	.Ldebug_ranges0:
 1863 0000 00000000 		.4byte	.LFB62
 1864 0004 14000000 		.4byte	.LFE62
 1865 0008 00000000 		.4byte	.LFB63
 1866 000c 40000000 		.4byte	.LFE63
 1867 0010 00000000 		.4byte	.LFB64
 1868 0014 60000000 		.4byte	.LFE64
 1869 0018 00000000 		.4byte	.LFB65
 1870 001c 58000000 		.4byte	.LFE65
 1871 0020 00000000 		.4byte	.LFB66
 1872 0024 6A000000 		.4byte	.LFE66
 1873 0028 00000000 		.4byte	.LFB67
 1874 002c 54000000 		.4byte	.LFE67
 1875 0030 00000000 		.4byte	.LFB68
 1876 0034 88000000 		.4byte	.LFE68
 1877 0038 00000000 		.4byte	0
 1878 003c 00000000 		.4byte	0
 1879              		.section	.debug_line,"",%progbits
 1880              	.Ldebug_line0:
 1881 0000 FC010000 		.section	.debug_str,"MS",%progbits,1
 1881      02005F01 
 1881      00000201 
 1881      FB0E0D00 
 1881      01010101 
 1882              	.LASF45:
 1883 0000 7461626C 		.ascii	"table_crc_hi\000"
 1883      655F6372 
 1883      635F6869 
 1883      00
 1884              	.LASF9:
 1885 000d 5F5F7569 		.ascii	"__uint8_t\000"
 1885      6E74385F 
 1885      7400
 1886              	.LASF32:
 1887 0017 6372635F 		.ascii	"crc_received\000"
 1887      72656365 
 1887      69766564 
 1887      00
 1888              	.LASF33:
 1889 0024 73746174 		.ascii	"status\000"
 1889      757300
 1890              	.LASF38:
 1891 002b 62756666 		.ascii	"buffer_length\000"
 1891      65725F6C 
 1891      656E6774 
 1891      6800
 1892              	.LASF35:
 1893 0039 6F75745F 		.ascii	"out_buffer\000"
 1893      62756666 
 1893      657200
 1894              	.LASF46:
 1895 0044 7461626C 		.ascii	"table_crc_lo\000"
 1895      655F6372 
 1895      635F6C6F 
ARM GAS  C:\Users\glenn\AppData\Local\Temp\ccuxkIhv.s 			page 38


 1895      00
 1896              	.LASF8:
 1897 0051 756E7369 		.ascii	"unsigned int\000"
 1897      676E6564 
 1897      20696E74 
 1897      00
 1898              	.LASF44:
 1899 005e 64656661 		.ascii	"default_configuration_data\000"
 1899      756C745F 
 1899      636F6E66 
 1899      69677572 
 1899      6174696F 
 1900              	.LASF15:
 1901 0079 646F7562 		.ascii	"double\000"
 1901      6C6500
 1902              	.LASF25:
 1903 0080 72657369 		.ascii	"resistance_type\000"
 1903      7374616E 
 1903      63655F74 
 1903      79706500 
 1904              	.LASF20:
 1905 0090 57415445 		.ascii	"WATERMARK\000"
 1905      524D4152 
 1905      4B00
 1906              	.LASF28:
 1907 009a 72657374 		.ascii	"restore_default_configuration_data\000"
 1907      6F72655F 
 1907      64656661 
 1907      756C745F 
 1907      636F6E66 
 1908              	.LASF14:
 1909 00bd 666C6F61 		.ascii	"float\000"
 1909      7400
 1910              	.LASF31:
 1911 00c3 6372635F 		.ascii	"crc_calculated\000"
 1911      63616C63 
 1911      756C6174 
 1911      656400
 1912              	.LASF41:
 1913 00d2 6372635F 		.ascii	"crc_lo\000"
 1913      6C6F00
 1914              	.LASF19:
 1915 00d9 52455349 		.ascii	"RESISTOR\000"
 1915      53544F52 
 1915      00
 1916              	.LASF3:
 1917 00e2 73686F72 		.ascii	"short unsigned int\000"
 1917      7420756E 
 1917      7369676E 
 1917      65642069 
 1917      6E7400
 1918              	.LASF42:
 1919 00f5 73686164 		.ascii	"shaddow_row_data\000"
 1919      646F775F 
 1919      726F775F 
 1919      64617461 
 1919      00
ARM GAS  C:\Users\glenn\AppData\Local\Temp\ccuxkIhv.s 			page 39


 1920              	.LASF24:
 1921 0106 63617061 		.ascii	"capacitance_mask\000"
 1921      63697461 
 1921      6E63655F 
 1921      6D61736B 
 1921      00
 1922              	.LASF51:
 1923 0117 73746F72 		.ascii	"store_configuration_data\000"
 1923      655F636F 
 1923      6E666967 
 1923      75726174 
 1923      696F6E5F 
 1924              	.LASF1:
 1925 0130 756E7369 		.ascii	"unsigned char\000"
 1925      676E6564 
 1925      20636861 
 1925      7200
 1926              	.LASF5:
 1927 013e 6C6F6E67 		.ascii	"long unsigned int\000"
 1927      20756E73 
 1927      69676E65 
 1927      6420696E 
 1927      7400
 1928              	.LASF22:
 1929 0150 6D6F6462 		.ascii	"modbus_address\000"
 1929      75735F61 
 1929      64647265 
 1929      737300
 1930              	.LASF2:
 1931 015f 73686F72 		.ascii	"short int\000"
 1931      7420696E 
 1931      7400
 1932              	.LASF47:
 1933 0169 474E5520 		.ascii	"GNU C 4.9.3 20150303 (release) [ARM/embedded-4_9-br"
 1933      4320342E 
 1933      392E3320 
 1933      32303135 
 1933      30333033 
 1934 019c 616E6368 		.ascii	"anch revision 221220] -mcpu=cortex-m0 -mthumb -g -O"
 1934      20726576 
 1934      6973696F 
 1934      6E203232 
 1934      31323230 
 1935 01cf 30202D66 		.ascii	"0 -ffunction-sections -ffat-lto-objects\000"
 1935      66756E63 
 1935      74696F6E 
 1935      2D736563 
 1935      74696F6E 
 1936              	.LASF12:
 1937 01f7 75696E74 		.ascii	"uint16\000"
 1937      313600
 1938              	.LASF36:
 1939 01fe 636F6D70 		.ascii	"compute_crc\000"
 1939      7574655F 
 1939      63726300 
 1940              	.LASF13:
 1941 020a 75696E74 		.ascii	"uint32\000"
ARM GAS  C:\Users\glenn\AppData\Local\Temp\ccuxkIhv.s 			page 40


 1941      333200
 1942              	.LASF26:
 1943 0211 434F4E46 		.ascii	"CONFIGURATION_DATA\000"
 1943      49475552 
 1943      4154494F 
 1943      4E5F4441 
 1943      544100
 1944              	.LASF27:
 1945 0224 696E6974 		.ascii	"initialize_configuration_data\000"
 1945      69616C69 
 1945      7A655F63 
 1945      6F6E6669 
 1945      67757261 
 1946              	.LASF7:
 1947 0242 6C6F6E67 		.ascii	"long long unsigned int\000"
 1947      206C6F6E 
 1947      6720756E 
 1947      7369676E 
 1947      65642069 
 1948              	.LASF10:
 1949 0259 75696E74 		.ascii	"uint8_t\000"
 1949      385F7400 
 1950              	.LASF50:
 1951 0261 6765745F 		.ascii	"get_configuration_data\000"
 1951      636F6E66 
 1951      69677572 
 1951      6174696F 
 1951      6E5F6461 
 1952              	.LASF53:
 1953 0278 666C6173 		.ascii	"flash_result\000"
 1953      685F7265 
 1953      73756C74 
 1953      00
 1954              	.LASF52:
 1955 0285 61707065 		.ascii	"append_crc\000"
 1955      6E645F63 
 1955      726300
 1956              	.LASF34:
 1957 0290 6F75745F 		.ascii	"out_length\000"
 1957      6C656E67 
 1957      746800
 1958              	.LASF6:
 1959 029b 6C6F6E67 		.ascii	"long long int\000"
 1959      206C6F6E 
 1959      6720696E 
 1959      7400
 1960              	.LASF17:
 1961 02a9 73697A65 		.ascii	"sizetype\000"
 1961      74797065 
 1961      00
 1962              	.LASF16:
 1963 02b2 63686172 		.ascii	"char\000"
 1963      00
 1964              	.LASF48:
 1965 02b7 636F6E66 		.ascii	"configuration_data.c\000"
 1965      69677572 
 1965      6174696F 
ARM GAS  C:\Users\glenn\AppData\Local\Temp\ccuxkIhv.s 			page 41


 1965      6E5F6461 
 1965      74612E63 
 1966              	.LASF49:
 1967 02cc 433A5C55 		.ascii	"C:\\Users\\glenn\\OneDrive\\PSOC\\moisture_sensor_4"
 1967      73657273 
 1967      5C676C65 
 1967      6E6E5C4F 
 1967      6E654472 
 1968 02fa 6D5C4D6F 		.ascii	"m\\Moisture_Sensor\\Moisture_Sensor.cydsn\000"
 1968      69737475 
 1968      72655F53 
 1968      656E736F 
 1968      725C4D6F 
 1969              	.LASF39:
 1970 0322 62756666 		.ascii	"buffer\000"
 1970      657200
 1971              	.LASF11:
 1972 0329 75696E74 		.ascii	"uint8\000"
 1972      3800
 1973              	.LASF18:
 1974 032f 4E4F545F 		.ascii	"NOT_POPULATED\000"
 1974      504F5055 
 1974      4C415445 
 1974      4400
 1975              	.LASF37:
 1976 033d 63726331 		.ascii	"crc16\000"
 1976      3600
 1977              	.LASF43:
 1978 0343 636F6E66 		.ascii	"configuration_data\000"
 1978      69677572 
 1978      6174696F 
 1978      6E5F6461 
 1978      746100
 1979              	.LASF4:
 1980 0356 6C6F6E67 		.ascii	"long int\000"
 1980      20696E74 
 1980      00
 1981              	.LASF40:
 1982 035f 6372635F 		.ascii	"crc_hi\000"
 1982      686900
 1983              	.LASF23:
 1984 0366 72657369 		.ascii	"resistance_value\000"
 1984      7374616E 
 1984      63655F76 
 1984      616C7565 
 1984      00
 1985              	.LASF0:
 1986 0377 7369676E 		.ascii	"signed char\000"
 1986      65642063 
 1986      68617200 
 1987              	.LASF30:
 1988 0383 63726974 		.ascii	"criticalState\000"
 1988      6963616C 
 1988      53746174 
 1988      6500
 1989              	.LASF29:
 1990 0391 6C656E67 		.ascii	"length\000"
ARM GAS  C:\Users\glenn\AppData\Local\Temp\ccuxkIhv.s 			page 42


 1990      746800
 1991              	.LASF21:
 1992 0398 75696E74 		.ascii	"uint_id\000"
 1992      5F696400 
 1993              		.ident	"GCC: (GNU Tools for ARM Embedded Processors) 4.9.3 20150303 (release) [ARM/embedded-4_9-br
