ARM GAS  C:\Users\glenn\AppData\Local\Temp\ccudv8PH.s 			page 1


   1              		.cpu cortex-m0
   2              		.fpu softvfp
   3              		.eabi_attribute 20, 1
   4              		.eabi_attribute 21, 1
   5              		.eabi_attribute 23, 3
   6              		.eabi_attribute 24, 1
   7              		.eabi_attribute 25, 1
   8              		.eabi_attribute 26, 1
   9              		.eabi_attribute 30, 1
  10              		.eabi_attribute 34, 0
  11              		.eabi_attribute 18, 4
  12              		.code	16
  13              		.file	"Control_Reg_1_Write_PM.c"
  14              		.text
  15              	.Ltext0:
  16              		.cfi_sections	.debug_frame
  17              		.section	.text.Control_Reg_1_Write_SaveConfig,"ax",%progbits
  18              		.align	2
  19              		.global	Control_Reg_1_Write_SaveConfig
  20              		.code	16
  21              		.thumb_func
  22              		.type	Control_Reg_1_Write_SaveConfig, %function
  23              	Control_Reg_1_Write_SaveConfig:
  24              	.LFB0:
  25              		.file 1 "Generated_Source\\PSoC4\\Control_Reg_1_Write_PM.c"
   1:Generated_Source\PSoC4/Control_Reg_1_Write_PM.c **** /*******************************************************************************
   2:Generated_Source\PSoC4/Control_Reg_1_Write_PM.c **** * File Name: Control_Reg_1_Write_PM.c
   3:Generated_Source\PSoC4/Control_Reg_1_Write_PM.c **** * Version 1.80
   4:Generated_Source\PSoC4/Control_Reg_1_Write_PM.c **** *
   5:Generated_Source\PSoC4/Control_Reg_1_Write_PM.c **** * Description:
   6:Generated_Source\PSoC4/Control_Reg_1_Write_PM.c **** *  This file contains the setup, control, and status commands to support 
   7:Generated_Source\PSoC4/Control_Reg_1_Write_PM.c **** *  the component operation in the low power mode. 
   8:Generated_Source\PSoC4/Control_Reg_1_Write_PM.c **** *
   9:Generated_Source\PSoC4/Control_Reg_1_Write_PM.c **** * Note:
  10:Generated_Source\PSoC4/Control_Reg_1_Write_PM.c **** *
  11:Generated_Source\PSoC4/Control_Reg_1_Write_PM.c **** ********************************************************************************
  12:Generated_Source\PSoC4/Control_Reg_1_Write_PM.c **** * Copyright 2015, Cypress Semiconductor Corporation.  All rights reserved.
  13:Generated_Source\PSoC4/Control_Reg_1_Write_PM.c **** * You may use this file only in accordance with the license, terms, conditions, 
  14:Generated_Source\PSoC4/Control_Reg_1_Write_PM.c **** * disclaimers, and limitations in the end user license agreement accompanying 
  15:Generated_Source\PSoC4/Control_Reg_1_Write_PM.c **** * the software package with which this file was provided.
  16:Generated_Source\PSoC4/Control_Reg_1_Write_PM.c **** *******************************************************************************/
  17:Generated_Source\PSoC4/Control_Reg_1_Write_PM.c **** 
  18:Generated_Source\PSoC4/Control_Reg_1_Write_PM.c **** #include "Control_Reg_1_Write.h"
  19:Generated_Source\PSoC4/Control_Reg_1_Write_PM.c **** 
  20:Generated_Source\PSoC4/Control_Reg_1_Write_PM.c **** /* Check for removal by optimization */
  21:Generated_Source\PSoC4/Control_Reg_1_Write_PM.c **** #if !defined(Control_Reg_1_Write_Sync_ctrl_reg__REMOVED)
  22:Generated_Source\PSoC4/Control_Reg_1_Write_PM.c **** 
  23:Generated_Source\PSoC4/Control_Reg_1_Write_PM.c **** static Control_Reg_1_Write_BACKUP_STRUCT  Control_Reg_1_Write_backup = {0u};
  24:Generated_Source\PSoC4/Control_Reg_1_Write_PM.c **** 
  25:Generated_Source\PSoC4/Control_Reg_1_Write_PM.c ****     
  26:Generated_Source\PSoC4/Control_Reg_1_Write_PM.c **** /*******************************************************************************
  27:Generated_Source\PSoC4/Control_Reg_1_Write_PM.c **** * Function Name: Control_Reg_1_Write_SaveConfig
  28:Generated_Source\PSoC4/Control_Reg_1_Write_PM.c **** ********************************************************************************
  29:Generated_Source\PSoC4/Control_Reg_1_Write_PM.c **** *
  30:Generated_Source\PSoC4/Control_Reg_1_Write_PM.c **** * Summary:
  31:Generated_Source\PSoC4/Control_Reg_1_Write_PM.c **** *  Saves the control register value.
  32:Generated_Source\PSoC4/Control_Reg_1_Write_PM.c **** *
ARM GAS  C:\Users\glenn\AppData\Local\Temp\ccudv8PH.s 			page 2


  33:Generated_Source\PSoC4/Control_Reg_1_Write_PM.c **** * Parameters:
  34:Generated_Source\PSoC4/Control_Reg_1_Write_PM.c **** *  None
  35:Generated_Source\PSoC4/Control_Reg_1_Write_PM.c **** *
  36:Generated_Source\PSoC4/Control_Reg_1_Write_PM.c **** * Return:
  37:Generated_Source\PSoC4/Control_Reg_1_Write_PM.c **** *  None
  38:Generated_Source\PSoC4/Control_Reg_1_Write_PM.c **** *
  39:Generated_Source\PSoC4/Control_Reg_1_Write_PM.c **** *******************************************************************************/
  40:Generated_Source\PSoC4/Control_Reg_1_Write_PM.c **** void Control_Reg_1_Write_SaveConfig(void) 
  41:Generated_Source\PSoC4/Control_Reg_1_Write_PM.c **** {
  26              		.loc 1 41 0
  27              		.cfi_startproc
  42:Generated_Source\PSoC4/Control_Reg_1_Write_PM.c ****     Control_Reg_1_Write_backup.controlState = Control_Reg_1_Write_Control;
  28              		.loc 1 42 0
  29 0000 024B     		ldr	r3, .L2
  30 0002 1A78     		ldrb	r2, [r3]
  31 0004 024B     		ldr	r3, .L2+4
  32 0006 1A70     		strb	r2, [r3]
  43:Generated_Source\PSoC4/Control_Reg_1_Write_PM.c **** }
  33              		.loc 1 43 0
  34              		@ sp needed
  35 0008 7047     		bx	lr
  36              	.L3:
  37 000a C046     		.align	2
  38              	.L2:
  39 000c 71000F40 		.word	1074724977
  40 0010 00000000 		.word	.LANCHOR0
  41              		.cfi_endproc
  42              	.LFE0:
  43              		.size	Control_Reg_1_Write_SaveConfig, .-Control_Reg_1_Write_SaveConfig
  44              		.section	.text.Control_Reg_1_Write_RestoreConfig,"ax",%progbits
  45              		.align	2
  46              		.global	Control_Reg_1_Write_RestoreConfig
  47              		.code	16
  48              		.thumb_func
  49              		.type	Control_Reg_1_Write_RestoreConfig, %function
  50              	Control_Reg_1_Write_RestoreConfig:
  51              	.LFB1:
  44:Generated_Source\PSoC4/Control_Reg_1_Write_PM.c **** 
  45:Generated_Source\PSoC4/Control_Reg_1_Write_PM.c **** 
  46:Generated_Source\PSoC4/Control_Reg_1_Write_PM.c **** /*******************************************************************************
  47:Generated_Source\PSoC4/Control_Reg_1_Write_PM.c **** * Function Name: Control_Reg_1_Write_RestoreConfig
  48:Generated_Source\PSoC4/Control_Reg_1_Write_PM.c **** ********************************************************************************
  49:Generated_Source\PSoC4/Control_Reg_1_Write_PM.c **** *
  50:Generated_Source\PSoC4/Control_Reg_1_Write_PM.c **** * Summary:
  51:Generated_Source\PSoC4/Control_Reg_1_Write_PM.c **** *  Restores the control register value.
  52:Generated_Source\PSoC4/Control_Reg_1_Write_PM.c **** *
  53:Generated_Source\PSoC4/Control_Reg_1_Write_PM.c **** * Parameters:
  54:Generated_Source\PSoC4/Control_Reg_1_Write_PM.c **** *  None
  55:Generated_Source\PSoC4/Control_Reg_1_Write_PM.c **** *
  56:Generated_Source\PSoC4/Control_Reg_1_Write_PM.c **** * Return:
  57:Generated_Source\PSoC4/Control_Reg_1_Write_PM.c **** *  None
  58:Generated_Source\PSoC4/Control_Reg_1_Write_PM.c **** *
  59:Generated_Source\PSoC4/Control_Reg_1_Write_PM.c **** *
  60:Generated_Source\PSoC4/Control_Reg_1_Write_PM.c **** *******************************************************************************/
  61:Generated_Source\PSoC4/Control_Reg_1_Write_PM.c **** void Control_Reg_1_Write_RestoreConfig(void) 
  62:Generated_Source\PSoC4/Control_Reg_1_Write_PM.c **** {
  52              		.loc 1 62 0
ARM GAS  C:\Users\glenn\AppData\Local\Temp\ccudv8PH.s 			page 3


  53              		.cfi_startproc
  63:Generated_Source\PSoC4/Control_Reg_1_Write_PM.c ****      Control_Reg_1_Write_Control = Control_Reg_1_Write_backup.controlState;
  54              		.loc 1 63 0
  55 0000 024B     		ldr	r3, .L5
  56 0002 1A78     		ldrb	r2, [r3]
  57 0004 024B     		ldr	r3, .L5+4
  58 0006 1A70     		strb	r2, [r3]
  64:Generated_Source\PSoC4/Control_Reg_1_Write_PM.c **** }
  59              		.loc 1 64 0
  60              		@ sp needed
  61 0008 7047     		bx	lr
  62              	.L6:
  63 000a C046     		.align	2
  64              	.L5:
  65 000c 00000000 		.word	.LANCHOR0
  66 0010 71000F40 		.word	1074724977
  67              		.cfi_endproc
  68              	.LFE1:
  69              		.size	Control_Reg_1_Write_RestoreConfig, .-Control_Reg_1_Write_RestoreConfig
  70              		.section	.text.Control_Reg_1_Write_Sleep,"ax",%progbits
  71              		.align	2
  72              		.global	Control_Reg_1_Write_Sleep
  73              		.code	16
  74              		.thumb_func
  75              		.type	Control_Reg_1_Write_Sleep, %function
  76              	Control_Reg_1_Write_Sleep:
  77              	.LFB2:
  65:Generated_Source\PSoC4/Control_Reg_1_Write_PM.c **** 
  66:Generated_Source\PSoC4/Control_Reg_1_Write_PM.c **** 
  67:Generated_Source\PSoC4/Control_Reg_1_Write_PM.c **** /*******************************************************************************
  68:Generated_Source\PSoC4/Control_Reg_1_Write_PM.c **** * Function Name: Control_Reg_1_Write_Sleep
  69:Generated_Source\PSoC4/Control_Reg_1_Write_PM.c **** ********************************************************************************
  70:Generated_Source\PSoC4/Control_Reg_1_Write_PM.c **** *
  71:Generated_Source\PSoC4/Control_Reg_1_Write_PM.c **** * Summary:
  72:Generated_Source\PSoC4/Control_Reg_1_Write_PM.c **** *  Prepares the component for entering the low power mode.
  73:Generated_Source\PSoC4/Control_Reg_1_Write_PM.c **** *
  74:Generated_Source\PSoC4/Control_Reg_1_Write_PM.c **** * Parameters:
  75:Generated_Source\PSoC4/Control_Reg_1_Write_PM.c **** *  None
  76:Generated_Source\PSoC4/Control_Reg_1_Write_PM.c **** *
  77:Generated_Source\PSoC4/Control_Reg_1_Write_PM.c **** * Return:
  78:Generated_Source\PSoC4/Control_Reg_1_Write_PM.c **** *  None
  79:Generated_Source\PSoC4/Control_Reg_1_Write_PM.c **** *
  80:Generated_Source\PSoC4/Control_Reg_1_Write_PM.c **** *******************************************************************************/
  81:Generated_Source\PSoC4/Control_Reg_1_Write_PM.c **** void Control_Reg_1_Write_Sleep(void) 
  82:Generated_Source\PSoC4/Control_Reg_1_Write_PM.c **** {
  78              		.loc 1 82 0
  79              		.cfi_startproc
  80 0000 08B5     		push	{r3, lr}
  81              		.cfi_def_cfa_offset 8
  82              		.cfi_offset 3, -8
  83              		.cfi_offset 14, -4
  83:Generated_Source\PSoC4/Control_Reg_1_Write_PM.c ****     Control_Reg_1_Write_SaveConfig();
  84              		.loc 1 83 0
  85 0002 FFF7FEFF 		bl	Control_Reg_1_Write_SaveConfig
  86              	.LVL0:
  84:Generated_Source\PSoC4/Control_Reg_1_Write_PM.c **** }
  87              		.loc 1 84 0
ARM GAS  C:\Users\glenn\AppData\Local\Temp\ccudv8PH.s 			page 4


  88              		@ sp needed
  89 0006 08BD     		pop	{r3, pc}
  90              		.cfi_endproc
  91              	.LFE2:
  92              		.size	Control_Reg_1_Write_Sleep, .-Control_Reg_1_Write_Sleep
  93              		.section	.text.Control_Reg_1_Write_Wakeup,"ax",%progbits
  94              		.align	2
  95              		.global	Control_Reg_1_Write_Wakeup
  96              		.code	16
  97              		.thumb_func
  98              		.type	Control_Reg_1_Write_Wakeup, %function
  99              	Control_Reg_1_Write_Wakeup:
 100              	.LFB3:
  85:Generated_Source\PSoC4/Control_Reg_1_Write_PM.c **** 
  86:Generated_Source\PSoC4/Control_Reg_1_Write_PM.c **** 
  87:Generated_Source\PSoC4/Control_Reg_1_Write_PM.c **** /*******************************************************************************
  88:Generated_Source\PSoC4/Control_Reg_1_Write_PM.c **** * Function Name: Control_Reg_1_Write_Wakeup
  89:Generated_Source\PSoC4/Control_Reg_1_Write_PM.c **** ********************************************************************************
  90:Generated_Source\PSoC4/Control_Reg_1_Write_PM.c **** *
  91:Generated_Source\PSoC4/Control_Reg_1_Write_PM.c **** * Summary:
  92:Generated_Source\PSoC4/Control_Reg_1_Write_PM.c **** *  Restores the component after waking up from the low power mode.
  93:Generated_Source\PSoC4/Control_Reg_1_Write_PM.c **** *
  94:Generated_Source\PSoC4/Control_Reg_1_Write_PM.c **** * Parameters:
  95:Generated_Source\PSoC4/Control_Reg_1_Write_PM.c **** *  None
  96:Generated_Source\PSoC4/Control_Reg_1_Write_PM.c **** *
  97:Generated_Source\PSoC4/Control_Reg_1_Write_PM.c **** * Return:
  98:Generated_Source\PSoC4/Control_Reg_1_Write_PM.c **** *  None
  99:Generated_Source\PSoC4/Control_Reg_1_Write_PM.c **** *
 100:Generated_Source\PSoC4/Control_Reg_1_Write_PM.c **** *******************************************************************************/
 101:Generated_Source\PSoC4/Control_Reg_1_Write_PM.c **** void Control_Reg_1_Write_Wakeup(void)  
 102:Generated_Source\PSoC4/Control_Reg_1_Write_PM.c **** {
 101              		.loc 1 102 0
 102              		.cfi_startproc
 103 0000 08B5     		push	{r3, lr}
 104              		.cfi_def_cfa_offset 8
 105              		.cfi_offset 3, -8
 106              		.cfi_offset 14, -4
 103:Generated_Source\PSoC4/Control_Reg_1_Write_PM.c ****     Control_Reg_1_Write_RestoreConfig();
 107              		.loc 1 103 0
 108 0002 FFF7FEFF 		bl	Control_Reg_1_Write_RestoreConfig
 109              	.LVL1:
 104:Generated_Source\PSoC4/Control_Reg_1_Write_PM.c **** }
 110              		.loc 1 104 0
 111              		@ sp needed
 112 0006 08BD     		pop	{r3, pc}
 113              		.cfi_endproc
 114              	.LFE3:
 115              		.size	Control_Reg_1_Write_Wakeup, .-Control_Reg_1_Write_Wakeup
 116              		.bss
 117              		.align	2
 118              		.set	.LANCHOR0,. + 0
 119              		.type	Control_Reg_1_Write_backup, %object
 120              		.size	Control_Reg_1_Write_backup, 1
 121              	Control_Reg_1_Write_backup:
 122 0000 00       		.space	1
 123 0001 000000   		.text
 124              	.Letext0:
ARM GAS  C:\Users\glenn\AppData\Local\Temp\ccudv8PH.s 			page 5


 125              		.file 2 "Generated_Source\\PSoC4\\cytypes.h"
 126              		.file 3 "Generated_Source\\PSoC4\\Control_Reg_1_Write.h"
 127              		.section	.debug_info,"",%progbits
 128              	.Ldebug_info0:
 129 0000 2B010000 		.4byte	0x12b
 130 0004 0400     		.2byte	0x4
 131 0006 00000000 		.4byte	.Ldebug_abbrev0
 132 000a 04       		.byte	0x4
 133 000b 01       		.uleb128 0x1
 134 000c 52010000 		.4byte	.LASF19
 135 0010 01       		.byte	0x1
 136 0011 55000000 		.4byte	.LASF20
 137 0015 13020000 		.4byte	.LASF21
 138 0019 00000000 		.4byte	.Ldebug_ranges0+0
 139 001d 00000000 		.4byte	0
 140 0021 00000000 		.4byte	.Ldebug_line0
 141 0025 02       		.uleb128 0x2
 142 0026 01       		.byte	0x1
 143 0027 06       		.byte	0x6
 144 0028 69020000 		.4byte	.LASF0
 145 002c 02       		.uleb128 0x2
 146 002d 01       		.byte	0x1
 147 002e 08       		.byte	0x8
 148 002f 8B000000 		.4byte	.LASF1
 149 0033 02       		.uleb128 0x2
 150 0034 02       		.byte	0x2
 151 0035 05       		.byte	0x5
 152 0036 E0010000 		.4byte	.LASF2
 153 003a 02       		.uleb128 0x2
 154 003b 02       		.byte	0x2
 155 003c 07       		.byte	0x7
 156 003d B0000000 		.4byte	.LASF3
 157 0041 02       		.uleb128 0x2
 158 0042 04       		.byte	0x4
 159 0043 05       		.byte	0x5
 160 0044 0A020000 		.4byte	.LASF4
 161 0048 02       		.uleb128 0x2
 162 0049 04       		.byte	0x4
 163 004a 07       		.byte	0x7
 164 004b 9E000000 		.4byte	.LASF5
 165 004f 02       		.uleb128 0x2
 166 0050 08       		.byte	0x8
 167 0051 05       		.byte	0x5
 168 0052 3F010000 		.4byte	.LASF6
 169 0056 02       		.uleb128 0x2
 170 0057 08       		.byte	0x8
 171 0058 07       		.byte	0x7
 172 0059 06010000 		.4byte	.LASF7
 173 005d 03       		.uleb128 0x3
 174 005e 04       		.byte	0x4
 175 005f 05       		.byte	0x5
 176 0060 696E7400 		.ascii	"int\000"
 177 0064 02       		.uleb128 0x2
 178 0065 04       		.byte	0x4
 179 0066 07       		.byte	0x7
 180 0067 F9000000 		.4byte	.LASF8
 181 006b 04       		.uleb128 0x4
ARM GAS  C:\Users\glenn\AppData\Local\Temp\ccudv8PH.s 			page 6


 182 006c EA010000 		.4byte	.LASF12
 183 0070 02       		.byte	0x2
 184 0071 9801     		.2byte	0x198
 185 0073 2C000000 		.4byte	0x2c
 186 0077 02       		.uleb128 0x2
 187 0078 04       		.byte	0x4
 188 0079 04       		.byte	0x4
 189 007a 85000000 		.4byte	.LASF9
 190 007e 02       		.uleb128 0x2
 191 007f 08       		.byte	0x8
 192 0080 04       		.byte	0x4
 193 0081 F2000000 		.4byte	.LASF10
 194 0085 02       		.uleb128 0x2
 195 0086 01       		.byte	0x1
 196 0087 08       		.byte	0x8
 197 0088 4D010000 		.4byte	.LASF11
 198 008c 04       		.uleb128 0x4
 199 008d 99000000 		.4byte	.LASF13
 200 0091 02       		.byte	0x2
 201 0092 4202     		.2byte	0x242
 202 0094 98000000 		.4byte	0x98
 203 0098 05       		.uleb128 0x5
 204 0099 6B000000 		.4byte	0x6b
 205 009d 06       		.uleb128 0x6
 206 009e 01       		.byte	0x1
 207 009f 03       		.byte	0x3
 208 00a0 1C       		.byte	0x1c
 209 00a1 B2000000 		.4byte	0xb2
 210 00a5 07       		.uleb128 0x7
 211 00a6 C3000000 		.4byte	.LASF22
 212 00aa 03       		.byte	0x3
 213 00ab 1E       		.byte	0x1e
 214 00ac 6B000000 		.4byte	0x6b
 215 00b0 00       		.byte	0
 216 00b1 00       		.byte	0
 217 00b2 08       		.uleb128 0x8
 218 00b3 D0000000 		.4byte	.LASF14
 219 00b7 03       		.byte	0x3
 220 00b8 20       		.byte	0x20
 221 00b9 9D000000 		.4byte	0x9d
 222 00bd 09       		.uleb128 0x9
 223 00be 1B000000 		.4byte	.LASF15
 224 00c2 01       		.byte	0x1
 225 00c3 28       		.byte	0x28
 226 00c4 00000000 		.4byte	.LFB0
 227 00c8 14000000 		.4byte	.LFE0-.LFB0
 228 00cc 01       		.uleb128 0x1
 229 00cd 9C       		.byte	0x9c
 230 00ce 09       		.uleb128 0x9
 231 00cf 1D010000 		.4byte	.LASF16
 232 00d3 01       		.byte	0x1
 233 00d4 3D       		.byte	0x3d
 234 00d5 00000000 		.4byte	.LFB1
 235 00d9 14000000 		.4byte	.LFE1-.LFB1
 236 00dd 01       		.uleb128 0x1
 237 00de 9C       		.byte	0x9c
 238 00df 0A       		.uleb128 0xa
ARM GAS  C:\Users\glenn\AppData\Local\Temp\ccudv8PH.s 			page 7


 239 00e0 F0010000 		.4byte	.LASF17
 240 00e4 01       		.byte	0x1
 241 00e5 51       		.byte	0x51
 242 00e6 00000000 		.4byte	.LFB2
 243 00ea 08000000 		.4byte	.LFE2-.LFB2
 244 00ee 01       		.uleb128 0x1
 245 00ef 9C       		.byte	0x9c
 246 00f0 FE000000 		.4byte	0xfe
 247 00f4 0B       		.uleb128 0xb
 248 00f5 06000000 		.4byte	.LVL0
 249 00f9 BD000000 		.4byte	0xbd
 250 00fd 00       		.byte	0
 251 00fe 0A       		.uleb128 0xa
 252 00ff 3A000000 		.4byte	.LASF18
 253 0103 01       		.byte	0x1
 254 0104 65       		.byte	0x65
 255 0105 00000000 		.4byte	.LFB3
 256 0109 08000000 		.4byte	.LFE3-.LFB3
 257 010d 01       		.uleb128 0x1
 258 010e 9C       		.byte	0x9c
 259 010f 1D010000 		.4byte	0x11d
 260 0113 0B       		.uleb128 0xb
 261 0114 06000000 		.4byte	.LVL1
 262 0118 CE000000 		.4byte	0xce
 263 011c 00       		.byte	0
 264 011d 0C       		.uleb128 0xc
 265 011e 00000000 		.4byte	.LASF23
 266 0122 01       		.byte	0x1
 267 0123 17       		.byte	0x17
 268 0124 B2000000 		.4byte	0xb2
 269 0128 05       		.uleb128 0x5
 270 0129 03       		.byte	0x3
 271 012a 00000000 		.4byte	Control_Reg_1_Write_backup
 272 012e 00       		.byte	0
 273              		.section	.debug_abbrev,"",%progbits
 274              	.Ldebug_abbrev0:
 275 0000 01       		.uleb128 0x1
 276 0001 11       		.uleb128 0x11
 277 0002 01       		.byte	0x1
 278 0003 25       		.uleb128 0x25
 279 0004 0E       		.uleb128 0xe
 280 0005 13       		.uleb128 0x13
 281 0006 0B       		.uleb128 0xb
 282 0007 03       		.uleb128 0x3
 283 0008 0E       		.uleb128 0xe
 284 0009 1B       		.uleb128 0x1b
 285 000a 0E       		.uleb128 0xe
 286 000b 55       		.uleb128 0x55
 287 000c 17       		.uleb128 0x17
 288 000d 11       		.uleb128 0x11
 289 000e 01       		.uleb128 0x1
 290 000f 10       		.uleb128 0x10
 291 0010 17       		.uleb128 0x17
 292 0011 00       		.byte	0
 293 0012 00       		.byte	0
 294 0013 02       		.uleb128 0x2
 295 0014 24       		.uleb128 0x24
ARM GAS  C:\Users\glenn\AppData\Local\Temp\ccudv8PH.s 			page 8


 296 0015 00       		.byte	0
 297 0016 0B       		.uleb128 0xb
 298 0017 0B       		.uleb128 0xb
 299 0018 3E       		.uleb128 0x3e
 300 0019 0B       		.uleb128 0xb
 301 001a 03       		.uleb128 0x3
 302 001b 0E       		.uleb128 0xe
 303 001c 00       		.byte	0
 304 001d 00       		.byte	0
 305 001e 03       		.uleb128 0x3
 306 001f 24       		.uleb128 0x24
 307 0020 00       		.byte	0
 308 0021 0B       		.uleb128 0xb
 309 0022 0B       		.uleb128 0xb
 310 0023 3E       		.uleb128 0x3e
 311 0024 0B       		.uleb128 0xb
 312 0025 03       		.uleb128 0x3
 313 0026 08       		.uleb128 0x8
 314 0027 00       		.byte	0
 315 0028 00       		.byte	0
 316 0029 04       		.uleb128 0x4
 317 002a 16       		.uleb128 0x16
 318 002b 00       		.byte	0
 319 002c 03       		.uleb128 0x3
 320 002d 0E       		.uleb128 0xe
 321 002e 3A       		.uleb128 0x3a
 322 002f 0B       		.uleb128 0xb
 323 0030 3B       		.uleb128 0x3b
 324 0031 05       		.uleb128 0x5
 325 0032 49       		.uleb128 0x49
 326 0033 13       		.uleb128 0x13
 327 0034 00       		.byte	0
 328 0035 00       		.byte	0
 329 0036 05       		.uleb128 0x5
 330 0037 35       		.uleb128 0x35
 331 0038 00       		.byte	0
 332 0039 49       		.uleb128 0x49
 333 003a 13       		.uleb128 0x13
 334 003b 00       		.byte	0
 335 003c 00       		.byte	0
 336 003d 06       		.uleb128 0x6
 337 003e 13       		.uleb128 0x13
 338 003f 01       		.byte	0x1
 339 0040 0B       		.uleb128 0xb
 340 0041 0B       		.uleb128 0xb
 341 0042 3A       		.uleb128 0x3a
 342 0043 0B       		.uleb128 0xb
 343 0044 3B       		.uleb128 0x3b
 344 0045 0B       		.uleb128 0xb
 345 0046 01       		.uleb128 0x1
 346 0047 13       		.uleb128 0x13
 347 0048 00       		.byte	0
 348 0049 00       		.byte	0
 349 004a 07       		.uleb128 0x7
 350 004b 0D       		.uleb128 0xd
 351 004c 00       		.byte	0
 352 004d 03       		.uleb128 0x3
ARM GAS  C:\Users\glenn\AppData\Local\Temp\ccudv8PH.s 			page 9


 353 004e 0E       		.uleb128 0xe
 354 004f 3A       		.uleb128 0x3a
 355 0050 0B       		.uleb128 0xb
 356 0051 3B       		.uleb128 0x3b
 357 0052 0B       		.uleb128 0xb
 358 0053 49       		.uleb128 0x49
 359 0054 13       		.uleb128 0x13
 360 0055 38       		.uleb128 0x38
 361 0056 0B       		.uleb128 0xb
 362 0057 00       		.byte	0
 363 0058 00       		.byte	0
 364 0059 08       		.uleb128 0x8
 365 005a 16       		.uleb128 0x16
 366 005b 00       		.byte	0
 367 005c 03       		.uleb128 0x3
 368 005d 0E       		.uleb128 0xe
 369 005e 3A       		.uleb128 0x3a
 370 005f 0B       		.uleb128 0xb
 371 0060 3B       		.uleb128 0x3b
 372 0061 0B       		.uleb128 0xb
 373 0062 49       		.uleb128 0x49
 374 0063 13       		.uleb128 0x13
 375 0064 00       		.byte	0
 376 0065 00       		.byte	0
 377 0066 09       		.uleb128 0x9
 378 0067 2E       		.uleb128 0x2e
 379 0068 00       		.byte	0
 380 0069 3F       		.uleb128 0x3f
 381 006a 19       		.uleb128 0x19
 382 006b 03       		.uleb128 0x3
 383 006c 0E       		.uleb128 0xe
 384 006d 3A       		.uleb128 0x3a
 385 006e 0B       		.uleb128 0xb
 386 006f 3B       		.uleb128 0x3b
 387 0070 0B       		.uleb128 0xb
 388 0071 27       		.uleb128 0x27
 389 0072 19       		.uleb128 0x19
 390 0073 11       		.uleb128 0x11
 391 0074 01       		.uleb128 0x1
 392 0075 12       		.uleb128 0x12
 393 0076 06       		.uleb128 0x6
 394 0077 40       		.uleb128 0x40
 395 0078 18       		.uleb128 0x18
 396 0079 9742     		.uleb128 0x2117
 397 007b 19       		.uleb128 0x19
 398 007c 00       		.byte	0
 399 007d 00       		.byte	0
 400 007e 0A       		.uleb128 0xa
 401 007f 2E       		.uleb128 0x2e
 402 0080 01       		.byte	0x1
 403 0081 3F       		.uleb128 0x3f
 404 0082 19       		.uleb128 0x19
 405 0083 03       		.uleb128 0x3
 406 0084 0E       		.uleb128 0xe
 407 0085 3A       		.uleb128 0x3a
 408 0086 0B       		.uleb128 0xb
 409 0087 3B       		.uleb128 0x3b
ARM GAS  C:\Users\glenn\AppData\Local\Temp\ccudv8PH.s 			page 10


 410 0088 0B       		.uleb128 0xb
 411 0089 27       		.uleb128 0x27
 412 008a 19       		.uleb128 0x19
 413 008b 11       		.uleb128 0x11
 414 008c 01       		.uleb128 0x1
 415 008d 12       		.uleb128 0x12
 416 008e 06       		.uleb128 0x6
 417 008f 40       		.uleb128 0x40
 418 0090 18       		.uleb128 0x18
 419 0091 9742     		.uleb128 0x2117
 420 0093 19       		.uleb128 0x19
 421 0094 01       		.uleb128 0x1
 422 0095 13       		.uleb128 0x13
 423 0096 00       		.byte	0
 424 0097 00       		.byte	0
 425 0098 0B       		.uleb128 0xb
 426 0099 898201   		.uleb128 0x4109
 427 009c 00       		.byte	0
 428 009d 11       		.uleb128 0x11
 429 009e 01       		.uleb128 0x1
 430 009f 31       		.uleb128 0x31
 431 00a0 13       		.uleb128 0x13
 432 00a1 00       		.byte	0
 433 00a2 00       		.byte	0
 434 00a3 0C       		.uleb128 0xc
 435 00a4 34       		.uleb128 0x34
 436 00a5 00       		.byte	0
 437 00a6 03       		.uleb128 0x3
 438 00a7 0E       		.uleb128 0xe
 439 00a8 3A       		.uleb128 0x3a
 440 00a9 0B       		.uleb128 0xb
 441 00aa 3B       		.uleb128 0x3b
 442 00ab 0B       		.uleb128 0xb
 443 00ac 49       		.uleb128 0x49
 444 00ad 13       		.uleb128 0x13
 445 00ae 02       		.uleb128 0x2
 446 00af 18       		.uleb128 0x18
 447 00b0 00       		.byte	0
 448 00b1 00       		.byte	0
 449 00b2 00       		.byte	0
 450              		.section	.debug_aranges,"",%progbits
 451 0000 34000000 		.4byte	0x34
 452 0004 0200     		.2byte	0x2
 453 0006 00000000 		.4byte	.Ldebug_info0
 454 000a 04       		.byte	0x4
 455 000b 00       		.byte	0
 456 000c 0000     		.2byte	0
 457 000e 0000     		.2byte	0
 458 0010 00000000 		.4byte	.LFB0
 459 0014 14000000 		.4byte	.LFE0-.LFB0
 460 0018 00000000 		.4byte	.LFB1
 461 001c 14000000 		.4byte	.LFE1-.LFB1
 462 0020 00000000 		.4byte	.LFB2
 463 0024 08000000 		.4byte	.LFE2-.LFB2
 464 0028 00000000 		.4byte	.LFB3
 465 002c 08000000 		.4byte	.LFE3-.LFB3
 466 0030 00000000 		.4byte	0
ARM GAS  C:\Users\glenn\AppData\Local\Temp\ccudv8PH.s 			page 11


 467 0034 00000000 		.4byte	0
 468              		.section	.debug_ranges,"",%progbits
 469              	.Ldebug_ranges0:
 470 0000 00000000 		.4byte	.LFB0
 471 0004 14000000 		.4byte	.LFE0
 472 0008 00000000 		.4byte	.LFB1
 473 000c 14000000 		.4byte	.LFE1
 474 0010 00000000 		.4byte	.LFB2
 475 0014 08000000 		.4byte	.LFE2
 476 0018 00000000 		.4byte	.LFB3
 477 001c 08000000 		.4byte	.LFE3
 478 0020 00000000 		.4byte	0
 479 0024 00000000 		.4byte	0
 480              		.section	.debug_line,"",%progbits
 481              	.Ldebug_line0:
 482 0000 B8000000 		.section	.debug_str,"MS",%progbits,1
 482      02006C00 
 482      00000201 
 482      FB0E0D00 
 482      01010101 
 483              	.LASF23:
 484 0000 436F6E74 		.ascii	"Control_Reg_1_Write_backup\000"
 484      726F6C5F 
 484      5265675F 
 484      315F5772 
 484      6974655F 
 485              	.LASF15:
 486 001b 436F6E74 		.ascii	"Control_Reg_1_Write_SaveConfig\000"
 486      726F6C5F 
 486      5265675F 
 486      315F5772 
 486      6974655F 
 487              	.LASF18:
 488 003a 436F6E74 		.ascii	"Control_Reg_1_Write_Wakeup\000"
 488      726F6C5F 
 488      5265675F 
 488      315F5772 
 488      6974655F 
 489              	.LASF20:
 490 0055 47656E65 		.ascii	"Generated_Source\\PSoC4\\Control_Reg_1_Write_PM.c\000"
 490      72617465 
 490      645F536F 
 490      75726365 
 490      5C50536F 
 491              	.LASF9:
 492 0085 666C6F61 		.ascii	"float\000"
 492      7400
 493              	.LASF1:
 494 008b 756E7369 		.ascii	"unsigned char\000"
 494      676E6564 
 494      20636861 
 494      7200
 495              	.LASF13:
 496 0099 72656738 		.ascii	"reg8\000"
 496      00
 497              	.LASF5:
 498 009e 6C6F6E67 		.ascii	"long unsigned int\000"
ARM GAS  C:\Users\glenn\AppData\Local\Temp\ccudv8PH.s 			page 12


 498      20756E73 
 498      69676E65 
 498      6420696E 
 498      7400
 499              	.LASF3:
 500 00b0 73686F72 		.ascii	"short unsigned int\000"
 500      7420756E 
 500      7369676E 
 500      65642069 
 500      6E7400
 501              	.LASF22:
 502 00c3 636F6E74 		.ascii	"controlState\000"
 502      726F6C53 
 502      74617465 
 502      00
 503              	.LASF14:
 504 00d0 436F6E74 		.ascii	"Control_Reg_1_Write_BACKUP_STRUCT\000"
 504      726F6C5F 
 504      5265675F 
 504      315F5772 
 504      6974655F 
 505              	.LASF10:
 506 00f2 646F7562 		.ascii	"double\000"
 506      6C6500
 507              	.LASF8:
 508 00f9 756E7369 		.ascii	"unsigned int\000"
 508      676E6564 
 508      20696E74 
 508      00
 509              	.LASF7:
 510 0106 6C6F6E67 		.ascii	"long long unsigned int\000"
 510      206C6F6E 
 510      6720756E 
 510      7369676E 
 510      65642069 
 511              	.LASF16:
 512 011d 436F6E74 		.ascii	"Control_Reg_1_Write_RestoreConfig\000"
 512      726F6C5F 
 512      5265675F 
 512      315F5772 
 512      6974655F 
 513              	.LASF6:
 514 013f 6C6F6E67 		.ascii	"long long int\000"
 514      206C6F6E 
 514      6720696E 
 514      7400
 515              	.LASF11:
 516 014d 63686172 		.ascii	"char\000"
 516      00
 517              	.LASF19:
 518 0152 474E5520 		.ascii	"GNU C 4.9.3 20150303 (release) [ARM/embedded-4_9-br"
 518      4320342E 
 518      392E3320 
 518      32303135 
 518      30333033 
 519 0185 616E6368 		.ascii	"anch revision 221220] -mcpu=cortex-m0 -mthumb -g -O"
 519      20726576 
ARM GAS  C:\Users\glenn\AppData\Local\Temp\ccudv8PH.s 			page 13


 519      6973696F 
 519      6E203232 
 519      31323230 
 520 01b8 67202D66 		.ascii	"g -ffunction-sections -ffat-lto-objects\000"
 520      66756E63 
 520      74696F6E 
 520      2D736563 
 520      74696F6E 
 521              	.LASF2:
 522 01e0 73686F72 		.ascii	"short int\000"
 522      7420696E 
 522      7400
 523              	.LASF12:
 524 01ea 75696E74 		.ascii	"uint8\000"
 524      3800
 525              	.LASF17:
 526 01f0 436F6E74 		.ascii	"Control_Reg_1_Write_Sleep\000"
 526      726F6C5F 
 526      5265675F 
 526      315F5772 
 526      6974655F 
 527              	.LASF4:
 528 020a 6C6F6E67 		.ascii	"long int\000"
 528      20696E74 
 528      00
 529              	.LASF21:
 530 0213 433A5C55 		.ascii	"C:\\Users\\glenn\\OneDrive\\PSOC\\moisture_sensor_4"
 530      73657273 
 530      5C676C65 
 530      6E6E5C4F 
 530      6E654472 
 531 0241 6D5C4D6F 		.ascii	"m\\Moisture_Sensor\\Moisture_Sensor.cydsn\000"
 531      69737475 
 531      72655F53 
 531      656E736F 
 531      725C4D6F 
 532              	.LASF0:
 533 0269 7369676E 		.ascii	"signed char\000"
 533      65642063 
 533      68617200 
 534              		.ident	"GCC: (GNU Tools for ARM Embedded Processors) 4.9.3 20150303 (release) [ARM/embedded-4_9-br
