ARM GAS  C:\Users\glenn\AppData\Local\Temp\cchYt3KT.s 			page 1


   1              		.cpu cortex-m0
   2              		.fpu softvfp
   3              		.eabi_attribute 20, 1
   4              		.eabi_attribute 21, 1
   5              		.eabi_attribute 23, 3
   6              		.eabi_attribute 24, 1
   7              		.eabi_attribute 25, 1
   8              		.eabi_attribute 26, 1
   9              		.eabi_attribute 30, 1
  10              		.eabi_attribute 34, 0
  11              		.eabi_attribute 18, 4
  12              		.code	16
  13              		.file	"digitial_io.c"
  14              		.text
  15              	.Ltext0:
  16              		.cfi_sections	.debug_frame
  17              		.section	.text.read_board_switch,"ax",%progbits
  18              		.align	2
  19              		.global	read_board_switch
  20              		.code	16
  21              		.thumb_func
  22              		.type	read_board_switch, %function
  23              	read_board_switch:
  24              	.LFB64:
  25              		.file 1 "utilities\\digitial_io.c"
   1:utilities/digitial_io.c **** /*
   2:utilities/digitial_io.c **** File: digital_io.c
   3:utilities/digitial_io.c **** 
   4:utilities/digitial_io.c **** Digital functions
   5:utilities/digitial_io.c **** 
   6:utilities/digitial_io.c **** */
   7:utilities/digitial_io.c **** 
   8:utilities/digitial_io.c ****     
   9:utilities/digitial_io.c **** #include <project.h>
  10:utilities/digitial_io.c ****  
  11:utilities/digitial_io.c **** // Masks for debounced pins
  12:utilities/digitial_io.c **** #define LOG_PIN    1
  13:utilities/digitial_io.c **** #define BOARD_PIN  2
  14:utilities/digitial_io.c **** #define ACTIVE_PIN 4
  15:utilities/digitial_io.c **** 
  16:utilities/digitial_io.c **** 
  17:utilities/digitial_io.c **** 
  18:utilities/digitial_io.c **** uint32 read_board_switch( void )
  19:utilities/digitial_io.c **** {
  26              		.loc 1 19 0
  27              		.cfi_startproc
  28 0000 08B5     		push	{r3, lr}
  29              		.cfi_def_cfa_offset 8
  30              		.cfi_offset 3, -8
  31              		.cfi_offset 14, -4
  20:utilities/digitial_io.c ****    return Status_Reg_1_Read()&BOARD_PIN; 
  32              		.loc 1 20 0
  33 0002 FFF7FEFF 		bl	Status_Reg_1_Read
  34              	.LVL0:
  35 0006 0223     		mov	r3, #2
  36 0008 1840     		and	r0, r3
  21:utilities/digitial_io.c **** }
ARM GAS  C:\Users\glenn\AppData\Local\Temp\cchYt3KT.s 			page 2


  37              		.loc 1 21 0
  38              		@ sp needed
  39 000a 08BD     		pop	{r3, pc}
  40              		.cfi_endproc
  41              	.LFE64:
  42              		.size	read_board_switch, .-read_board_switch
  43              		.section	.text.read_log_pin,"ax",%progbits
  44              		.align	2
  45              		.global	read_log_pin
  46              		.code	16
  47              		.thumb_func
  48              		.type	read_log_pin, %function
  49              	read_log_pin:
  50              	.LFB65:
  22:utilities/digitial_io.c **** 
  23:utilities/digitial_io.c **** uint32 read_log_pin( void )
  24:utilities/digitial_io.c **** {
  51              		.loc 1 24 0
  52              		.cfi_startproc
  53 0000 08B5     		push	{r3, lr}
  54              		.cfi_def_cfa_offset 8
  55              		.cfi_offset 3, -8
  56              		.cfi_offset 14, -4
  25:utilities/digitial_io.c ****     return Status_Reg_1_Read()&LOG_PIN;
  57              		.loc 1 25 0
  58 0002 FFF7FEFF 		bl	Status_Reg_1_Read
  59              	.LVL1:
  60 0006 0123     		mov	r3, #1
  61 0008 1840     		and	r0, r3
  26:utilities/digitial_io.c **** }
  62              		.loc 1 26 0
  63              		@ sp needed
  64 000a 08BD     		pop	{r3, pc}
  65              		.cfi_endproc
  66              	.LFE65:
  67              		.size	read_log_pin, .-read_log_pin
  68              		.section	.text.read_active_pin,"ax",%progbits
  69              		.align	2
  70              		.global	read_active_pin
  71              		.code	16
  72              		.thumb_func
  73              		.type	read_active_pin, %function
  74              	read_active_pin:
  75              	.LFB66:
  27:utilities/digitial_io.c **** 
  28:utilities/digitial_io.c **** 
  29:utilities/digitial_io.c **** uint32 read_active_pin( void )
  30:utilities/digitial_io.c **** {
  76              		.loc 1 30 0
  77              		.cfi_startproc
  78 0000 08B5     		push	{r3, lr}
  79              		.cfi_def_cfa_offset 8
  80              		.cfi_offset 3, -8
  81              		.cfi_offset 14, -4
  31:utilities/digitial_io.c ****     return Status_Reg_1_Read()&ACTIVE_PIN;
  82              		.loc 1 31 0
  83 0002 FFF7FEFF 		bl	Status_Reg_1_Read
ARM GAS  C:\Users\glenn\AppData\Local\Temp\cchYt3KT.s 			page 3


  84              	.LVL2:
  85 0006 0423     		mov	r3, #4
  86 0008 1840     		and	r0, r3
  32:utilities/digitial_io.c **** }
  87              		.loc 1 32 0
  88              		@ sp needed
  89 000a 08BD     		pop	{r3, pc}
  90              		.cfi_endproc
  91              	.LFE66:
  92              		.size	read_active_pin, .-read_active_pin
  93              		.text
  94              	.Letext0:
  95              		.file 2 "Generated_Source\\PSoC4/cytypes.h"
  96              		.section	.debug_info,"",%progbits
  97              	.Ldebug_info0:
  98 0000 39010000 		.4byte	0x139
  99 0004 0400     		.2byte	0x4
 100 0006 00000000 		.4byte	.Ldebug_abbrev0
 101 000a 04       		.byte	0x4
 102 000b 01       		.uleb128 0x1
 103 000c 63000000 		.4byte	.LASF17
 104 0010 01       		.byte	0x1
 105 0011 00000000 		.4byte	.LASF18
 106 0015 F1000000 		.4byte	.LASF19
 107 0019 00000000 		.4byte	.Ldebug_ranges0+0
 108 001d 00000000 		.4byte	0
 109 0021 00000000 		.4byte	.Ldebug_line0
 110 0025 02       		.uleb128 0x2
 111 0026 01       		.byte	0x1
 112 0027 06       		.byte	0x6
 113 0028 8F010000 		.4byte	.LASF0
 114 002c 02       		.uleb128 0x2
 115 002d 01       		.byte	0x1
 116 002e 08       		.byte	0x8
 117 002f 2C000000 		.4byte	.LASF1
 118 0033 02       		.uleb128 0x2
 119 0034 02       		.byte	0x2
 120 0035 05       		.byte	0x5
 121 0036 B1010000 		.4byte	.LASF2
 122 003a 02       		.uleb128 0x2
 123 003b 02       		.byte	0x2
 124 003c 07       		.byte	0x7
 125 003d 7C010000 		.4byte	.LASF3
 126 0041 02       		.uleb128 0x2
 127 0042 04       		.byte	0x4
 128 0043 05       		.byte	0x5
 129 0044 5E010000 		.4byte	.LASF4
 130 0048 02       		.uleb128 0x2
 131 0049 04       		.byte	0x4
 132 004a 07       		.byte	0x7
 133 004b 3A000000 		.4byte	.LASF5
 134 004f 02       		.uleb128 0x2
 135 0050 08       		.byte	0x8
 136 0051 05       		.byte	0x5
 137 0052 6E010000 		.4byte	.LASF6
 138 0056 02       		.uleb128 0x2
 139 0057 08       		.byte	0x8
ARM GAS  C:\Users\glenn\AppData\Local\Temp\cchYt3KT.s 			page 4


 140 0058 07       		.byte	0x7
 141 0059 4C000000 		.4byte	.LASF7
 142 005d 03       		.uleb128 0x3
 143 005e 04       		.byte	0x4
 144 005f 05       		.byte	0x5
 145 0060 696E7400 		.ascii	"int\000"
 146 0064 02       		.uleb128 0x2
 147 0065 04       		.byte	0x4
 148 0066 07       		.byte	0x7
 149 0067 1F000000 		.4byte	.LASF8
 150 006b 04       		.uleb128 0x4
 151 006c 18000000 		.4byte	.LASF20
 152 0070 02       		.byte	0x2
 153 0071 9A01     		.2byte	0x19a
 154 0073 48000000 		.4byte	0x48
 155 0077 02       		.uleb128 0x2
 156 0078 04       		.byte	0x4
 157 0079 04       		.byte	0x4
 158 007a AB010000 		.4byte	.LASF9
 159 007e 02       		.uleb128 0x2
 160 007f 08       		.byte	0x8
 161 0080 04       		.byte	0x4
 162 0081 67010000 		.4byte	.LASF10
 163 0085 02       		.uleb128 0x2
 164 0086 01       		.byte	0x1
 165 0087 08       		.byte	0x8
 166 0088 59010000 		.4byte	.LASF11
 167 008c 02       		.uleb128 0x2
 168 008d 04       		.byte	0x4
 169 008e 07       		.byte	0x7
 170 008f DA010000 		.4byte	.LASF12
 171 0093 05       		.uleb128 0x5
 172 0094 C8010000 		.4byte	.LASF13
 173 0098 01       		.byte	0x1
 174 0099 12       		.byte	0x12
 175 009a 6B000000 		.4byte	0x6b
 176 009e 00000000 		.4byte	.LFB64
 177 00a2 0C000000 		.4byte	.LFE64-.LFB64
 178 00a6 01       		.uleb128 0x1
 179 00a7 9C       		.byte	0x9c
 180 00a8 C7000000 		.4byte	0xc7
 181 00ac 06       		.uleb128 0x6
 182 00ad 47010000 		.4byte	.LASF15
 183 00b1 01       		.byte	0x1
 184 00b2 14       		.byte	0x14
 185 00b3 5D000000 		.4byte	0x5d
 186 00b7 BD000000 		.4byte	0xbd
 187 00bb 07       		.uleb128 0x7
 188 00bc 00       		.byte	0
 189 00bd 08       		.uleb128 0x8
 190 00be 06000000 		.4byte	.LVL0
 191 00c2 2F010000 		.4byte	0x12f
 192 00c6 00       		.byte	0
 193 00c7 05       		.uleb128 0x5
 194 00c8 BB010000 		.4byte	.LASF14
 195 00cc 01       		.byte	0x1
 196 00cd 17       		.byte	0x17
ARM GAS  C:\Users\glenn\AppData\Local\Temp\cchYt3KT.s 			page 5


 197 00ce 6B000000 		.4byte	0x6b
 198 00d2 00000000 		.4byte	.LFB65
 199 00d6 0C000000 		.4byte	.LFE65-.LFB65
 200 00da 01       		.uleb128 0x1
 201 00db 9C       		.byte	0x9c
 202 00dc FB000000 		.4byte	0xfb
 203 00e0 06       		.uleb128 0x6
 204 00e1 47010000 		.4byte	.LASF15
 205 00e5 01       		.byte	0x1
 206 00e6 14       		.byte	0x14
 207 00e7 5D000000 		.4byte	0x5d
 208 00eb F1000000 		.4byte	0xf1
 209 00ef 07       		.uleb128 0x7
 210 00f0 00       		.byte	0
 211 00f1 08       		.uleb128 0x8
 212 00f2 06000000 		.4byte	.LVL1
 213 00f6 2F010000 		.4byte	0x12f
 214 00fa 00       		.byte	0
 215 00fb 05       		.uleb128 0x5
 216 00fc 9B010000 		.4byte	.LASF16
 217 0100 01       		.byte	0x1
 218 0101 1D       		.byte	0x1d
 219 0102 6B000000 		.4byte	0x6b
 220 0106 00000000 		.4byte	.LFB66
 221 010a 0C000000 		.4byte	.LFE66-.LFB66
 222 010e 01       		.uleb128 0x1
 223 010f 9C       		.byte	0x9c
 224 0110 2F010000 		.4byte	0x12f
 225 0114 06       		.uleb128 0x6
 226 0115 47010000 		.4byte	.LASF15
 227 0119 01       		.byte	0x1
 228 011a 14       		.byte	0x14
 229 011b 5D000000 		.4byte	0x5d
 230 011f 25010000 		.4byte	0x125
 231 0123 07       		.uleb128 0x7
 232 0124 00       		.byte	0
 233 0125 08       		.uleb128 0x8
 234 0126 06000000 		.4byte	.LVL2
 235 012a 2F010000 		.4byte	0x12f
 236 012e 00       		.byte	0
 237 012f 09       		.uleb128 0x9
 238 0130 47010000 		.4byte	.LASF15
 239 0134 01       		.byte	0x1
 240 0135 14       		.byte	0x14
 241 0136 5D000000 		.4byte	0x5d
 242 013a 07       		.uleb128 0x7
 243 013b 00       		.byte	0
 244 013c 00       		.byte	0
 245              		.section	.debug_abbrev,"",%progbits
 246              	.Ldebug_abbrev0:
 247 0000 01       		.uleb128 0x1
 248 0001 11       		.uleb128 0x11
 249 0002 01       		.byte	0x1
 250 0003 25       		.uleb128 0x25
 251 0004 0E       		.uleb128 0xe
 252 0005 13       		.uleb128 0x13
 253 0006 0B       		.uleb128 0xb
ARM GAS  C:\Users\glenn\AppData\Local\Temp\cchYt3KT.s 			page 6


 254 0007 03       		.uleb128 0x3
 255 0008 0E       		.uleb128 0xe
 256 0009 1B       		.uleb128 0x1b
 257 000a 0E       		.uleb128 0xe
 258 000b 55       		.uleb128 0x55
 259 000c 17       		.uleb128 0x17
 260 000d 11       		.uleb128 0x11
 261 000e 01       		.uleb128 0x1
 262 000f 10       		.uleb128 0x10
 263 0010 17       		.uleb128 0x17
 264 0011 00       		.byte	0
 265 0012 00       		.byte	0
 266 0013 02       		.uleb128 0x2
 267 0014 24       		.uleb128 0x24
 268 0015 00       		.byte	0
 269 0016 0B       		.uleb128 0xb
 270 0017 0B       		.uleb128 0xb
 271 0018 3E       		.uleb128 0x3e
 272 0019 0B       		.uleb128 0xb
 273 001a 03       		.uleb128 0x3
 274 001b 0E       		.uleb128 0xe
 275 001c 00       		.byte	0
 276 001d 00       		.byte	0
 277 001e 03       		.uleb128 0x3
 278 001f 24       		.uleb128 0x24
 279 0020 00       		.byte	0
 280 0021 0B       		.uleb128 0xb
 281 0022 0B       		.uleb128 0xb
 282 0023 3E       		.uleb128 0x3e
 283 0024 0B       		.uleb128 0xb
 284 0025 03       		.uleb128 0x3
 285 0026 08       		.uleb128 0x8
 286 0027 00       		.byte	0
 287 0028 00       		.byte	0
 288 0029 04       		.uleb128 0x4
 289 002a 16       		.uleb128 0x16
 290 002b 00       		.byte	0
 291 002c 03       		.uleb128 0x3
 292 002d 0E       		.uleb128 0xe
 293 002e 3A       		.uleb128 0x3a
 294 002f 0B       		.uleb128 0xb
 295 0030 3B       		.uleb128 0x3b
 296 0031 05       		.uleb128 0x5
 297 0032 49       		.uleb128 0x49
 298 0033 13       		.uleb128 0x13
 299 0034 00       		.byte	0
 300 0035 00       		.byte	0
 301 0036 05       		.uleb128 0x5
 302 0037 2E       		.uleb128 0x2e
 303 0038 01       		.byte	0x1
 304 0039 3F       		.uleb128 0x3f
 305 003a 19       		.uleb128 0x19
 306 003b 03       		.uleb128 0x3
 307 003c 0E       		.uleb128 0xe
 308 003d 3A       		.uleb128 0x3a
 309 003e 0B       		.uleb128 0xb
 310 003f 3B       		.uleb128 0x3b
ARM GAS  C:\Users\glenn\AppData\Local\Temp\cchYt3KT.s 			page 7


 311 0040 0B       		.uleb128 0xb
 312 0041 27       		.uleb128 0x27
 313 0042 19       		.uleb128 0x19
 314 0043 49       		.uleb128 0x49
 315 0044 13       		.uleb128 0x13
 316 0045 11       		.uleb128 0x11
 317 0046 01       		.uleb128 0x1
 318 0047 12       		.uleb128 0x12
 319 0048 06       		.uleb128 0x6
 320 0049 40       		.uleb128 0x40
 321 004a 18       		.uleb128 0x18
 322 004b 9742     		.uleb128 0x2117
 323 004d 19       		.uleb128 0x19
 324 004e 01       		.uleb128 0x1
 325 004f 13       		.uleb128 0x13
 326 0050 00       		.byte	0
 327 0051 00       		.byte	0
 328 0052 06       		.uleb128 0x6
 329 0053 2E       		.uleb128 0x2e
 330 0054 01       		.byte	0x1
 331 0055 3F       		.uleb128 0x3f
 332 0056 19       		.uleb128 0x19
 333 0057 03       		.uleb128 0x3
 334 0058 0E       		.uleb128 0xe
 335 0059 3A       		.uleb128 0x3a
 336 005a 0B       		.uleb128 0xb
 337 005b 3B       		.uleb128 0x3b
 338 005c 0B       		.uleb128 0xb
 339 005d 49       		.uleb128 0x49
 340 005e 13       		.uleb128 0x13
 341 005f 3C       		.uleb128 0x3c
 342 0060 19       		.uleb128 0x19
 343 0061 01       		.uleb128 0x1
 344 0062 13       		.uleb128 0x13
 345 0063 00       		.byte	0
 346 0064 00       		.byte	0
 347 0065 07       		.uleb128 0x7
 348 0066 18       		.uleb128 0x18
 349 0067 00       		.byte	0
 350 0068 00       		.byte	0
 351 0069 00       		.byte	0
 352 006a 08       		.uleb128 0x8
 353 006b 898201   		.uleb128 0x4109
 354 006e 00       		.byte	0
 355 006f 11       		.uleb128 0x11
 356 0070 01       		.uleb128 0x1
 357 0071 31       		.uleb128 0x31
 358 0072 13       		.uleb128 0x13
 359 0073 00       		.byte	0
 360 0074 00       		.byte	0
 361 0075 09       		.uleb128 0x9
 362 0076 2E       		.uleb128 0x2e
 363 0077 01       		.byte	0x1
 364 0078 3F       		.uleb128 0x3f
 365 0079 19       		.uleb128 0x19
 366 007a 03       		.uleb128 0x3
 367 007b 0E       		.uleb128 0xe
ARM GAS  C:\Users\glenn\AppData\Local\Temp\cchYt3KT.s 			page 8


 368 007c 3A       		.uleb128 0x3a
 369 007d 0B       		.uleb128 0xb
 370 007e 3B       		.uleb128 0x3b
 371 007f 0B       		.uleb128 0xb
 372 0080 49       		.uleb128 0x49
 373 0081 13       		.uleb128 0x13
 374 0082 3C       		.uleb128 0x3c
 375 0083 19       		.uleb128 0x19
 376 0084 00       		.byte	0
 377 0085 00       		.byte	0
 378 0086 00       		.byte	0
 379              		.section	.debug_aranges,"",%progbits
 380 0000 2C000000 		.4byte	0x2c
 381 0004 0200     		.2byte	0x2
 382 0006 00000000 		.4byte	.Ldebug_info0
 383 000a 04       		.byte	0x4
 384 000b 00       		.byte	0
 385 000c 0000     		.2byte	0
 386 000e 0000     		.2byte	0
 387 0010 00000000 		.4byte	.LFB64
 388 0014 0C000000 		.4byte	.LFE64-.LFB64
 389 0018 00000000 		.4byte	.LFB65
 390 001c 0C000000 		.4byte	.LFE65-.LFB65
 391 0020 00000000 		.4byte	.LFB66
 392 0024 0C000000 		.4byte	.LFE66-.LFB66
 393 0028 00000000 		.4byte	0
 394 002c 00000000 		.4byte	0
 395              		.section	.debug_ranges,"",%progbits
 396              	.Ldebug_ranges0:
 397 0000 00000000 		.4byte	.LFB64
 398 0004 0C000000 		.4byte	.LFE64
 399 0008 00000000 		.4byte	.LFB65
 400 000c 0C000000 		.4byte	.LFE65
 401 0010 00000000 		.4byte	.LFB66
 402 0014 0C000000 		.4byte	.LFE66
 403 0018 00000000 		.4byte	0
 404 001c 00000000 		.4byte	0
 405              		.section	.debug_line,"",%progbits
 406              	.Ldebug_line0:
 407 0000 8B000000 		.section	.debug_str,"MS",%progbits,1
 407      02005200 
 407      00000201 
 407      FB0E0D00 
 407      01010101 
 408              	.LASF18:
 409 0000 7574696C 		.ascii	"utilities\\digitial_io.c\000"
 409      69746965 
 409      735C6469 
 409      67697469 
 409      616C5F69 
 410              	.LASF20:
 411 0018 75696E74 		.ascii	"uint32\000"
 411      333200
 412              	.LASF8:
 413 001f 756E7369 		.ascii	"unsigned int\000"
 413      676E6564 
 413      20696E74 
ARM GAS  C:\Users\glenn\AppData\Local\Temp\cchYt3KT.s 			page 9


 413      00
 414              	.LASF1:
 415 002c 756E7369 		.ascii	"unsigned char\000"
 415      676E6564 
 415      20636861 
 415      7200
 416              	.LASF5:
 417 003a 6C6F6E67 		.ascii	"long unsigned int\000"
 417      20756E73 
 417      69676E65 
 417      6420696E 
 417      7400
 418              	.LASF7:
 419 004c 6C6F6E67 		.ascii	"long long unsigned int\000"
 419      206C6F6E 
 419      6720756E 
 419      7369676E 
 419      65642069 
 420              	.LASF17:
 421 0063 474E5520 		.ascii	"GNU C 4.9.3 20150303 (release) [ARM/embedded-4_9-br"
 421      4320342E 
 421      392E3320 
 421      32303135 
 421      30333033 
 422 0096 616E6368 		.ascii	"anch revision 221220] -mcpu=cortex-m0 -mthumb -g -O"
 422      20726576 
 422      6973696F 
 422      6E203232 
 422      31323230 
 423 00c9 67202D66 		.ascii	"g -ffunction-sections -ffat-lto-objects\000"
 423      66756E63 
 423      74696F6E 
 423      2D736563 
 423      74696F6E 
 424              	.LASF19:
 425 00f1 433A5C55 		.ascii	"C:\\Users\\glenn\\OneDrive\\PSOC\\moisture_sensor_4"
 425      73657273 
 425      5C676C65 
 425      6E6E5C4F 
 425      6E654472 
 426 011f 6D5C4D6F 		.ascii	"m\\Moisture_Sensor\\Moisture_Sensor.cydsn\000"
 426      69737475 
 426      72655F53 
 426      656E736F 
 426      725C4D6F 
 427              	.LASF15:
 428 0147 53746174 		.ascii	"Status_Reg_1_Read\000"
 428      75735F52 
 428      65675F31 
 428      5F526561 
 428      6400
 429              	.LASF11:
 430 0159 63686172 		.ascii	"char\000"
 430      00
 431              	.LASF4:
 432 015e 6C6F6E67 		.ascii	"long int\000"
 432      20696E74 
ARM GAS  C:\Users\glenn\AppData\Local\Temp\cchYt3KT.s 			page 10


 432      00
 433              	.LASF10:
 434 0167 646F7562 		.ascii	"double\000"
 434      6C6500
 435              	.LASF6:
 436 016e 6C6F6E67 		.ascii	"long long int\000"
 436      206C6F6E 
 436      6720696E 
 436      7400
 437              	.LASF3:
 438 017c 73686F72 		.ascii	"short unsigned int\000"
 438      7420756E 
 438      7369676E 
 438      65642069 
 438      6E7400
 439              	.LASF0:
 440 018f 7369676E 		.ascii	"signed char\000"
 440      65642063 
 440      68617200 
 441              	.LASF16:
 442 019b 72656164 		.ascii	"read_active_pin\000"
 442      5F616374 
 442      6976655F 
 442      70696E00 
 443              	.LASF9:
 444 01ab 666C6F61 		.ascii	"float\000"
 444      7400
 445              	.LASF2:
 446 01b1 73686F72 		.ascii	"short int\000"
 446      7420696E 
 446      7400
 447              	.LASF14:
 448 01bb 72656164 		.ascii	"read_log_pin\000"
 448      5F6C6F67 
 448      5F70696E 
 448      00
 449              	.LASF13:
 450 01c8 72656164 		.ascii	"read_board_switch\000"
 450      5F626F61 
 450      72645F73 
 450      77697463 
 450      6800
 451              	.LASF12:
 452 01da 73697A65 		.ascii	"sizetype\000"
 452      74797065 
 452      00
 453              		.ident	"GCC: (GNU Tools for ARM Embedded Processors) 4.9.3 20150303 (release) [ARM/embedded-4_9-br
