ARM GAS  C:\Users\glenn\AppData\Local\Temp\ccUIxNDf.s 			page 1


   1              		.cpu cortex-m0
   2              		.fpu softvfp
   3              		.eabi_attribute 20, 1
   4              		.eabi_attribute 21, 1
   5              		.eabi_attribute 23, 3
   6              		.eabi_attribute 24, 1
   7              		.eabi_attribute 25, 1
   8              		.eabi_attribute 26, 1
   9              		.eabi_attribute 30, 2
  10              		.eabi_attribute 34, 0
  11              		.eabi_attribute 18, 4
  12              		.code	16
  13              		.file	"main.c"
  14              		.text
  15              	.Ltext0:
  16              		.cfi_sections	.debug_frame
  17              		.section	.text.SysTickCallBackHandler,"ax",%progbits
  18              		.align	2
  19              		.code	16
  20              		.thumb_func
  21              		.type	SysTickCallBackHandler, %function
  22              	SysTickCallBackHandler:
  23              	.LFB67:
  24              		.file 1 "main.c"
   1:main.c        **** /* ========================================
   2:main.c        ****  *
   3:main.c        ****  * Copyright YOUR COMPANY, THE YEAR
   4:main.c        ****  * All Rights Reserved
   5:main.c        ****  * UNPUBLISHED, LICENSED SOFTWARE.
   6:main.c        ****  *
   7:main.c        ****  * CONFIDENTIAL AND PROPRIETARY INFORMATION
   8:main.c        ****  * WHICH IS THE PROPERTY OF your company.
   9:main.c        ****  *
  10:main.c        ****  * ========================================
  11:main.c        **** */
  12:main.c        **** #include <project.h>
  13:main.c        **** #include "cf_chain_flow_support.h"
  14:main.c        **** 
  15:main.c        **** #include "cf_events.h"
  16:main.c        **** #include "cf_status_bit.h"
  17:main.c        **** #include "rtc_functions.h"
  18:main.c        **** #include "configuration_data.h"
  19:main.c        **** #include "modbus_serial_ctrl.h"
  20:main.c        **** #include "event_fifo.h"
  21:main.c        **** 
  22:main.c        **** CY_ISR(WdtIsrHandler);
  23:main.c        **** #define ENABLE_WATCH_DOG 1
  24:main.c        **** static void setup_one_second_timer_watch_dog( void );
  25:main.c        **** static void SysTickInit( void );
  26:main.c        **** 
  27:main.c        **** static inline void  process_status_data( unsigned status_data)
  28:main.c        **** {
  29:main.c        **** 
  30:main.c        ****     
  31:main.c        ****     if( status_data &  CF_PROCESS_TIMER_TICK )
  32:main.c        ****     {
  33:main.c        ****         cf_process_cf_event( CF_TIME_TICK_EVENT, TICK_INTERVAL );
ARM GAS  C:\Users\glenn\AppData\Local\Temp\ccUIxNDf.s 			page 2


  34:main.c        ****         cf_status_clear_bit(  CF_PROCESS_TIMER_TICK );
  35:main.c        ****     }
  36:main.c        ****     if( status_data & CF_PROCESS_MODBUS )
  37:main.c        ****     {
  38:main.c        ****       process_rx_modbus_rtu_message( );
  39:main.c        ****       cf_status_clear_bit(  CF_PROCESS_MODBUS );
  40:main.c        ****     }
  41:main.c        ****     
  42:main.c        **** }
  43:main.c        **** 
  44:main.c        **** // static varibles to save stack space
  45:main.c        **** static int event_number;
  46:main.c        **** static unsigned event_id;
  47:main.c        **** static unsigned event_data;
  48:main.c        **** static unsigned status_data;
  49:main.c        **** //CY_SYS_WDT_MODE_RESET,CY_SYS_WDT_MODE_INT 
  50:main.c        **** // CySysGetResetReason() 
  51:main.c        **** 
  52:main.c        **** CY_ISR_PROTO(watch_dog_isr );
  53:main.c        **** 
  54:main.c        **** 
  55:main.c        **** 
  56:main.c        **** 
  57:main.c        **** int main()
  58:main.c        **** 
  59:main.c        **** {
  60:main.c        **** 
  61:main.c        ****     CyGlobalIntDisable;  // Chain Global Interrupts  initialization chain will enable interrupts 
  62:main.c        ****     CySysGetResetReason(CY_SYS_RESET_WDT); // record reset cause indirectlr
  63:main.c        ****     CySysClkWcoStart();   
  64:main.c        **** 
  65:main.c        **** 
  66:main.c        ****     cf_initialize_status_manager();             
  67:main.c        ****     cf_initialize_event_manager();
  68:main.c        ****     initialize_cf_system(  );
  69:main.c        ****     initialize_configuration_data(); 
  70:main.c        ****     EF_initialize();
  71:main.c        ****     EF_enqueue_elemement( 0, EVENTS_SYSTEM_REBOOT,0 );  // power up event
  72:main.c        **** 
  73:main.c        ****     
  74:main.c        ****     CyDelay(1000); 
  75:main.c        ****     /* Switch LFCLK source from ILO to WCO. */
  76:main.c        ****     CySysClkSetLfclkSource(CY_SYS_CLK_LFCLK_SRC_WCO);
  77:main.c        **** 
  78:main.c        ****     setup_one_second_timer_watch_dog();
  79:main.c        ****    SysTickInit(  );
  80:main.c        ****     
  81:main.c        ****     
  82:main.c        ****     
  83:main.c        ****     
  84:main.c        ****     cf_process_cf_event( CF_SYSTEM_INIT , 0);
  85:main.c        ****     for(;;)
  86:main.c        ****     {
  87:main.c        ****         status_data = cf_get_status();
  88:main.c        ****         if( status_data != 0 )
  89:main.c        ****         {
  90:main.c        ****             process_status_data( status_data);
ARM GAS  C:\Users\glenn\AppData\Local\Temp\ccUIxNDf.s 			page 3


  91:main.c        ****              
  92:main.c        ****         }
  93:main.c        ****         else
  94:main.c        ****         {
  95:main.c        ****            
  96:main.c        ****            event_number = cf_rx_event( &event_id, &event_data );
  97:main.c        ****            if( event_number > 0 )
  98:main.c        ****            {
  99:main.c        ****             
 100:main.c        ****              
 101:main.c        ****               cf_process_cf_event( event_id, event_data);
 102:main.c        ****            }
 103:main.c        ****            else
 104:main.c        ****            {
 105:main.c        ****              ; // add sleep for low power apps
 106:main.c        ****            }
 107:main.c        ****         }  
 108:main.c        ****     }   
 109:main.c        **** }
 110:main.c        **** 
 111:main.c        **** 
 112:main.c        **** 
 113:main.c        **** /*
 114:main.c        **** **
 115:main.c        **** ** Watch Dog interrupt 
 116:main.c        **** **
 117:main.c        **** **
 118:main.c        **** **
 119:main.c        **** **
 120:main.c        **** */
 121:main.c        **** 
 122:main.c        **** 
 123:main.c        **** // setup 1 second interrupt
 124:main.c        **** #define WDT_COUNT0_MATCH 0x8000
 125:main.c        **** // setup 2 second watchdog timeout
 126:main.c        **** #define WDT_COUNT1_MATCH 4
 127:main.c        **** 
 128:main.c        **** 
 129:main.c        **** 
 130:main.c        **** 
 131:main.c        **** CY_ISR(WdtIsrHandler)
 132:main.c        **** {
 133:main.c        **** 
 134:main.c        ****     /* Clear interrupts state */
 135:main.c        **** 	
 136:main.c        ****     RTC_1_Update();
 137:main.c        ****     rtc_check_time();
 138:main.c        ****     CySysWdtClearInterrupt(CY_SYS_WDT_COUNTER0_INT);
 139:main.c        ****     WdtIsr_ClearPending();
 140:main.c        ****     
 141:main.c        ****   
 142:main.c        ****      
 143:main.c        **** }
 144:main.c        **** 
 145:main.c        **** 
 146:main.c        **** 
 147:main.c        **** 
ARM GAS  C:\Users\glenn\AppData\Local\Temp\ccUIxNDf.s 			page 4


 148:main.c        **** static void setup_one_second_timer_watch_dog( void )
 149:main.c        **** {
 150:main.c        **** 	/* Setup ISR for interrupts at WDT counter 0 events. */
 151:main.c        ****     WdtIsr_StartEx(WdtIsrHandler);
 152:main.c        **** 
 153:main.c        ****     /* Enable global interrupts. */
 154:main.c        ****     CyGlobalIntEnable;
 155:main.c        **** 	
 156:main.c        **** 	/* Set WDT counter 0 to generate interrupt on match */
 157:main.c        **** 	CySysWdtWriteMode(CY_SYS_WDT_COUNTER0, CY_SYS_WDT_MODE_INT);
 158:main.c        **** 	CySysWdtWriteMatch(CY_SYS_WDT_COUNTER0, WDT_COUNT0_MATCH);
 159:main.c        **** 	CySysWdtWriteClearOnMatch(CY_SYS_WDT_COUNTER0, 1u);
 160:main.c        **** #if ENABLE_WATCH_DOG	
 161:main.c        **** 	/* Enable WDT counters 0 and 1 cascade */
 162:main.c        **** 	CySysWdtWriteCascade(CY_SYS_WDT_CASCADE_01);
 163:main.c        ****     
 164:main.c        **** 	/* Set WDT counter 1 to generate reset on match */
 165:main.c        **** 	CySysWdtWriteMatch(CY_SYS_WDT_COUNTER1, WDT_COUNT1_MATCH);
 166:main.c        **** 	CySysWdtWriteMode(CY_SYS_WDT_COUNTER1, CY_SYS_WDT_MODE_RESET);
 167:main.c        ****     CySysWdtWriteClearOnMatch(CY_SYS_WDT_COUNTER1, 1u);
 168:main.c        **** 	
 169:main.c        **** 
 170:main.c        ****     CySysWdtEnable(CY_SYS_WDT_COUNTER0_MASK | CY_SYS_WDT_COUNTER1_MASK);
 171:main.c        **** #else
 172:main.c        ****     CySysWdtEnable(CY_SYS_WDT_COUNTER0_MASK );
 173:main.c        **** #endif
 174:main.c        **** 
 175:main.c        ****     
 176:main.c        **** 	/* Lock WDT registers and try to disable WDT counters 0 and 1 */
 177:main.c        **** 	CySysWdtLock();
 178:main.c        ****     init_rtc();
 179:main.c        **** 
 180:main.c        **** 
 181:main.c        **** }
 182:main.c        **** 
 183:main.c        **** /*
 184:main.c        **** **
 185:main.c        **** ** SysTick Support
 186:main.c        **** **
 187:main.c        **** **
 188:main.c        **** **
 189:main.c        **** */
 190:main.c        **** 
 191:main.c        **** #define Thousand_Hz_Time    33
 192:main.c        **** #define Hundred_Hz_Divide   10
 193:main.c        **** #define DEGLITCH_MASK      0x7
 194:main.c        **** 
 195:main.c        **** 
 196:main.c        **** volatile uint32 switch_on;
 197:main.c        **** static volatile uint32 sub_divide_count;
 198:main.c        **** static volatile uint32 deglitch_register;
 199:main.c        **** 
 200:main.c        **** static inline void process_switch_functions( void )
 201:main.c        **** {
 202:main.c        ****     deglitch_register = deglitch_register << 1;
 203:main.c        ****     if( Switch_Pin_Read() == 1 )
 204:main.c        ****     {
ARM GAS  C:\Users\glenn\AppData\Local\Temp\ccUIxNDf.s 			page 5


 205:main.c        ****        deglitch_register = deglitch_register | 1;
 206:main.c        ****     }
 207:main.c        ****     deglitch_register = deglitch_register & DEGLITCH_MASK;
 208:main.c        ****     if( deglitch_register == DEGLITCH_MASK )
 209:main.c        ****     {
 210:main.c        ****         switch_on = 1;
 211:main.c        ****     }
 212:main.c        ****     if( deglitch_register == 0 )
 213:main.c        ****     {
 214:main.c        ****         switch_on = 0;
 215:main.c        ****     }
 216:main.c        **** }
 217:main.c        ****     
 218:main.c        ****     
 219:main.c        **** 
 220:main.c        **** static inline void SysTickCallBackHandler( void )
 221:main.c        **** {
  25              		.loc 1 221 0
  26              		.cfi_startproc
  27 0000 10B5     		push	{r4, lr}
  28              		.cfi_def_cfa_offset 8
  29              		.cfi_offset 4, -8
  30              		.cfi_offset 14, -4
 222:main.c        ****     sub_divide_count += 1;
  31              		.loc 1 222 0
  32 0002 184C     		ldr	r4, .L10
  33 0004 2368     		ldr	r3, [r4]
  34 0006 0133     		add	r3, r3, #1
  35 0008 2360     		str	r3, [r4]
 223:main.c        ****     if( sub_divide_count >= Hundred_Hz_Divide )
  36              		.loc 1 223 0
  37 000a 2368     		ldr	r3, [r4]
  38 000c 092B     		cmp	r3, #9
  39 000e 02D8     		bhi	.L7
  40              	.L2:
 224:main.c        ****     {
 225:main.c        ****         cf_set_interrupt_status_bit( CF_PROCESS_TIMER_TICK  );
 226:main.c        ****         process_switch_functions();
 227:main.c        ****         
 228:main.c        ****         sub_divide_count = 0;
 229:main.c        ****     }
 230:main.c        ****     // process_modbus time interval interrupt
 231:main.c        ****     modbus_timer_interrupt( );
  41              		.loc 1 231 0
  42 0010 FFF7FEFF 		bl	modbus_timer_interrupt
  43              	.LVL0:
 232:main.c        **** }
  44              		.loc 1 232 0
  45              		@ sp needed
  46 0014 10BD     		pop	{r4, pc}
  47              	.L7:
 225:main.c        ****         process_switch_functions();
  48              		.loc 1 225 0
  49 0016 0120     		mov	r0, #1
  50 0018 FFF7FEFF 		bl	cf_set_interrupt_status_bit
  51              	.LVL1:
  52              	.LBB4:
ARM GAS  C:\Users\glenn\AppData\Local\Temp\ccUIxNDf.s 			page 6


  53              	.LBB5:
 202:main.c        ****     if( Switch_Pin_Read() == 1 )
  54              		.loc 1 202 0
  55 001c 6368     		ldr	r3, [r4, #4]
  56 001e 5B00     		lsl	r3, r3, #1
  57 0020 6360     		str	r3, [r4, #4]
 203:main.c        ****     {
  58              		.loc 1 203 0
  59 0022 FFF7FEFF 		bl	Switch_Pin_Read
  60              	.LVL2:
  61 0026 0128     		cmp	r0, #1
  62 0028 0ED0     		beq	.L8
 207:main.c        ****     if( deglitch_register == DEGLITCH_MASK )
  63              		.loc 1 207 0
  64 002a 0722     		mov	r2, #7
  65 002c 6368     		ldr	r3, [r4, #4]
  66 002e 1340     		and	r3, r2
  67 0030 6360     		str	r3, [r4, #4]
 208:main.c        ****     {
  68              		.loc 1 208 0
  69 0032 6368     		ldr	r3, [r4, #4]
  70 0034 072B     		cmp	r3, #7
  71 0036 11D0     		beq	.L9
  72              	.L4:
 212:main.c        ****     {
  73              		.loc 1 212 0
  74 0038 6368     		ldr	r3, [r4, #4]
  75 003a 002B     		cmp	r3, #0
  76 003c 01D1     		bne	.L5
 214:main.c        ****     }
  77              		.loc 1 214 0
  78 003e 0A4A     		ldr	r2, .L10+4
  79 0040 1360     		str	r3, [r2]
  80              	.L5:
  81              	.LBE5:
  82              	.LBE4:
 228:main.c        ****     }
  83              		.loc 1 228 0
  84 0042 0023     		mov	r3, #0
  85 0044 2360     		str	r3, [r4]
  86 0046 E3E7     		b	.L2
  87              	.L8:
  88              	.LBB7:
  89              	.LBB6:
 207:main.c        ****     if( deglitch_register == DEGLITCH_MASK )
  90              		.loc 1 207 0
  91 0048 0722     		mov	r2, #7
 205:main.c        ****     }
  92              		.loc 1 205 0
  93 004a 6368     		ldr	r3, [r4, #4]
  94 004c 1843     		orr	r0, r3
  95 004e 6060     		str	r0, [r4, #4]
 207:main.c        ****     if( deglitch_register == DEGLITCH_MASK )
  96              		.loc 1 207 0
  97 0050 6368     		ldr	r3, [r4, #4]
  98 0052 1340     		and	r3, r2
  99 0054 6360     		str	r3, [r4, #4]
ARM GAS  C:\Users\glenn\AppData\Local\Temp\ccUIxNDf.s 			page 7


 208:main.c        ****     {
 100              		.loc 1 208 0
 101 0056 6368     		ldr	r3, [r4, #4]
 102 0058 072B     		cmp	r3, #7
 103 005a EDD1     		bne	.L4
 104              	.L9:
 210:main.c        ****     }
 105              		.loc 1 210 0
 106 005c 024B     		ldr	r3, .L10+4
 107 005e 063A     		sub	r2, r2, #6
 108 0060 1A60     		str	r2, [r3]
 109 0062 E9E7     		b	.L4
 110              	.L11:
 111              		.align	2
 112              	.L10:
 113 0064 00000000 		.word	.LANCHOR0
 114 0068 00000000 		.word	switch_on
 115              	.LBE6:
 116              	.LBE7:
 117              		.cfi_endproc
 118              	.LFE67:
 119              		.size	SysTickCallBackHandler, .-SysTickCallBackHandler
 120              		.section	.text.WdtIsrHandler,"ax",%progbits
 121              		.align	2
 122              		.global	WdtIsrHandler
 123              		.code	16
 124              		.thumb_func
 125              		.type	WdtIsrHandler, %function
 126              	WdtIsrHandler:
 127              	.LFB64:
 132:main.c        **** 
 128              		.loc 1 132 0
 129              		.cfi_startproc
 130 0000 08B5     		push	{r3, lr}
 131              		.cfi_def_cfa_offset 8
 132              		.cfi_offset 3, -8
 133              		.cfi_offset 14, -4
 136:main.c        ****     rtc_check_time();
 134              		.loc 1 136 0
 135 0002 FFF7FEFF 		bl	RTC_1_Update
 136              	.LVL3:
 137:main.c        ****     CySysWdtClearInterrupt(CY_SYS_WDT_COUNTER0_INT);
 137              		.loc 1 137 0
 138 0006 FFF7FEFF 		bl	rtc_check_time
 139              	.LVL4:
 138:main.c        ****     WdtIsr_ClearPending();
 140              		.loc 1 138 0
 141 000a 0420     		mov	r0, #4
 142 000c FFF7FEFF 		bl	CySysWdtClearInterrupt
 143              	.LVL5:
 143:main.c        **** 
 144              		.loc 1 143 0
 145              		@ sp needed
 139:main.c        ****     
 146              		.loc 1 139 0
 147 0010 FFF7FEFF 		bl	WdtIsr_ClearPending
 148              	.LVL6:
ARM GAS  C:\Users\glenn\AppData\Local\Temp\ccUIxNDf.s 			page 8


 143:main.c        **** 
 149              		.loc 1 143 0
 150 0014 08BD     		pop	{r3, pc}
 151              		.cfi_endproc
 152              	.LFE64:
 153              		.size	WdtIsrHandler, .-WdtIsrHandler
 154 0016 C046     		.section	.text.startup.main,"ax",%progbits
 155              		.align	2
 156              		.global	main
 157              		.code	16
 158              		.thumb_func
 159              		.type	main, %function
 160              	main:
 161              	.LFB63:
  59:main.c        **** 
 162              		.loc 1 59 0
 163              		.cfi_startproc
 164 0000 F0B5     		push	{r4, r5, r6, r7, lr}
 165              		.cfi_def_cfa_offset 20
 166              		.cfi_offset 4, -20
 167              		.cfi_offset 5, -16
 168              		.cfi_offset 6, -12
 169              		.cfi_offset 7, -8
 170              		.cfi_offset 14, -4
 171 0002 4746     		mov	r7, r8
 172 0004 80B4     		push	{r7}
 173              		.cfi_def_cfa_offset 24
 174              		.cfi_offset 8, -24
  61:main.c        ****     CySysGetResetReason(CY_SYS_RESET_WDT); // record reset cause indirectlr
 175              		.loc 1 61 0
 176              	@ 61 "main.c" 1
 177 0006 72B6     		CPSID   i
 178              	@ 0 "" 2
  62:main.c        ****     CySysClkWcoStart();   
 179              		.loc 1 62 0
 180              		.code	16
 181 0008 0120     		mov	r0, #1
 182 000a FFF7FEFF 		bl	CySysGetResetReason
 183              	.LVL7:
  63:main.c        **** 
 184              		.loc 1 63 0
 185 000e FFF7FEFF 		bl	CySysClkWcoStart
 186              	.LVL8:
  66:main.c        ****     cf_initialize_event_manager();
 187              		.loc 1 66 0
 188 0012 FFF7FEFF 		bl	cf_initialize_status_manager
 189              	.LVL9:
  67:main.c        ****     initialize_cf_system(  );
 190              		.loc 1 67 0
 191 0016 FFF7FEFF 		bl	cf_initialize_event_manager
 192              	.LVL10:
  68:main.c        ****     initialize_configuration_data(); 
 193              		.loc 1 68 0
 194 001a FFF7FEFF 		bl	initialize_cf_system
 195              	.LVL11:
  69:main.c        ****     EF_initialize();
 196              		.loc 1 69 0
ARM GAS  C:\Users\glenn\AppData\Local\Temp\ccUIxNDf.s 			page 9


 197 001e FFF7FEFF 		bl	initialize_configuration_data
 198              	.LVL12:
  70:main.c        ****     EF_enqueue_elemement( 0, EVENTS_SYSTEM_REBOOT,0 );  // power up event
 199              		.loc 1 70 0
 200 0022 FFF7FEFF 		bl	EF_initialize
 201              	.LVL13:
  71:main.c        **** 
 202              		.loc 1 71 0
 203 0026 0021     		mov	r1, #0
 204 0028 0022     		mov	r2, #0
 205 002a 0020     		mov	r0, #0
 206 002c FFF7FEFF 		bl	EF_enqueue_elemement
 207              	.LVL14:
  74:main.c        ****     /* Switch LFCLK source from ILO to WCO. */
 208              		.loc 1 74 0
 209 0030 FA20     		mov	r0, #250
 210 0032 8000     		lsl	r0, r0, #2
 211 0034 FFF7FEFF 		bl	CyDelay
 212              	.LVL15:
  76:main.c        **** 
 213              		.loc 1 76 0
 214 0038 8020     		mov	r0, #128
 215 003a C005     		lsl	r0, r0, #23
 216 003c FFF7FEFF 		bl	CySysClkSetLfclkSource
 217              	.LVL16:
 218              	.LBB14:
 219              	.LBB15:
 151:main.c        **** 
 220              		.loc 1 151 0
 221 0040 3548     		ldr	r0, .L27
 222 0042 FFF7FEFF 		bl	WdtIsr_StartEx
 223              	.LVL17:
 154:main.c        **** 	
 224              		.loc 1 154 0
 225              	@ 154 "main.c" 1
 226 0046 62B6     		CPSIE   i
 227              	@ 0 "" 2
 157:main.c        **** 	CySysWdtWriteMatch(CY_SYS_WDT_COUNTER0, WDT_COUNT0_MATCH);
 228              		.loc 1 157 0
 229              		.code	16
 230 0048 0020     		mov	r0, #0
 231 004a 0121     		mov	r1, #1
 232 004c FFF7FEFF 		bl	CySysWdtSetMode
 233              	.LVL18:
 158:main.c        **** 	CySysWdtWriteClearOnMatch(CY_SYS_WDT_COUNTER0, 1u);
 234              		.loc 1 158 0
 235 0050 8021     		mov	r1, #128
 236 0052 0020     		mov	r0, #0
 237 0054 0902     		lsl	r1, r1, #8
 238 0056 FFF7FEFF 		bl	CySysWdtSetMatch
 239              	.LVL19:
 159:main.c        **** #if ENABLE_WATCH_DOG	
 240              		.loc 1 159 0
 241 005a 0121     		mov	r1, #1
 242 005c 0020     		mov	r0, #0
 243 005e FFF7FEFF 		bl	CySysWdtSetClearOnMatch
 244              	.LVL20:
ARM GAS  C:\Users\glenn\AppData\Local\Temp\ccUIxNDf.s 			page 10


 162:main.c        ****     
 245              		.loc 1 162 0
 246 0062 0820     		mov	r0, #8
 247 0064 FFF7FEFF 		bl	CySysWdtSetCascade
 248              	.LVL21:
 165:main.c        **** 	CySysWdtWriteMode(CY_SYS_WDT_COUNTER1, CY_SYS_WDT_MODE_RESET);
 249              		.loc 1 165 0
 250 0068 0120     		mov	r0, #1
 251 006a 0421     		mov	r1, #4
 252 006c FFF7FEFF 		bl	CySysWdtSetMatch
 253              	.LVL22:
 166:main.c        ****     CySysWdtWriteClearOnMatch(CY_SYS_WDT_COUNTER1, 1u);
 254              		.loc 1 166 0
 255 0070 0120     		mov	r0, #1
 256 0072 0221     		mov	r1, #2
 257 0074 FFF7FEFF 		bl	CySysWdtSetMode
 258              	.LVL23:
 167:main.c        **** 	
 259              		.loc 1 167 0
 260 0078 0121     		mov	r1, #1
 261 007a 0120     		mov	r0, #1
 262 007c FFF7FEFF 		bl	CySysWdtSetClearOnMatch
 263              	.LVL24:
 170:main.c        **** #else
 264              		.loc 1 170 0
 265 0080 0220     		mov	r0, #2
 266 0082 FF30     		add	r0, r0, #255
 267 0084 FFF7FEFF 		bl	CySysWdtEnable
 268              	.LVL25:
 177:main.c        ****     init_rtc();
 269              		.loc 1 177 0
 270 0088 FFF7FEFF 		bl	CySysWdtLock
 271              	.LVL26:
 178:main.c        **** 
 272              		.loc 1 178 0
 273 008c FFF7FEFF 		bl	init_rtc
 274              	.LVL27:
 275              	.LBE15:
 276              	.LBE14:
 277              	.LBB16:
 278              	.LBB17:
 233:main.c        **** 
 234:main.c        **** 
 235:main.c        **** /*
 236:main.c        **** **
 237:main.c        **** ** Sys Tick is setup to 1 KHZ Interrupt
 238:main.c        **** **
 239:main.c        **** */
 240:main.c        **** static void SysTickInit( void )
 241:main.c        **** {
 242:main.c        ****     switch_on = 0;
 279              		.loc 1 242 0
 280 0090 0023     		mov	r3, #0
 281 0092 224A     		ldr	r2, .L27+4
 243:main.c        ****     deglitch_register = 0;
 282              		.loc 1 243 0
 283 0094 224E     		ldr	r6, .L27+8
ARM GAS  C:\Users\glenn\AppData\Local\Temp\ccUIxNDf.s 			page 11


 242:main.c        ****     deglitch_register = 0;
 284              		.loc 1 242 0
 285 0096 1360     		str	r3, [r2]
 286              		.loc 1 243 0
 287 0098 7360     		str	r3, [r6, #4]
 244:main.c        ****     CySysTickStart();
 288              		.loc 1 244 0
 289 009a FFF7FEFF 		bl	CySysTickStart
 290              	.LVL28:
 245:main.c        ****     CySysTickSetClockSource(CY_SYS_SYST_CSR_CLK_SRC_LFCLK);
 291              		.loc 1 245 0
 292 009e 0020     		mov	r0, #0
 293 00a0 FFF7FEFF 		bl	CySysTickSetClockSource
 294              	.LVL29:
 246:main.c        ****     CySysTickSetCallback(0, SysTickCallBackHandler );
 295              		.loc 1 246 0
 296 00a4 1F49     		ldr	r1, .L27+12
 297 00a6 0020     		mov	r0, #0
 298 00a8 FFF7FEFF 		bl	CySysTickSetCallback
 299              	.LVL30:
 247:main.c        ****     CySysTickSetReload(Thousand_Hz_Time);
 300              		.loc 1 247 0
 301 00ac 2120     		mov	r0, #33
 302 00ae FFF7FEFF 		bl	CySysTickSetReload
 303              	.LVL31:
 248:main.c        ****     
 249:main.c        ****     CySysTickEnableInterrupt();
 304              		.loc 1 249 0
 305 00b2 FFF7FEFF 		bl	CySysTickEnableInterrupt
 306              	.LVL32:
 307              	.LBE17:
 308              	.LBE16:
  84:main.c        ****     for(;;)
 309              		.loc 1 84 0
 310 00b6 0020     		mov	r0, #0
 311 00b8 0021     		mov	r1, #0
 312 00ba FFF7FEFF 		bl	cf_process_cf_event
 313              	.LVL33:
  96:main.c        ****            if( event_number > 0 )
 314              		.loc 1 96 0
 315 00be 0C23     		mov	r3, #12
 316 00c0 371C     		mov	r7, r6
 317 00c2 9846     		mov	r8, r3
  87:main.c        ****         if( status_data != 0 )
 318              		.loc 1 87 0
 319 00c4 351C     		mov	r5, r6
  96:main.c        ****            if( event_number > 0 )
 320              		.loc 1 96 0
 321 00c6 B044     		add	r8, r8, r6
 322 00c8 1037     		add	r7, r7, #16
 323              	.L14:
  87:main.c        ****         if( status_data != 0 )
 324              		.loc 1 87 0
 325 00ca FFF7FEFF 		bl	cf_get_status
 326              	.LVL34:
 327 00ce 041E     		sub	r4, r0, #0
 328 00d0 B060     		str	r0, [r6, #8]
ARM GAS  C:\Users\glenn\AppData\Local\Temp\ccUIxNDf.s 			page 12


  88:main.c        ****         {
 329              		.loc 1 88 0
 330 00d2 0DD0     		beq	.L15
 331              	.L26:
 332              	.LVL35:
 333              	.LBB18:
 334              	.LBB19:
  31:main.c        ****     {
 335              		.loc 1 31 0
 336 00d4 C307     		lsl	r3, r0, #31
 337 00d6 17D4     		bmi	.L25
 338              	.LVL36:
 339              	.L16:
  36:main.c        ****     {
 340              		.loc 1 36 0
 341 00d8 A307     		lsl	r3, r4, #30
 342 00da F6D5     		bpl	.L14
  38:main.c        ****       cf_status_clear_bit(  CF_PROCESS_MODBUS );
 343              		.loc 1 38 0
 344 00dc FFF7FEFF 		bl	process_rx_modbus_rtu_message
 345              	.LVL37:
  39:main.c        ****     }
 346              		.loc 1 39 0
 347 00e0 0220     		mov	r0, #2
 348 00e2 FFF7FEFF 		bl	cf_status_clear_bit
 349              	.LVL38:
 350              	.LBE19:
 351              	.LBE18:
  87:main.c        ****         if( status_data != 0 )
 352              		.loc 1 87 0
 353 00e6 FFF7FEFF 		bl	cf_get_status
 354              	.LVL39:
 355 00ea 041E     		sub	r4, r0, #0
 356 00ec B060     		str	r0, [r6, #8]
  88:main.c        ****         {
 357              		.loc 1 88 0
 358 00ee F1D1     		bne	.L26
 359              	.L15:
  96:main.c        ****            if( event_number > 0 )
 360              		.loc 1 96 0
 361 00f0 4046     		mov	r0, r8
 362 00f2 391C     		mov	r1, r7
 363 00f4 FFF7FEFF 		bl	cf_rx_event
 364              	.LVL40:
 365 00f8 6861     		str	r0, [r5, #20]
  97:main.c        ****            {
 366              		.loc 1 97 0
 367 00fa 0028     		cmp	r0, #0
 368 00fc E5DD     		ble	.L14
 101:main.c        ****            }
 369              		.loc 1 101 0
 370 00fe E868     		ldr	r0, [r5, #12]
 371 0100 2969     		ldr	r1, [r5, #16]
 372 0102 FFF7FEFF 		bl	cf_process_cf_event
 373              	.LVL41:
 374 0106 E0E7     		b	.L14
 375              	.LVL42:
ARM GAS  C:\Users\glenn\AppData\Local\Temp\ccUIxNDf.s 			page 13


 376              	.L25:
 377              	.LBB21:
 378              	.LBB20:
  33:main.c        ****         cf_status_clear_bit(  CF_PROCESS_TIMER_TICK );
 379              		.loc 1 33 0
 380 0108 0220     		mov	r0, #2
 381              	.LVL43:
 382 010a 1021     		mov	r1, #16
 383 010c FFF7FEFF 		bl	cf_process_cf_event
 384              	.LVL44:
  34:main.c        ****     }
 385              		.loc 1 34 0
 386 0110 0120     		mov	r0, #1
 387 0112 FFF7FEFF 		bl	cf_status_clear_bit
 388              	.LVL45:
 389 0116 DFE7     		b	.L16
 390              	.L28:
 391              		.align	2
 392              	.L27:
 393 0118 00000000 		.word	WdtIsrHandler
 394 011c 00000000 		.word	switch_on
 395 0120 00000000 		.word	.LANCHOR0
 396 0124 00000000 		.word	SysTickCallBackHandler
 397              	.LBE20:
 398              	.LBE21:
 399              		.cfi_endproc
 400              	.LFE63:
 401              		.size	main, .-main
 402              		.comm	switch_on,4,4
 403              		.bss
 404              		.align	2
 405              		.set	.LANCHOR0,. + 0
 406              		.type	sub_divide_count, %object
 407              		.size	sub_divide_count, 4
 408              	sub_divide_count:
 409 0000 00000000 		.space	4
 410              		.type	deglitch_register, %object
 411              		.size	deglitch_register, 4
 412              	deglitch_register:
 413 0004 00000000 		.space	4
 414              		.type	status_data, %object
 415              		.size	status_data, 4
 416              	status_data:
 417 0008 00000000 		.space	4
 418              		.type	event_id, %object
 419              		.size	event_id, 4
 420              	event_id:
 421 000c 00000000 		.space	4
 422              		.type	event_data, %object
 423              		.size	event_data, 4
 424              	event_data:
 425 0010 00000000 		.space	4
 426              		.type	event_number, %object
 427              		.size	event_number, 4
 428              	event_number:
 429 0014 00000000 		.space	4
 430              		.text
ARM GAS  C:\Users\glenn\AppData\Local\Temp\ccUIxNDf.s 			page 14


 431              	.Letext0:
 432              		.file 2 "Generated_Source\\PSoC4/cytypes.h"
 433              		.file 3 "Generated_Source\\PSoC4/CyLib.h"
 434              		.file 4 ".\\rtu_modbus/modbus_serial_ctrl.h"
 435              		.file 5 "Generated_Source\\PSoC4/RTC_1.h"
 436              		.file 6 ".\\rtc_functions/rtc_functions.h"
 437              		.file 7 ".\\chain_flow/cf_status_bit.h"
 438              		.file 8 "Generated_Source\\PSoC4/CyLFClk.h"
 439              		.file 9 "Generated_Source\\PSoC4/WdtIsr.h"
 440              		.file 10 "Generated_Source\\PSoC4/Switch_Pin.h"
 441              		.file 11 ".\\chain_flow/cf_chain_flow_support.h"
 442              		.file 12 ".\\chain_flow/cf_events.h"
 443              		.file 13 "configuration_data.h"
 444              		.file 14 ".\\event_fifo/event_fifo.h"
 445              		.section	.debug_info,"",%progbits
 446              	.Ldebug_info0:
 447 0000 B1060000 		.4byte	0x6b1
 448 0004 0400     		.2byte	0x4
 449 0006 00000000 		.4byte	.Ldebug_abbrev0
 450 000a 04       		.byte	0x4
 451 000b 01       		.uleb128 0x1
 452 000c D4000000 		.4byte	.LASF64
 453 0010 01       		.byte	0x1
 454 0011 48040000 		.4byte	.LASF65
 455 0015 AA030000 		.4byte	.LASF66
 456 0019 30000000 		.4byte	.Ldebug_ranges0+0x30
 457 001d 00000000 		.4byte	0
 458 0021 00000000 		.4byte	.Ldebug_line0
 459 0025 02       		.uleb128 0x2
 460 0026 01       		.byte	0x1
 461 0027 06       		.byte	0x6
 462 0028 00020000 		.4byte	.LASF0
 463 002c 02       		.uleb128 0x2
 464 002d 01       		.byte	0x1
 465 002e 08       		.byte	0x8
 466 002f B7020000 		.4byte	.LASF1
 467 0033 02       		.uleb128 0x2
 468 0034 02       		.byte	0x2
 469 0035 05       		.byte	0x5
 470 0036 75010000 		.4byte	.LASF2
 471 003a 02       		.uleb128 0x2
 472 003b 02       		.byte	0x2
 473 003c 07       		.byte	0x7
 474 003d 4C030000 		.4byte	.LASF3
 475 0041 02       		.uleb128 0x2
 476 0042 04       		.byte	0x4
 477 0043 05       		.byte	0x5
 478 0044 4F020000 		.4byte	.LASF4
 479 0048 02       		.uleb128 0x2
 480 0049 04       		.byte	0x4
 481 004a 07       		.byte	0x7
 482 004b 4F040000 		.4byte	.LASF5
 483 004f 02       		.uleb128 0x2
 484 0050 08       		.byte	0x8
 485 0051 05       		.byte	0x5
 486 0052 41020000 		.4byte	.LASF6
 487 0056 02       		.uleb128 0x2
ARM GAS  C:\Users\glenn\AppData\Local\Temp\ccUIxNDf.s 			page 15


 488 0057 08       		.byte	0x8
 489 0058 07       		.byte	0x7
 490 0059 F8020000 		.4byte	.LASF7
 491 005d 03       		.uleb128 0x3
 492 005e 04       		.byte	0x4
 493 005f 05       		.byte	0x5
 494 0060 696E7400 		.ascii	"int\000"
 495 0064 02       		.uleb128 0x2
 496 0065 04       		.byte	0x4
 497 0066 07       		.byte	0x7
 498 0067 20030000 		.4byte	.LASF8
 499 006b 04       		.uleb128 0x4
 500 006c E8010000 		.4byte	.LASF9
 501 0070 02       		.byte	0x2
 502 0071 9801     		.2byte	0x198
 503 0073 2C000000 		.4byte	0x2c
 504 0077 04       		.uleb128 0x4
 505 0078 9E010000 		.4byte	.LASF10
 506 007c 02       		.byte	0x2
 507 007d 9901     		.2byte	0x199
 508 007f 3A000000 		.4byte	0x3a
 509 0083 04       		.uleb128 0x4
 510 0084 41040000 		.4byte	.LASF11
 511 0088 02       		.byte	0x2
 512 0089 9A01     		.2byte	0x19a
 513 008b 48000000 		.4byte	0x48
 514 008f 02       		.uleb128 0x2
 515 0090 04       		.byte	0x4
 516 0091 04       		.byte	0x4
 517 0092 3B020000 		.4byte	.LASF12
 518 0096 02       		.uleb128 0x2
 519 0097 08       		.byte	0x8
 520 0098 04       		.byte	0x4
 521 0099 61040000 		.4byte	.LASF13
 522 009d 02       		.uleb128 0x2
 523 009e 01       		.byte	0x1
 524 009f 08       		.byte	0x8
 525 00a0 8E030000 		.4byte	.LASF14
 526 00a4 05       		.uleb128 0x5
 527 00a5 83000000 		.4byte	0x83
 528 00a9 04       		.uleb128 0x4
 529 00aa C5020000 		.4byte	.LASF15
 530 00ae 02       		.byte	0x2
 531 00af 5402     		.2byte	0x254
 532 00b1 B5000000 		.4byte	0xb5
 533 00b5 06       		.uleb128 0x6
 534 00b6 04       		.byte	0x4
 535 00b7 BB000000 		.4byte	0xbb
 536 00bb 07       		.uleb128 0x7
 537 00bc 02       		.uleb128 0x2
 538 00bd 04       		.byte	0x4
 539 00be 07       		.byte	0x7
 540 00bf 8B000000 		.4byte	.LASF16
 541 00c3 08       		.uleb128 0x8
 542 00c4 EE010000 		.4byte	.LASF17
 543 00c8 03       		.byte	0x3
 544 00c9 F3       		.byte	0xf3
ARM GAS  C:\Users\glenn\AppData\Local\Temp\ccUIxNDf.s 			page 16


 545 00ca B5000000 		.4byte	0xb5
 546 00ce 09       		.uleb128 0x9
 547 00cf 7C020000 		.4byte	.LASF18
 548 00d3 01       		.byte	0x1
 549 00d4 C8       		.byte	0xc8
 550 00d5 03       		.byte	0x3
 551 00d6 0A       		.uleb128 0xa
 552 00d7 C7040000 		.4byte	.LASF67
 553 00db 01       		.byte	0x1
 554 00dc DC       		.byte	0xdc
 555 00dd 00000000 		.4byte	.LFB67
 556 00e1 6C000000 		.4byte	.LFE67-.LFB67
 557 00e5 01       		.uleb128 0x1
 558 00e6 9C       		.byte	0x9c
 559 00e7 21010000 		.4byte	0x121
 560 00eb 0B       		.uleb128 0xb
 561 00ec CE000000 		.4byte	0xce
 562 00f0 1C000000 		.4byte	.LBB4
 563 00f4 00000000 		.4byte	.Ldebug_ranges0+0
 564 00f8 01       		.byte	0x1
 565 00f9 E2       		.byte	0xe2
 566 00fa 08010000 		.4byte	0x108
 567 00fe 0C       		.uleb128 0xc
 568 00ff 26000000 		.4byte	.LVL2
 569 0103 BB040000 		.4byte	0x4bb
 570 0107 00       		.byte	0
 571 0108 0C       		.uleb128 0xc
 572 0109 14000000 		.4byte	.LVL0
 573 010d C6040000 		.4byte	0x4c6
 574 0111 0D       		.uleb128 0xd
 575 0112 1C000000 		.4byte	.LVL1
 576 0116 CD040000 		.4byte	0x4cd
 577 011a 0E       		.uleb128 0xe
 578 011b 01       		.uleb128 0x1
 579 011c 50       		.byte	0x50
 580 011d 01       		.uleb128 0x1
 581 011e 31       		.byte	0x31
 582 011f 00       		.byte	0
 583 0120 00       		.byte	0
 584 0121 0F       		.uleb128 0xf
 585 0122 3A050000 		.4byte	.LASF21
 586 0126 01       		.byte	0x1
 587 0127 83       		.byte	0x83
 588 0128 00000000 		.4byte	.LFB64
 589 012c 16000000 		.4byte	.LFE64-.LFB64
 590 0130 01       		.uleb128 0x1
 591 0131 9C       		.byte	0x9c
 592 0132 65010000 		.4byte	0x165
 593 0136 0C       		.uleb128 0xc
 594 0137 06000000 		.4byte	.LVL3
 595 013b DE040000 		.4byte	0x4de
 596 013f 0C       		.uleb128 0xc
 597 0140 0A000000 		.4byte	.LVL4
 598 0144 E6040000 		.4byte	0x4e6
 599 0148 10       		.uleb128 0x10
 600 0149 10000000 		.4byte	.LVL5
 601 014d ED040000 		.4byte	0x4ed
ARM GAS  C:\Users\glenn\AppData\Local\Temp\ccUIxNDf.s 			page 17


 602 0151 5B010000 		.4byte	0x15b
 603 0155 0E       		.uleb128 0xe
 604 0156 01       		.uleb128 0x1
 605 0157 50       		.byte	0x50
 606 0158 01       		.uleb128 0x1
 607 0159 34       		.byte	0x34
 608 015a 00       		.byte	0
 609 015b 0C       		.uleb128 0xc
 610 015c 14000000 		.4byte	.LVL6
 611 0160 FE040000 		.4byte	0x4fe
 612 0164 00       		.byte	0
 613 0165 09       		.uleb128 0x9
 614 0166 8A040000 		.4byte	.LASF19
 615 016a 01       		.byte	0x1
 616 016b 94       		.byte	0x94
 617 016c 01       		.byte	0x1
 618 016d 09       		.uleb128 0x9
 619 016e 92010000 		.4byte	.LASF20
 620 0172 01       		.byte	0x1
 621 0173 F0       		.byte	0xf0
 622 0174 01       		.byte	0x1
 623 0175 11       		.uleb128 0x11
 624 0176 53000000 		.4byte	.LASF68
 625 017a 01       		.byte	0x1
 626 017b 1B       		.byte	0x1b
 627 017c 03       		.byte	0x3
 628 017d 8D010000 		.4byte	0x18d
 629 0181 12       		.uleb128 0x12
 630 0182 21000000 		.4byte	.LASF26
 631 0186 01       		.byte	0x1
 632 0187 1B       		.byte	0x1b
 633 0188 64000000 		.4byte	0x64
 634 018c 00       		.byte	0
 635 018d 13       		.uleb128 0x13
 636 018e A6000000 		.4byte	.LASF22
 637 0192 01       		.byte	0x1
 638 0193 39       		.byte	0x39
 639 0194 5D000000 		.4byte	0x5d
 640 0198 00000000 		.4byte	.LFB63
 641 019c 28010000 		.4byte	.LFE63-.LFB63
 642 01a0 01       		.uleb128 0x1
 643 01a1 9C       		.byte	0x9c
 644 01a2 44040000 		.4byte	0x444
 645 01a6 14       		.uleb128 0x14
 646 01a7 65010000 		.4byte	0x165
 647 01ab 40000000 		.4byte	.LBB14
 648 01af 50000000 		.4byte	.LBE14-.LBB14
 649 01b3 01       		.byte	0x1
 650 01b4 4E       		.byte	0x4e
 651 01b5 9D020000 		.4byte	0x29d
 652 01b9 10       		.uleb128 0x10
 653 01ba 46000000 		.4byte	.LVL17
 654 01be 05050000 		.4byte	0x505
 655 01c2 D0010000 		.4byte	0x1d0
 656 01c6 0E       		.uleb128 0xe
 657 01c7 01       		.uleb128 0x1
 658 01c8 50       		.byte	0x50
ARM GAS  C:\Users\glenn\AppData\Local\Temp\ccUIxNDf.s 			page 18


 659 01c9 05       		.uleb128 0x5
 660 01ca 03       		.byte	0x3
 661 01cb 00000000 		.4byte	WdtIsrHandler
 662 01cf 00       		.byte	0
 663 01d0 10       		.uleb128 0x10
 664 01d1 50000000 		.4byte	.LVL18
 665 01d5 16050000 		.4byte	0x516
 666 01d9 E8010000 		.4byte	0x1e8
 667 01dd 0E       		.uleb128 0xe
 668 01de 01       		.uleb128 0x1
 669 01df 51       		.byte	0x51
 670 01e0 01       		.uleb128 0x1
 671 01e1 31       		.byte	0x31
 672 01e2 0E       		.uleb128 0xe
 673 01e3 01       		.uleb128 0x1
 674 01e4 50       		.byte	0x50
 675 01e5 01       		.uleb128 0x1
 676 01e6 30       		.byte	0x30
 677 01e7 00       		.byte	0
 678 01e8 10       		.uleb128 0x10
 679 01e9 5A000000 		.4byte	.LVL19
 680 01ed 2C050000 		.4byte	0x52c
 681 01f1 02020000 		.4byte	0x202
 682 01f5 0E       		.uleb128 0xe
 683 01f6 01       		.uleb128 0x1
 684 01f7 51       		.byte	0x51
 685 01f8 03       		.uleb128 0x3
 686 01f9 0A       		.byte	0xa
 687 01fa 0080     		.2byte	0x8000
 688 01fc 0E       		.uleb128 0xe
 689 01fd 01       		.uleb128 0x1
 690 01fe 50       		.byte	0x50
 691 01ff 01       		.uleb128 0x1
 692 0200 30       		.byte	0x30
 693 0201 00       		.byte	0
 694 0202 10       		.uleb128 0x10
 695 0203 62000000 		.4byte	.LVL20
 696 0207 42050000 		.4byte	0x542
 697 020b 1A020000 		.4byte	0x21a
 698 020f 0E       		.uleb128 0xe
 699 0210 01       		.uleb128 0x1
 700 0211 51       		.byte	0x51
 701 0212 01       		.uleb128 0x1
 702 0213 31       		.byte	0x31
 703 0214 0E       		.uleb128 0xe
 704 0215 01       		.uleb128 0x1
 705 0216 50       		.byte	0x50
 706 0217 01       		.uleb128 0x1
 707 0218 30       		.byte	0x30
 708 0219 00       		.byte	0
 709 021a 10       		.uleb128 0x10
 710 021b 68000000 		.4byte	.LVL21
 711 021f 58050000 		.4byte	0x558
 712 0223 2D020000 		.4byte	0x22d
 713 0227 0E       		.uleb128 0xe
 714 0228 01       		.uleb128 0x1
 715 0229 50       		.byte	0x50
ARM GAS  C:\Users\glenn\AppData\Local\Temp\ccUIxNDf.s 			page 19


 716 022a 01       		.uleb128 0x1
 717 022b 38       		.byte	0x38
 718 022c 00       		.byte	0
 719 022d 10       		.uleb128 0x10
 720 022e 70000000 		.4byte	.LVL22
 721 0232 2C050000 		.4byte	0x52c
 722 0236 45020000 		.4byte	0x245
 723 023a 0E       		.uleb128 0xe
 724 023b 01       		.uleb128 0x1
 725 023c 51       		.byte	0x51
 726 023d 01       		.uleb128 0x1
 727 023e 34       		.byte	0x34
 728 023f 0E       		.uleb128 0xe
 729 0240 01       		.uleb128 0x1
 730 0241 50       		.byte	0x50
 731 0242 01       		.uleb128 0x1
 732 0243 31       		.byte	0x31
 733 0244 00       		.byte	0
 734 0245 10       		.uleb128 0x10
 735 0246 78000000 		.4byte	.LVL23
 736 024a 16050000 		.4byte	0x516
 737 024e 5D020000 		.4byte	0x25d
 738 0252 0E       		.uleb128 0xe
 739 0253 01       		.uleb128 0x1
 740 0254 51       		.byte	0x51
 741 0255 01       		.uleb128 0x1
 742 0256 32       		.byte	0x32
 743 0257 0E       		.uleb128 0xe
 744 0258 01       		.uleb128 0x1
 745 0259 50       		.byte	0x50
 746 025a 01       		.uleb128 0x1
 747 025b 31       		.byte	0x31
 748 025c 00       		.byte	0
 749 025d 10       		.uleb128 0x10
 750 025e 80000000 		.4byte	.LVL24
 751 0262 42050000 		.4byte	0x542
 752 0266 75020000 		.4byte	0x275
 753 026a 0E       		.uleb128 0xe
 754 026b 01       		.uleb128 0x1
 755 026c 51       		.byte	0x51
 756 026d 01       		.uleb128 0x1
 757 026e 31       		.byte	0x31
 758 026f 0E       		.uleb128 0xe
 759 0270 01       		.uleb128 0x1
 760 0271 50       		.byte	0x50
 761 0272 01       		.uleb128 0x1
 762 0273 31       		.byte	0x31
 763 0274 00       		.byte	0
 764 0275 10       		.uleb128 0x10
 765 0276 88000000 		.4byte	.LVL25
 766 027a 69050000 		.4byte	0x569
 767 027e 8A020000 		.4byte	0x28a
 768 0282 0E       		.uleb128 0xe
 769 0283 01       		.uleb128 0x1
 770 0284 50       		.byte	0x50
 771 0285 03       		.uleb128 0x3
 772 0286 0A       		.byte	0xa
ARM GAS  C:\Users\glenn\AppData\Local\Temp\ccUIxNDf.s 			page 20


 773 0287 0101     		.2byte	0x101
 774 0289 00       		.byte	0
 775 028a 0C       		.uleb128 0xc
 776 028b 8C000000 		.4byte	.LVL26
 777 028f 7A050000 		.4byte	0x57a
 778 0293 0C       		.uleb128 0xc
 779 0294 90000000 		.4byte	.LVL27
 780 0298 81050000 		.4byte	0x581
 781 029c 00       		.byte	0
 782 029d 14       		.uleb128 0x14
 783 029e 6D010000 		.4byte	0x16d
 784 02a2 90000000 		.4byte	.LBB16
 785 02a6 26000000 		.4byte	.LBE16-.LBB16
 786 02aa 01       		.byte	0x1
 787 02ab 4F       		.byte	0x4f
 788 02ac 06030000 		.4byte	0x306
 789 02b0 0C       		.uleb128 0xc
 790 02b1 9E000000 		.4byte	.LVL28
 791 02b5 8C050000 		.4byte	0x58c
 792 02b9 10       		.uleb128 0x10
 793 02ba A4000000 		.4byte	.LVL29
 794 02be 93050000 		.4byte	0x593
 795 02c2 CC020000 		.4byte	0x2cc
 796 02c6 0E       		.uleb128 0xe
 797 02c7 01       		.uleb128 0x1
 798 02c8 50       		.byte	0x50
 799 02c9 01       		.uleb128 0x1
 800 02ca 30       		.byte	0x30
 801 02cb 00       		.byte	0
 802 02cc 10       		.uleb128 0x10
 803 02cd AC000000 		.4byte	.LVL30
 804 02d1 A5050000 		.4byte	0x5a5
 805 02d5 E8020000 		.4byte	0x2e8
 806 02d9 0E       		.uleb128 0xe
 807 02da 01       		.uleb128 0x1
 808 02db 51       		.byte	0x51
 809 02dc 05       		.uleb128 0x5
 810 02dd 03       		.byte	0x3
 811 02de 00000000 		.4byte	SysTickCallBackHandler
 812 02e2 0E       		.uleb128 0xe
 813 02e3 01       		.uleb128 0x1
 814 02e4 50       		.byte	0x50
 815 02e5 01       		.uleb128 0x1
 816 02e6 30       		.byte	0x30
 817 02e7 00       		.byte	0
 818 02e8 10       		.uleb128 0x10
 819 02e9 B2000000 		.4byte	.LVL31
 820 02ed BF050000 		.4byte	0x5bf
 821 02f1 FC020000 		.4byte	0x2fc
 822 02f5 0E       		.uleb128 0xe
 823 02f6 01       		.uleb128 0x1
 824 02f7 50       		.byte	0x50
 825 02f8 02       		.uleb128 0x2
 826 02f9 08       		.byte	0x8
 827 02fa 21       		.byte	0x21
 828 02fb 00       		.byte	0
 829 02fc 0C       		.uleb128 0xc
ARM GAS  C:\Users\glenn\AppData\Local\Temp\ccUIxNDf.s 			page 21


 830 02fd B6000000 		.4byte	.LVL32
 831 0301 D0050000 		.4byte	0x5d0
 832 0305 00       		.byte	0
 833 0306 0B       		.uleb128 0xb
 834 0307 75010000 		.4byte	0x175
 835 030b D4000000 		.4byte	.LBB18
 836 030f 18000000 		.4byte	.Ldebug_ranges0+0x18
 837 0313 01       		.byte	0x1
 838 0314 5A       		.byte	0x5a
 839 0315 66030000 		.4byte	0x366
 840 0319 15       		.uleb128 0x15
 841 031a 81010000 		.4byte	0x181
 842 031e 00000000 		.4byte	.LLST0
 843 0322 0C       		.uleb128 0xc
 844 0323 E0000000 		.4byte	.LVL37
 845 0327 D7050000 		.4byte	0x5d7
 846 032b 10       		.uleb128 0x10
 847 032c E6000000 		.4byte	.LVL38
 848 0330 E2050000 		.4byte	0x5e2
 849 0334 3E030000 		.4byte	0x33e
 850 0338 0E       		.uleb128 0xe
 851 0339 01       		.uleb128 0x1
 852 033a 50       		.byte	0x50
 853 033b 01       		.uleb128 0x1
 854 033c 32       		.byte	0x32
 855 033d 00       		.byte	0
 856 033e 10       		.uleb128 0x10
 857 033f 10010000 		.4byte	.LVL44
 858 0343 F3050000 		.4byte	0x5f3
 859 0347 56030000 		.4byte	0x356
 860 034b 0E       		.uleb128 0xe
 861 034c 01       		.uleb128 0x1
 862 034d 51       		.byte	0x51
 863 034e 01       		.uleb128 0x1
 864 034f 40       		.byte	0x40
 865 0350 0E       		.uleb128 0xe
 866 0351 01       		.uleb128 0x1
 867 0352 50       		.byte	0x50
 868 0353 01       		.uleb128 0x1
 869 0354 32       		.byte	0x32
 870 0355 00       		.byte	0
 871 0356 0D       		.uleb128 0xd
 872 0357 16010000 		.4byte	.LVL45
 873 035b E2050000 		.4byte	0x5e2
 874 035f 0E       		.uleb128 0xe
 875 0360 01       		.uleb128 0x1
 876 0361 50       		.byte	0x50
 877 0362 01       		.uleb128 0x1
 878 0363 31       		.byte	0x31
 879 0364 00       		.byte	0
 880 0365 00       		.byte	0
 881 0366 10       		.uleb128 0x10
 882 0367 0E000000 		.4byte	.LVL7
 883 036b 09060000 		.4byte	0x609
 884 036f 79030000 		.4byte	0x379
 885 0373 0E       		.uleb128 0xe
 886 0374 01       		.uleb128 0x1
ARM GAS  C:\Users\glenn\AppData\Local\Temp\ccUIxNDf.s 			page 22


 887 0375 50       		.byte	0x50
 888 0376 01       		.uleb128 0x1
 889 0377 31       		.byte	0x31
 890 0378 00       		.byte	0
 891 0379 0C       		.uleb128 0xc
 892 037a 12000000 		.4byte	.LVL8
 893 037e 1E060000 		.4byte	0x61e
 894 0382 0C       		.uleb128 0xc
 895 0383 16000000 		.4byte	.LVL9
 896 0387 25060000 		.4byte	0x625
 897 038b 0C       		.uleb128 0xc
 898 038c 1A000000 		.4byte	.LVL10
 899 0390 2C060000 		.4byte	0x62c
 900 0394 0C       		.uleb128 0xc
 901 0395 1E000000 		.4byte	.LVL11
 902 0399 33060000 		.4byte	0x633
 903 039d 0C       		.uleb128 0xc
 904 039e 22000000 		.4byte	.LVL12
 905 03a2 3A060000 		.4byte	0x63a
 906 03a6 0C       		.uleb128 0xc
 907 03a7 26000000 		.4byte	.LVL13
 908 03ab 41060000 		.4byte	0x641
 909 03af 10       		.uleb128 0x10
 910 03b0 30000000 		.4byte	.LVL14
 911 03b4 48060000 		.4byte	0x648
 912 03b8 CC030000 		.4byte	0x3cc
 913 03bc 0E       		.uleb128 0xe
 914 03bd 01       		.uleb128 0x1
 915 03be 52       		.byte	0x52
 916 03bf 01       		.uleb128 0x1
 917 03c0 30       		.byte	0x30
 918 03c1 0E       		.uleb128 0xe
 919 03c2 01       		.uleb128 0x1
 920 03c3 51       		.byte	0x51
 921 03c4 01       		.uleb128 0x1
 922 03c5 30       		.byte	0x30
 923 03c6 0E       		.uleb128 0xe
 924 03c7 01       		.uleb128 0x1
 925 03c8 50       		.byte	0x50
 926 03c9 01       		.uleb128 0x1
 927 03ca 30       		.byte	0x30
 928 03cb 00       		.byte	0
 929 03cc 10       		.uleb128 0x10
 930 03cd 38000000 		.4byte	.LVL15
 931 03d1 67060000 		.4byte	0x667
 932 03d5 E1030000 		.4byte	0x3e1
 933 03d9 0E       		.uleb128 0xe
 934 03da 01       		.uleb128 0x1
 935 03db 50       		.byte	0x50
 936 03dc 03       		.uleb128 0x3
 937 03dd 0A       		.byte	0xa
 938 03de E803     		.2byte	0x3e8
 939 03e0 00       		.byte	0
 940 03e1 10       		.uleb128 0x10
 941 03e2 40000000 		.4byte	.LVL16
 942 03e6 78060000 		.4byte	0x678
 943 03ea F6030000 		.4byte	0x3f6
ARM GAS  C:\Users\glenn\AppData\Local\Temp\ccUIxNDf.s 			page 23


 944 03ee 0E       		.uleb128 0xe
 945 03ef 01       		.uleb128 0x1
 946 03f0 50       		.byte	0x50
 947 03f1 03       		.uleb128 0x3
 948 03f2 40       		.byte	0x40
 949 03f3 4A       		.byte	0x4a
 950 03f4 24       		.byte	0x24
 951 03f5 00       		.byte	0
 952 03f6 10       		.uleb128 0x10
 953 03f7 BE000000 		.4byte	.LVL33
 954 03fb F3050000 		.4byte	0x5f3
 955 03ff 0E040000 		.4byte	0x40e
 956 0403 0E       		.uleb128 0xe
 957 0404 01       		.uleb128 0x1
 958 0405 51       		.byte	0x51
 959 0406 01       		.uleb128 0x1
 960 0407 30       		.byte	0x30
 961 0408 0E       		.uleb128 0xe
 962 0409 01       		.uleb128 0x1
 963 040a 50       		.byte	0x50
 964 040b 01       		.uleb128 0x1
 965 040c 30       		.byte	0x30
 966 040d 00       		.byte	0
 967 040e 0C       		.uleb128 0xc
 968 040f CE000000 		.4byte	.LVL34
 969 0413 89060000 		.4byte	0x689
 970 0417 0C       		.uleb128 0xc
 971 0418 EA000000 		.4byte	.LVL39
 972 041c 89060000 		.4byte	0x689
 973 0420 10       		.uleb128 0x10
 974 0421 F8000000 		.4byte	.LVL40
 975 0425 94060000 		.4byte	0x694
 976 0429 3A040000 		.4byte	0x43a
 977 042d 0E       		.uleb128 0xe
 978 042e 01       		.uleb128 0x1
 979 042f 51       		.byte	0x51
 980 0430 02       		.uleb128 0x2
 981 0431 77       		.byte	0x77
 982 0432 00       		.sleb128 0
 983 0433 0E       		.uleb128 0xe
 984 0434 01       		.uleb128 0x1
 985 0435 50       		.byte	0x50
 986 0436 02       		.uleb128 0x2
 987 0437 78       		.byte	0x78
 988 0438 00       		.sleb128 0
 989 0439 00       		.byte	0
 990 043a 0C       		.uleb128 0xc
 991 043b 06010000 		.4byte	.LVL41
 992 043f F3050000 		.4byte	0x5f3
 993 0443 00       		.byte	0
 994 0444 16       		.uleb128 0x16
 995 0445 58020000 		.4byte	.LASF23
 996 0449 01       		.byte	0x1
 997 044a 2D       		.byte	0x2d
 998 044b 5D000000 		.4byte	0x5d
 999 044f 05       		.uleb128 0x5
 1000 0450 03       		.byte	0x3
ARM GAS  C:\Users\glenn\AppData\Local\Temp\ccUIxNDf.s 			page 24


 1001 0451 14000000 		.4byte	event_number
 1002 0455 16       		.uleb128 0x16
 1003 0456 81040000 		.4byte	.LASF24
 1004 045a 01       		.byte	0x1
 1005 045b 2E       		.byte	0x2e
 1006 045c 64000000 		.4byte	0x64
 1007 0460 05       		.uleb128 0x5
 1008 0461 03       		.byte	0x3
 1009 0462 0C000000 		.4byte	event_id
 1010 0466 16       		.uleb128 0x16
 1011 0467 48050000 		.4byte	.LASF25
 1012 046b 01       		.byte	0x1
 1013 046c 2F       		.byte	0x2f
 1014 046d 64000000 		.4byte	0x64
 1015 0471 05       		.uleb128 0x5
 1016 0472 03       		.byte	0x3
 1017 0473 10000000 		.4byte	event_data
 1018 0477 16       		.uleb128 0x16
 1019 0478 21000000 		.4byte	.LASF26
 1020 047c 01       		.byte	0x1
 1021 047d 30       		.byte	0x30
 1022 047e 64000000 		.4byte	0x64
 1023 0482 05       		.uleb128 0x5
 1024 0483 03       		.byte	0x3
 1025 0484 08000000 		.4byte	status_data
 1026 0488 16       		.uleb128 0x16
 1027 0489 D2020000 		.4byte	.LASF27
 1028 048d 01       		.byte	0x1
 1029 048e C5       		.byte	0xc5
 1030 048f A4000000 		.4byte	0xa4
 1031 0493 05       		.uleb128 0x5
 1032 0494 03       		.byte	0x3
 1033 0495 00000000 		.4byte	sub_divide_count
 1034 0499 16       		.uleb128 0x16
 1035 049a 94000000 		.4byte	.LASF28
 1036 049e 01       		.byte	0x1
 1037 049f C6       		.byte	0xc6
 1038 04a0 A4000000 		.4byte	0xa4
 1039 04a4 05       		.uleb128 0x5
 1040 04a5 03       		.byte	0x3
 1041 04a6 04000000 		.4byte	deglitch_register
 1042 04aa 17       		.uleb128 0x17
 1043 04ab 3B000000 		.4byte	.LASF69
 1044 04af 01       		.byte	0x1
 1045 04b0 C4       		.byte	0xc4
 1046 04b1 A4000000 		.4byte	0xa4
 1047 04b5 05       		.uleb128 0x5
 1048 04b6 03       		.byte	0x3
 1049 04b7 00000000 		.4byte	switch_on
 1050 04bb 18       		.uleb128 0x18
 1051 04bc 7B000000 		.4byte	.LASF42
 1052 04c0 0A       		.byte	0xa
 1053 04c1 32       		.byte	0x32
 1054 04c2 6B000000 		.4byte	0x6b
 1055 04c6 19       		.uleb128 0x19
 1056 04c7 93030000 		.4byte	.LASF29
 1057 04cb 04       		.byte	0x4
ARM GAS  C:\Users\glenn\AppData\Local\Temp\ccUIxNDf.s 			page 25


 1058 04cc 10       		.byte	0x10
 1059 04cd 1A       		.uleb128 0x1a
 1060 04ce B8010000 		.4byte	.LASF32
 1061 04d2 07       		.byte	0x7
 1062 04d3 1B       		.byte	0x1b
 1063 04d4 DE040000 		.4byte	0x4de
 1064 04d8 1B       		.uleb128 0x1b
 1065 04d9 83000000 		.4byte	0x83
 1066 04dd 00       		.byte	0
 1067 04de 1C       		.uleb128 0x1c
 1068 04df AA020000 		.4byte	.LASF30
 1069 04e3 05       		.byte	0x5
 1070 04e4 6701     		.2byte	0x167
 1071 04e6 19       		.uleb128 0x19
 1072 04e7 23050000 		.4byte	.LASF31
 1073 04eb 06       		.byte	0x6
 1074 04ec 10       		.byte	0x10
 1075 04ed 1A       		.uleb128 0x1a
 1076 04ee 0C020000 		.4byte	.LASF33
 1077 04f2 08       		.byte	0x8
 1078 04f3 76       		.byte	0x76
 1079 04f4 FE040000 		.4byte	0x4fe
 1080 04f8 1B       		.uleb128 0x1b
 1081 04f9 83000000 		.4byte	0x83
 1082 04fd 00       		.byte	0
 1083 04fe 19       		.uleb128 0x19
 1084 04ff 67000000 		.4byte	.LASF34
 1085 0503 09       		.byte	0x9
 1086 0504 28       		.byte	0x28
 1087 0505 1A       		.uleb128 0x1a
 1088 0506 26040000 		.4byte	.LASF35
 1089 050a 09       		.byte	0x9
 1090 050b 18       		.byte	0x18
 1091 050c 16050000 		.4byte	0x516
 1092 0510 1B       		.uleb128 0x1b
 1093 0511 A9000000 		.4byte	0xa9
 1094 0515 00       		.byte	0
 1095 0516 1A       		.uleb128 0x1a
 1096 0517 2D030000 		.4byte	.LASF36
 1097 051b 08       		.byte	0x8
 1098 051c 67       		.byte	0x67
 1099 051d 2C050000 		.4byte	0x52c
 1100 0521 1B       		.uleb128 0x1b
 1101 0522 83000000 		.4byte	0x83
 1102 0526 1B       		.uleb128 0x1b
 1103 0527 83000000 		.4byte	0x83
 1104 052b 00       		.byte	0
 1105 052c 1A       		.uleb128 0x1a
 1106 052d 7D030000 		.4byte	.LASF37
 1107 0531 08       		.byte	0x8
 1108 0532 70       		.byte	0x70
 1109 0533 42050000 		.4byte	0x542
 1110 0537 1B       		.uleb128 0x1b
 1111 0538 83000000 		.4byte	0x83
 1112 053c 1B       		.uleb128 0x1b
 1113 053d 83000000 		.4byte	0x83
 1114 0541 00       		.byte	0
ARM GAS  C:\Users\glenn\AppData\Local\Temp\ccUIxNDf.s 			page 26


 1115 0542 1A       		.uleb128 0x1a
 1116 0543 23020000 		.4byte	.LASF38
 1117 0547 08       		.byte	0x8
 1118 0548 6A       		.byte	0x6a
 1119 0549 58050000 		.4byte	0x558
 1120 054d 1B       		.uleb128 0x1b
 1121 054e 83000000 		.4byte	0x83
 1122 0552 1B       		.uleb128 0x1b
 1123 0553 83000000 		.4byte	0x83
 1124 0557 00       		.byte	0
 1125 0558 1A       		.uleb128 0x1a
 1126 0559 A5010000 		.4byte	.LASF39
 1127 055d 08       		.byte	0x8
 1128 055e 6E       		.byte	0x6e
 1129 055f 69050000 		.4byte	0x569
 1130 0563 1B       		.uleb128 0x1b
 1131 0564 83000000 		.4byte	0x83
 1132 0568 00       		.byte	0
 1133 0569 1A       		.uleb128 0x1a
 1134 056a 3D030000 		.4byte	.LASF40
 1135 056e 08       		.byte	0x8
 1136 056f 6C       		.byte	0x6c
 1137 0570 7A050000 		.4byte	0x57a
 1138 0574 1B       		.uleb128 0x1b
 1139 0575 83000000 		.4byte	0x83
 1140 0579 00       		.byte	0
 1141 057a 19       		.uleb128 0x19
 1142 057b 00000000 		.4byte	.LASF41
 1143 057f 08       		.byte	0x8
 1144 0580 65       		.byte	0x65
 1145 0581 18       		.uleb128 0x18
 1146 0582 1D040000 		.4byte	.LASF43
 1147 0586 06       		.byte	0x6
 1148 0587 0E       		.byte	0xe
 1149 0588 5D000000 		.4byte	0x5d
 1150 058c 19       		.uleb128 0x19
 1151 058d 14050000 		.4byte	.LASF44
 1152 0591 03       		.byte	0x3
 1153 0592 F5       		.byte	0xf5
 1154 0593 1D       		.uleb128 0x1d
 1155 0594 FC040000 		.4byte	.LASF45
 1156 0598 03       		.byte	0x3
 1157 0599 0201     		.2byte	0x102
 1158 059b A5050000 		.4byte	0x5a5
 1159 059f 1B       		.uleb128 0x1b
 1160 05a0 83000000 		.4byte	0x83
 1161 05a4 00       		.byte	0
 1162 05a5 1E       		.uleb128 0x1e
 1163 05a6 95020000 		.4byte	.LASF51
 1164 05aa 03       		.byte	0x3
 1165 05ab FE       		.byte	0xfe
 1166 05ac C3000000 		.4byte	0xc3
 1167 05b0 BF050000 		.4byte	0x5bf
 1168 05b4 1B       		.uleb128 0x1b
 1169 05b5 83000000 		.4byte	0x83
 1170 05b9 1B       		.uleb128 0x1b
 1171 05ba C3000000 		.4byte	0xc3
ARM GAS  C:\Users\glenn\AppData\Local\Temp\ccUIxNDf.s 			page 27


 1172 05be 00       		.byte	0
 1173 05bf 1A       		.uleb128 0x1a
 1174 05c0 7F010000 		.4byte	.LASF46
 1175 05c4 03       		.byte	0x3
 1176 05c5 FB       		.byte	0xfb
 1177 05c6 D0050000 		.4byte	0x5d0
 1178 05ca 1B       		.uleb128 0x1b
 1179 05cb 83000000 		.4byte	0x83
 1180 05cf 00       		.byte	0
 1181 05d0 19       		.uleb128 0x19
 1182 05d1 68040000 		.4byte	.LASF47
 1183 05d5 03       		.byte	0x3
 1184 05d6 F9       		.byte	0xf9
 1185 05d7 18       		.uleb128 0x18
 1186 05d8 DE040000 		.4byte	.LASF48
 1187 05dc 04       		.byte	0x4
 1188 05dd 11       		.byte	0x11
 1189 05de 5D000000 		.4byte	0x5d
 1190 05e2 1A       		.uleb128 0x1a
 1191 05e3 C0000000 		.4byte	.LASF49
 1192 05e7 07       		.byte	0x7
 1193 05e8 1F       		.byte	0x1f
 1194 05e9 F3050000 		.4byte	0x5f3
 1195 05ed 1B       		.uleb128 0x1b
 1196 05ee 83000000 		.4byte	0x83
 1197 05f2 00       		.byte	0
 1198 05f3 1A       		.uleb128 0x1a
 1199 05f4 0D000000 		.4byte	.LASF50
 1200 05f8 0B       		.byte	0xb
 1201 05f9 39       		.byte	0x39
 1202 05fa 09060000 		.4byte	0x609
 1203 05fe 1B       		.uleb128 0x1b
 1204 05ff 64000000 		.4byte	0x64
 1205 0603 1B       		.uleb128 0x1b
 1206 0604 64000000 		.4byte	0x64
 1207 0608 00       		.byte	0
 1208 0609 1E       		.uleb128 0x1e
 1209 060a D4010000 		.4byte	.LASF52
 1210 060e 03       		.byte	0x3
 1211 060f E6       		.byte	0xe6
 1212 0610 83000000 		.4byte	0x83
 1213 0614 1E060000 		.4byte	0x61e
 1214 0618 1B       		.uleb128 0x1b
 1215 0619 83000000 		.4byte	0x83
 1216 061d 00       		.byte	0
 1217 061e 19       		.uleb128 0x19
 1218 061f 0F030000 		.4byte	.LASF53
 1219 0623 08       		.byte	0x8
 1220 0624 4F       		.byte	0x4f
 1221 0625 19       		.uleb128 0x19
 1222 0626 00040000 		.4byte	.LASF54
 1223 062a 07       		.byte	0x7
 1224 062b 1A       		.byte	0x1a
 1225 062c 19       		.uleb128 0x19
 1226 062d AB040000 		.4byte	.LASF55
 1227 0631 0C       		.byte	0xc
 1228 0632 25       		.byte	0x25
ARM GAS  C:\Users\glenn\AppData\Local\Temp\ccUIxNDf.s 			page 28


 1229 0633 19       		.uleb128 0x19
 1230 0634 E3020000 		.4byte	.LASF56
 1231 0638 0B       		.byte	0xb
 1232 0639 38       		.byte	0x38
 1233 063a 19       		.uleb128 0x19
 1234 063b 5F030000 		.4byte	.LASF57
 1235 063f 0D       		.byte	0xd
 1236 0640 24       		.byte	0x24
 1237 0641 19       		.uleb128 0x19
 1238 0642 2D000000 		.4byte	.LASF58
 1239 0646 0E       		.byte	0xe
 1240 0647 1A       		.byte	0x1a
 1241 0648 1E       		.uleb128 0x1e
 1242 0649 AB000000 		.4byte	.LASF59
 1243 064d 0E       		.byte	0xe
 1244 064e 1F       		.byte	0x1f
 1245 064f 5D000000 		.4byte	0x5d
 1246 0653 67060000 		.4byte	0x667
 1247 0657 1B       		.uleb128 0x1b
 1248 0658 64000000 		.4byte	0x64
 1249 065c 1B       		.uleb128 0x1b
 1250 065d 77000000 		.4byte	0x77
 1251 0661 1B       		.uleb128 0x1b
 1252 0662 77000000 		.4byte	0x77
 1253 0666 00       		.byte	0
 1254 0667 1A       		.uleb128 0x1a
 1255 0668 32050000 		.4byte	.LASF60
 1256 066c 03       		.byte	0x3
 1257 066d D7       		.byte	0xd7
 1258 066e 78060000 		.4byte	0x678
 1259 0672 1B       		.uleb128 0x1b
 1260 0673 83000000 		.4byte	0x83
 1261 0677 00       		.byte	0
 1262 0678 1A       		.uleb128 0x1a
 1263 0679 65020000 		.4byte	.LASF61
 1264 067d 08       		.byte	0x8
 1265 067e 46       		.byte	0x46
 1266 067f 89060000 		.4byte	0x689
 1267 0683 1B       		.uleb128 0x1b
 1268 0684 83000000 		.4byte	0x83
 1269 0688 00       		.byte	0
 1270 0689 18       		.uleb128 0x18
 1271 068a 45000000 		.4byte	.LASF62
 1272 068e 07       		.byte	0x7
 1273 068f 1D       		.byte	0x1d
 1274 0690 83000000 		.4byte	0x83
 1275 0694 1E       		.uleb128 0x1e
 1276 0695 35040000 		.4byte	.LASF63
 1277 0699 0C       		.byte	0xc
 1278 069a 28       		.byte	0x28
 1279 069b 5D000000 		.4byte	0x5d
 1280 069f AE060000 		.4byte	0x6ae
 1281 06a3 1B       		.uleb128 0x1b
 1282 06a4 AE060000 		.4byte	0x6ae
 1283 06a8 1B       		.uleb128 0x1b
 1284 06a9 AE060000 		.4byte	0x6ae
 1285 06ad 00       		.byte	0
ARM GAS  C:\Users\glenn\AppData\Local\Temp\ccUIxNDf.s 			page 29


 1286 06ae 06       		.uleb128 0x6
 1287 06af 04       		.byte	0x4
 1288 06b0 64000000 		.4byte	0x64
 1289 06b4 00       		.byte	0
 1290              		.section	.debug_abbrev,"",%progbits
 1291              	.Ldebug_abbrev0:
 1292 0000 01       		.uleb128 0x1
 1293 0001 11       		.uleb128 0x11
 1294 0002 01       		.byte	0x1
 1295 0003 25       		.uleb128 0x25
 1296 0004 0E       		.uleb128 0xe
 1297 0005 13       		.uleb128 0x13
 1298 0006 0B       		.uleb128 0xb
 1299 0007 03       		.uleb128 0x3
 1300 0008 0E       		.uleb128 0xe
 1301 0009 1B       		.uleb128 0x1b
 1302 000a 0E       		.uleb128 0xe
 1303 000b 55       		.uleb128 0x55
 1304 000c 17       		.uleb128 0x17
 1305 000d 11       		.uleb128 0x11
 1306 000e 01       		.uleb128 0x1
 1307 000f 10       		.uleb128 0x10
 1308 0010 17       		.uleb128 0x17
 1309 0011 00       		.byte	0
 1310 0012 00       		.byte	0
 1311 0013 02       		.uleb128 0x2
 1312 0014 24       		.uleb128 0x24
 1313 0015 00       		.byte	0
 1314 0016 0B       		.uleb128 0xb
 1315 0017 0B       		.uleb128 0xb
 1316 0018 3E       		.uleb128 0x3e
 1317 0019 0B       		.uleb128 0xb
 1318 001a 03       		.uleb128 0x3
 1319 001b 0E       		.uleb128 0xe
 1320 001c 00       		.byte	0
 1321 001d 00       		.byte	0
 1322 001e 03       		.uleb128 0x3
 1323 001f 24       		.uleb128 0x24
 1324 0020 00       		.byte	0
 1325 0021 0B       		.uleb128 0xb
 1326 0022 0B       		.uleb128 0xb
 1327 0023 3E       		.uleb128 0x3e
 1328 0024 0B       		.uleb128 0xb
 1329 0025 03       		.uleb128 0x3
 1330 0026 08       		.uleb128 0x8
 1331 0027 00       		.byte	0
 1332 0028 00       		.byte	0
 1333 0029 04       		.uleb128 0x4
 1334 002a 16       		.uleb128 0x16
 1335 002b 00       		.byte	0
 1336 002c 03       		.uleb128 0x3
 1337 002d 0E       		.uleb128 0xe
 1338 002e 3A       		.uleb128 0x3a
 1339 002f 0B       		.uleb128 0xb
 1340 0030 3B       		.uleb128 0x3b
 1341 0031 05       		.uleb128 0x5
 1342 0032 49       		.uleb128 0x49
ARM GAS  C:\Users\glenn\AppData\Local\Temp\ccUIxNDf.s 			page 30


 1343 0033 13       		.uleb128 0x13
 1344 0034 00       		.byte	0
 1345 0035 00       		.byte	0
 1346 0036 05       		.uleb128 0x5
 1347 0037 35       		.uleb128 0x35
 1348 0038 00       		.byte	0
 1349 0039 49       		.uleb128 0x49
 1350 003a 13       		.uleb128 0x13
 1351 003b 00       		.byte	0
 1352 003c 00       		.byte	0
 1353 003d 06       		.uleb128 0x6
 1354 003e 0F       		.uleb128 0xf
 1355 003f 00       		.byte	0
 1356 0040 0B       		.uleb128 0xb
 1357 0041 0B       		.uleb128 0xb
 1358 0042 49       		.uleb128 0x49
 1359 0043 13       		.uleb128 0x13
 1360 0044 00       		.byte	0
 1361 0045 00       		.byte	0
 1362 0046 07       		.uleb128 0x7
 1363 0047 15       		.uleb128 0x15
 1364 0048 00       		.byte	0
 1365 0049 27       		.uleb128 0x27
 1366 004a 19       		.uleb128 0x19
 1367 004b 00       		.byte	0
 1368 004c 00       		.byte	0
 1369 004d 08       		.uleb128 0x8
 1370 004e 16       		.uleb128 0x16
 1371 004f 00       		.byte	0
 1372 0050 03       		.uleb128 0x3
 1373 0051 0E       		.uleb128 0xe
 1374 0052 3A       		.uleb128 0x3a
 1375 0053 0B       		.uleb128 0xb
 1376 0054 3B       		.uleb128 0x3b
 1377 0055 0B       		.uleb128 0xb
 1378 0056 49       		.uleb128 0x49
 1379 0057 13       		.uleb128 0x13
 1380 0058 00       		.byte	0
 1381 0059 00       		.byte	0
 1382 005a 09       		.uleb128 0x9
 1383 005b 2E       		.uleb128 0x2e
 1384 005c 00       		.byte	0
 1385 005d 03       		.uleb128 0x3
 1386 005e 0E       		.uleb128 0xe
 1387 005f 3A       		.uleb128 0x3a
 1388 0060 0B       		.uleb128 0xb
 1389 0061 3B       		.uleb128 0x3b
 1390 0062 0B       		.uleb128 0xb
 1391 0063 27       		.uleb128 0x27
 1392 0064 19       		.uleb128 0x19
 1393 0065 20       		.uleb128 0x20
 1394 0066 0B       		.uleb128 0xb
 1395 0067 00       		.byte	0
 1396 0068 00       		.byte	0
 1397 0069 0A       		.uleb128 0xa
 1398 006a 2E       		.uleb128 0x2e
 1399 006b 01       		.byte	0x1
ARM GAS  C:\Users\glenn\AppData\Local\Temp\ccUIxNDf.s 			page 31


 1400 006c 03       		.uleb128 0x3
 1401 006d 0E       		.uleb128 0xe
 1402 006e 3A       		.uleb128 0x3a
 1403 006f 0B       		.uleb128 0xb
 1404 0070 3B       		.uleb128 0x3b
 1405 0071 0B       		.uleb128 0xb
 1406 0072 27       		.uleb128 0x27
 1407 0073 19       		.uleb128 0x19
 1408 0074 11       		.uleb128 0x11
 1409 0075 01       		.uleb128 0x1
 1410 0076 12       		.uleb128 0x12
 1411 0077 06       		.uleb128 0x6
 1412 0078 40       		.uleb128 0x40
 1413 0079 18       		.uleb128 0x18
 1414 007a 9742     		.uleb128 0x2117
 1415 007c 19       		.uleb128 0x19
 1416 007d 01       		.uleb128 0x1
 1417 007e 13       		.uleb128 0x13
 1418 007f 00       		.byte	0
 1419 0080 00       		.byte	0
 1420 0081 0B       		.uleb128 0xb
 1421 0082 1D       		.uleb128 0x1d
 1422 0083 01       		.byte	0x1
 1423 0084 31       		.uleb128 0x31
 1424 0085 13       		.uleb128 0x13
 1425 0086 52       		.uleb128 0x52
 1426 0087 01       		.uleb128 0x1
 1427 0088 55       		.uleb128 0x55
 1428 0089 17       		.uleb128 0x17
 1429 008a 58       		.uleb128 0x58
 1430 008b 0B       		.uleb128 0xb
 1431 008c 59       		.uleb128 0x59
 1432 008d 0B       		.uleb128 0xb
 1433 008e 01       		.uleb128 0x1
 1434 008f 13       		.uleb128 0x13
 1435 0090 00       		.byte	0
 1436 0091 00       		.byte	0
 1437 0092 0C       		.uleb128 0xc
 1438 0093 898201   		.uleb128 0x4109
 1439 0096 00       		.byte	0
 1440 0097 11       		.uleb128 0x11
 1441 0098 01       		.uleb128 0x1
 1442 0099 31       		.uleb128 0x31
 1443 009a 13       		.uleb128 0x13
 1444 009b 00       		.byte	0
 1445 009c 00       		.byte	0
 1446 009d 0D       		.uleb128 0xd
 1447 009e 898201   		.uleb128 0x4109
 1448 00a1 01       		.byte	0x1
 1449 00a2 11       		.uleb128 0x11
 1450 00a3 01       		.uleb128 0x1
 1451 00a4 31       		.uleb128 0x31
 1452 00a5 13       		.uleb128 0x13
 1453 00a6 00       		.byte	0
 1454 00a7 00       		.byte	0
 1455 00a8 0E       		.uleb128 0xe
 1456 00a9 8A8201   		.uleb128 0x410a
ARM GAS  C:\Users\glenn\AppData\Local\Temp\ccUIxNDf.s 			page 32


 1457 00ac 00       		.byte	0
 1458 00ad 02       		.uleb128 0x2
 1459 00ae 18       		.uleb128 0x18
 1460 00af 9142     		.uleb128 0x2111
 1461 00b1 18       		.uleb128 0x18
 1462 00b2 00       		.byte	0
 1463 00b3 00       		.byte	0
 1464 00b4 0F       		.uleb128 0xf
 1465 00b5 2E       		.uleb128 0x2e
 1466 00b6 01       		.byte	0x1
 1467 00b7 3F       		.uleb128 0x3f
 1468 00b8 19       		.uleb128 0x19
 1469 00b9 03       		.uleb128 0x3
 1470 00ba 0E       		.uleb128 0xe
 1471 00bb 3A       		.uleb128 0x3a
 1472 00bc 0B       		.uleb128 0xb
 1473 00bd 3B       		.uleb128 0x3b
 1474 00be 0B       		.uleb128 0xb
 1475 00bf 27       		.uleb128 0x27
 1476 00c0 19       		.uleb128 0x19
 1477 00c1 11       		.uleb128 0x11
 1478 00c2 01       		.uleb128 0x1
 1479 00c3 12       		.uleb128 0x12
 1480 00c4 06       		.uleb128 0x6
 1481 00c5 40       		.uleb128 0x40
 1482 00c6 18       		.uleb128 0x18
 1483 00c7 9742     		.uleb128 0x2117
 1484 00c9 19       		.uleb128 0x19
 1485 00ca 01       		.uleb128 0x1
 1486 00cb 13       		.uleb128 0x13
 1487 00cc 00       		.byte	0
 1488 00cd 00       		.byte	0
 1489 00ce 10       		.uleb128 0x10
 1490 00cf 898201   		.uleb128 0x4109
 1491 00d2 01       		.byte	0x1
 1492 00d3 11       		.uleb128 0x11
 1493 00d4 01       		.uleb128 0x1
 1494 00d5 31       		.uleb128 0x31
 1495 00d6 13       		.uleb128 0x13
 1496 00d7 01       		.uleb128 0x1
 1497 00d8 13       		.uleb128 0x13
 1498 00d9 00       		.byte	0
 1499 00da 00       		.byte	0
 1500 00db 11       		.uleb128 0x11
 1501 00dc 2E       		.uleb128 0x2e
 1502 00dd 01       		.byte	0x1
 1503 00de 03       		.uleb128 0x3
 1504 00df 0E       		.uleb128 0xe
 1505 00e0 3A       		.uleb128 0x3a
 1506 00e1 0B       		.uleb128 0xb
 1507 00e2 3B       		.uleb128 0x3b
 1508 00e3 0B       		.uleb128 0xb
 1509 00e4 27       		.uleb128 0x27
 1510 00e5 19       		.uleb128 0x19
 1511 00e6 20       		.uleb128 0x20
 1512 00e7 0B       		.uleb128 0xb
 1513 00e8 01       		.uleb128 0x1
ARM GAS  C:\Users\glenn\AppData\Local\Temp\ccUIxNDf.s 			page 33


 1514 00e9 13       		.uleb128 0x13
 1515 00ea 00       		.byte	0
 1516 00eb 00       		.byte	0
 1517 00ec 12       		.uleb128 0x12
 1518 00ed 05       		.uleb128 0x5
 1519 00ee 00       		.byte	0
 1520 00ef 03       		.uleb128 0x3
 1521 00f0 0E       		.uleb128 0xe
 1522 00f1 3A       		.uleb128 0x3a
 1523 00f2 0B       		.uleb128 0xb
 1524 00f3 3B       		.uleb128 0x3b
 1525 00f4 0B       		.uleb128 0xb
 1526 00f5 49       		.uleb128 0x49
 1527 00f6 13       		.uleb128 0x13
 1528 00f7 00       		.byte	0
 1529 00f8 00       		.byte	0
 1530 00f9 13       		.uleb128 0x13
 1531 00fa 2E       		.uleb128 0x2e
 1532 00fb 01       		.byte	0x1
 1533 00fc 3F       		.uleb128 0x3f
 1534 00fd 19       		.uleb128 0x19
 1535 00fe 03       		.uleb128 0x3
 1536 00ff 0E       		.uleb128 0xe
 1537 0100 3A       		.uleb128 0x3a
 1538 0101 0B       		.uleb128 0xb
 1539 0102 3B       		.uleb128 0x3b
 1540 0103 0B       		.uleb128 0xb
 1541 0104 49       		.uleb128 0x49
 1542 0105 13       		.uleb128 0x13
 1543 0106 11       		.uleb128 0x11
 1544 0107 01       		.uleb128 0x1
 1545 0108 12       		.uleb128 0x12
 1546 0109 06       		.uleb128 0x6
 1547 010a 40       		.uleb128 0x40
 1548 010b 18       		.uleb128 0x18
 1549 010c 9742     		.uleb128 0x2117
 1550 010e 19       		.uleb128 0x19
 1551 010f 01       		.uleb128 0x1
 1552 0110 13       		.uleb128 0x13
 1553 0111 00       		.byte	0
 1554 0112 00       		.byte	0
 1555 0113 14       		.uleb128 0x14
 1556 0114 1D       		.uleb128 0x1d
 1557 0115 01       		.byte	0x1
 1558 0116 31       		.uleb128 0x31
 1559 0117 13       		.uleb128 0x13
 1560 0118 11       		.uleb128 0x11
 1561 0119 01       		.uleb128 0x1
 1562 011a 12       		.uleb128 0x12
 1563 011b 06       		.uleb128 0x6
 1564 011c 58       		.uleb128 0x58
 1565 011d 0B       		.uleb128 0xb
 1566 011e 59       		.uleb128 0x59
 1567 011f 0B       		.uleb128 0xb
 1568 0120 01       		.uleb128 0x1
 1569 0121 13       		.uleb128 0x13
 1570 0122 00       		.byte	0
ARM GAS  C:\Users\glenn\AppData\Local\Temp\ccUIxNDf.s 			page 34


 1571 0123 00       		.byte	0
 1572 0124 15       		.uleb128 0x15
 1573 0125 05       		.uleb128 0x5
 1574 0126 00       		.byte	0
 1575 0127 31       		.uleb128 0x31
 1576 0128 13       		.uleb128 0x13
 1577 0129 02       		.uleb128 0x2
 1578 012a 17       		.uleb128 0x17
 1579 012b 00       		.byte	0
 1580 012c 00       		.byte	0
 1581 012d 16       		.uleb128 0x16
 1582 012e 34       		.uleb128 0x34
 1583 012f 00       		.byte	0
 1584 0130 03       		.uleb128 0x3
 1585 0131 0E       		.uleb128 0xe
 1586 0132 3A       		.uleb128 0x3a
 1587 0133 0B       		.uleb128 0xb
 1588 0134 3B       		.uleb128 0x3b
 1589 0135 0B       		.uleb128 0xb
 1590 0136 49       		.uleb128 0x49
 1591 0137 13       		.uleb128 0x13
 1592 0138 02       		.uleb128 0x2
 1593 0139 18       		.uleb128 0x18
 1594 013a 00       		.byte	0
 1595 013b 00       		.byte	0
 1596 013c 17       		.uleb128 0x17
 1597 013d 34       		.uleb128 0x34
 1598 013e 00       		.byte	0
 1599 013f 03       		.uleb128 0x3
 1600 0140 0E       		.uleb128 0xe
 1601 0141 3A       		.uleb128 0x3a
 1602 0142 0B       		.uleb128 0xb
 1603 0143 3B       		.uleb128 0x3b
 1604 0144 0B       		.uleb128 0xb
 1605 0145 49       		.uleb128 0x49
 1606 0146 13       		.uleb128 0x13
 1607 0147 3F       		.uleb128 0x3f
 1608 0148 19       		.uleb128 0x19
 1609 0149 02       		.uleb128 0x2
 1610 014a 18       		.uleb128 0x18
 1611 014b 00       		.byte	0
 1612 014c 00       		.byte	0
 1613 014d 18       		.uleb128 0x18
 1614 014e 2E       		.uleb128 0x2e
 1615 014f 00       		.byte	0
 1616 0150 3F       		.uleb128 0x3f
 1617 0151 19       		.uleb128 0x19
 1618 0152 03       		.uleb128 0x3
 1619 0153 0E       		.uleb128 0xe
 1620 0154 3A       		.uleb128 0x3a
 1621 0155 0B       		.uleb128 0xb
 1622 0156 3B       		.uleb128 0x3b
 1623 0157 0B       		.uleb128 0xb
 1624 0158 27       		.uleb128 0x27
 1625 0159 19       		.uleb128 0x19
 1626 015a 49       		.uleb128 0x49
 1627 015b 13       		.uleb128 0x13
ARM GAS  C:\Users\glenn\AppData\Local\Temp\ccUIxNDf.s 			page 35


 1628 015c 3C       		.uleb128 0x3c
 1629 015d 19       		.uleb128 0x19
 1630 015e 00       		.byte	0
 1631 015f 00       		.byte	0
 1632 0160 19       		.uleb128 0x19
 1633 0161 2E       		.uleb128 0x2e
 1634 0162 00       		.byte	0
 1635 0163 3F       		.uleb128 0x3f
 1636 0164 19       		.uleb128 0x19
 1637 0165 03       		.uleb128 0x3
 1638 0166 0E       		.uleb128 0xe
 1639 0167 3A       		.uleb128 0x3a
 1640 0168 0B       		.uleb128 0xb
 1641 0169 3B       		.uleb128 0x3b
 1642 016a 0B       		.uleb128 0xb
 1643 016b 27       		.uleb128 0x27
 1644 016c 19       		.uleb128 0x19
 1645 016d 3C       		.uleb128 0x3c
 1646 016e 19       		.uleb128 0x19
 1647 016f 00       		.byte	0
 1648 0170 00       		.byte	0
 1649 0171 1A       		.uleb128 0x1a
 1650 0172 2E       		.uleb128 0x2e
 1651 0173 01       		.byte	0x1
 1652 0174 3F       		.uleb128 0x3f
 1653 0175 19       		.uleb128 0x19
 1654 0176 03       		.uleb128 0x3
 1655 0177 0E       		.uleb128 0xe
 1656 0178 3A       		.uleb128 0x3a
 1657 0179 0B       		.uleb128 0xb
 1658 017a 3B       		.uleb128 0x3b
 1659 017b 0B       		.uleb128 0xb
 1660 017c 27       		.uleb128 0x27
 1661 017d 19       		.uleb128 0x19
 1662 017e 3C       		.uleb128 0x3c
 1663 017f 19       		.uleb128 0x19
 1664 0180 01       		.uleb128 0x1
 1665 0181 13       		.uleb128 0x13
 1666 0182 00       		.byte	0
 1667 0183 00       		.byte	0
 1668 0184 1B       		.uleb128 0x1b
 1669 0185 05       		.uleb128 0x5
 1670 0186 00       		.byte	0
 1671 0187 49       		.uleb128 0x49
 1672 0188 13       		.uleb128 0x13
 1673 0189 00       		.byte	0
 1674 018a 00       		.byte	0
 1675 018b 1C       		.uleb128 0x1c
 1676 018c 2E       		.uleb128 0x2e
 1677 018d 00       		.byte	0
 1678 018e 3F       		.uleb128 0x3f
 1679 018f 19       		.uleb128 0x19
 1680 0190 03       		.uleb128 0x3
 1681 0191 0E       		.uleb128 0xe
 1682 0192 3A       		.uleb128 0x3a
 1683 0193 0B       		.uleb128 0xb
 1684 0194 3B       		.uleb128 0x3b
ARM GAS  C:\Users\glenn\AppData\Local\Temp\ccUIxNDf.s 			page 36


 1685 0195 05       		.uleb128 0x5
 1686 0196 27       		.uleb128 0x27
 1687 0197 19       		.uleb128 0x19
 1688 0198 3C       		.uleb128 0x3c
 1689 0199 19       		.uleb128 0x19
 1690 019a 00       		.byte	0
 1691 019b 00       		.byte	0
 1692 019c 1D       		.uleb128 0x1d
 1693 019d 2E       		.uleb128 0x2e
 1694 019e 01       		.byte	0x1
 1695 019f 3F       		.uleb128 0x3f
 1696 01a0 19       		.uleb128 0x19
 1697 01a1 03       		.uleb128 0x3
 1698 01a2 0E       		.uleb128 0xe
 1699 01a3 3A       		.uleb128 0x3a
 1700 01a4 0B       		.uleb128 0xb
 1701 01a5 3B       		.uleb128 0x3b
 1702 01a6 05       		.uleb128 0x5
 1703 01a7 27       		.uleb128 0x27
 1704 01a8 19       		.uleb128 0x19
 1705 01a9 3C       		.uleb128 0x3c
 1706 01aa 19       		.uleb128 0x19
 1707 01ab 01       		.uleb128 0x1
 1708 01ac 13       		.uleb128 0x13
 1709 01ad 00       		.byte	0
 1710 01ae 00       		.byte	0
 1711 01af 1E       		.uleb128 0x1e
 1712 01b0 2E       		.uleb128 0x2e
 1713 01b1 01       		.byte	0x1
 1714 01b2 3F       		.uleb128 0x3f
 1715 01b3 19       		.uleb128 0x19
 1716 01b4 03       		.uleb128 0x3
 1717 01b5 0E       		.uleb128 0xe
 1718 01b6 3A       		.uleb128 0x3a
 1719 01b7 0B       		.uleb128 0xb
 1720 01b8 3B       		.uleb128 0x3b
 1721 01b9 0B       		.uleb128 0xb
 1722 01ba 27       		.uleb128 0x27
 1723 01bb 19       		.uleb128 0x19
 1724 01bc 49       		.uleb128 0x49
 1725 01bd 13       		.uleb128 0x13
 1726 01be 3C       		.uleb128 0x3c
 1727 01bf 19       		.uleb128 0x19
 1728 01c0 01       		.uleb128 0x1
 1729 01c1 13       		.uleb128 0x13
 1730 01c2 00       		.byte	0
 1731 01c3 00       		.byte	0
 1732 01c4 00       		.byte	0
 1733              		.section	.debug_loc,"",%progbits
 1734              	.Ldebug_loc0:
 1735              	.LLST0:
 1736 0000 D4000000 		.4byte	.LVL35
 1737 0004 D8000000 		.4byte	.LVL36
 1738 0008 0100     		.2byte	0x1
 1739 000a 50       		.byte	0x50
 1740 000b 08010000 		.4byte	.LVL42
 1741 000f 0A010000 		.4byte	.LVL43
ARM GAS  C:\Users\glenn\AppData\Local\Temp\ccUIxNDf.s 			page 37


 1742 0013 0100     		.2byte	0x1
 1743 0015 50       		.byte	0x50
 1744 0016 00000000 		.4byte	0
 1745 001a 00000000 		.4byte	0
 1746              		.section	.debug_aranges,"",%progbits
 1747 0000 2C000000 		.4byte	0x2c
 1748 0004 0200     		.2byte	0x2
 1749 0006 00000000 		.4byte	.Ldebug_info0
 1750 000a 04       		.byte	0x4
 1751 000b 00       		.byte	0
 1752 000c 0000     		.2byte	0
 1753 000e 0000     		.2byte	0
 1754 0010 00000000 		.4byte	.LFB67
 1755 0014 6C000000 		.4byte	.LFE67-.LFB67
 1756 0018 00000000 		.4byte	.LFB64
 1757 001c 16000000 		.4byte	.LFE64-.LFB64
 1758 0020 00000000 		.4byte	.LFB63
 1759 0024 28010000 		.4byte	.LFE63-.LFB63
 1760 0028 00000000 		.4byte	0
 1761 002c 00000000 		.4byte	0
 1762              		.section	.debug_ranges,"",%progbits
 1763              	.Ldebug_ranges0:
 1764 0000 1C000000 		.4byte	.LBB4
 1765 0004 42000000 		.4byte	.LBE4
 1766 0008 48000000 		.4byte	.LBB7
 1767 000c 6C000000 		.4byte	.LBE7
 1768 0010 00000000 		.4byte	0
 1769 0014 00000000 		.4byte	0
 1770 0018 D4000000 		.4byte	.LBB18
 1771 001c E6000000 		.4byte	.LBE18
 1772 0020 08010000 		.4byte	.LBB21
 1773 0024 28010000 		.4byte	.LBE21
 1774 0028 00000000 		.4byte	0
 1775 002c 00000000 		.4byte	0
 1776 0030 00000000 		.4byte	.LFB67
 1777 0034 6C000000 		.4byte	.LFE67
 1778 0038 00000000 		.4byte	.LFB64
 1779 003c 16000000 		.4byte	.LFE64
 1780 0040 00000000 		.4byte	.LFB63
 1781 0044 28010000 		.4byte	.LFE63
 1782 0048 00000000 		.4byte	0
 1783 004c 00000000 		.4byte	0
 1784              		.section	.debug_line,"",%progbits
 1785              	.Ldebug_line0:
 1786 0000 E4010000 		.section	.debug_str,"MS",%progbits,1
 1786      02004701 
 1786      00000201 
 1786      FB0E0D00 
 1786      01010101 
 1787              	.LASF41:
 1788 0000 43795379 		.ascii	"CySysWdtLock\000"
 1788      73576474 
 1788      4C6F636B 
 1788      00
 1789              	.LASF50:
 1790 000d 63665F70 		.ascii	"cf_process_cf_event\000"
 1790      726F6365 
ARM GAS  C:\Users\glenn\AppData\Local\Temp\ccUIxNDf.s 			page 38


 1790      73735F63 
 1790      665F6576 
 1790      656E7400 
 1791              	.LASF26:
 1792 0021 73746174 		.ascii	"status_data\000"
 1792      75735F64 
 1792      61746100 
 1793              	.LASF58:
 1794 002d 45465F69 		.ascii	"EF_initialize\000"
 1794      6E697469 
 1794      616C697A 
 1794      6500
 1795              	.LASF69:
 1796 003b 73776974 		.ascii	"switch_on\000"
 1796      63685F6F 
 1796      6E00
 1797              	.LASF62:
 1798 0045 63665F67 		.ascii	"cf_get_status\000"
 1798      65745F73 
 1798      74617475 
 1798      7300
 1799              	.LASF68:
 1800 0053 70726F63 		.ascii	"process_status_data\000"
 1800      6573735F 
 1800      73746174 
 1800      75735F64 
 1800      61746100 
 1801              	.LASF34:
 1802 0067 57647449 		.ascii	"WdtIsr_ClearPending\000"
 1802      73725F43 
 1802      6C656172 
 1802      50656E64 
 1802      696E6700 
 1803              	.LASF42:
 1804 007b 53776974 		.ascii	"Switch_Pin_Read\000"
 1804      63685F50 
 1804      696E5F52 
 1804      65616400 
 1805              	.LASF16:
 1806 008b 73697A65 		.ascii	"sizetype\000"
 1806      74797065 
 1806      00
 1807              	.LASF28:
 1808 0094 6465676C 		.ascii	"deglitch_register\000"
 1808      69746368 
 1808      5F726567 
 1808      69737465 
 1808      7200
 1809              	.LASF22:
 1810 00a6 6D61696E 		.ascii	"main\000"
 1810      00
 1811              	.LASF59:
 1812 00ab 45465F65 		.ascii	"EF_enqueue_elemement\000"
 1812      6E717565 
 1812      75655F65 
 1812      6C656D65 
 1812      6D656E74 
ARM GAS  C:\Users\glenn\AppData\Local\Temp\ccUIxNDf.s 			page 39


 1813              	.LASF49:
 1814 00c0 63665F73 		.ascii	"cf_status_clear_bit\000"
 1814      74617475 
 1814      735F636C 
 1814      6561725F 
 1814      62697400 
 1815              	.LASF64:
 1816 00d4 474E5520 		.ascii	"GNU C 4.9.3 20150303 (release) [ARM/embedded-4_9-br"
 1816      4320342E 
 1816      392E3320 
 1816      32303135 
 1816      30333033 
 1817 0107 616E6368 		.ascii	"anch revision 221220] -mcpu=cortex-m0 -mthumb -g -O"
 1817      20726576 
 1817      6973696F 
 1817      6E203232 
 1817      31323230 
 1818 013a 32202D66 		.ascii	"2 -ffunction-sections -finline-functions -ffat-lto-"
 1818      66756E63 
 1818      74696F6E 
 1818      2D736563 
 1818      74696F6E 
 1819 016d 6F626A65 		.ascii	"objects\000"
 1819      63747300 
 1820              	.LASF2:
 1821 0175 73686F72 		.ascii	"short int\000"
 1821      7420696E 
 1821      7400
 1822              	.LASF46:
 1823 017f 43795379 		.ascii	"CySysTickSetReload\000"
 1823      73546963 
 1823      6B536574 
 1823      52656C6F 
 1823      616400
 1824              	.LASF20:
 1825 0192 53797354 		.ascii	"SysTickInit\000"
 1825      69636B49 
 1825      6E697400 
 1826              	.LASF10:
 1827 019e 75696E74 		.ascii	"uint16\000"
 1827      313600
 1828              	.LASF39:
 1829 01a5 43795379 		.ascii	"CySysWdtSetCascade\000"
 1829      73576474 
 1829      53657443 
 1829      61736361 
 1829      646500
 1830              	.LASF32:
 1831 01b8 63665F73 		.ascii	"cf_set_interrupt_status_bit\000"
 1831      65745F69 
 1831      6E746572 
 1831      72757074 
 1831      5F737461 
 1832              	.LASF52:
 1833 01d4 43795379 		.ascii	"CySysGetResetReason\000"
 1833      73476574 
 1833      52657365 
ARM GAS  C:\Users\glenn\AppData\Local\Temp\ccUIxNDf.s 			page 40


 1833      74526561 
 1833      736F6E00 
 1834              	.LASF9:
 1835 01e8 75696E74 		.ascii	"uint8\000"
 1835      3800
 1836              	.LASF17:
 1837 01ee 63795379 		.ascii	"cySysTickCallback\000"
 1837      73546963 
 1837      6B43616C 
 1837      6C626163 
 1837      6B00
 1838              	.LASF0:
 1839 0200 7369676E 		.ascii	"signed char\000"
 1839      65642063 
 1839      68617200 
 1840              	.LASF33:
 1841 020c 43795379 		.ascii	"CySysWdtClearInterrupt\000"
 1841      73576474 
 1841      436C6561 
 1841      72496E74 
 1841      65727275 
 1842              	.LASF38:
 1843 0223 43795379 		.ascii	"CySysWdtSetClearOnMatch\000"
 1843      73576474 
 1843      53657443 
 1843      6C656172 
 1843      4F6E4D61 
 1844              	.LASF12:
 1845 023b 666C6F61 		.ascii	"float\000"
 1845      7400
 1846              	.LASF6:
 1847 0241 6C6F6E67 		.ascii	"long long int\000"
 1847      206C6F6E 
 1847      6720696E 
 1847      7400
 1848              	.LASF4:
 1849 024f 6C6F6E67 		.ascii	"long int\000"
 1849      20696E74 
 1849      00
 1850              	.LASF23:
 1851 0258 6576656E 		.ascii	"event_number\000"
 1851      745F6E75 
 1851      6D626572 
 1851      00
 1852              	.LASF61:
 1853 0265 43795379 		.ascii	"CySysClkSetLfclkSource\000"
 1853      73436C6B 
 1853      5365744C 
 1853      66636C6B 
 1853      536F7572 
 1854              	.LASF18:
 1855 027c 70726F63 		.ascii	"process_switch_functions\000"
 1855      6573735F 
 1855      73776974 
 1855      63685F66 
 1855      756E6374 
 1856              	.LASF51:
ARM GAS  C:\Users\glenn\AppData\Local\Temp\ccUIxNDf.s 			page 41


 1857 0295 43795379 		.ascii	"CySysTickSetCallback\000"
 1857      73546963 
 1857      6B536574 
 1857      43616C6C 
 1857      6261636B 
 1858              	.LASF30:
 1859 02aa 5254435F 		.ascii	"RTC_1_Update\000"
 1859      315F5570 
 1859      64617465 
 1859      00
 1860              	.LASF1:
 1861 02b7 756E7369 		.ascii	"unsigned char\000"
 1861      676E6564 
 1861      20636861 
 1861      7200
 1862              	.LASF15:
 1863 02c5 63796973 		.ascii	"cyisraddress\000"
 1863      72616464 
 1863      72657373 
 1863      00
 1864              	.LASF27:
 1865 02d2 7375625F 		.ascii	"sub_divide_count\000"
 1865      64697669 
 1865      64655F63 
 1865      6F756E74 
 1865      00
 1866              	.LASF56:
 1867 02e3 696E6974 		.ascii	"initialize_cf_system\000"
 1867      69616C69 
 1867      7A655F63 
 1867      665F7379 
 1867      7374656D 
 1868              	.LASF7:
 1869 02f8 6C6F6E67 		.ascii	"long long unsigned int\000"
 1869      206C6F6E 
 1869      6720756E 
 1869      7369676E 
 1869      65642069 
 1870              	.LASF53:
 1871 030f 43795379 		.ascii	"CySysClkWcoStart\000"
 1871      73436C6B 
 1871      57636F53 
 1871      74617274 
 1871      00
 1872              	.LASF8:
 1873 0320 756E7369 		.ascii	"unsigned int\000"
 1873      676E6564 
 1873      20696E74 
 1873      00
 1874              	.LASF36:
 1875 032d 43795379 		.ascii	"CySysWdtSetMode\000"
 1875      73576474 
 1875      5365744D 
 1875      6F646500 
 1876              	.LASF40:
 1877 033d 43795379 		.ascii	"CySysWdtEnable\000"
 1877      73576474 
ARM GAS  C:\Users\glenn\AppData\Local\Temp\ccUIxNDf.s 			page 42


 1877      456E6162 
 1877      6C6500
 1878              	.LASF3:
 1879 034c 73686F72 		.ascii	"short unsigned int\000"
 1879      7420756E 
 1879      7369676E 
 1879      65642069 
 1879      6E7400
 1880              	.LASF57:
 1881 035f 696E6974 		.ascii	"initialize_configuration_data\000"
 1881      69616C69 
 1881      7A655F63 
 1881      6F6E6669 
 1881      67757261 
 1882              	.LASF37:
 1883 037d 43795379 		.ascii	"CySysWdtSetMatch\000"
 1883      73576474 
 1883      5365744D 
 1883      61746368 
 1883      00
 1884              	.LASF14:
 1885 038e 63686172 		.ascii	"char\000"
 1885      00
 1886              	.LASF29:
 1887 0393 6D6F6462 		.ascii	"modbus_timer_interrupt\000"
 1887      75735F74 
 1887      696D6572 
 1887      5F696E74 
 1887      65727275 
 1888              	.LASF66:
 1889 03aa 433A5C55 		.ascii	"C:\\Users\\glenn\\OneDrive\\PSOC\\moisture_sensor_4"
 1889      73657273 
 1889      5C676C65 
 1889      6E6E5C4F 
 1889      6E654472 
 1890 03d8 6D5C4D6F 		.ascii	"m\\Moisture_Sensor\\Moisture_Sensor.cydsn\000"
 1890      69737475 
 1890      72655F53 
 1890      656E736F 
 1890      725C4D6F 
 1891              	.LASF54:
 1892 0400 63665F69 		.ascii	"cf_initialize_status_manager\000"
 1892      6E697469 
 1892      616C697A 
 1892      655F7374 
 1892      61747573 
 1893              	.LASF43:
 1894 041d 696E6974 		.ascii	"init_rtc\000"
 1894      5F727463 
 1894      00
 1895              	.LASF35:
 1896 0426 57647449 		.ascii	"WdtIsr_StartEx\000"
 1896      73725F53 
 1896      74617274 
 1896      457800
 1897              	.LASF63:
 1898 0435 63665F72 		.ascii	"cf_rx_event\000"
ARM GAS  C:\Users\glenn\AppData\Local\Temp\ccUIxNDf.s 			page 43


 1898      785F6576 
 1898      656E7400 
 1899              	.LASF11:
 1900 0441 75696E74 		.ascii	"uint32\000"
 1900      333200
 1901              	.LASF65:
 1902 0448 6D61696E 		.ascii	"main.c\000"
 1902      2E6300
 1903              	.LASF5:
 1904 044f 6C6F6E67 		.ascii	"long unsigned int\000"
 1904      20756E73 
 1904      69676E65 
 1904      6420696E 
 1904      7400
 1905              	.LASF13:
 1906 0461 646F7562 		.ascii	"double\000"
 1906      6C6500
 1907              	.LASF47:
 1908 0468 43795379 		.ascii	"CySysTickEnableInterrupt\000"
 1908      73546963 
 1908      6B456E61 
 1908      626C6549 
 1908      6E746572 
 1909              	.LASF24:
 1910 0481 6576656E 		.ascii	"event_id\000"
 1910      745F6964 
 1910      00
 1911              	.LASF19:
 1912 048a 73657475 		.ascii	"setup_one_second_timer_watch_dog\000"
 1912      705F6F6E 
 1912      655F7365 
 1912      636F6E64 
 1912      5F74696D 
 1913              	.LASF55:
 1914 04ab 63665F69 		.ascii	"cf_initialize_event_manager\000"
 1914      6E697469 
 1914      616C697A 
 1914      655F6576 
 1914      656E745F 
 1915              	.LASF67:
 1916 04c7 53797354 		.ascii	"SysTickCallBackHandler\000"
 1916      69636B43 
 1916      616C6C42 
 1916      61636B48 
 1916      616E646C 
 1917              	.LASF48:
 1918 04de 70726F63 		.ascii	"process_rx_modbus_rtu_message\000"
 1918      6573735F 
 1918      72785F6D 
 1918      6F646275 
 1918      735F7274 
 1919              	.LASF45:
 1920 04fc 43795379 		.ascii	"CySysTickSetClockSource\000"
 1920      73546963 
 1920      6B536574 
 1920      436C6F63 
 1920      6B536F75 
ARM GAS  C:\Users\glenn\AppData\Local\Temp\ccUIxNDf.s 			page 44


 1921              	.LASF44:
 1922 0514 43795379 		.ascii	"CySysTickStart\000"
 1922      73546963 
 1922      6B537461 
 1922      727400
 1923              	.LASF31:
 1924 0523 7274635F 		.ascii	"rtc_check_time\000"
 1924      63686563 
 1924      6B5F7469 
 1924      6D6500
 1925              	.LASF60:
 1926 0532 43794465 		.ascii	"CyDelay\000"
 1926      6C617900 
 1927              	.LASF21:
 1928 053a 57647449 		.ascii	"WdtIsrHandler\000"
 1928      73724861 
 1928      6E646C65 
 1928      7200
 1929              	.LASF25:
 1930 0548 6576656E 		.ascii	"event_data\000"
 1930      745F6461 
 1930      746100
 1931              		.ident	"GCC: (GNU Tools for ARM Embedded Processors) 4.9.3 20150303 (release) [ARM/embedded-4_9-br
