ARM GAS  C:\Users\glenn\AppData\Local\Temp\cczw1T1u.s 			page 1


   1              		.cpu cortex-m0
   2              		.fpu softvfp
   3              		.eabi_attribute 20, 1
   4              		.eabi_attribute 21, 1
   5              		.eabi_attribute 23, 3
   6              		.eabi_attribute 24, 1
   7              		.eabi_attribute 25, 1
   8              		.eabi_attribute 26, 1
   9              		.eabi_attribute 30, 6
  10              		.eabi_attribute 34, 0
  11              		.eabi_attribute 18, 4
  12              		.code	16
  13              		.file	"one_wire.c"
  14              		.text
  15              	.Ltext0:
  16              		.cfi_sections	.debug_frame
  17              		.bss
  18              		.align	1
  19              	one_wire_device_found:
  20 0000 0000     		.space	2
  21              		.global	one_wire_io
  22              		.section	.rodata
  23              		.align	2
  24              		.type	one_wire_io, %object
  25              		.size	one_wire_io, 8
  26              	one_wire_io:
  27 0000 00000000 		.word	One_Wire_Pin_Read
  28 0004 00000000 		.word	One_Wire_Pin_Write
  29              		.comm	one_wire_addresses,8,4
  30              		.section	.text.find_one_wire_devices,"ax",%progbits
  31              		.align	2
  32              		.global	find_one_wire_devices
  33              		.code	16
  34              		.thumb_func
  35              		.type	find_one_wire_devices, %function
  36              	find_one_wire_devices:
  37              	.LFB64:
  38              		.file 1 "one_wire\\one_wire.c"
   1:one_wire/one_wire.c **** /*
   2:one_wire/one_wire.c **** **
   3:one_wire/one_wire.c **** ** File: one_wire.c
   4:one_wire/one_wire.c **** **
   5:one_wire/one_wire.c **** **
   6:one_wire/one_wire.c **** **
   7:one_wire/one_wire.c **** */
   8:one_wire/one_wire.c **** 
   9:one_wire/one_wire.c **** #include <project.h>
  10:one_wire/one_wire.c **** #include "one_wire.h"
  11:one_wire/one_wire.c **** #include "cf_external_functions.h"
  12:one_wire/one_wire.c **** #include "DS18B20.h"
  13:one_wire/one_wire.c **** #include "process_modbus_message.h"
  14:one_wire/one_wire.c **** 
  15:one_wire/one_wire.c **** #define DEFAULT_TEMPERATURE 60.
  16:one_wire/one_wire.c **** static uint16 one_wire_device_found;
  17:one_wire/one_wire.c **** 
  18:one_wire/one_wire.c **** #define NUMBER_OF_ONE_WIRE_DEVICES 1
  19:one_wire/one_wire.c **** 
ARM GAS  C:\Users\glenn\AppData\Local\Temp\cczw1T1u.s 			page 2


  20:one_wire/one_wire.c **** const ONE_WIRE_IO one_wire_io[ NUMBER_OF_ONE_WIRE_DEVICES] = 
  21:one_wire/one_wire.c **** {
  22:one_wire/one_wire.c ****     { One_Wire_Pin_Read, One_Wire_Pin_Write },
  23:one_wire/one_wire.c ****     
  24:one_wire/one_wire.c **** };
  25:one_wire/one_wire.c **** 
  26:one_wire/one_wire.c **** ONE_WIRE_ADDRESS one_wire_addresses[ NUMBER_OF_ONE_WIRE_DEVICES];
  27:one_wire/one_wire.c **** 
  28:one_wire/one_wire.c **** 
  29:one_wire/one_wire.c **** 
  30:one_wire/one_wire.c **** 
  31:one_wire/one_wire.c **** int find_one_wire_devices(unsigned link_id, unsigned param_1,
  32:one_wire/one_wire.c ****   unsigned param_2, unsigned param_3, unsigned event, unsigned data)
  33:one_wire/one_wire.c **** {
  39              		.loc 1 33 0
  40              		.cfi_startproc
  41 0000 80B5     		push	{r7, lr}
  42              		.cfi_def_cfa_offset 8
  43              		.cfi_offset 7, -8
  44              		.cfi_offset 14, -4
  45 0002 84B0     		sub	sp, sp, #16
  46              		.cfi_def_cfa_offset 24
  47 0004 00AF     		add	r7, sp, #0
  48              		.cfi_def_cfa_register 7
  49 0006 F860     		str	r0, [r7, #12]
  50 0008 B960     		str	r1, [r7, #8]
  51 000a 7A60     		str	r2, [r7, #4]
  52 000c 3B60     		str	r3, [r7]
  34:one_wire/one_wire.c ****     if( param_1 >= NUMBER_OF_ONE_WIRE_DEVICES )
  53              		.loc 1 34 0
  54 000e BB68     		ldr	r3, [r7, #8]
  55 0010 002B     		cmp	r3, #0
  56 0012 01D0     		beq	.L2
  35:one_wire/one_wire.c ****     {
  36:one_wire/one_wire.c ****         param_1 = NUMBER_OF_ONE_WIRE_DEVICES -1;
  57              		.loc 1 36 0
  58 0014 0023     		mov	r3, #0
  59 0016 BB60     		str	r3, [r7, #8]
  60              	.L2:
  37:one_wire/one_wire.c ****     }
  38:one_wire/one_wire.c ****     one_wire_device_found = DS1820_FindFirstDevice(&one_wire_io[param_1], &one_wire_addresses[param
  61              		.loc 1 38 0
  62 0018 BB68     		ldr	r3, [r7, #8]
  63 001a DA00     		lsl	r2, r3, #3
  64 001c 0C4B     		ldr	r3, .L4
  65 001e D118     		add	r1, r2, r3
  66 0020 BB68     		ldr	r3, [r7, #8]
  67 0022 DA00     		lsl	r2, r3, #3
  68 0024 0B4B     		ldr	r3, .L4+4
  69 0026 D318     		add	r3, r2, r3
  70 0028 081C     		mov	r0, r1
  71 002a 191C     		mov	r1, r3
  72 002c FFF7FEFF 		bl	DS1820_FindFirstDevice
  73 0030 031C     		mov	r3, r0
  74 0032 9AB2     		uxth	r2, r3
  75 0034 084B     		ldr	r3, .L4+8
  76 0036 1A80     		strh	r2, [r3]
ARM GAS  C:\Users\glenn\AppData\Local\Temp\cczw1T1u.s 			page 3


  39:one_wire/one_wire.c ****     store_modbus_data_registers( ONE_WIRE_DEVICE_FOUND , 1, &one_wire_device_found );
  77              		.loc 1 39 0
  78 0038 074B     		ldr	r3, .L4+8
  79 003a 0D20     		mov	r0, #13
  80 003c 0121     		mov	r1, #1
  81 003e 1A1C     		mov	r2, r3
  82 0040 FFF7FEFF 		bl	store_modbus_data_registers
  40:one_wire/one_wire.c ****      
  41:one_wire/one_wire.c ****     return CF_DISABLE;
  83              		.loc 1 41 0
  84 0044 0223     		mov	r3, #2
  42:one_wire/one_wire.c **** }
  85              		.loc 1 42 0
  86 0046 181C     		mov	r0, r3
  87 0048 BD46     		mov	sp, r7
  88 004a 04B0     		add	sp, sp, #16
  89              		@ sp needed
  90 004c 80BD     		pop	{r7, pc}
  91              	.L5:
  92 004e C046     		.align	2
  93              	.L4:
  94 0050 00000000 		.word	one_wire_io
  95 0054 00000000 		.word	one_wire_addresses
  96 0058 00000000 		.word	one_wire_device_found
  97              		.cfi_endproc
  98              	.LFE64:
  99              		.size	find_one_wire_devices, .-find_one_wire_devices
 100              		.section	.text.start_ds18B20_temperature_measurement,"ax",%progbits
 101              		.align	2
 102              		.global	start_ds18B20_temperature_measurement
 103              		.code	16
 104              		.thumb_func
 105              		.type	start_ds18B20_temperature_measurement, %function
 106              	start_ds18B20_temperature_measurement:
 107              	.LFB65:
  43:one_wire/one_wire.c **** 
  44:one_wire/one_wire.c **** int start_ds18B20_temperature_measurement(unsigned link_id, unsigned param_1,
  45:one_wire/one_wire.c ****   unsigned param_2, unsigned param_3, unsigned event, unsigned data)
  46:one_wire/one_wire.c **** {
 108              		.loc 1 46 0
 109              		.cfi_startproc
 110 0000 80B5     		push	{r7, lr}
 111              		.cfi_def_cfa_offset 8
 112              		.cfi_offset 7, -8
 113              		.cfi_offset 14, -4
 114 0002 84B0     		sub	sp, sp, #16
 115              		.cfi_def_cfa_offset 24
 116 0004 00AF     		add	r7, sp, #0
 117              		.cfi_def_cfa_register 7
 118 0006 F860     		str	r0, [r7, #12]
 119 0008 B960     		str	r1, [r7, #8]
 120 000a 7A60     		str	r2, [r7, #4]
 121 000c 3B60     		str	r3, [r7]
  47:one_wire/one_wire.c ****     if( param_1 >= NUMBER_OF_ONE_WIRE_DEVICES )
 122              		.loc 1 47 0
 123 000e BB68     		ldr	r3, [r7, #8]
 124 0010 002B     		cmp	r3, #0
ARM GAS  C:\Users\glenn\AppData\Local\Temp\cczw1T1u.s 			page 4


 125 0012 01D0     		beq	.L7
  48:one_wire/one_wire.c ****     {
  49:one_wire/one_wire.c ****         param_1 = NUMBER_OF_ONE_WIRE_DEVICES -1;
 126              		.loc 1 49 0
 127 0014 0023     		mov	r3, #0
 128 0016 BB60     		str	r3, [r7, #8]
 129              	.L7:
  50:one_wire/one_wire.c ****     }
  51:one_wire/one_wire.c **** 
  52:one_wire/one_wire.c ****     if( one_wire_device_found != 0)
 130              		.loc 1 52 0
 131 0018 0A4B     		ldr	r3, .L10
 132 001a 1B88     		ldrh	r3, [r3]
 133 001c 002B     		cmp	r3, #0
 134 001e 0BD0     		beq	.L8
  53:one_wire/one_wire.c ****     {
  54:one_wire/one_wire.c ****        DS1820_StartTemp_Reading(&one_wire_io[param_1], &one_wire_addresses[param_1]);
 135              		.loc 1 54 0
 136 0020 BB68     		ldr	r3, [r7, #8]
 137 0022 DA00     		lsl	r2, r3, #3
 138 0024 084B     		ldr	r3, .L10+4
 139 0026 D118     		add	r1, r2, r3
 140 0028 BB68     		ldr	r3, [r7, #8]
 141 002a DA00     		lsl	r2, r3, #3
 142 002c 074B     		ldr	r3, .L10+8
 143 002e D318     		add	r3, r2, r3
 144 0030 081C     		mov	r0, r1
 145 0032 191C     		mov	r1, r3
 146 0034 FFF7FEFF 		bl	DS1820_StartTemp_Reading
 147              	.L8:
  55:one_wire/one_wire.c ****     }
  56:one_wire/one_wire.c ****     return CF_DISABLE;
 148              		.loc 1 56 0
 149 0038 0223     		mov	r3, #2
  57:one_wire/one_wire.c **** }
 150              		.loc 1 57 0
 151 003a 181C     		mov	r0, r3
 152 003c BD46     		mov	sp, r7
 153 003e 04B0     		add	sp, sp, #16
 154              		@ sp needed
 155 0040 80BD     		pop	{r7, pc}
 156              	.L11:
 157 0042 C046     		.align	2
 158              	.L10:
 159 0044 00000000 		.word	one_wire_device_found
 160 0048 00000000 		.word	one_wire_io
 161 004c 00000000 		.word	one_wire_addresses
 162              		.cfi_endproc
 163              	.LFE65:
 164              		.size	start_ds18B20_temperature_measurement, .-start_ds18B20_temperature_measurement
 165              		.global	__aeabi_i2f
 166              		.global	__aeabi_f2d
 167              		.global	__aeabi_ddiv
 168              		.global	__aeabi_dmul
 169              		.global	__aeabi_dadd
 170              		.global	__aeabi_d2f
 171              		.section	.text.read_ds18B20_temperature_measurement,"ax",%progbits
ARM GAS  C:\Users\glenn\AppData\Local\Temp\cczw1T1u.s 			page 5


 172              		.align	2
 173              		.global	read_ds18B20_temperature_measurement
 174              		.code	16
 175              		.thumb_func
 176              		.type	read_ds18B20_temperature_measurement, %function
 177              	read_ds18B20_temperature_measurement:
 178              	.LFB66:
  58:one_wire/one_wire.c **** 
  59:one_wire/one_wire.c **** int read_ds18B20_temperature_measurement(unsigned link_id, unsigned param_1,
  60:one_wire/one_wire.c ****   unsigned param_2, unsigned param_3, unsigned event, unsigned data)
  61:one_wire/one_wire.c **** {
 179              		.loc 1 61 0
 180              		.cfi_startproc
 181 0000 90B5     		push	{r4, r7, lr}
 182              		.cfi_def_cfa_offset 12
 183              		.cfi_offset 4, -12
 184              		.cfi_offset 7, -8
 185              		.cfi_offset 14, -4
 186 0002 87B0     		sub	sp, sp, #28
 187              		.cfi_def_cfa_offset 40
 188 0004 00AF     		add	r7, sp, #0
 189              		.cfi_def_cfa_register 7
 190 0006 F860     		str	r0, [r7, #12]
 191 0008 B960     		str	r1, [r7, #8]
 192 000a 7A60     		str	r2, [r7, #4]
 193 000c 3B60     		str	r3, [r7]
  62:one_wire/one_wire.c ****     float temperature;
  63:one_wire/one_wire.c ****     if( param_1 >= NUMBER_OF_ONE_WIRE_DEVICES )
 194              		.loc 1 63 0
 195 000e BB68     		ldr	r3, [r7, #8]
 196 0010 002B     		cmp	r3, #0
 197 0012 01D0     		beq	.L13
  64:one_wire/one_wire.c ****     {
  65:one_wire/one_wire.c ****         param_1 = NUMBER_OF_ONE_WIRE_DEVICES -1;
 198              		.loc 1 65 0
 199 0014 0023     		mov	r3, #0
 200 0016 BB60     		str	r3, [r7, #8]
 201              	.L13:
  66:one_wire/one_wire.c ****     }
  67:one_wire/one_wire.c **** 
  68:one_wire/one_wire.c ****     if( one_wire_device_found != 0)
 202              		.loc 1 68 0
 203 0018 2B4B     		ldr	r3, .L17
 204 001a 1B88     		ldrh	r3, [r3]
 205 001c 002B     		cmp	r3, #0
 206 001e 45D0     		beq	.L14
  69:one_wire/one_wire.c ****     {
  70:one_wire/one_wire.c ****        temperature = DS1820_GetTempRaw(&one_wire_io[param_1], &one_wire_addresses[param_1]);
 207              		.loc 1 70 0
 208 0020 BB68     		ldr	r3, [r7, #8]
 209 0022 DA00     		lsl	r2, r3, #3
 210 0024 294B     		ldr	r3, .L17+4
 211 0026 D118     		add	r1, r2, r3
 212 0028 BB68     		ldr	r3, [r7, #8]
 213 002a DA00     		lsl	r2, r3, #3
 214 002c 284B     		ldr	r3, .L17+8
 215 002e D318     		add	r3, r2, r3
ARM GAS  C:\Users\glenn\AppData\Local\Temp\cczw1T1u.s 			page 6


 216 0030 081C     		mov	r0, r1
 217 0032 191C     		mov	r1, r3
 218 0034 FFF7FEFF 		bl	DS1820_GetTempRaw
 219 0038 031C     		mov	r3, r0
 220 003a 181C     		mov	r0, r3
 221 003c FFF7FEFF 		bl	__aeabi_i2f
 222 0040 031C     		add	r3, r0, #0
 223 0042 7B61     		str	r3, [r7, #20]
  71:one_wire/one_wire.c ****        temperature = (((temperature/256.)*9.)/5.0)+32;
 224              		.loc 1 71 0
 225 0044 7B69     		ldr	r3, [r7, #20]
 226 0046 181C     		add	r0, r3, #0
 227 0048 FFF7FEFF 		bl	__aeabi_f2d
 228 004c 031C     		mov	r3, r0
 229 004e 0C1C     		mov	r4, r1
 230 0050 181C     		mov	r0, r3
 231 0052 211C     		mov	r1, r4
 232 0054 0022     		mov	r2, #0
 233 0056 1F4B     		ldr	r3, .L17+12
 234 0058 FFF7FEFF 		bl	__aeabi_ddiv
 235 005c 031C     		mov	r3, r0
 236 005e 0C1C     		mov	r4, r1
 237 0060 181C     		mov	r0, r3
 238 0062 211C     		mov	r1, r4
 239 0064 0022     		mov	r2, #0
 240 0066 1C4B     		ldr	r3, .L17+16
 241 0068 FFF7FEFF 		bl	__aeabi_dmul
 242 006c 031C     		mov	r3, r0
 243 006e 0C1C     		mov	r4, r1
 244 0070 181C     		mov	r0, r3
 245 0072 211C     		mov	r1, r4
 246 0074 0022     		mov	r2, #0
 247 0076 194B     		ldr	r3, .L17+20
 248 0078 FFF7FEFF 		bl	__aeabi_ddiv
 249 007c 031C     		mov	r3, r0
 250 007e 0C1C     		mov	r4, r1
 251 0080 181C     		mov	r0, r3
 252 0082 211C     		mov	r1, r4
 253 0084 0022     		mov	r2, #0
 254 0086 164B     		ldr	r3, .L17+24
 255 0088 FFF7FEFF 		bl	__aeabi_dadd
 256 008c 031C     		mov	r3, r0
 257 008e 0C1C     		mov	r4, r1
 258 0090 181C     		mov	r0, r3
 259 0092 211C     		mov	r1, r4
 260 0094 FFF7FEFF 		bl	__aeabi_d2f
 261 0098 031C     		add	r3, r0, #0
 262 009a 7B61     		str	r3, [r7, #20]
  72:one_wire/one_wire.c ****        store_modbus_data_registers( MOISTURE_SOIL_TEMP_FLOAT , 2,(uint16*) &temperature );
 263              		.loc 1 72 0
 264 009c 1423     		mov	r3, #20
 265 009e FB18     		add	r3, r7, r3
 266 00a0 1320     		mov	r0, #19
 267 00a2 0221     		mov	r1, #2
 268 00a4 1A1C     		mov	r2, r3
 269 00a6 FFF7FEFF 		bl	store_modbus_data_registers
 270 00aa 08E0     		b	.L15
ARM GAS  C:\Users\glenn\AppData\Local\Temp\cczw1T1u.s 			page 7


 271              	.L14:
  73:one_wire/one_wire.c ****     }
  74:one_wire/one_wire.c ****     else
  75:one_wire/one_wire.c ****     {
  76:one_wire/one_wire.c ****        temperature = DEFAULT_TEMPERATURE;
 272              		.loc 1 76 0
 273 00ac 0D4B     		ldr	r3, .L17+28
 274 00ae 7B61     		str	r3, [r7, #20]
  77:one_wire/one_wire.c ****        store_modbus_data_registers( MOISTURE_SOIL_TEMP_FLOAT , 2,(uint16*) &temperature );
 275              		.loc 1 77 0
 276 00b0 1423     		mov	r3, #20
 277 00b2 FB18     		add	r3, r7, r3
 278 00b4 1320     		mov	r0, #19
 279 00b6 0221     		mov	r1, #2
 280 00b8 1A1C     		mov	r2, r3
 281 00ba FFF7FEFF 		bl	store_modbus_data_registers
 282              	.L15:
  78:one_wire/one_wire.c ****     }
  79:one_wire/one_wire.c ****     return CF_DISABLE;
 283              		.loc 1 79 0
 284 00be 0223     		mov	r3, #2
  80:one_wire/one_wire.c **** }
 285              		.loc 1 80 0
 286 00c0 181C     		mov	r0, r3
 287 00c2 BD46     		mov	sp, r7
 288 00c4 07B0     		add	sp, sp, #28
 289              		@ sp needed
 290 00c6 90BD     		pop	{r4, r7, pc}
 291              	.L18:
 292              		.align	2
 293              	.L17:
 294 00c8 00000000 		.word	one_wire_device_found
 295 00cc 00000000 		.word	one_wire_io
 296 00d0 00000000 		.word	one_wire_addresses
 297 00d4 00007040 		.word	1081081856
 298 00d8 00002240 		.word	1075970048
 299 00dc 00001440 		.word	1075052544
 300 00e0 00004040 		.word	1077936128
 301 00e4 00007042 		.word	1114636288
 302              		.cfi_endproc
 303              	.LFE66:
 304              		.size	read_ds18B20_temperature_measurement, .-read_ds18B20_temperature_measurement
 305              		.text
 306              	.Letext0:
 307              		.file 2 "Generated_Source\\PSoC4/cytypes.h"
 308              		.file 3 "one_wire\\DS18B20.h"
 309              		.file 4 ".\\rtu_modbus/process_modbus_message.h"
 310              		.section	.debug_info,"",%progbits
 311              	.Ldebug_info0:
 312 0000 FA020000 		.4byte	0x2fa
 313 0004 0400     		.2byte	0x4
 314 0006 00000000 		.4byte	.Ldebug_abbrev0
 315 000a 04       		.byte	0x4
 316 000b 01       		.uleb128 0x1
 317 000c 00000000 		.4byte	.LASF36
 318 0010 01       		.byte	0x1
 319 0011 B5010000 		.4byte	.LASF37
ARM GAS  C:\Users\glenn\AppData\Local\Temp\cczw1T1u.s 			page 8


 320 0015 73020000 		.4byte	.LASF38
 321 0019 00000000 		.4byte	.Ldebug_ranges0+0
 322 001d 00000000 		.4byte	0
 323 0021 00000000 		.4byte	.Ldebug_line0
 324 0025 02       		.uleb128 0x2
 325 0026 01       		.byte	0x1
 326 0027 06       		.byte	0x6
 327 0028 C9020000 		.4byte	.LASF0
 328 002c 02       		.uleb128 0x2
 329 002d 01       		.byte	0x1
 330 002e 08       		.byte	0x8
 331 002f E2000000 		.4byte	.LASF1
 332 0033 02       		.uleb128 0x2
 333 0034 02       		.byte	0x2
 334 0035 05       		.byte	0x5
 335 0036 51020000 		.4byte	.LASF2
 336 003a 02       		.uleb128 0x2
 337 003b 02       		.byte	0x2
 338 003c 07       		.byte	0x7
 339 003d 31010000 		.4byte	.LASF3
 340 0041 02       		.uleb128 0x2
 341 0042 04       		.byte	0x4
 342 0043 05       		.byte	0x5
 343 0044 61020000 		.4byte	.LASF4
 344 0048 02       		.uleb128 0x2
 345 0049 04       		.byte	0x4
 346 004a 07       		.byte	0x7
 347 004b 1F010000 		.4byte	.LASF5
 348 004f 02       		.uleb128 0x2
 349 0050 08       		.byte	0x8
 350 0051 05       		.byte	0x5
 351 0052 35020000 		.4byte	.LASF6
 352 0056 02       		.uleb128 0x2
 353 0057 08       		.byte	0x8
 354 0058 07       		.byte	0x7
 355 0059 CB000000 		.4byte	.LASF7
 356 005d 03       		.uleb128 0x3
 357 005e 04       		.byte	0x4
 358 005f 05       		.byte	0x5
 359 0060 696E7400 		.ascii	"int\000"
 360 0064 02       		.uleb128 0x2
 361 0065 04       		.byte	0x4
 362 0066 07       		.byte	0x7
 363 0067 A8010000 		.4byte	.LASF8
 364 006b 04       		.uleb128 0x4
 365 006c 5B020000 		.4byte	.LASF9
 366 0070 02       		.byte	0x2
 367 0071 9801     		.2byte	0x198
 368 0073 2C000000 		.4byte	0x2c
 369 0077 04       		.uleb128 0x4
 370 0078 9B010000 		.4byte	.LASF10
 371 007c 02       		.byte	0x2
 372 007d 9901     		.2byte	0x199
 373 007f 3A000000 		.4byte	0x3a
 374 0083 02       		.uleb128 0x2
 375 0084 04       		.byte	0x4
 376 0085 04       		.byte	0x4
ARM GAS  C:\Users\glenn\AppData\Local\Temp\cczw1T1u.s 			page 9


 377 0086 9A000000 		.4byte	.LASF11
 378 008a 02       		.uleb128 0x2
 379 008b 08       		.byte	0x8
 380 008c 04       		.byte	0x4
 381 008d B3000000 		.4byte	.LASF12
 382 0091 02       		.uleb128 0x2
 383 0092 01       		.byte	0x1
 384 0093 08       		.byte	0x8
 385 0094 4C020000 		.4byte	.LASF13
 386 0098 02       		.uleb128 0x2
 387 0099 04       		.byte	0x4
 388 009a 07       		.byte	0x7
 389 009b 22020000 		.4byte	.LASF14
 390 009f 05       		.uleb128 0x5
 391 00a0 6A020000 		.4byte	.LASF15
 392 00a4 03       		.byte	0x3
 393 00a5 10       		.byte	0x10
 394 00a6 AA000000 		.4byte	0xaa
 395 00aa 06       		.uleb128 0x6
 396 00ab 04       		.byte	0x4
 397 00ac B0000000 		.4byte	0xb0
 398 00b0 07       		.uleb128 0x7
 399 00b1 6B000000 		.4byte	0x6b
 400 00b5 05       		.uleb128 0x5
 401 00b6 2B020000 		.4byte	.LASF16
 402 00ba 03       		.byte	0x3
 403 00bb 11       		.byte	0x11
 404 00bc C0000000 		.4byte	0xc0
 405 00c0 06       		.uleb128 0x6
 406 00c1 04       		.byte	0x4
 407 00c2 C6000000 		.4byte	0xc6
 408 00c6 08       		.uleb128 0x8
 409 00c7 D1000000 		.4byte	0xd1
 410 00cb 09       		.uleb128 0x9
 411 00cc 6B000000 		.4byte	0x6b
 412 00d0 00       		.byte	0
 413 00d1 0A       		.uleb128 0xa
 414 00d2 08       		.byte	0x8
 415 00d3 03       		.byte	0x3
 416 00d4 15       		.byte	0x15
 417 00d5 F2000000 		.4byte	0xf2
 418 00d9 0B       		.uleb128 0xb
 419 00da 43020000 		.4byte	.LASF17
 420 00de 03       		.byte	0x3
 421 00df 17       		.byte	0x17
 422 00e0 9F000000 		.4byte	0x9f
 423 00e4 00       		.byte	0
 424 00e5 0B       		.uleb128 0xb
 425 00e6 EE010000 		.4byte	.LASF18
 426 00ea 03       		.byte	0x3
 427 00eb 18       		.byte	0x18
 428 00ec B5000000 		.4byte	0xb5
 429 00f0 04       		.byte	0x4
 430 00f1 00       		.byte	0
 431 00f2 05       		.uleb128 0x5
 432 00f3 13010000 		.4byte	.LASF19
 433 00f7 03       		.byte	0x3
ARM GAS  C:\Users\glenn\AppData\Local\Temp\cczw1T1u.s 			page 10


 434 00f8 19       		.byte	0x19
 435 00f9 FD000000 		.4byte	0xfd
 436 00fd 0C       		.uleb128 0xc
 437 00fe D1000000 		.4byte	0xd1
 438 0102 0A       		.uleb128 0xa
 439 0103 08       		.byte	0x8
 440 0104 03       		.byte	0x3
 441 0105 1B       		.byte	0x1b
 442 0106 17010000 		.4byte	0x117
 443 010a 0B       		.uleb128 0xb
 444 010b 06010000 		.4byte	.LASF20
 445 010f 03       		.byte	0x3
 446 0110 1D       		.byte	0x1d
 447 0111 17010000 		.4byte	0x117
 448 0115 00       		.byte	0
 449 0116 00       		.byte	0
 450 0117 0D       		.uleb128 0xd
 451 0118 6B000000 		.4byte	0x6b
 452 011c 27010000 		.4byte	0x127
 453 0120 0E       		.uleb128 0xe
 454 0121 98000000 		.4byte	0x98
 455 0125 07       		.byte	0x7
 456 0126 00       		.byte	0
 457 0127 05       		.uleb128 0x5
 458 0128 6A010000 		.4byte	.LASF21
 459 012c 03       		.byte	0x3
 460 012d 1E       		.byte	0x1e
 461 012e 02010000 		.4byte	0x102
 462 0132 0F       		.uleb128 0xf
 463 0133 F8010000 		.4byte	.LASF28
 464 0137 01       		.byte	0x1
 465 0138 1F       		.byte	0x1f
 466 0139 5D000000 		.4byte	0x5d
 467 013d 00000000 		.4byte	.LFB64
 468 0141 5C000000 		.4byte	.LFE64-.LFB64
 469 0145 01       		.uleb128 0x1
 470 0146 9C       		.byte	0x9c
 471 0147 A0010000 		.4byte	0x1a0
 472 014b 10       		.uleb128 0x10
 473 014c 93010000 		.4byte	.LASF22
 474 0150 01       		.byte	0x1
 475 0151 1F       		.byte	0x1f
 476 0152 64000000 		.4byte	0x64
 477 0156 02       		.uleb128 0x2
 478 0157 91       		.byte	0x91
 479 0158 74       		.sleb128 -12
 480 0159 10       		.uleb128 0x10
 481 015a 7B010000 		.4byte	.LASF23
 482 015e 01       		.byte	0x1
 483 015f 1F       		.byte	0x1f
 484 0160 64000000 		.4byte	0x64
 485 0164 02       		.uleb128 0x2
 486 0165 91       		.byte	0x91
 487 0166 70       		.sleb128 -16
 488 0167 10       		.uleb128 0x10
 489 0168 83010000 		.4byte	.LASF24
 490 016c 01       		.byte	0x1
ARM GAS  C:\Users\glenn\AppData\Local\Temp\cczw1T1u.s 			page 11


 491 016d 20       		.byte	0x20
 492 016e 64000000 		.4byte	0x64
 493 0172 02       		.uleb128 0x2
 494 0173 91       		.byte	0x91
 495 0174 6C       		.sleb128 -20
 496 0175 10       		.uleb128 0x10
 497 0176 8B010000 		.4byte	.LASF25
 498 017a 01       		.byte	0x1
 499 017b 20       		.byte	0x20
 500 017c 64000000 		.4byte	0x64
 501 0180 02       		.uleb128 0x2
 502 0181 91       		.byte	0x91
 503 0182 68       		.sleb128 -24
 504 0183 10       		.uleb128 0x10
 505 0184 A2010000 		.4byte	.LASF26
 506 0188 01       		.byte	0x1
 507 0189 20       		.byte	0x20
 508 018a 64000000 		.4byte	0x64
 509 018e 02       		.uleb128 0x2
 510 018f 91       		.byte	0x91
 511 0190 00       		.sleb128 0
 512 0191 10       		.uleb128 0x10
 513 0192 C6000000 		.4byte	.LASF27
 514 0196 01       		.byte	0x1
 515 0197 20       		.byte	0x20
 516 0198 64000000 		.4byte	0x64
 517 019c 02       		.uleb128 0x2
 518 019d 91       		.byte	0x91
 519 019e 04       		.sleb128 4
 520 019f 00       		.byte	0
 521 01a0 0F       		.uleb128 0xf
 522 01a1 44010000 		.4byte	.LASF29
 523 01a5 01       		.byte	0x1
 524 01a6 2C       		.byte	0x2c
 525 01a7 5D000000 		.4byte	0x5d
 526 01ab 00000000 		.4byte	.LFB65
 527 01af 50000000 		.4byte	.LFE65-.LFB65
 528 01b3 01       		.uleb128 0x1
 529 01b4 9C       		.byte	0x9c
 530 01b5 0E020000 		.4byte	0x20e
 531 01b9 10       		.uleb128 0x10
 532 01ba 93010000 		.4byte	.LASF22
 533 01be 01       		.byte	0x1
 534 01bf 2C       		.byte	0x2c
 535 01c0 64000000 		.4byte	0x64
 536 01c4 02       		.uleb128 0x2
 537 01c5 91       		.byte	0x91
 538 01c6 74       		.sleb128 -12
 539 01c7 10       		.uleb128 0x10
 540 01c8 7B010000 		.4byte	.LASF23
 541 01cc 01       		.byte	0x1
 542 01cd 2C       		.byte	0x2c
 543 01ce 64000000 		.4byte	0x64
 544 01d2 02       		.uleb128 0x2
 545 01d3 91       		.byte	0x91
 546 01d4 70       		.sleb128 -16
 547 01d5 10       		.uleb128 0x10
ARM GAS  C:\Users\glenn\AppData\Local\Temp\cczw1T1u.s 			page 12


 548 01d6 83010000 		.4byte	.LASF24
 549 01da 01       		.byte	0x1
 550 01db 2D       		.byte	0x2d
 551 01dc 64000000 		.4byte	0x64
 552 01e0 02       		.uleb128 0x2
 553 01e1 91       		.byte	0x91
 554 01e2 6C       		.sleb128 -20
 555 01e3 10       		.uleb128 0x10
 556 01e4 8B010000 		.4byte	.LASF25
 557 01e8 01       		.byte	0x1
 558 01e9 2D       		.byte	0x2d
 559 01ea 64000000 		.4byte	0x64
 560 01ee 02       		.uleb128 0x2
 561 01ef 91       		.byte	0x91
 562 01f0 68       		.sleb128 -24
 563 01f1 10       		.uleb128 0x10
 564 01f2 A2010000 		.4byte	.LASF26
 565 01f6 01       		.byte	0x1
 566 01f7 2D       		.byte	0x2d
 567 01f8 64000000 		.4byte	0x64
 568 01fc 02       		.uleb128 0x2
 569 01fd 91       		.byte	0x91
 570 01fe 00       		.sleb128 0
 571 01ff 10       		.uleb128 0x10
 572 0200 C6000000 		.4byte	.LASF27
 573 0204 01       		.byte	0x1
 574 0205 2D       		.byte	0x2d
 575 0206 64000000 		.4byte	0x64
 576 020a 02       		.uleb128 0x2
 577 020b 91       		.byte	0x91
 578 020c 04       		.sleb128 4
 579 020d 00       		.byte	0
 580 020e 0F       		.uleb128 0xf
 581 020f C9010000 		.4byte	.LASF30
 582 0213 01       		.byte	0x1
 583 0214 3B       		.byte	0x3b
 584 0215 5D000000 		.4byte	0x5d
 585 0219 00000000 		.4byte	.LFB66
 586 021d E8000000 		.4byte	.LFE66-.LFB66
 587 0221 01       		.uleb128 0x1
 588 0222 9C       		.byte	0x9c
 589 0223 8A020000 		.4byte	0x28a
 590 0227 10       		.uleb128 0x10
 591 0228 93010000 		.4byte	.LASF22
 592 022c 01       		.byte	0x1
 593 022d 3B       		.byte	0x3b
 594 022e 64000000 		.4byte	0x64
 595 0232 02       		.uleb128 0x2
 596 0233 91       		.byte	0x91
 597 0234 64       		.sleb128 -28
 598 0235 10       		.uleb128 0x10
 599 0236 7B010000 		.4byte	.LASF23
 600 023a 01       		.byte	0x1
 601 023b 3B       		.byte	0x3b
 602 023c 64000000 		.4byte	0x64
 603 0240 02       		.uleb128 0x2
 604 0241 91       		.byte	0x91
ARM GAS  C:\Users\glenn\AppData\Local\Temp\cczw1T1u.s 			page 13


 605 0242 60       		.sleb128 -32
 606 0243 10       		.uleb128 0x10
 607 0244 83010000 		.4byte	.LASF24
 608 0248 01       		.byte	0x1
 609 0249 3C       		.byte	0x3c
 610 024a 64000000 		.4byte	0x64
 611 024e 02       		.uleb128 0x2
 612 024f 91       		.byte	0x91
 613 0250 5C       		.sleb128 -36
 614 0251 10       		.uleb128 0x10
 615 0252 8B010000 		.4byte	.LASF25
 616 0256 01       		.byte	0x1
 617 0257 3C       		.byte	0x3c
 618 0258 64000000 		.4byte	0x64
 619 025c 02       		.uleb128 0x2
 620 025d 91       		.byte	0x91
 621 025e 58       		.sleb128 -40
 622 025f 10       		.uleb128 0x10
 623 0260 A2010000 		.4byte	.LASF26
 624 0264 01       		.byte	0x1
 625 0265 3C       		.byte	0x3c
 626 0266 64000000 		.4byte	0x64
 627 026a 02       		.uleb128 0x2
 628 026b 91       		.byte	0x91
 629 026c 00       		.sleb128 0
 630 026d 10       		.uleb128 0x10
 631 026e C6000000 		.4byte	.LASF27
 632 0272 01       		.byte	0x1
 633 0273 3C       		.byte	0x3c
 634 0274 64000000 		.4byte	0x64
 635 0278 02       		.uleb128 0x2
 636 0279 91       		.byte	0x91
 637 027a 04       		.sleb128 4
 638 027b 11       		.uleb128 0x11
 639 027c BA000000 		.4byte	.LASF31
 640 0280 01       		.byte	0x1
 641 0281 3E       		.byte	0x3e
 642 0282 83000000 		.4byte	0x83
 643 0286 02       		.uleb128 0x2
 644 0287 91       		.byte	0x91
 645 0288 6C       		.sleb128 -20
 646 0289 00       		.byte	0
 647 028a 11       		.uleb128 0x11
 648 028b F0000000 		.4byte	.LASF32
 649 028f 01       		.byte	0x1
 650 0290 10       		.byte	0x10
 651 0291 77000000 		.4byte	0x77
 652 0295 05       		.uleb128 0x5
 653 0296 03       		.byte	0x3
 654 0297 00000000 		.4byte	one_wire_device_found
 655 029b 0D       		.uleb128 0xd
 656 029c 77000000 		.4byte	0x77
 657 02a0 AB020000 		.4byte	0x2ab
 658 02a4 0E       		.uleb128 0xe
 659 02a5 98000000 		.4byte	0x98
 660 02a9 01       		.byte	0x1
 661 02aa 00       		.byte	0
ARM GAS  C:\Users\glenn\AppData\Local\Temp\cczw1T1u.s 			page 14


 662 02ab 12       		.uleb128 0x12
 663 02ac 0E020000 		.4byte	.LASF33
 664 02b0 04       		.byte	0x4
 665 02b1 58       		.byte	0x58
 666 02b2 9B020000 		.4byte	0x29b
 667 02b6 0D       		.uleb128 0xd
 668 02b7 F2000000 		.4byte	0xf2
 669 02bb C6020000 		.4byte	0x2c6
 670 02bf 0E       		.uleb128 0xe
 671 02c0 98000000 		.4byte	0x98
 672 02c4 00       		.byte	0
 673 02c5 00       		.byte	0
 674 02c6 13       		.uleb128 0x13
 675 02c7 8E000000 		.4byte	.LASF34
 676 02cb 01       		.byte	0x1
 677 02cc 14       		.byte	0x14
 678 02cd D7020000 		.4byte	0x2d7
 679 02d1 05       		.uleb128 0x5
 680 02d2 03       		.byte	0x3
 681 02d3 00000000 		.4byte	one_wire_io
 682 02d7 0C       		.uleb128 0xc
 683 02d8 B6020000 		.4byte	0x2b6
 684 02dc 0D       		.uleb128 0xd
 685 02dd 27010000 		.4byte	0x127
 686 02e1 EC020000 		.4byte	0x2ec
 687 02e5 0E       		.uleb128 0xe
 688 02e6 98000000 		.4byte	0x98
 689 02ea 00       		.byte	0
 690 02eb 00       		.byte	0
 691 02ec 13       		.uleb128 0x13
 692 02ed A0000000 		.4byte	.LASF35
 693 02f1 01       		.byte	0x1
 694 02f2 1A       		.byte	0x1a
 695 02f3 DC020000 		.4byte	0x2dc
 696 02f7 05       		.uleb128 0x5
 697 02f8 03       		.byte	0x3
 698 02f9 00000000 		.4byte	one_wire_addresses
 699 02fd 00       		.byte	0
 700              		.section	.debug_abbrev,"",%progbits
 701              	.Ldebug_abbrev0:
 702 0000 01       		.uleb128 0x1
 703 0001 11       		.uleb128 0x11
 704 0002 01       		.byte	0x1
 705 0003 25       		.uleb128 0x25
 706 0004 0E       		.uleb128 0xe
 707 0005 13       		.uleb128 0x13
 708 0006 0B       		.uleb128 0xb
 709 0007 03       		.uleb128 0x3
 710 0008 0E       		.uleb128 0xe
 711 0009 1B       		.uleb128 0x1b
 712 000a 0E       		.uleb128 0xe
 713 000b 55       		.uleb128 0x55
 714 000c 17       		.uleb128 0x17
 715 000d 11       		.uleb128 0x11
 716 000e 01       		.uleb128 0x1
 717 000f 10       		.uleb128 0x10
 718 0010 17       		.uleb128 0x17
ARM GAS  C:\Users\glenn\AppData\Local\Temp\cczw1T1u.s 			page 15


 719 0011 00       		.byte	0
 720 0012 00       		.byte	0
 721 0013 02       		.uleb128 0x2
 722 0014 24       		.uleb128 0x24
 723 0015 00       		.byte	0
 724 0016 0B       		.uleb128 0xb
 725 0017 0B       		.uleb128 0xb
 726 0018 3E       		.uleb128 0x3e
 727 0019 0B       		.uleb128 0xb
 728 001a 03       		.uleb128 0x3
 729 001b 0E       		.uleb128 0xe
 730 001c 00       		.byte	0
 731 001d 00       		.byte	0
 732 001e 03       		.uleb128 0x3
 733 001f 24       		.uleb128 0x24
 734 0020 00       		.byte	0
 735 0021 0B       		.uleb128 0xb
 736 0022 0B       		.uleb128 0xb
 737 0023 3E       		.uleb128 0x3e
 738 0024 0B       		.uleb128 0xb
 739 0025 03       		.uleb128 0x3
 740 0026 08       		.uleb128 0x8
 741 0027 00       		.byte	0
 742 0028 00       		.byte	0
 743 0029 04       		.uleb128 0x4
 744 002a 16       		.uleb128 0x16
 745 002b 00       		.byte	0
 746 002c 03       		.uleb128 0x3
 747 002d 0E       		.uleb128 0xe
 748 002e 3A       		.uleb128 0x3a
 749 002f 0B       		.uleb128 0xb
 750 0030 3B       		.uleb128 0x3b
 751 0031 05       		.uleb128 0x5
 752 0032 49       		.uleb128 0x49
 753 0033 13       		.uleb128 0x13
 754 0034 00       		.byte	0
 755 0035 00       		.byte	0
 756 0036 05       		.uleb128 0x5
 757 0037 16       		.uleb128 0x16
 758 0038 00       		.byte	0
 759 0039 03       		.uleb128 0x3
 760 003a 0E       		.uleb128 0xe
 761 003b 3A       		.uleb128 0x3a
 762 003c 0B       		.uleb128 0xb
 763 003d 3B       		.uleb128 0x3b
 764 003e 0B       		.uleb128 0xb
 765 003f 49       		.uleb128 0x49
 766 0040 13       		.uleb128 0x13
 767 0041 00       		.byte	0
 768 0042 00       		.byte	0
 769 0043 06       		.uleb128 0x6
 770 0044 0F       		.uleb128 0xf
 771 0045 00       		.byte	0
 772 0046 0B       		.uleb128 0xb
 773 0047 0B       		.uleb128 0xb
 774 0048 49       		.uleb128 0x49
 775 0049 13       		.uleb128 0x13
ARM GAS  C:\Users\glenn\AppData\Local\Temp\cczw1T1u.s 			page 16


 776 004a 00       		.byte	0
 777 004b 00       		.byte	0
 778 004c 07       		.uleb128 0x7
 779 004d 15       		.uleb128 0x15
 780 004e 00       		.byte	0
 781 004f 27       		.uleb128 0x27
 782 0050 19       		.uleb128 0x19
 783 0051 49       		.uleb128 0x49
 784 0052 13       		.uleb128 0x13
 785 0053 00       		.byte	0
 786 0054 00       		.byte	0
 787 0055 08       		.uleb128 0x8
 788 0056 15       		.uleb128 0x15
 789 0057 01       		.byte	0x1
 790 0058 27       		.uleb128 0x27
 791 0059 19       		.uleb128 0x19
 792 005a 01       		.uleb128 0x1
 793 005b 13       		.uleb128 0x13
 794 005c 00       		.byte	0
 795 005d 00       		.byte	0
 796 005e 09       		.uleb128 0x9
 797 005f 05       		.uleb128 0x5
 798 0060 00       		.byte	0
 799 0061 49       		.uleb128 0x49
 800 0062 13       		.uleb128 0x13
 801 0063 00       		.byte	0
 802 0064 00       		.byte	0
 803 0065 0A       		.uleb128 0xa
 804 0066 13       		.uleb128 0x13
 805 0067 01       		.byte	0x1
 806 0068 0B       		.uleb128 0xb
 807 0069 0B       		.uleb128 0xb
 808 006a 3A       		.uleb128 0x3a
 809 006b 0B       		.uleb128 0xb
 810 006c 3B       		.uleb128 0x3b
 811 006d 0B       		.uleb128 0xb
 812 006e 01       		.uleb128 0x1
 813 006f 13       		.uleb128 0x13
 814 0070 00       		.byte	0
 815 0071 00       		.byte	0
 816 0072 0B       		.uleb128 0xb
 817 0073 0D       		.uleb128 0xd
 818 0074 00       		.byte	0
 819 0075 03       		.uleb128 0x3
 820 0076 0E       		.uleb128 0xe
 821 0077 3A       		.uleb128 0x3a
 822 0078 0B       		.uleb128 0xb
 823 0079 3B       		.uleb128 0x3b
 824 007a 0B       		.uleb128 0xb
 825 007b 49       		.uleb128 0x49
 826 007c 13       		.uleb128 0x13
 827 007d 38       		.uleb128 0x38
 828 007e 0B       		.uleb128 0xb
 829 007f 00       		.byte	0
 830 0080 00       		.byte	0
 831 0081 0C       		.uleb128 0xc
 832 0082 26       		.uleb128 0x26
ARM GAS  C:\Users\glenn\AppData\Local\Temp\cczw1T1u.s 			page 17


 833 0083 00       		.byte	0
 834 0084 49       		.uleb128 0x49
 835 0085 13       		.uleb128 0x13
 836 0086 00       		.byte	0
 837 0087 00       		.byte	0
 838 0088 0D       		.uleb128 0xd
 839 0089 01       		.uleb128 0x1
 840 008a 01       		.byte	0x1
 841 008b 49       		.uleb128 0x49
 842 008c 13       		.uleb128 0x13
 843 008d 01       		.uleb128 0x1
 844 008e 13       		.uleb128 0x13
 845 008f 00       		.byte	0
 846 0090 00       		.byte	0
 847 0091 0E       		.uleb128 0xe
 848 0092 21       		.uleb128 0x21
 849 0093 00       		.byte	0
 850 0094 49       		.uleb128 0x49
 851 0095 13       		.uleb128 0x13
 852 0096 2F       		.uleb128 0x2f
 853 0097 0B       		.uleb128 0xb
 854 0098 00       		.byte	0
 855 0099 00       		.byte	0
 856 009a 0F       		.uleb128 0xf
 857 009b 2E       		.uleb128 0x2e
 858 009c 01       		.byte	0x1
 859 009d 3F       		.uleb128 0x3f
 860 009e 19       		.uleb128 0x19
 861 009f 03       		.uleb128 0x3
 862 00a0 0E       		.uleb128 0xe
 863 00a1 3A       		.uleb128 0x3a
 864 00a2 0B       		.uleb128 0xb
 865 00a3 3B       		.uleb128 0x3b
 866 00a4 0B       		.uleb128 0xb
 867 00a5 27       		.uleb128 0x27
 868 00a6 19       		.uleb128 0x19
 869 00a7 49       		.uleb128 0x49
 870 00a8 13       		.uleb128 0x13
 871 00a9 11       		.uleb128 0x11
 872 00aa 01       		.uleb128 0x1
 873 00ab 12       		.uleb128 0x12
 874 00ac 06       		.uleb128 0x6
 875 00ad 40       		.uleb128 0x40
 876 00ae 18       		.uleb128 0x18
 877 00af 9642     		.uleb128 0x2116
 878 00b1 19       		.uleb128 0x19
 879 00b2 01       		.uleb128 0x1
 880 00b3 13       		.uleb128 0x13
 881 00b4 00       		.byte	0
 882 00b5 00       		.byte	0
 883 00b6 10       		.uleb128 0x10
 884 00b7 05       		.uleb128 0x5
 885 00b8 00       		.byte	0
 886 00b9 03       		.uleb128 0x3
 887 00ba 0E       		.uleb128 0xe
 888 00bb 3A       		.uleb128 0x3a
 889 00bc 0B       		.uleb128 0xb
ARM GAS  C:\Users\glenn\AppData\Local\Temp\cczw1T1u.s 			page 18


 890 00bd 3B       		.uleb128 0x3b
 891 00be 0B       		.uleb128 0xb
 892 00bf 49       		.uleb128 0x49
 893 00c0 13       		.uleb128 0x13
 894 00c1 02       		.uleb128 0x2
 895 00c2 18       		.uleb128 0x18
 896 00c3 00       		.byte	0
 897 00c4 00       		.byte	0
 898 00c5 11       		.uleb128 0x11
 899 00c6 34       		.uleb128 0x34
 900 00c7 00       		.byte	0
 901 00c8 03       		.uleb128 0x3
 902 00c9 0E       		.uleb128 0xe
 903 00ca 3A       		.uleb128 0x3a
 904 00cb 0B       		.uleb128 0xb
 905 00cc 3B       		.uleb128 0x3b
 906 00cd 0B       		.uleb128 0xb
 907 00ce 49       		.uleb128 0x49
 908 00cf 13       		.uleb128 0x13
 909 00d0 02       		.uleb128 0x2
 910 00d1 18       		.uleb128 0x18
 911 00d2 00       		.byte	0
 912 00d3 00       		.byte	0
 913 00d4 12       		.uleb128 0x12
 914 00d5 34       		.uleb128 0x34
 915 00d6 00       		.byte	0
 916 00d7 03       		.uleb128 0x3
 917 00d8 0E       		.uleb128 0xe
 918 00d9 3A       		.uleb128 0x3a
 919 00da 0B       		.uleb128 0xb
 920 00db 3B       		.uleb128 0x3b
 921 00dc 0B       		.uleb128 0xb
 922 00dd 49       		.uleb128 0x49
 923 00de 13       		.uleb128 0x13
 924 00df 3F       		.uleb128 0x3f
 925 00e0 19       		.uleb128 0x19
 926 00e1 3C       		.uleb128 0x3c
 927 00e2 19       		.uleb128 0x19
 928 00e3 00       		.byte	0
 929 00e4 00       		.byte	0
 930 00e5 13       		.uleb128 0x13
 931 00e6 34       		.uleb128 0x34
 932 00e7 00       		.byte	0
 933 00e8 03       		.uleb128 0x3
 934 00e9 0E       		.uleb128 0xe
 935 00ea 3A       		.uleb128 0x3a
 936 00eb 0B       		.uleb128 0xb
 937 00ec 3B       		.uleb128 0x3b
 938 00ed 0B       		.uleb128 0xb
 939 00ee 49       		.uleb128 0x49
 940 00ef 13       		.uleb128 0x13
 941 00f0 3F       		.uleb128 0x3f
 942 00f1 19       		.uleb128 0x19
 943 00f2 02       		.uleb128 0x2
 944 00f3 18       		.uleb128 0x18
 945 00f4 00       		.byte	0
 946 00f5 00       		.byte	0
ARM GAS  C:\Users\glenn\AppData\Local\Temp\cczw1T1u.s 			page 19


 947 00f6 00       		.byte	0
 948              		.section	.debug_aranges,"",%progbits
 949 0000 2C000000 		.4byte	0x2c
 950 0004 0200     		.2byte	0x2
 951 0006 00000000 		.4byte	.Ldebug_info0
 952 000a 04       		.byte	0x4
 953 000b 00       		.byte	0
 954 000c 0000     		.2byte	0
 955 000e 0000     		.2byte	0
 956 0010 00000000 		.4byte	.LFB64
 957 0014 5C000000 		.4byte	.LFE64-.LFB64
 958 0018 00000000 		.4byte	.LFB65
 959 001c 50000000 		.4byte	.LFE65-.LFB65
 960 0020 00000000 		.4byte	.LFB66
 961 0024 E8000000 		.4byte	.LFE66-.LFB66
 962 0028 00000000 		.4byte	0
 963 002c 00000000 		.4byte	0
 964              		.section	.debug_ranges,"",%progbits
 965              	.Ldebug_ranges0:
 966 0000 00000000 		.4byte	.LFB64
 967 0004 5C000000 		.4byte	.LFE64
 968 0008 00000000 		.4byte	.LFB65
 969 000c 50000000 		.4byte	.LFE65
 970 0010 00000000 		.4byte	.LFB66
 971 0014 E8000000 		.4byte	.LFE66
 972 0018 00000000 		.4byte	0
 973 001c 00000000 		.4byte	0
 974              		.section	.debug_line,"",%progbits
 975              	.Ldebug_line0:
 976 0000 D0000000 		.section	.debug_str,"MS",%progbits,1
 976      02008400 
 976      00000201 
 976      FB0E0D00 
 976      01010101 
 977              	.LASF36:
 978 0000 474E5520 		.ascii	"GNU C 4.9.3 20150303 (release) [ARM/embedded-4_9-br"
 978      4320342E 
 978      392E3320 
 978      32303135 
 978      30333033 
 979 0033 616E6368 		.ascii	"anch revision 221220] -mcpu=cortex-m0 -mthumb -g -O"
 979      20726576 
 979      6973696F 
 979      6E203232 
 979      31323230 
 980 0066 30202D66 		.ascii	"0 -ffunction-sections -ffat-lto-objects\000"
 980      66756E63 
 980      74696F6E 
 980      2D736563 
 980      74696F6E 
 981              	.LASF34:
 982 008e 6F6E655F 		.ascii	"one_wire_io\000"
 982      77697265 
 982      5F696F00 
 983              	.LASF11:
 984 009a 666C6F61 		.ascii	"float\000"
 984      7400
ARM GAS  C:\Users\glenn\AppData\Local\Temp\cczw1T1u.s 			page 20


 985              	.LASF35:
 986 00a0 6F6E655F 		.ascii	"one_wire_addresses\000"
 986      77697265 
 986      5F616464 
 986      72657373 
 986      657300
 987              	.LASF12:
 988 00b3 646F7562 		.ascii	"double\000"
 988      6C6500
 989              	.LASF31:
 990 00ba 74656D70 		.ascii	"temperature\000"
 990      65726174 
 990      75726500 
 991              	.LASF27:
 992 00c6 64617461 		.ascii	"data\000"
 992      00
 993              	.LASF7:
 994 00cb 6C6F6E67 		.ascii	"long long unsigned int\000"
 994      206C6F6E 
 994      6720756E 
 994      7369676E 
 994      65642069 
 995              	.LASF1:
 996 00e2 756E7369 		.ascii	"unsigned char\000"
 996      676E6564 
 996      20636861 
 996      7200
 997              	.LASF32:
 998 00f0 6F6E655F 		.ascii	"one_wire_device_found\000"
 998      77697265 
 998      5F646576 
 998      6963655F 
 998      666F756E 
 999              	.LASF20:
 1000 0106 6E526F6D 		.ascii	"nRomAddr_au8\000"
 1000      41646472 
 1000      5F617538 
 1000      00
 1001              	.LASF19:
 1002 0113 4F4E455F 		.ascii	"ONE_WIRE_IO\000"
 1002      57495245 
 1002      5F494F00 
 1003              	.LASF5:
 1004 011f 6C6F6E67 		.ascii	"long unsigned int\000"
 1004      20756E73 
 1004      69676E65 
 1004      6420696E 
 1004      7400
 1005              	.LASF3:
 1006 0131 73686F72 		.ascii	"short unsigned int\000"
 1006      7420756E 
 1006      7369676E 
 1006      65642069 
 1006      6E7400
 1007              	.LASF29:
 1008 0144 73746172 		.ascii	"start_ds18B20_temperature_measurement\000"
 1008      745F6473 
ARM GAS  C:\Users\glenn\AppData\Local\Temp\cczw1T1u.s 			page 21


 1008      31384232 
 1008      305F7465 
 1008      6D706572 
 1009              	.LASF21:
 1010 016a 4F4E455F 		.ascii	"ONE_WIRE_ADDRESS\000"
 1010      57495245 
 1010      5F414444 
 1010      52455353 
 1010      00
 1011              	.LASF23:
 1012 017b 70617261 		.ascii	"param_1\000"
 1012      6D5F3100 
 1013              	.LASF24:
 1014 0183 70617261 		.ascii	"param_2\000"
 1014      6D5F3200 
 1015              	.LASF25:
 1016 018b 70617261 		.ascii	"param_3\000"
 1016      6D5F3300 
 1017              	.LASF22:
 1018 0193 6C696E6B 		.ascii	"link_id\000"
 1018      5F696400 
 1019              	.LASF10:
 1020 019b 75696E74 		.ascii	"uint16\000"
 1020      313600
 1021              	.LASF26:
 1022 01a2 6576656E 		.ascii	"event\000"
 1022      7400
 1023              	.LASF8:
 1024 01a8 756E7369 		.ascii	"unsigned int\000"
 1024      676E6564 
 1024      20696E74 
 1024      00
 1025              	.LASF37:
 1026 01b5 6F6E655F 		.ascii	"one_wire\\one_wire.c\000"
 1026      77697265 
 1026      5C6F6E65 
 1026      5F776972 
 1026      652E6300 
 1027              	.LASF30:
 1028 01c9 72656164 		.ascii	"read_ds18B20_temperature_measurement\000"
 1028      5F647331 
 1028      38423230 
 1028      5F74656D 
 1028      70657261 
 1029              	.LASF18:
 1030 01ee 70696E5F 		.ascii	"pin_write\000"
 1030      77726974 
 1030      6500
 1031              	.LASF28:
 1032 01f8 66696E64 		.ascii	"find_one_wire_devices\000"
 1032      5F6F6E65 
 1032      5F776972 
 1032      655F6465 
 1032      76696365 
 1033              	.LASF33:
 1034 020e 6D6F6462 		.ascii	"modbus_address_data\000"
 1034      75735F61 
ARM GAS  C:\Users\glenn\AppData\Local\Temp\cczw1T1u.s 			page 22


 1034      64647265 
 1034      73735F64 
 1034      61746100 
 1035              	.LASF14:
 1036 0222 73697A65 		.ascii	"sizetype\000"
 1036      74797065 
 1036      00
 1037              	.LASF16:
 1038 022b 50494E5F 		.ascii	"PIN_WRITE\000"
 1038      57524954 
 1038      4500
 1039              	.LASF6:
 1040 0235 6C6F6E67 		.ascii	"long long int\000"
 1040      206C6F6E 
 1040      6720696E 
 1040      7400
 1041              	.LASF17:
 1042 0243 70696E5F 		.ascii	"pin_read\000"
 1042      72656164 
 1042      00
 1043              	.LASF13:
 1044 024c 63686172 		.ascii	"char\000"
 1044      00
 1045              	.LASF2:
 1046 0251 73686F72 		.ascii	"short int\000"
 1046      7420696E 
 1046      7400
 1047              	.LASF9:
 1048 025b 75696E74 		.ascii	"uint8\000"
 1048      3800
 1049              	.LASF4:
 1050 0261 6C6F6E67 		.ascii	"long int\000"
 1050      20696E74 
 1050      00
 1051              	.LASF15:
 1052 026a 50494E5F 		.ascii	"PIN_READ\000"
 1052      52454144 
 1052      00
 1053              	.LASF38:
 1054 0273 433A5C55 		.ascii	"C:\\Users\\glenn\\OneDrive\\PSOC\\moisture_sensor_4"
 1054      73657273 
 1054      5C676C65 
 1054      6E6E5C4F 
 1054      6E654472 
 1055 02a1 6D5C4D6F 		.ascii	"m\\Moisture_Sensor\\Moisture_Sensor.cydsn\000"
 1055      69737475 
 1055      72655F53 
 1055      656E736F 
 1055      725C4D6F 
 1056              	.LASF0:
 1057 02c9 7369676E 		.ascii	"signed char\000"
 1057      65642063 
 1057      68617200 
 1058              		.ident	"GCC: (GNU Tools for ARM Embedded Processors) 4.9.3 20150303 (release) [ARM/embedded-4_9-br
