ARM GAS  C:\Users\glenn\AppData\Local\Temp\ccnPEDOu.s 			page 1


   1              		.cpu cortex-m0
   2              		.fpu softvfp
   3              		.eabi_attribute 20, 1
   4              		.eabi_attribute 21, 1
   5              		.eabi_attribute 23, 3
   6              		.eabi_attribute 24, 1
   7              		.eabi_attribute 25, 1
   8              		.eabi_attribute 26, 1
   9              		.eabi_attribute 30, 2
  10              		.eabi_attribute 34, 0
  11              		.eabi_attribute 18, 4
  12              		.code	16
  13              		.file	"process_crc.c"
  14              		.text
  15              	.Ltext0:
  16              		.cfi_sections	.debug_frame
  17              		.section	.text.compute_crc,"ax",%progbits
  18              		.align	2
  19              		.global	compute_crc
  20              		.code	16
  21              		.thumb_func
  22              		.type	compute_crc, %function
  23              	compute_crc:
  24              	.LFB62:
  25              		.file 1 "rtu_modbus\\process_crc.c"
   1:rtu_modbus/process_crc.c **** /*
   2:rtu_modbus/process_crc.c **** **
   3:rtu_modbus/process_crc.c **** ** File:  process_crc.c
   4:rtu_modbus/process_crc.c **** **
   5:rtu_modbus/process_crc.c **** ** Derived from libmodbus
   6:rtu_modbus/process_crc.c ****  * Copyright © 2001-2011 Stéphane Raimbault <stephane.raimbault@gmail.com>
   7:rtu_modbus/process_crc.c ****  *
   8:rtu_modbus/process_crc.c ****  * SPDX-License-Identifier: LGPL-2.1+
   9:rtu_modbus/process_crc.c ****  **
  10:rtu_modbus/process_crc.c **** **
  11:rtu_modbus/process_crc.c **** **
  12:rtu_modbus/process_crc.c **** */
  13:rtu_modbus/process_crc.c **** 
  14:rtu_modbus/process_crc.c **** #include <project.h>
  15:rtu_modbus/process_crc.c **** #include "process_crc.h"
  16:rtu_modbus/process_crc.c **** /* Table of CRC values for high-order byte */
  17:rtu_modbus/process_crc.c **** static const uint8_t table_crc_hi[] = {
  18:rtu_modbus/process_crc.c ****     0x00, 0xC1, 0x81, 0x40, 0x01, 0xC0, 0x80, 0x41, 0x01, 0xC0,
  19:rtu_modbus/process_crc.c ****     0x80, 0x41, 0x00, 0xC1, 0x81, 0x40, 0x01, 0xC0, 0x80, 0x41,
  20:rtu_modbus/process_crc.c ****     0x00, 0xC1, 0x81, 0x40, 0x00, 0xC1, 0x81, 0x40, 0x01, 0xC0,
  21:rtu_modbus/process_crc.c ****     0x80, 0x41, 0x01, 0xC0, 0x80, 0x41, 0x00, 0xC1, 0x81, 0x40,
  22:rtu_modbus/process_crc.c ****     0x00, 0xC1, 0x81, 0x40, 0x01, 0xC0, 0x80, 0x41, 0x00, 0xC1,
  23:rtu_modbus/process_crc.c ****     0x81, 0x40, 0x01, 0xC0, 0x80, 0x41, 0x01, 0xC0, 0x80, 0x41,
  24:rtu_modbus/process_crc.c ****     0x00, 0xC1, 0x81, 0x40, 0x01, 0xC0, 0x80, 0x41, 0x00, 0xC1,
  25:rtu_modbus/process_crc.c ****     0x81, 0x40, 0x00, 0xC1, 0x81, 0x40, 0x01, 0xC0, 0x80, 0x41,
  26:rtu_modbus/process_crc.c ****     0x00, 0xC1, 0x81, 0x40, 0x01, 0xC0, 0x80, 0x41, 0x01, 0xC0,
  27:rtu_modbus/process_crc.c ****     0x80, 0x41, 0x00, 0xC1, 0x81, 0x40, 0x00, 0xC1, 0x81, 0x40,
  28:rtu_modbus/process_crc.c ****     0x01, 0xC0, 0x80, 0x41, 0x01, 0xC0, 0x80, 0x41, 0x00, 0xC1,
  29:rtu_modbus/process_crc.c ****     0x81, 0x40, 0x01, 0xC0, 0x80, 0x41, 0x00, 0xC1, 0x81, 0x40,
  30:rtu_modbus/process_crc.c ****     0x00, 0xC1, 0x81, 0x40, 0x01, 0xC0, 0x80, 0x41, 0x01, 0xC0,
  31:rtu_modbus/process_crc.c ****     0x80, 0x41, 0x00, 0xC1, 0x81, 0x40, 0x00, 0xC1, 0x81, 0x40,
  32:rtu_modbus/process_crc.c ****     0x01, 0xC0, 0x80, 0x41, 0x00, 0xC1, 0x81, 0x40, 0x01, 0xC0,
ARM GAS  C:\Users\glenn\AppData\Local\Temp\ccnPEDOu.s 			page 2


  33:rtu_modbus/process_crc.c ****     0x80, 0x41, 0x01, 0xC0, 0x80, 0x41, 0x00, 0xC1, 0x81, 0x40,
  34:rtu_modbus/process_crc.c ****     0x00, 0xC1, 0x81, 0x40, 0x01, 0xC0, 0x80, 0x41, 0x01, 0xC0,
  35:rtu_modbus/process_crc.c ****     0x80, 0x41, 0x00, 0xC1, 0x81, 0x40, 0x01, 0xC0, 0x80, 0x41,
  36:rtu_modbus/process_crc.c ****     0x00, 0xC1, 0x81, 0x40, 0x00, 0xC1, 0x81, 0x40, 0x01, 0xC0,
  37:rtu_modbus/process_crc.c ****     0x80, 0x41, 0x00, 0xC1, 0x81, 0x40, 0x01, 0xC0, 0x80, 0x41,
  38:rtu_modbus/process_crc.c ****     0x01, 0xC0, 0x80, 0x41, 0x00, 0xC1, 0x81, 0x40, 0x01, 0xC0,
  39:rtu_modbus/process_crc.c ****     0x80, 0x41, 0x00, 0xC1, 0x81, 0x40, 0x00, 0xC1, 0x81, 0x40,
  40:rtu_modbus/process_crc.c ****     0x01, 0xC0, 0x80, 0x41, 0x01, 0xC0, 0x80, 0x41, 0x00, 0xC1,
  41:rtu_modbus/process_crc.c ****     0x81, 0x40, 0x00, 0xC1, 0x81, 0x40, 0x01, 0xC0, 0x80, 0x41,
  42:rtu_modbus/process_crc.c ****     0x00, 0xC1, 0x81, 0x40, 0x01, 0xC0, 0x80, 0x41, 0x01, 0xC0,
  43:rtu_modbus/process_crc.c ****     0x80, 0x41, 0x00, 0xC1, 0x81, 0x40
  44:rtu_modbus/process_crc.c **** };
  45:rtu_modbus/process_crc.c **** 
  46:rtu_modbus/process_crc.c **** /* Table of CRC values for low-order byte */
  47:rtu_modbus/process_crc.c **** static const uint8_t table_crc_lo[] = {
  48:rtu_modbus/process_crc.c ****     0x00, 0xC0, 0xC1, 0x01, 0xC3, 0x03, 0x02, 0xC2, 0xC6, 0x06,
  49:rtu_modbus/process_crc.c ****     0x07, 0xC7, 0x05, 0xC5, 0xC4, 0x04, 0xCC, 0x0C, 0x0D, 0xCD,
  50:rtu_modbus/process_crc.c ****     0x0F, 0xCF, 0xCE, 0x0E, 0x0A, 0xCA, 0xCB, 0x0B, 0xC9, 0x09,
  51:rtu_modbus/process_crc.c ****     0x08, 0xC8, 0xD8, 0x18, 0x19, 0xD9, 0x1B, 0xDB, 0xDA, 0x1A,
  52:rtu_modbus/process_crc.c ****     0x1E, 0xDE, 0xDF, 0x1F, 0xDD, 0x1D, 0x1C, 0xDC, 0x14, 0xD4,
  53:rtu_modbus/process_crc.c ****     0xD5, 0x15, 0xD7, 0x17, 0x16, 0xD6, 0xD2, 0x12, 0x13, 0xD3,
  54:rtu_modbus/process_crc.c ****     0x11, 0xD1, 0xD0, 0x10, 0xF0, 0x30, 0x31, 0xF1, 0x33, 0xF3,
  55:rtu_modbus/process_crc.c ****     0xF2, 0x32, 0x36, 0xF6, 0xF7, 0x37, 0xF5, 0x35, 0x34, 0xF4,
  56:rtu_modbus/process_crc.c ****     0x3C, 0xFC, 0xFD, 0x3D, 0xFF, 0x3F, 0x3E, 0xFE, 0xFA, 0x3A,
  57:rtu_modbus/process_crc.c ****     0x3B, 0xFB, 0x39, 0xF9, 0xF8, 0x38, 0x28, 0xE8, 0xE9, 0x29,
  58:rtu_modbus/process_crc.c ****     0xEB, 0x2B, 0x2A, 0xEA, 0xEE, 0x2E, 0x2F, 0xEF, 0x2D, 0xED,
  59:rtu_modbus/process_crc.c ****     0xEC, 0x2C, 0xE4, 0x24, 0x25, 0xE5, 0x27, 0xE7, 0xE6, 0x26,
  60:rtu_modbus/process_crc.c ****     0x22, 0xE2, 0xE3, 0x23, 0xE1, 0x21, 0x20, 0xE0, 0xA0, 0x60,
  61:rtu_modbus/process_crc.c ****     0x61, 0xA1, 0x63, 0xA3, 0xA2, 0x62, 0x66, 0xA6, 0xA7, 0x67,
  62:rtu_modbus/process_crc.c ****     0xA5, 0x65, 0x64, 0xA4, 0x6C, 0xAC, 0xAD, 0x6D, 0xAF, 0x6F,
  63:rtu_modbus/process_crc.c ****     0x6E, 0xAE, 0xAA, 0x6A, 0x6B, 0xAB, 0x69, 0xA9, 0xA8, 0x68,
  64:rtu_modbus/process_crc.c ****     0x78, 0xB8, 0xB9, 0x79, 0xBB, 0x7B, 0x7A, 0xBA, 0xBE, 0x7E,
  65:rtu_modbus/process_crc.c ****     0x7F, 0xBF, 0x7D, 0xBD, 0xBC, 0x7C, 0xB4, 0x74, 0x75, 0xB5,
  66:rtu_modbus/process_crc.c ****     0x77, 0xB7, 0xB6, 0x76, 0x72, 0xB2, 0xB3, 0x73, 0xB1, 0x71,
  67:rtu_modbus/process_crc.c ****     0x70, 0xB0, 0x50, 0x90, 0x91, 0x51, 0x93, 0x53, 0x52, 0x92,
  68:rtu_modbus/process_crc.c ****     0x96, 0x56, 0x57, 0x97, 0x55, 0x95, 0x94, 0x54, 0x9C, 0x5C,
  69:rtu_modbus/process_crc.c ****     0x5D, 0x9D, 0x5F, 0x9F, 0x9E, 0x5E, 0x5A, 0x9A, 0x9B, 0x5B,
  70:rtu_modbus/process_crc.c ****     0x99, 0x59, 0x58, 0x98, 0x88, 0x48, 0x49, 0x89, 0x4B, 0x8B,
  71:rtu_modbus/process_crc.c ****     0x8A, 0x4A, 0x4E, 0x8E, 0x8F, 0x4F, 0x8D, 0x4D, 0x4C, 0x8C,
  72:rtu_modbus/process_crc.c ****     0x44, 0x84, 0x85, 0x45, 0x87, 0x47, 0x46, 0x86, 0x82, 0x42,
  73:rtu_modbus/process_crc.c ****     0x43, 0x83, 0x41, 0x81, 0x80, 0x40
  74:rtu_modbus/process_crc.c **** };
  75:rtu_modbus/process_crc.c **** 
  76:rtu_modbus/process_crc.c **** static uint16 crc16( int buffer_length, uint8 *buffer );
  77:rtu_modbus/process_crc.c **** 
  78:rtu_modbus/process_crc.c **** int compute_crc( int length, uint8 *in)
  79:rtu_modbus/process_crc.c **** {
  26              		.loc 1 79 0
  27              		.cfi_startproc
  28              	.LVL0:
  29 0000 F0B5     		push	{r4, r5, r6, r7, lr}
  30              		.cfi_def_cfa_offset 20
  31              		.cfi_offset 4, -20
  32              		.cfi_offset 5, -16
  33              		.cfi_offset 6, -12
  34              		.cfi_offset 7, -8
  35              		.cfi_offset 14, -4
ARM GAS  C:\Users\glenn\AppData\Local\Temp\ccnPEDOu.s 			page 3


  36              		.loc 1 79 0
  37 0002 8C46     		mov	ip, r1
  38              	.LBB6:
  39              	.LBB7:
  80:rtu_modbus/process_crc.c ****    uint16 crc_calculated;
  81:rtu_modbus/process_crc.c ****    uint16 crc_received;
  82:rtu_modbus/process_crc.c ****    int    status;
  83:rtu_modbus/process_crc.c ****     
  84:rtu_modbus/process_crc.c ****    crc_calculated = crc16(length-2, in);
  85:rtu_modbus/process_crc.c ****    crc_received = ( in[length - 2] << 8) | in[length - 1];
  86:rtu_modbus/process_crc.c **** 
  87:rtu_modbus/process_crc.c ****     /* Check CRC of msg */
  88:rtu_modbus/process_crc.c ****     if (crc_calculated == crc_received) 
  89:rtu_modbus/process_crc.c ****     {
  90:rtu_modbus/process_crc.c ****         status = 1;
  91:rtu_modbus/process_crc.c ****     }
  92:rtu_modbus/process_crc.c ****     else
  93:rtu_modbus/process_crc.c ****     {
  94:rtu_modbus/process_crc.c ****         status = 0;
  95:rtu_modbus/process_crc.c ****     }    
  96:rtu_modbus/process_crc.c ****     return status;
  97:rtu_modbus/process_crc.c **** }
  98:rtu_modbus/process_crc.c **** 
  99:rtu_modbus/process_crc.c **** 
 100:rtu_modbus/process_crc.c **** void append_crc( int out_length, uint8 *out_buffer)
 101:rtu_modbus/process_crc.c **** {
 102:rtu_modbus/process_crc.c ****     uint16 crc;
 103:rtu_modbus/process_crc.c ****     crc = crc16( out_length, out_buffer);
 104:rtu_modbus/process_crc.c ****     out_buffer[out_length++] = crc >> 8;
 105:rtu_modbus/process_crc.c ****     out_buffer[out_length++] = crc & 0x00FF;
 106:rtu_modbus/process_crc.c **** }    
 107:rtu_modbus/process_crc.c **** 
 108:rtu_modbus/process_crc.c **** static uint16 crc16( int buffer_length, uint8 *buffer )
 109:rtu_modbus/process_crc.c **** {
 110:rtu_modbus/process_crc.c ****     uint8 crc_hi = 0xFF; /* high CRC byte initialized */
 111:rtu_modbus/process_crc.c ****     uint8 crc_lo = 0xFF; /* low CRC byte initialized */
 112:rtu_modbus/process_crc.c ****     unsigned i; /* will index into CRC lookup */
 113:rtu_modbus/process_crc.c **** 
 114:rtu_modbus/process_crc.c ****     /* pass through message buffer */
 115:rtu_modbus/process_crc.c ****     while (buffer_length--) {
  40              		.loc 1 115 0
  41 0004 0228     		cmp	r0, #2
  42 0006 1ED0     		beq	.L4
  43 0008 FF25     		mov	r5, #255
  44 000a FF22     		mov	r2, #255
  45 000c 0C1C     		mov	r4, r1
  46 000e 861E     		sub	r6, r0, #2
  47 0010 0E49     		ldr	r1, .L7
  48              	.LVL1:
  49 0012 0F4F     		ldr	r7, .L7+4
  50 0014 6644     		add	r6, r6, ip
  51              	.LVL2:
  52              	.L3:
 116:rtu_modbus/process_crc.c ****         i = crc_hi ^ *buffer++; /* calculate the CRC  */
  53              		.loc 1 116 0
  54 0016 2378     		ldrb	r3, [r4]
  55 0018 0134     		add	r4, r4, #1
ARM GAS  C:\Users\glenn\AppData\Local\Temp\ccnPEDOu.s 			page 4


  56              	.LVL3:
  57 001a 5340     		eor	r3, r2
  58              	.LVL4:
 117:rtu_modbus/process_crc.c ****         crc_hi = crc_lo ^ table_crc_hi[i];
  59              		.loc 1 117 0
  60 001c CA5C     		ldrb	r2, [r1, r3]
  61              	.LVL5:
  62 001e 6A40     		eor	r2, r5
  63              	.LVL6:
 118:rtu_modbus/process_crc.c ****         crc_lo = table_crc_lo[i];
  64              		.loc 1 118 0
  65 0020 FD5C     		ldrb	r5, [r7, r3]
  66              	.LVL7:
 115:rtu_modbus/process_crc.c ****         i = crc_hi ^ *buffer++; /* calculate the CRC  */
  67              		.loc 1 115 0
  68 0022 B442     		cmp	r4, r6
  69 0024 F7D1     		bne	.L3
  70 0026 1202     		lsl	r2, r2, #8
  71              	.LVL8:
  72 0028 2A43     		orr	r2, r5
  73              	.LVL9:
  74              	.L2:
  75              	.LBE7:
  76              	.LBE6:
  85:rtu_modbus/process_crc.c **** 
  77              		.loc 1 85 0
  78 002a 011C     		mov	r1, r0
  79 002c 6144     		add	r1, r1, ip
  80              	.LVL10:
  81 002e 8B1E     		sub	r3, r1, #2
  82              	.LVL11:
  83 0030 1878     		ldrb	r0, [r3]
  84              	.LVL12:
  85 0032 0139     		sub	r1, r1, #1
  86              	.LVL13:
  87 0034 0B78     		ldrb	r3, [r1]
  88              	.LVL14:
  89 0036 0002     		lsl	r0, r0, #8
  90              	.LVL15:
  91 0038 1843     		orr	r0, r3
  88:rtu_modbus/process_crc.c ****     {
  92              		.loc 1 88 0
  93 003a 00B2     		sxth	r0, r0
  94 003c 12B2     		sxth	r2, r2
  95 003e 821A     		sub	r2, r0, r2
  96              	.LVL16:
  97 0040 5042     		neg	r0, r2
  98 0042 5041     		adc	r0, r0, r2
  97:rtu_modbus/process_crc.c **** 
  99              		.loc 1 97 0
 100              		@ sp needed
 101 0044 F0BD     		pop	{r4, r5, r6, r7, pc}
 102              	.LVL17:
 103              	.L4:
 104              	.LBB9:
 105              	.LBB8:
 115:rtu_modbus/process_crc.c ****         i = crc_hi ^ *buffer++; /* calculate the CRC  */
ARM GAS  C:\Users\glenn\AppData\Local\Temp\ccnPEDOu.s 			page 5


 106              		.loc 1 115 0
 107 0046 034A     		ldr	r2, .L7+8
 108 0048 EFE7     		b	.L2
 109              	.L8:
 110 004a C046     		.align	2
 111              	.L7:
 112 004c 00000000 		.word	.LANCHOR0
 113 0050 00010000 		.word	.LANCHOR1
 114 0054 FFFF0000 		.word	65535
 115              	.LBE8:
 116              	.LBE9:
 117              		.cfi_endproc
 118              	.LFE62:
 119              		.size	compute_crc, .-compute_crc
 120              		.section	.text.append_crc,"ax",%progbits
 121              		.align	2
 122              		.global	append_crc
 123              		.code	16
 124              		.thumb_func
 125              		.type	append_crc, %function
 126              	append_crc:
 127              	.LFB63:
 101:rtu_modbus/process_crc.c ****     uint16 crc;
 128              		.loc 1 101 0
 129              		.cfi_startproc
 130              	.LVL18:
 131 0000 F0B5     		push	{r4, r5, r6, r7, lr}
 132              		.cfi_def_cfa_offset 20
 133              		.cfi_offset 4, -20
 134              		.cfi_offset 5, -16
 135              		.cfi_offset 6, -12
 136              		.cfi_offset 7, -8
 137              		.cfi_offset 14, -4
 101:rtu_modbus/process_crc.c ****     uint16 crc;
 138              		.loc 1 101 0
 139 0002 8C46     		mov	ip, r1
 140              	.LBB10:
 141              	.LBB11:
 115:rtu_modbus/process_crc.c ****         i = crc_hi ^ *buffer++; /* calculate the CRC  */
 142              		.loc 1 115 0
 143 0004 0028     		cmp	r0, #0
 144 0006 16D0     		beq	.L12
 145 0008 FF25     		mov	r5, #255
 146 000a FF22     		mov	r2, #255
 147 000c 0C1C     		mov	r4, r1
 148 000e 0E18     		add	r6, r1, r0
 149 0010 0B4F     		ldr	r7, .L14
 150 0012 0C49     		ldr	r1, .L14+4
 151              	.LVL19:
 152              	.L11:
 116:rtu_modbus/process_crc.c ****         crc_hi = crc_lo ^ table_crc_hi[i];
 153              		.loc 1 116 0
 154 0014 2378     		ldrb	r3, [r4]
 155 0016 0134     		add	r4, r4, #1
 156              	.LVL20:
 157 0018 5340     		eor	r3, r2
 158              	.LVL21:
ARM GAS  C:\Users\glenn\AppData\Local\Temp\ccnPEDOu.s 			page 6


 117:rtu_modbus/process_crc.c ****         crc_lo = table_crc_lo[i];
 159              		.loc 1 117 0
 160 001a CA5C     		ldrb	r2, [r1, r3]
 161              	.LVL22:
 162 001c 6A40     		eor	r2, r5
 163              	.LVL23:
 164              		.loc 1 118 0
 165 001e FD5C     		ldrb	r5, [r7, r3]
 166              	.LVL24:
 115:rtu_modbus/process_crc.c ****         i = crc_hi ^ *buffer++; /* calculate the CRC  */
 167              		.loc 1 115 0
 168 0020 A642     		cmp	r6, r4
 169 0022 F7D1     		bne	.L11
 170 0024 1202     		lsl	r2, r2, #8
 171              	.LVL25:
 172 0026 2A43     		orr	r2, r5
 173 0028 93B2     		uxth	r3, r2
 174              	.LVL26:
 175 002a 1B0A     		lsr	r3, r3, #8
 176 002c D2B2     		uxtb	r2, r2
 177              	.LVL27:
 178              	.L10:
 179              	.LBE11:
 180              	.LBE10:
 104:rtu_modbus/process_crc.c ****     out_buffer[out_length++] = crc & 0x00FF;
 181              		.loc 1 104 0
 182 002e 6146     		mov	r1, ip
 106:rtu_modbus/process_crc.c **** 
 183              		.loc 1 106 0
 184              		@ sp needed
 104:rtu_modbus/process_crc.c ****     out_buffer[out_length++] = crc & 0x00FF;
 185              		.loc 1 104 0
 186 0030 0B54     		strb	r3, [r1, r0]
 187              	.LVL28:
 105:rtu_modbus/process_crc.c **** }    
 188              		.loc 1 105 0
 189 0032 7270     		strb	r2, [r6, #1]
 106:rtu_modbus/process_crc.c **** 
 190              		.loc 1 106 0
 191 0034 F0BD     		pop	{r4, r5, r6, r7, pc}
 192              	.LVL29:
 193              	.L12:
 194              	.LBB13:
 195              	.LBB12:
 115:rtu_modbus/process_crc.c ****         i = crc_hi ^ *buffer++; /* calculate the CRC  */
 196              		.loc 1 115 0
 197 0036 FF22     		mov	r2, #255
 198 0038 FF23     		mov	r3, #255
 199 003a 0E1C     		mov	r6, r1
 200 003c F7E7     		b	.L10
 201              	.L15:
 202 003e C046     		.align	2
 203              	.L14:
 204 0040 00010000 		.word	.LANCHOR1
 205 0044 00000000 		.word	.LANCHOR0
 206              	.LBE12:
 207              	.LBE13:
ARM GAS  C:\Users\glenn\AppData\Local\Temp\ccnPEDOu.s 			page 7


 208              		.cfi_endproc
 209              	.LFE63:
 210              		.size	append_crc, .-append_crc
 211              		.section	.rodata
 212              		.align	2
 213              		.set	.LANCHOR0,. + 0
 214              		.set	.LANCHOR1,. + 256
 215              		.type	table_crc_hi, %object
 216              		.size	table_crc_hi, 256
 217              	table_crc_hi:
 218 0000 00       		.byte	0
 219 0001 C1       		.byte	-63
 220 0002 81       		.byte	-127
 221 0003 40       		.byte	64
 222 0004 01       		.byte	1
 223 0005 C0       		.byte	-64
 224 0006 80       		.byte	-128
 225 0007 41       		.byte	65
 226 0008 01       		.byte	1
 227 0009 C0       		.byte	-64
 228 000a 80       		.byte	-128
 229 000b 41       		.byte	65
 230 000c 00       		.byte	0
 231 000d C1       		.byte	-63
 232 000e 81       		.byte	-127
 233 000f 40       		.byte	64
 234 0010 01       		.byte	1
 235 0011 C0       		.byte	-64
 236 0012 80       		.byte	-128
 237 0013 41       		.byte	65
 238 0014 00       		.byte	0
 239 0015 C1       		.byte	-63
 240 0016 81       		.byte	-127
 241 0017 40       		.byte	64
 242 0018 00       		.byte	0
 243 0019 C1       		.byte	-63
 244 001a 81       		.byte	-127
 245 001b 40       		.byte	64
 246 001c 01       		.byte	1
 247 001d C0       		.byte	-64
 248 001e 80       		.byte	-128
 249 001f 41       		.byte	65
 250 0020 01       		.byte	1
 251 0021 C0       		.byte	-64
 252 0022 80       		.byte	-128
 253 0023 41       		.byte	65
 254 0024 00       		.byte	0
 255 0025 C1       		.byte	-63
 256 0026 81       		.byte	-127
 257 0027 40       		.byte	64
 258 0028 00       		.byte	0
 259 0029 C1       		.byte	-63
 260 002a 81       		.byte	-127
 261 002b 40       		.byte	64
 262 002c 01       		.byte	1
 263 002d C0       		.byte	-64
 264 002e 80       		.byte	-128
ARM GAS  C:\Users\glenn\AppData\Local\Temp\ccnPEDOu.s 			page 8


 265 002f 41       		.byte	65
 266 0030 00       		.byte	0
 267 0031 C1       		.byte	-63
 268 0032 81       		.byte	-127
 269 0033 40       		.byte	64
 270 0034 01       		.byte	1
 271 0035 C0       		.byte	-64
 272 0036 80       		.byte	-128
 273 0037 41       		.byte	65
 274 0038 01       		.byte	1
 275 0039 C0       		.byte	-64
 276 003a 80       		.byte	-128
 277 003b 41       		.byte	65
 278 003c 00       		.byte	0
 279 003d C1       		.byte	-63
 280 003e 81       		.byte	-127
 281 003f 40       		.byte	64
 282 0040 01       		.byte	1
 283 0041 C0       		.byte	-64
 284 0042 80       		.byte	-128
 285 0043 41       		.byte	65
 286 0044 00       		.byte	0
 287 0045 C1       		.byte	-63
 288 0046 81       		.byte	-127
 289 0047 40       		.byte	64
 290 0048 00       		.byte	0
 291 0049 C1       		.byte	-63
 292 004a 81       		.byte	-127
 293 004b 40       		.byte	64
 294 004c 01       		.byte	1
 295 004d C0       		.byte	-64
 296 004e 80       		.byte	-128
 297 004f 41       		.byte	65
 298 0050 00       		.byte	0
 299 0051 C1       		.byte	-63
 300 0052 81       		.byte	-127
 301 0053 40       		.byte	64
 302 0054 01       		.byte	1
 303 0055 C0       		.byte	-64
 304 0056 80       		.byte	-128
 305 0057 41       		.byte	65
 306 0058 01       		.byte	1
 307 0059 C0       		.byte	-64
 308 005a 80       		.byte	-128
 309 005b 41       		.byte	65
 310 005c 00       		.byte	0
 311 005d C1       		.byte	-63
 312 005e 81       		.byte	-127
 313 005f 40       		.byte	64
 314 0060 00       		.byte	0
 315 0061 C1       		.byte	-63
 316 0062 81       		.byte	-127
 317 0063 40       		.byte	64
 318 0064 01       		.byte	1
 319 0065 C0       		.byte	-64
 320 0066 80       		.byte	-128
 321 0067 41       		.byte	65
ARM GAS  C:\Users\glenn\AppData\Local\Temp\ccnPEDOu.s 			page 9


 322 0068 01       		.byte	1
 323 0069 C0       		.byte	-64
 324 006a 80       		.byte	-128
 325 006b 41       		.byte	65
 326 006c 00       		.byte	0
 327 006d C1       		.byte	-63
 328 006e 81       		.byte	-127
 329 006f 40       		.byte	64
 330 0070 01       		.byte	1
 331 0071 C0       		.byte	-64
 332 0072 80       		.byte	-128
 333 0073 41       		.byte	65
 334 0074 00       		.byte	0
 335 0075 C1       		.byte	-63
 336 0076 81       		.byte	-127
 337 0077 40       		.byte	64
 338 0078 00       		.byte	0
 339 0079 C1       		.byte	-63
 340 007a 81       		.byte	-127
 341 007b 40       		.byte	64
 342 007c 01       		.byte	1
 343 007d C0       		.byte	-64
 344 007e 80       		.byte	-128
 345 007f 41       		.byte	65
 346 0080 01       		.byte	1
 347 0081 C0       		.byte	-64
 348 0082 80       		.byte	-128
 349 0083 41       		.byte	65
 350 0084 00       		.byte	0
 351 0085 C1       		.byte	-63
 352 0086 81       		.byte	-127
 353 0087 40       		.byte	64
 354 0088 00       		.byte	0
 355 0089 C1       		.byte	-63
 356 008a 81       		.byte	-127
 357 008b 40       		.byte	64
 358 008c 01       		.byte	1
 359 008d C0       		.byte	-64
 360 008e 80       		.byte	-128
 361 008f 41       		.byte	65
 362 0090 00       		.byte	0
 363 0091 C1       		.byte	-63
 364 0092 81       		.byte	-127
 365 0093 40       		.byte	64
 366 0094 01       		.byte	1
 367 0095 C0       		.byte	-64
 368 0096 80       		.byte	-128
 369 0097 41       		.byte	65
 370 0098 01       		.byte	1
 371 0099 C0       		.byte	-64
 372 009a 80       		.byte	-128
 373 009b 41       		.byte	65
 374 009c 00       		.byte	0
 375 009d C1       		.byte	-63
 376 009e 81       		.byte	-127
 377 009f 40       		.byte	64
 378 00a0 00       		.byte	0
ARM GAS  C:\Users\glenn\AppData\Local\Temp\ccnPEDOu.s 			page 10


 379 00a1 C1       		.byte	-63
 380 00a2 81       		.byte	-127
 381 00a3 40       		.byte	64
 382 00a4 01       		.byte	1
 383 00a5 C0       		.byte	-64
 384 00a6 80       		.byte	-128
 385 00a7 41       		.byte	65
 386 00a8 01       		.byte	1
 387 00a9 C0       		.byte	-64
 388 00aa 80       		.byte	-128
 389 00ab 41       		.byte	65
 390 00ac 00       		.byte	0
 391 00ad C1       		.byte	-63
 392 00ae 81       		.byte	-127
 393 00af 40       		.byte	64
 394 00b0 01       		.byte	1
 395 00b1 C0       		.byte	-64
 396 00b2 80       		.byte	-128
 397 00b3 41       		.byte	65
 398 00b4 00       		.byte	0
 399 00b5 C1       		.byte	-63
 400 00b6 81       		.byte	-127
 401 00b7 40       		.byte	64
 402 00b8 00       		.byte	0
 403 00b9 C1       		.byte	-63
 404 00ba 81       		.byte	-127
 405 00bb 40       		.byte	64
 406 00bc 01       		.byte	1
 407 00bd C0       		.byte	-64
 408 00be 80       		.byte	-128
 409 00bf 41       		.byte	65
 410 00c0 00       		.byte	0
 411 00c1 C1       		.byte	-63
 412 00c2 81       		.byte	-127
 413 00c3 40       		.byte	64
 414 00c4 01       		.byte	1
 415 00c5 C0       		.byte	-64
 416 00c6 80       		.byte	-128
 417 00c7 41       		.byte	65
 418 00c8 01       		.byte	1
 419 00c9 C0       		.byte	-64
 420 00ca 80       		.byte	-128
 421 00cb 41       		.byte	65
 422 00cc 00       		.byte	0
 423 00cd C1       		.byte	-63
 424 00ce 81       		.byte	-127
 425 00cf 40       		.byte	64
 426 00d0 01       		.byte	1
 427 00d1 C0       		.byte	-64
 428 00d2 80       		.byte	-128
 429 00d3 41       		.byte	65
 430 00d4 00       		.byte	0
 431 00d5 C1       		.byte	-63
 432 00d6 81       		.byte	-127
 433 00d7 40       		.byte	64
 434 00d8 00       		.byte	0
 435 00d9 C1       		.byte	-63
ARM GAS  C:\Users\glenn\AppData\Local\Temp\ccnPEDOu.s 			page 11


 436 00da 81       		.byte	-127
 437 00db 40       		.byte	64
 438 00dc 01       		.byte	1
 439 00dd C0       		.byte	-64
 440 00de 80       		.byte	-128
 441 00df 41       		.byte	65
 442 00e0 01       		.byte	1
 443 00e1 C0       		.byte	-64
 444 00e2 80       		.byte	-128
 445 00e3 41       		.byte	65
 446 00e4 00       		.byte	0
 447 00e5 C1       		.byte	-63
 448 00e6 81       		.byte	-127
 449 00e7 40       		.byte	64
 450 00e8 00       		.byte	0
 451 00e9 C1       		.byte	-63
 452 00ea 81       		.byte	-127
 453 00eb 40       		.byte	64
 454 00ec 01       		.byte	1
 455 00ed C0       		.byte	-64
 456 00ee 80       		.byte	-128
 457 00ef 41       		.byte	65
 458 00f0 00       		.byte	0
 459 00f1 C1       		.byte	-63
 460 00f2 81       		.byte	-127
 461 00f3 40       		.byte	64
 462 00f4 01       		.byte	1
 463 00f5 C0       		.byte	-64
 464 00f6 80       		.byte	-128
 465 00f7 41       		.byte	65
 466 00f8 01       		.byte	1
 467 00f9 C0       		.byte	-64
 468 00fa 80       		.byte	-128
 469 00fb 41       		.byte	65
 470 00fc 00       		.byte	0
 471 00fd C1       		.byte	-63
 472 00fe 81       		.byte	-127
 473 00ff 40       		.byte	64
 474              		.type	table_crc_lo, %object
 475              		.size	table_crc_lo, 256
 476              	table_crc_lo:
 477 0100 00       		.byte	0
 478 0101 C0       		.byte	-64
 479 0102 C1       		.byte	-63
 480 0103 01       		.byte	1
 481 0104 C3       		.byte	-61
 482 0105 03       		.byte	3
 483 0106 02       		.byte	2
 484 0107 C2       		.byte	-62
 485 0108 C6       		.byte	-58
 486 0109 06       		.byte	6
 487 010a 07       		.byte	7
 488 010b C7       		.byte	-57
 489 010c 05       		.byte	5
 490 010d C5       		.byte	-59
 491 010e C4       		.byte	-60
 492 010f 04       		.byte	4
ARM GAS  C:\Users\glenn\AppData\Local\Temp\ccnPEDOu.s 			page 12


 493 0110 CC       		.byte	-52
 494 0111 0C       		.byte	12
 495 0112 0D       		.byte	13
 496 0113 CD       		.byte	-51
 497 0114 0F       		.byte	15
 498 0115 CF       		.byte	-49
 499 0116 CE       		.byte	-50
 500 0117 0E       		.byte	14
 501 0118 0A       		.byte	10
 502 0119 CA       		.byte	-54
 503 011a CB       		.byte	-53
 504 011b 0B       		.byte	11
 505 011c C9       		.byte	-55
 506 011d 09       		.byte	9
 507 011e 08       		.byte	8
 508 011f C8       		.byte	-56
 509 0120 D8       		.byte	-40
 510 0121 18       		.byte	24
 511 0122 19       		.byte	25
 512 0123 D9       		.byte	-39
 513 0124 1B       		.byte	27
 514 0125 DB       		.byte	-37
 515 0126 DA       		.byte	-38
 516 0127 1A       		.byte	26
 517 0128 1E       		.byte	30
 518 0129 DE       		.byte	-34
 519 012a DF       		.byte	-33
 520 012b 1F       		.byte	31
 521 012c DD       		.byte	-35
 522 012d 1D       		.byte	29
 523 012e 1C       		.byte	28
 524 012f DC       		.byte	-36
 525 0130 14       		.byte	20
 526 0131 D4       		.byte	-44
 527 0132 D5       		.byte	-43
 528 0133 15       		.byte	21
 529 0134 D7       		.byte	-41
 530 0135 17       		.byte	23
 531 0136 16       		.byte	22
 532 0137 D6       		.byte	-42
 533 0138 D2       		.byte	-46
 534 0139 12       		.byte	18
 535 013a 13       		.byte	19
 536 013b D3       		.byte	-45
 537 013c 11       		.byte	17
 538 013d D1       		.byte	-47
 539 013e D0       		.byte	-48
 540 013f 10       		.byte	16
 541 0140 F0       		.byte	-16
 542 0141 30       		.byte	48
 543 0142 31       		.byte	49
 544 0143 F1       		.byte	-15
 545 0144 33       		.byte	51
 546 0145 F3       		.byte	-13
 547 0146 F2       		.byte	-14
 548 0147 32       		.byte	50
 549 0148 36       		.byte	54
ARM GAS  C:\Users\glenn\AppData\Local\Temp\ccnPEDOu.s 			page 13


 550 0149 F6       		.byte	-10
 551 014a F7       		.byte	-9
 552 014b 37       		.byte	55
 553 014c F5       		.byte	-11
 554 014d 35       		.byte	53
 555 014e 34       		.byte	52
 556 014f F4       		.byte	-12
 557 0150 3C       		.byte	60
 558 0151 FC       		.byte	-4
 559 0152 FD       		.byte	-3
 560 0153 3D       		.byte	61
 561 0154 FF       		.byte	-1
 562 0155 3F       		.byte	63
 563 0156 3E       		.byte	62
 564 0157 FE       		.byte	-2
 565 0158 FA       		.byte	-6
 566 0159 3A       		.byte	58
 567 015a 3B       		.byte	59
 568 015b FB       		.byte	-5
 569 015c 39       		.byte	57
 570 015d F9       		.byte	-7
 571 015e F8       		.byte	-8
 572 015f 38       		.byte	56
 573 0160 28       		.byte	40
 574 0161 E8       		.byte	-24
 575 0162 E9       		.byte	-23
 576 0163 29       		.byte	41
 577 0164 EB       		.byte	-21
 578 0165 2B       		.byte	43
 579 0166 2A       		.byte	42
 580 0167 EA       		.byte	-22
 581 0168 EE       		.byte	-18
 582 0169 2E       		.byte	46
 583 016a 2F       		.byte	47
 584 016b EF       		.byte	-17
 585 016c 2D       		.byte	45
 586 016d ED       		.byte	-19
 587 016e EC       		.byte	-20
 588 016f 2C       		.byte	44
 589 0170 E4       		.byte	-28
 590 0171 24       		.byte	36
 591 0172 25       		.byte	37
 592 0173 E5       		.byte	-27
 593 0174 27       		.byte	39
 594 0175 E7       		.byte	-25
 595 0176 E6       		.byte	-26
 596 0177 26       		.byte	38
 597 0178 22       		.byte	34
 598 0179 E2       		.byte	-30
 599 017a E3       		.byte	-29
 600 017b 23       		.byte	35
 601 017c E1       		.byte	-31
 602 017d 21       		.byte	33
 603 017e 20       		.byte	32
 604 017f E0       		.byte	-32
 605 0180 A0       		.byte	-96
 606 0181 60       		.byte	96
ARM GAS  C:\Users\glenn\AppData\Local\Temp\ccnPEDOu.s 			page 14


 607 0182 61       		.byte	97
 608 0183 A1       		.byte	-95
 609 0184 63       		.byte	99
 610 0185 A3       		.byte	-93
 611 0186 A2       		.byte	-94
 612 0187 62       		.byte	98
 613 0188 66       		.byte	102
 614 0189 A6       		.byte	-90
 615 018a A7       		.byte	-89
 616 018b 67       		.byte	103
 617 018c A5       		.byte	-91
 618 018d 65       		.byte	101
 619 018e 64       		.byte	100
 620 018f A4       		.byte	-92
 621 0190 6C       		.byte	108
 622 0191 AC       		.byte	-84
 623 0192 AD       		.byte	-83
 624 0193 6D       		.byte	109
 625 0194 AF       		.byte	-81
 626 0195 6F       		.byte	111
 627 0196 6E       		.byte	110
 628 0197 AE       		.byte	-82
 629 0198 AA       		.byte	-86
 630 0199 6A       		.byte	106
 631 019a 6B       		.byte	107
 632 019b AB       		.byte	-85
 633 019c 69       		.byte	105
 634 019d A9       		.byte	-87
 635 019e A8       		.byte	-88
 636 019f 68       		.byte	104
 637 01a0 78       		.byte	120
 638 01a1 B8       		.byte	-72
 639 01a2 B9       		.byte	-71
 640 01a3 79       		.byte	121
 641 01a4 BB       		.byte	-69
 642 01a5 7B       		.byte	123
 643 01a6 7A       		.byte	122
 644 01a7 BA       		.byte	-70
 645 01a8 BE       		.byte	-66
 646 01a9 7E       		.byte	126
 647 01aa 7F       		.byte	127
 648 01ab BF       		.byte	-65
 649 01ac 7D       		.byte	125
 650 01ad BD       		.byte	-67
 651 01ae BC       		.byte	-68
 652 01af 7C       		.byte	124
 653 01b0 B4       		.byte	-76
 654 01b1 74       		.byte	116
 655 01b2 75       		.byte	117
 656 01b3 B5       		.byte	-75
 657 01b4 77       		.byte	119
 658 01b5 B7       		.byte	-73
 659 01b6 B6       		.byte	-74
 660 01b7 76       		.byte	118
 661 01b8 72       		.byte	114
 662 01b9 B2       		.byte	-78
 663 01ba B3       		.byte	-77
ARM GAS  C:\Users\glenn\AppData\Local\Temp\ccnPEDOu.s 			page 15


 664 01bb 73       		.byte	115
 665 01bc B1       		.byte	-79
 666 01bd 71       		.byte	113
 667 01be 70       		.byte	112
 668 01bf B0       		.byte	-80
 669 01c0 50       		.byte	80
 670 01c1 90       		.byte	-112
 671 01c2 91       		.byte	-111
 672 01c3 51       		.byte	81
 673 01c4 93       		.byte	-109
 674 01c5 53       		.byte	83
 675 01c6 52       		.byte	82
 676 01c7 92       		.byte	-110
 677 01c8 96       		.byte	-106
 678 01c9 56       		.byte	86
 679 01ca 57       		.byte	87
 680 01cb 97       		.byte	-105
 681 01cc 55       		.byte	85
 682 01cd 95       		.byte	-107
 683 01ce 94       		.byte	-108
 684 01cf 54       		.byte	84
 685 01d0 9C       		.byte	-100
 686 01d1 5C       		.byte	92
 687 01d2 5D       		.byte	93
 688 01d3 9D       		.byte	-99
 689 01d4 5F       		.byte	95
 690 01d5 9F       		.byte	-97
 691 01d6 9E       		.byte	-98
 692 01d7 5E       		.byte	94
 693 01d8 5A       		.byte	90
 694 01d9 9A       		.byte	-102
 695 01da 9B       		.byte	-101
 696 01db 5B       		.byte	91
 697 01dc 99       		.byte	-103
 698 01dd 59       		.byte	89
 699 01de 58       		.byte	88
 700 01df 98       		.byte	-104
 701 01e0 88       		.byte	-120
 702 01e1 48       		.byte	72
 703 01e2 49       		.byte	73
 704 01e3 89       		.byte	-119
 705 01e4 4B       		.byte	75
 706 01e5 8B       		.byte	-117
 707 01e6 8A       		.byte	-118
 708 01e7 4A       		.byte	74
 709 01e8 4E       		.byte	78
 710 01e9 8E       		.byte	-114
 711 01ea 8F       		.byte	-113
 712 01eb 4F       		.byte	79
 713 01ec 8D       		.byte	-115
 714 01ed 4D       		.byte	77
 715 01ee 4C       		.byte	76
 716 01ef 8C       		.byte	-116
 717 01f0 44       		.byte	68
 718 01f1 84       		.byte	-124
 719 01f2 85       		.byte	-123
 720 01f3 45       		.byte	69
ARM GAS  C:\Users\glenn\AppData\Local\Temp\ccnPEDOu.s 			page 16


 721 01f4 87       		.byte	-121
 722 01f5 47       		.byte	71
 723 01f6 46       		.byte	70
 724 01f7 86       		.byte	-122
 725 01f8 82       		.byte	-126
 726 01f9 42       		.byte	66
 727 01fa 43       		.byte	67
 728 01fb 83       		.byte	-125
 729 01fc 41       		.byte	65
 730 01fd 81       		.byte	-127
 731 01fe 80       		.byte	-128
 732 01ff 40       		.byte	64
 733              		.text
 734              	.Letext0:
 735              		.file 2 "c:\\program files (x86)\\cypress\\psoc creator\\4.0\\psoc creator\\import\\gnu\\arm\\4.9.
 736              		.file 3 "c:\\program files (x86)\\cypress\\psoc creator\\4.0\\psoc creator\\import\\gnu\\arm\\4.9.
 737              		.file 4 "Generated_Source\\PSoC4/cytypes.h"
 738              		.section	.debug_info,"",%progbits
 739              	.Ldebug_info0:
 740 0000 5F020000 		.4byte	0x25f
 741 0004 0400     		.2byte	0x4
 742 0006 00000000 		.4byte	.Ldebug_abbrev0
 743 000a 04       		.byte	0x4
 744 000b 01       		.uleb128 0x1
 745 000c 8B000000 		.4byte	.LASF29
 746 0010 01       		.byte	0x1
 747 0011 3A010000 		.4byte	.LASF30
 748 0015 FF010000 		.4byte	.LASF31
 749 0019 30000000 		.4byte	.Ldebug_ranges0+0x30
 750 001d 00000000 		.4byte	0
 751 0021 00000000 		.4byte	.Ldebug_line0
 752 0025 02       		.uleb128 0x2
 753 0026 01       		.byte	0x1
 754 0027 06       		.byte	0x6
 755 0028 55020000 		.4byte	.LASF0
 756 002c 03       		.uleb128 0x3
 757 002d 0D000000 		.4byte	.LASF9
 758 0031 02       		.byte	0x2
 759 0032 1D       		.byte	0x1d
 760 0033 37000000 		.4byte	0x37
 761 0037 02       		.uleb128 0x2
 762 0038 01       		.byte	0x1
 763 0039 08       		.byte	0x8
 764 003a 2C010000 		.4byte	.LASF1
 765 003e 02       		.uleb128 0x2
 766 003f 02       		.byte	0x2
 767 0040 05       		.byte	0x5
 768 0041 D8010000 		.4byte	.LASF2
 769 0045 02       		.uleb128 0x2
 770 0046 02       		.byte	0x2
 771 0047 07       		.byte	0x7
 772 0048 44000000 		.4byte	.LASF3
 773 004c 02       		.uleb128 0x2
 774 004d 04       		.byte	0x4
 775 004e 05       		.byte	0x5
 776 004f EF010000 		.4byte	.LASF4
 777 0053 02       		.uleb128 0x2
ARM GAS  C:\Users\glenn\AppData\Local\Temp\ccnPEDOu.s 			page 17


 778 0054 04       		.byte	0x4
 779 0055 07       		.byte	0x7
 780 0056 53010000 		.4byte	.LASF5
 781 005a 02       		.uleb128 0x2
 782 005b 08       		.byte	0x8
 783 005c 05       		.byte	0x5
 784 005d C5010000 		.4byte	.LASF6
 785 0061 02       		.uleb128 0x2
 786 0062 08       		.byte	0x8
 787 0063 07       		.byte	0x7
 788 0064 92010000 		.4byte	.LASF7
 789 0068 04       		.uleb128 0x4
 790 0069 04       		.byte	0x4
 791 006a 05       		.byte	0x5
 792 006b 696E7400 		.ascii	"int\000"
 793 006f 02       		.uleb128 0x2
 794 0070 04       		.byte	0x4
 795 0071 07       		.byte	0x7
 796 0072 85010000 		.4byte	.LASF8
 797 0076 03       		.uleb128 0x3
 798 0077 A9010000 		.4byte	.LASF10
 799 007b 03       		.byte	0x3
 800 007c 15       		.byte	0x15
 801 007d 2C000000 		.4byte	0x2c
 802 0081 05       		.uleb128 0x5
 803 0082 65010000 		.4byte	.LASF11
 804 0086 04       		.byte	0x4
 805 0087 B901     		.2byte	0x1b9
 806 0089 37000000 		.4byte	0x37
 807 008d 05       		.uleb128 0x5
 808 008e 7E010000 		.4byte	.LASF12
 809 0092 04       		.byte	0x4
 810 0093 BA01     		.2byte	0x1ba
 811 0095 45000000 		.4byte	0x45
 812 0099 02       		.uleb128 0x2
 813 009a 04       		.byte	0x4
 814 009b 04       		.byte	0x4
 815 009c 76000000 		.4byte	.LASF13
 816 00a0 02       		.uleb128 0x2
 817 00a1 08       		.byte	0x8
 818 00a2 04       		.byte	0x4
 819 00a3 77010000 		.4byte	.LASF14
 820 00a7 02       		.uleb128 0x2
 821 00a8 01       		.byte	0x1
 822 00a9 08       		.byte	0x8
 823 00aa D3010000 		.4byte	.LASF15
 824 00ae 02       		.uleb128 0x2
 825 00af 04       		.byte	0x4
 826 00b0 07       		.byte	0x7
 827 00b1 BC010000 		.4byte	.LASF16
 828 00b5 06       		.uleb128 0x6
 829 00b6 E9010000 		.4byte	.LASF32
 830 00ba 01       		.byte	0x1
 831 00bb 6C       		.byte	0x6c
 832 00bc 8D000000 		.4byte	0x8d
 833 00c0 01       		.byte	0x1
 834 00c1 FB000000 		.4byte	0xfb
ARM GAS  C:\Users\glenn\AppData\Local\Temp\ccnPEDOu.s 			page 18


 835 00c5 07       		.uleb128 0x7
 836 00c6 2B000000 		.4byte	.LASF17
 837 00ca 01       		.byte	0x1
 838 00cb 6C       		.byte	0x6c
 839 00cc 68000000 		.4byte	0x68
 840 00d0 07       		.uleb128 0x7
 841 00d1 E2010000 		.4byte	.LASF18
 842 00d5 01       		.byte	0x1
 843 00d6 6C       		.byte	0x6c
 844 00d7 FB000000 		.4byte	0xfb
 845 00db 08       		.uleb128 0x8
 846 00dc F8010000 		.4byte	.LASF19
 847 00e0 01       		.byte	0x1
 848 00e1 6E       		.byte	0x6e
 849 00e2 81000000 		.4byte	0x81
 850 00e6 08       		.uleb128 0x8
 851 00e7 24000000 		.4byte	.LASF20
 852 00eb 01       		.byte	0x1
 853 00ec 6F       		.byte	0x6f
 854 00ed 81000000 		.4byte	0x81
 855 00f1 09       		.uleb128 0x9
 856 00f2 6900     		.ascii	"i\000"
 857 00f4 01       		.byte	0x1
 858 00f5 70       		.byte	0x70
 859 00f6 6F000000 		.4byte	0x6f
 860 00fa 00       		.byte	0
 861 00fb 0A       		.uleb128 0xa
 862 00fc 04       		.byte	0x4
 863 00fd 81000000 		.4byte	0x81
 864 0101 0B       		.uleb128 0xb
 865 0102 6B010000 		.4byte	.LASF33
 866 0106 01       		.byte	0x1
 867 0107 4E       		.byte	0x4e
 868 0108 68000000 		.4byte	0x68
 869 010c 00000000 		.4byte	.LFB62
 870 0110 58000000 		.4byte	.LFE62-.LFB62
 871 0114 01       		.uleb128 0x1
 872 0115 9C       		.byte	0x9c
 873 0116 A4010000 		.4byte	0x1a4
 874 011a 0C       		.uleb128 0xc
 875 011b 61020000 		.4byte	.LASF21
 876 011f 01       		.byte	0x1
 877 0120 4E       		.byte	0x4e
 878 0121 68000000 		.4byte	0x68
 879 0125 00000000 		.4byte	.LLST0
 880 0129 0D       		.uleb128 0xd
 881 012a 696E00   		.ascii	"in\000"
 882 012d 01       		.byte	0x1
 883 012e 4E       		.byte	0x4e
 884 012f FB000000 		.4byte	0xfb
 885 0133 2C000000 		.4byte	.LLST1
 886 0137 08       		.uleb128 0x8
 887 0138 7C000000 		.4byte	.LASF22
 888 013c 01       		.byte	0x1
 889 013d 50       		.byte	0x50
 890 013e 8D000000 		.4byte	0x8d
 891 0142 0E       		.uleb128 0xe
ARM GAS  C:\Users\glenn\AppData\Local\Temp\ccnPEDOu.s 			page 19


 892 0143 17000000 		.4byte	.LASF23
 893 0147 01       		.byte	0x1
 894 0148 51       		.byte	0x51
 895 0149 8D000000 		.4byte	0x8d
 896 014d 60000000 		.4byte	.LLST2
 897 0151 0E       		.uleb128 0xe
 898 0152 64000000 		.4byte	.LASF24
 899 0156 01       		.byte	0x1
 900 0157 52       		.byte	0x52
 901 0158 68000000 		.4byte	0x68
 902 015c 23010000 		.4byte	.LLST3
 903 0160 0F       		.uleb128 0xf
 904 0161 B5000000 		.4byte	0xb5
 905 0165 04000000 		.4byte	.LBB6
 906 0169 00000000 		.4byte	.Ldebug_ranges0+0
 907 016d 01       		.byte	0x1
 908 016e 54       		.byte	0x54
 909 016f 10       		.uleb128 0x10
 910 0170 D0000000 		.4byte	0xd0
 911 0174 D8010000 		.4byte	.LLST4
 912 0178 10       		.uleb128 0x10
 913 0179 C5000000 		.4byte	0xc5
 914 017d 19020000 		.4byte	.LLST5
 915 0181 11       		.uleb128 0x11
 916 0182 00000000 		.4byte	.Ldebug_ranges0+0
 917 0186 12       		.uleb128 0x12
 918 0187 DB000000 		.4byte	0xdb
 919 018b 65020000 		.4byte	.LLST6
 920 018f 12       		.uleb128 0x12
 921 0190 E6000000 		.4byte	0xe6
 922 0194 9D020000 		.4byte	.LLST7
 923 0198 12       		.uleb128 0x12
 924 0199 F1000000 		.4byte	0xf1
 925 019d CA020000 		.4byte	.LLST8
 926 01a1 00       		.byte	0
 927 01a2 00       		.byte	0
 928 01a3 00       		.byte	0
 929 01a4 13       		.uleb128 0x13
 930 01a5 B1010000 		.4byte	.LASF34
 931 01a9 01       		.byte	0x1
 932 01aa 64       		.byte	0x64
 933 01ab 00000000 		.4byte	.LFB63
 934 01af 48000000 		.4byte	.LFE63-.LFB63
 935 01b3 01       		.uleb128 0x1
 936 01b4 9C       		.byte	0x9c
 937 01b5 26020000 		.4byte	0x226
 938 01b9 0C       		.uleb128 0xc
 939 01ba 6B000000 		.4byte	.LASF25
 940 01be 01       		.byte	0x1
 941 01bf 64       		.byte	0x64
 942 01c0 68000000 		.4byte	0x68
 943 01c4 DD020000 		.4byte	.LLST9
 944 01c8 0C       		.uleb128 0xc
 945 01c9 39000000 		.4byte	.LASF26
 946 01cd 01       		.byte	0x1
 947 01ce 64       		.byte	0x64
 948 01cf FB000000 		.4byte	0xfb
ARM GAS  C:\Users\glenn\AppData\Local\Temp\ccnPEDOu.s 			page 20


 949 01d3 15030000 		.4byte	.LLST10
 950 01d7 09       		.uleb128 0x9
 951 01d8 63726300 		.ascii	"crc\000"
 952 01dc 01       		.byte	0x1
 953 01dd 66       		.byte	0x66
 954 01de 8D000000 		.4byte	0x8d
 955 01e2 0F       		.uleb128 0xf
 956 01e3 B5000000 		.4byte	0xb5
 957 01e7 04000000 		.4byte	.LBB10
 958 01eb 18000000 		.4byte	.Ldebug_ranges0+0x18
 959 01ef 01       		.byte	0x1
 960 01f0 67       		.byte	0x67
 961 01f1 10       		.uleb128 0x10
 962 01f2 D0000000 		.4byte	0xd0
 963 01f6 3E030000 		.4byte	.LLST11
 964 01fa 10       		.uleb128 0x10
 965 01fb C5000000 		.4byte	0xc5
 966 01ff 74030000 		.4byte	.LLST12
 967 0203 11       		.uleb128 0x11
 968 0204 18000000 		.4byte	.Ldebug_ranges0+0x18
 969 0208 12       		.uleb128 0x12
 970 0209 DB000000 		.4byte	0xdb
 971 020d BD030000 		.4byte	.LLST13
 972 0211 12       		.uleb128 0x12
 973 0212 E6000000 		.4byte	0xe6
 974 0216 F5030000 		.4byte	.LLST14
 975 021a 12       		.uleb128 0x12
 976 021b F1000000 		.4byte	0xf1
 977 021f 22040000 		.4byte	.LLST15
 978 0223 00       		.byte	0
 979 0224 00       		.byte	0
 980 0225 00       		.byte	0
 981 0226 14       		.uleb128 0x14
 982 0227 76000000 		.4byte	0x76
 983 022b 36020000 		.4byte	0x236
 984 022f 15       		.uleb128 0x15
 985 0230 AE000000 		.4byte	0xae
 986 0234 FF       		.byte	0xff
 987 0235 00       		.byte	0
 988 0236 16       		.uleb128 0x16
 989 0237 00000000 		.4byte	.LASF27
 990 023b 01       		.byte	0x1
 991 023c 11       		.byte	0x11
 992 023d 47020000 		.4byte	0x247
 993 0241 05       		.uleb128 0x5
 994 0242 03       		.byte	0x3
 995 0243 00000000 		.4byte	table_crc_hi
 996 0247 17       		.uleb128 0x17
 997 0248 26020000 		.4byte	0x226
 998 024c 16       		.uleb128 0x16
 999 024d 57000000 		.4byte	.LASF28
 1000 0251 01       		.byte	0x1
 1001 0252 2F       		.byte	0x2f
 1002 0253 5D020000 		.4byte	0x25d
 1003 0257 05       		.uleb128 0x5
 1004 0258 03       		.byte	0x3
 1005 0259 00010000 		.4byte	table_crc_lo
ARM GAS  C:\Users\glenn\AppData\Local\Temp\ccnPEDOu.s 			page 21


 1006 025d 17       		.uleb128 0x17
 1007 025e 26020000 		.4byte	0x226
 1008 0262 00       		.byte	0
 1009              		.section	.debug_abbrev,"",%progbits
 1010              	.Ldebug_abbrev0:
 1011 0000 01       		.uleb128 0x1
 1012 0001 11       		.uleb128 0x11
 1013 0002 01       		.byte	0x1
 1014 0003 25       		.uleb128 0x25
 1015 0004 0E       		.uleb128 0xe
 1016 0005 13       		.uleb128 0x13
 1017 0006 0B       		.uleb128 0xb
 1018 0007 03       		.uleb128 0x3
 1019 0008 0E       		.uleb128 0xe
 1020 0009 1B       		.uleb128 0x1b
 1021 000a 0E       		.uleb128 0xe
 1022 000b 55       		.uleb128 0x55
 1023 000c 17       		.uleb128 0x17
 1024 000d 11       		.uleb128 0x11
 1025 000e 01       		.uleb128 0x1
 1026 000f 10       		.uleb128 0x10
 1027 0010 17       		.uleb128 0x17
 1028 0011 00       		.byte	0
 1029 0012 00       		.byte	0
 1030 0013 02       		.uleb128 0x2
 1031 0014 24       		.uleb128 0x24
 1032 0015 00       		.byte	0
 1033 0016 0B       		.uleb128 0xb
 1034 0017 0B       		.uleb128 0xb
 1035 0018 3E       		.uleb128 0x3e
 1036 0019 0B       		.uleb128 0xb
 1037 001a 03       		.uleb128 0x3
 1038 001b 0E       		.uleb128 0xe
 1039 001c 00       		.byte	0
 1040 001d 00       		.byte	0
 1041 001e 03       		.uleb128 0x3
 1042 001f 16       		.uleb128 0x16
 1043 0020 00       		.byte	0
 1044 0021 03       		.uleb128 0x3
 1045 0022 0E       		.uleb128 0xe
 1046 0023 3A       		.uleb128 0x3a
 1047 0024 0B       		.uleb128 0xb
 1048 0025 3B       		.uleb128 0x3b
 1049 0026 0B       		.uleb128 0xb
 1050 0027 49       		.uleb128 0x49
 1051 0028 13       		.uleb128 0x13
 1052 0029 00       		.byte	0
 1053 002a 00       		.byte	0
 1054 002b 04       		.uleb128 0x4
 1055 002c 24       		.uleb128 0x24
 1056 002d 00       		.byte	0
 1057 002e 0B       		.uleb128 0xb
 1058 002f 0B       		.uleb128 0xb
 1059 0030 3E       		.uleb128 0x3e
 1060 0031 0B       		.uleb128 0xb
 1061 0032 03       		.uleb128 0x3
 1062 0033 08       		.uleb128 0x8
ARM GAS  C:\Users\glenn\AppData\Local\Temp\ccnPEDOu.s 			page 22


 1063 0034 00       		.byte	0
 1064 0035 00       		.byte	0
 1065 0036 05       		.uleb128 0x5
 1066 0037 16       		.uleb128 0x16
 1067 0038 00       		.byte	0
 1068 0039 03       		.uleb128 0x3
 1069 003a 0E       		.uleb128 0xe
 1070 003b 3A       		.uleb128 0x3a
 1071 003c 0B       		.uleb128 0xb
 1072 003d 3B       		.uleb128 0x3b
 1073 003e 05       		.uleb128 0x5
 1074 003f 49       		.uleb128 0x49
 1075 0040 13       		.uleb128 0x13
 1076 0041 00       		.byte	0
 1077 0042 00       		.byte	0
 1078 0043 06       		.uleb128 0x6
 1079 0044 2E       		.uleb128 0x2e
 1080 0045 01       		.byte	0x1
 1081 0046 03       		.uleb128 0x3
 1082 0047 0E       		.uleb128 0xe
 1083 0048 3A       		.uleb128 0x3a
 1084 0049 0B       		.uleb128 0xb
 1085 004a 3B       		.uleb128 0x3b
 1086 004b 0B       		.uleb128 0xb
 1087 004c 27       		.uleb128 0x27
 1088 004d 19       		.uleb128 0x19
 1089 004e 49       		.uleb128 0x49
 1090 004f 13       		.uleb128 0x13
 1091 0050 20       		.uleb128 0x20
 1092 0051 0B       		.uleb128 0xb
 1093 0052 01       		.uleb128 0x1
 1094 0053 13       		.uleb128 0x13
 1095 0054 00       		.byte	0
 1096 0055 00       		.byte	0
 1097 0056 07       		.uleb128 0x7
 1098 0057 05       		.uleb128 0x5
 1099 0058 00       		.byte	0
 1100 0059 03       		.uleb128 0x3
 1101 005a 0E       		.uleb128 0xe
 1102 005b 3A       		.uleb128 0x3a
 1103 005c 0B       		.uleb128 0xb
 1104 005d 3B       		.uleb128 0x3b
 1105 005e 0B       		.uleb128 0xb
 1106 005f 49       		.uleb128 0x49
 1107 0060 13       		.uleb128 0x13
 1108 0061 00       		.byte	0
 1109 0062 00       		.byte	0
 1110 0063 08       		.uleb128 0x8
 1111 0064 34       		.uleb128 0x34
 1112 0065 00       		.byte	0
 1113 0066 03       		.uleb128 0x3
 1114 0067 0E       		.uleb128 0xe
 1115 0068 3A       		.uleb128 0x3a
 1116 0069 0B       		.uleb128 0xb
 1117 006a 3B       		.uleb128 0x3b
 1118 006b 0B       		.uleb128 0xb
 1119 006c 49       		.uleb128 0x49
ARM GAS  C:\Users\glenn\AppData\Local\Temp\ccnPEDOu.s 			page 23


 1120 006d 13       		.uleb128 0x13
 1121 006e 00       		.byte	0
 1122 006f 00       		.byte	0
 1123 0070 09       		.uleb128 0x9
 1124 0071 34       		.uleb128 0x34
 1125 0072 00       		.byte	0
 1126 0073 03       		.uleb128 0x3
 1127 0074 08       		.uleb128 0x8
 1128 0075 3A       		.uleb128 0x3a
 1129 0076 0B       		.uleb128 0xb
 1130 0077 3B       		.uleb128 0x3b
 1131 0078 0B       		.uleb128 0xb
 1132 0079 49       		.uleb128 0x49
 1133 007a 13       		.uleb128 0x13
 1134 007b 00       		.byte	0
 1135 007c 00       		.byte	0
 1136 007d 0A       		.uleb128 0xa
 1137 007e 0F       		.uleb128 0xf
 1138 007f 00       		.byte	0
 1139 0080 0B       		.uleb128 0xb
 1140 0081 0B       		.uleb128 0xb
 1141 0082 49       		.uleb128 0x49
 1142 0083 13       		.uleb128 0x13
 1143 0084 00       		.byte	0
 1144 0085 00       		.byte	0
 1145 0086 0B       		.uleb128 0xb
 1146 0087 2E       		.uleb128 0x2e
 1147 0088 01       		.byte	0x1
 1148 0089 3F       		.uleb128 0x3f
 1149 008a 19       		.uleb128 0x19
 1150 008b 03       		.uleb128 0x3
 1151 008c 0E       		.uleb128 0xe
 1152 008d 3A       		.uleb128 0x3a
 1153 008e 0B       		.uleb128 0xb
 1154 008f 3B       		.uleb128 0x3b
 1155 0090 0B       		.uleb128 0xb
 1156 0091 27       		.uleb128 0x27
 1157 0092 19       		.uleb128 0x19
 1158 0093 49       		.uleb128 0x49
 1159 0094 13       		.uleb128 0x13
 1160 0095 11       		.uleb128 0x11
 1161 0096 01       		.uleb128 0x1
 1162 0097 12       		.uleb128 0x12
 1163 0098 06       		.uleb128 0x6
 1164 0099 40       		.uleb128 0x40
 1165 009a 18       		.uleb128 0x18
 1166 009b 9742     		.uleb128 0x2117
 1167 009d 19       		.uleb128 0x19
 1168 009e 01       		.uleb128 0x1
 1169 009f 13       		.uleb128 0x13
 1170 00a0 00       		.byte	0
 1171 00a1 00       		.byte	0
 1172 00a2 0C       		.uleb128 0xc
 1173 00a3 05       		.uleb128 0x5
 1174 00a4 00       		.byte	0
 1175 00a5 03       		.uleb128 0x3
 1176 00a6 0E       		.uleb128 0xe
ARM GAS  C:\Users\glenn\AppData\Local\Temp\ccnPEDOu.s 			page 24


 1177 00a7 3A       		.uleb128 0x3a
 1178 00a8 0B       		.uleb128 0xb
 1179 00a9 3B       		.uleb128 0x3b
 1180 00aa 0B       		.uleb128 0xb
 1181 00ab 49       		.uleb128 0x49
 1182 00ac 13       		.uleb128 0x13
 1183 00ad 02       		.uleb128 0x2
 1184 00ae 17       		.uleb128 0x17
 1185 00af 00       		.byte	0
 1186 00b0 00       		.byte	0
 1187 00b1 0D       		.uleb128 0xd
 1188 00b2 05       		.uleb128 0x5
 1189 00b3 00       		.byte	0
 1190 00b4 03       		.uleb128 0x3
 1191 00b5 08       		.uleb128 0x8
 1192 00b6 3A       		.uleb128 0x3a
 1193 00b7 0B       		.uleb128 0xb
 1194 00b8 3B       		.uleb128 0x3b
 1195 00b9 0B       		.uleb128 0xb
 1196 00ba 49       		.uleb128 0x49
 1197 00bb 13       		.uleb128 0x13
 1198 00bc 02       		.uleb128 0x2
 1199 00bd 17       		.uleb128 0x17
 1200 00be 00       		.byte	0
 1201 00bf 00       		.byte	0
 1202 00c0 0E       		.uleb128 0xe
 1203 00c1 34       		.uleb128 0x34
 1204 00c2 00       		.byte	0
 1205 00c3 03       		.uleb128 0x3
 1206 00c4 0E       		.uleb128 0xe
 1207 00c5 3A       		.uleb128 0x3a
 1208 00c6 0B       		.uleb128 0xb
 1209 00c7 3B       		.uleb128 0x3b
 1210 00c8 0B       		.uleb128 0xb
 1211 00c9 49       		.uleb128 0x49
 1212 00ca 13       		.uleb128 0x13
 1213 00cb 02       		.uleb128 0x2
 1214 00cc 17       		.uleb128 0x17
 1215 00cd 00       		.byte	0
 1216 00ce 00       		.byte	0
 1217 00cf 0F       		.uleb128 0xf
 1218 00d0 1D       		.uleb128 0x1d
 1219 00d1 01       		.byte	0x1
 1220 00d2 31       		.uleb128 0x31
 1221 00d3 13       		.uleb128 0x13
 1222 00d4 52       		.uleb128 0x52
 1223 00d5 01       		.uleb128 0x1
 1224 00d6 55       		.uleb128 0x55
 1225 00d7 17       		.uleb128 0x17
 1226 00d8 58       		.uleb128 0x58
 1227 00d9 0B       		.uleb128 0xb
 1228 00da 59       		.uleb128 0x59
 1229 00db 0B       		.uleb128 0xb
 1230 00dc 00       		.byte	0
 1231 00dd 00       		.byte	0
 1232 00de 10       		.uleb128 0x10
 1233 00df 05       		.uleb128 0x5
ARM GAS  C:\Users\glenn\AppData\Local\Temp\ccnPEDOu.s 			page 25


 1234 00e0 00       		.byte	0
 1235 00e1 31       		.uleb128 0x31
 1236 00e2 13       		.uleb128 0x13
 1237 00e3 02       		.uleb128 0x2
 1238 00e4 17       		.uleb128 0x17
 1239 00e5 00       		.byte	0
 1240 00e6 00       		.byte	0
 1241 00e7 11       		.uleb128 0x11
 1242 00e8 0B       		.uleb128 0xb
 1243 00e9 01       		.byte	0x1
 1244 00ea 55       		.uleb128 0x55
 1245 00eb 17       		.uleb128 0x17
 1246 00ec 00       		.byte	0
 1247 00ed 00       		.byte	0
 1248 00ee 12       		.uleb128 0x12
 1249 00ef 34       		.uleb128 0x34
 1250 00f0 00       		.byte	0
 1251 00f1 31       		.uleb128 0x31
 1252 00f2 13       		.uleb128 0x13
 1253 00f3 02       		.uleb128 0x2
 1254 00f4 17       		.uleb128 0x17
 1255 00f5 00       		.byte	0
 1256 00f6 00       		.byte	0
 1257 00f7 13       		.uleb128 0x13
 1258 00f8 2E       		.uleb128 0x2e
 1259 00f9 01       		.byte	0x1
 1260 00fa 3F       		.uleb128 0x3f
 1261 00fb 19       		.uleb128 0x19
 1262 00fc 03       		.uleb128 0x3
 1263 00fd 0E       		.uleb128 0xe
 1264 00fe 3A       		.uleb128 0x3a
 1265 00ff 0B       		.uleb128 0xb
 1266 0100 3B       		.uleb128 0x3b
 1267 0101 0B       		.uleb128 0xb
 1268 0102 27       		.uleb128 0x27
 1269 0103 19       		.uleb128 0x19
 1270 0104 11       		.uleb128 0x11
 1271 0105 01       		.uleb128 0x1
 1272 0106 12       		.uleb128 0x12
 1273 0107 06       		.uleb128 0x6
 1274 0108 40       		.uleb128 0x40
 1275 0109 18       		.uleb128 0x18
 1276 010a 9742     		.uleb128 0x2117
 1277 010c 19       		.uleb128 0x19
 1278 010d 01       		.uleb128 0x1
 1279 010e 13       		.uleb128 0x13
 1280 010f 00       		.byte	0
 1281 0110 00       		.byte	0
 1282 0111 14       		.uleb128 0x14
 1283 0112 01       		.uleb128 0x1
 1284 0113 01       		.byte	0x1
 1285 0114 49       		.uleb128 0x49
 1286 0115 13       		.uleb128 0x13
 1287 0116 01       		.uleb128 0x1
 1288 0117 13       		.uleb128 0x13
 1289 0118 00       		.byte	0
 1290 0119 00       		.byte	0
ARM GAS  C:\Users\glenn\AppData\Local\Temp\ccnPEDOu.s 			page 26


 1291 011a 15       		.uleb128 0x15
 1292 011b 21       		.uleb128 0x21
 1293 011c 00       		.byte	0
 1294 011d 49       		.uleb128 0x49
 1295 011e 13       		.uleb128 0x13
 1296 011f 2F       		.uleb128 0x2f
 1297 0120 0B       		.uleb128 0xb
 1298 0121 00       		.byte	0
 1299 0122 00       		.byte	0
 1300 0123 16       		.uleb128 0x16
 1301 0124 34       		.uleb128 0x34
 1302 0125 00       		.byte	0
 1303 0126 03       		.uleb128 0x3
 1304 0127 0E       		.uleb128 0xe
 1305 0128 3A       		.uleb128 0x3a
 1306 0129 0B       		.uleb128 0xb
 1307 012a 3B       		.uleb128 0x3b
 1308 012b 0B       		.uleb128 0xb
 1309 012c 49       		.uleb128 0x49
 1310 012d 13       		.uleb128 0x13
 1311 012e 02       		.uleb128 0x2
 1312 012f 18       		.uleb128 0x18
 1313 0130 00       		.byte	0
 1314 0131 00       		.byte	0
 1315 0132 17       		.uleb128 0x17
 1316 0133 26       		.uleb128 0x26
 1317 0134 00       		.byte	0
 1318 0135 49       		.uleb128 0x49
 1319 0136 13       		.uleb128 0x13
 1320 0137 00       		.byte	0
 1321 0138 00       		.byte	0
 1322 0139 00       		.byte	0
 1323              		.section	.debug_loc,"",%progbits
 1324              	.Ldebug_loc0:
 1325              	.LLST0:
 1326 0000 00000000 		.4byte	.LVL0
 1327 0004 32000000 		.4byte	.LVL12
 1328 0008 0100     		.2byte	0x1
 1329 000a 50       		.byte	0x50
 1330 000b 32000000 		.4byte	.LVL12
 1331 000f 46000000 		.4byte	.LVL17
 1332 0013 0400     		.2byte	0x4
 1333 0015 F3       		.byte	0xf3
 1334 0016 01       		.uleb128 0x1
 1335 0017 50       		.byte	0x50
 1336 0018 9F       		.byte	0x9f
 1337 0019 46000000 		.4byte	.LVL17
 1338 001d 58000000 		.4byte	.LFE62
 1339 0021 0100     		.2byte	0x1
 1340 0023 50       		.byte	0x50
 1341 0024 00000000 		.4byte	0
 1342 0028 00000000 		.4byte	0
 1343              	.LLST1:
 1344 002c 00000000 		.4byte	.LVL0
 1345 0030 12000000 		.4byte	.LVL1
 1346 0034 0100     		.2byte	0x1
 1347 0036 51       		.byte	0x51
ARM GAS  C:\Users\glenn\AppData\Local\Temp\ccnPEDOu.s 			page 27


 1348 0037 12000000 		.4byte	.LVL1
 1349 003b 16000000 		.4byte	.LVL2
 1350 003f 0100     		.2byte	0x1
 1351 0041 54       		.byte	0x54
 1352 0042 16000000 		.4byte	.LVL2
 1353 0046 46000000 		.4byte	.LVL17
 1354 004a 0100     		.2byte	0x1
 1355 004c 5C       		.byte	0x5c
 1356 004d 46000000 		.4byte	.LVL17
 1357 0051 58000000 		.4byte	.LFE62
 1358 0055 0100     		.2byte	0x1
 1359 0057 51       		.byte	0x51
 1360 0058 00000000 		.4byte	0
 1361 005c 00000000 		.4byte	0
 1362              	.LLST2:
 1363 0060 2A000000 		.4byte	.LVL9
 1364 0064 2E000000 		.4byte	.LVL10
 1365 0068 1C00     		.2byte	0x1c
 1366 006a 7C       		.byte	0x7c
 1367 006b 00       		.sleb128 0
 1368 006c 70       		.byte	0x70
 1369 006d 00       		.sleb128 0
 1370 006e 22       		.byte	0x22
 1371 006f 32       		.byte	0x32
 1372 0070 1C       		.byte	0x1c
 1373 0071 94       		.byte	0x94
 1374 0072 01       		.byte	0x1
 1375 0073 08       		.byte	0x8
 1376 0074 FF       		.byte	0xff
 1377 0075 1A       		.byte	0x1a
 1378 0076 38       		.byte	0x38
 1379 0077 24       		.byte	0x24
 1380 0078 7C       		.byte	0x7c
 1381 0079 00       		.sleb128 0
 1382 007a 70       		.byte	0x70
 1383 007b 00       		.sleb128 0
 1384 007c 22       		.byte	0x22
 1385 007d 31       		.byte	0x31
 1386 007e 1C       		.byte	0x1c
 1387 007f 94       		.byte	0x94
 1388 0080 01       		.byte	0x1
 1389 0081 08       		.byte	0x8
 1390 0082 FF       		.byte	0xff
 1391 0083 1A       		.byte	0x1a
 1392 0084 21       		.byte	0x21
 1393 0085 9F       		.byte	0x9f
 1394 0086 2E000000 		.4byte	.LVL10
 1395 008a 30000000 		.4byte	.LVL11
 1396 008e 1700     		.2byte	0x17
 1397 0090 7C       		.byte	0x7c
 1398 0091 00       		.sleb128 0
 1399 0092 70       		.byte	0x70
 1400 0093 00       		.sleb128 0
 1401 0094 22       		.byte	0x22
 1402 0095 32       		.byte	0x32
 1403 0096 1C       		.byte	0x1c
 1404 0097 94       		.byte	0x94
ARM GAS  C:\Users\glenn\AppData\Local\Temp\ccnPEDOu.s 			page 28


 1405 0098 01       		.byte	0x1
 1406 0099 08       		.byte	0x8
 1407 009a FF       		.byte	0xff
 1408 009b 1A       		.byte	0x1a
 1409 009c 38       		.byte	0x38
 1410 009d 24       		.byte	0x24
 1411 009e 71       		.byte	0x71
 1412 009f 7F       		.sleb128 -1
 1413 00a0 94       		.byte	0x94
 1414 00a1 01       		.byte	0x1
 1415 00a2 08       		.byte	0x8
 1416 00a3 FF       		.byte	0xff
 1417 00a4 1A       		.byte	0x1a
 1418 00a5 21       		.byte	0x21
 1419 00a6 9F       		.byte	0x9f
 1420 00a7 30000000 		.4byte	.LVL11
 1421 00ab 34000000 		.4byte	.LVL13
 1422 00af 1200     		.2byte	0x12
 1423 00b1 73       		.byte	0x73
 1424 00b2 00       		.sleb128 0
 1425 00b3 94       		.byte	0x94
 1426 00b4 01       		.byte	0x1
 1427 00b5 08       		.byte	0x8
 1428 00b6 FF       		.byte	0xff
 1429 00b7 1A       		.byte	0x1a
 1430 00b8 38       		.byte	0x38
 1431 00b9 24       		.byte	0x24
 1432 00ba 71       		.byte	0x71
 1433 00bb 7F       		.sleb128 -1
 1434 00bc 94       		.byte	0x94
 1435 00bd 01       		.byte	0x1
 1436 00be 08       		.byte	0x8
 1437 00bf FF       		.byte	0xff
 1438 00c0 1A       		.byte	0x1a
 1439 00c1 21       		.byte	0x21
 1440 00c2 9F       		.byte	0x9f
 1441 00c3 34000000 		.4byte	.LVL13
 1442 00c7 36000000 		.4byte	.LVL14
 1443 00cb 1200     		.2byte	0x12
 1444 00cd 73       		.byte	0x73
 1445 00ce 00       		.sleb128 0
 1446 00cf 94       		.byte	0x94
 1447 00d0 01       		.byte	0x1
 1448 00d1 08       		.byte	0x8
 1449 00d2 FF       		.byte	0xff
 1450 00d3 1A       		.byte	0x1a
 1451 00d4 38       		.byte	0x38
 1452 00d5 24       		.byte	0x24
 1453 00d6 71       		.byte	0x71
 1454 00d7 00       		.sleb128 0
 1455 00d8 94       		.byte	0x94
 1456 00d9 01       		.byte	0x1
 1457 00da 08       		.byte	0x8
 1458 00db FF       		.byte	0xff
 1459 00dc 1A       		.byte	0x1a
 1460 00dd 21       		.byte	0x21
 1461 00de 9F       		.byte	0x9f
ARM GAS  C:\Users\glenn\AppData\Local\Temp\ccnPEDOu.s 			page 29


 1462 00df 36000000 		.4byte	.LVL14
 1463 00e3 38000000 		.4byte	.LVL15
 1464 00e7 1000     		.2byte	0x10
 1465 00e9 70       		.byte	0x70
 1466 00ea 00       		.sleb128 0
 1467 00eb 08       		.byte	0x8
 1468 00ec FF       		.byte	0xff
 1469 00ed 1A       		.byte	0x1a
 1470 00ee 38       		.byte	0x38
 1471 00ef 24       		.byte	0x24
 1472 00f0 71       		.byte	0x71
 1473 00f1 00       		.sleb128 0
 1474 00f2 94       		.byte	0x94
 1475 00f3 01       		.byte	0x1
 1476 00f4 08       		.byte	0x8
 1477 00f5 FF       		.byte	0xff
 1478 00f6 1A       		.byte	0x1a
 1479 00f7 21       		.byte	0x21
 1480 00f8 9F       		.byte	0x9f
 1481 00f9 38000000 		.4byte	.LVL15
 1482 00fd 46000000 		.4byte	.LVL17
 1483 0101 1800     		.2byte	0x18
 1484 0103 7C       		.byte	0x7c
 1485 0104 00       		.sleb128 0
 1486 0105 F3       		.byte	0xf3
 1487 0106 01       		.uleb128 0x1
 1488 0107 50       		.byte	0x50
 1489 0108 22       		.byte	0x22
 1490 0109 32       		.byte	0x32
 1491 010a 1C       		.byte	0x1c
 1492 010b 94       		.byte	0x94
 1493 010c 01       		.byte	0x1
 1494 010d 08       		.byte	0x8
 1495 010e FF       		.byte	0xff
 1496 010f 1A       		.byte	0x1a
 1497 0110 38       		.byte	0x38
 1498 0111 24       		.byte	0x24
 1499 0112 71       		.byte	0x71
 1500 0113 00       		.sleb128 0
 1501 0114 94       		.byte	0x94
 1502 0115 01       		.byte	0x1
 1503 0116 08       		.byte	0x8
 1504 0117 FF       		.byte	0xff
 1505 0118 1A       		.byte	0x1a
 1506 0119 21       		.byte	0x21
 1507 011a 9F       		.byte	0x9f
 1508 011b 00000000 		.4byte	0
 1509 011f 00000000 		.4byte	0
 1510              	.LLST3:
 1511 0123 2A000000 		.4byte	.LVL9
 1512 0127 2E000000 		.4byte	.LVL10
 1513 012b 2600     		.2byte	0x26
 1514 012d 7C       		.byte	0x7c
 1515 012e 00       		.sleb128 0
 1516 012f 70       		.byte	0x70
 1517 0130 00       		.sleb128 0
 1518 0131 22       		.byte	0x22
ARM GAS  C:\Users\glenn\AppData\Local\Temp\ccnPEDOu.s 			page 30


 1519 0132 32       		.byte	0x32
 1520 0133 1C       		.byte	0x1c
 1521 0134 94       		.byte	0x94
 1522 0135 01       		.byte	0x1
 1523 0136 08       		.byte	0x8
 1524 0137 FF       		.byte	0xff
 1525 0138 1A       		.byte	0x1a
 1526 0139 38       		.byte	0x38
 1527 013a 24       		.byte	0x24
 1528 013b 7C       		.byte	0x7c
 1529 013c 00       		.sleb128 0
 1530 013d 70       		.byte	0x70
 1531 013e 00       		.sleb128 0
 1532 013f 22       		.byte	0x22
 1533 0140 31       		.byte	0x31
 1534 0141 1C       		.byte	0x1c
 1535 0142 94       		.byte	0x94
 1536 0143 01       		.byte	0x1
 1537 0144 08       		.byte	0x8
 1538 0145 FF       		.byte	0xff
 1539 0146 1A       		.byte	0x1a
 1540 0147 21       		.byte	0x21
 1541 0148 40       		.byte	0x40
 1542 0149 24       		.byte	0x24
 1543 014a 72       		.byte	0x72
 1544 014b 00       		.sleb128 0
 1545 014c 40       		.byte	0x40
 1546 014d 24       		.byte	0x24
 1547 014e 29       		.byte	0x29
 1548 014f 08       		.byte	0x8
 1549 0150 FF       		.byte	0xff
 1550 0151 1A       		.byte	0x1a
 1551 0152 9F       		.byte	0x9f
 1552 0153 2E000000 		.4byte	.LVL10
 1553 0157 32000000 		.4byte	.LVL12
 1554 015b 2100     		.2byte	0x21
 1555 015d 71       		.byte	0x71
 1556 015e 7E       		.sleb128 -2
 1557 015f 94       		.byte	0x94
 1558 0160 01       		.byte	0x1
 1559 0161 08       		.byte	0x8
 1560 0162 FF       		.byte	0xff
 1561 0163 1A       		.byte	0x1a
 1562 0164 38       		.byte	0x38
 1563 0165 24       		.byte	0x24
 1564 0166 7C       		.byte	0x7c
 1565 0167 00       		.sleb128 0
 1566 0168 70       		.byte	0x70
 1567 0169 00       		.sleb128 0
 1568 016a 22       		.byte	0x22
 1569 016b 31       		.byte	0x31
 1570 016c 1C       		.byte	0x1c
 1571 016d 94       		.byte	0x94
 1572 016e 01       		.byte	0x1
 1573 016f 08       		.byte	0x8
 1574 0170 FF       		.byte	0xff
 1575 0171 1A       		.byte	0x1a
ARM GAS  C:\Users\glenn\AppData\Local\Temp\ccnPEDOu.s 			page 31


 1576 0172 21       		.byte	0x21
 1577 0173 40       		.byte	0x40
 1578 0174 24       		.byte	0x24
 1579 0175 72       		.byte	0x72
 1580 0176 00       		.sleb128 0
 1581 0177 40       		.byte	0x40
 1582 0178 24       		.byte	0x24
 1583 0179 29       		.byte	0x29
 1584 017a 08       		.byte	0x8
 1585 017b FF       		.byte	0xff
 1586 017c 1A       		.byte	0x1a
 1587 017d 9F       		.byte	0x9f
 1588 017e 32000000 		.4byte	.LVL12
 1589 0182 34000000 		.4byte	.LVL13
 1590 0186 2200     		.2byte	0x22
 1591 0188 71       		.byte	0x71
 1592 0189 7E       		.sleb128 -2
 1593 018a 94       		.byte	0x94
 1594 018b 01       		.byte	0x1
 1595 018c 08       		.byte	0x8
 1596 018d FF       		.byte	0xff
 1597 018e 1A       		.byte	0x1a
 1598 018f 38       		.byte	0x38
 1599 0190 24       		.byte	0x24
 1600 0191 7C       		.byte	0x7c
 1601 0192 00       		.sleb128 0
 1602 0193 F3       		.byte	0xf3
 1603 0194 01       		.uleb128 0x1
 1604 0195 50       		.byte	0x50
 1605 0196 22       		.byte	0x22
 1606 0197 31       		.byte	0x31
 1607 0198 1C       		.byte	0x1c
 1608 0199 94       		.byte	0x94
 1609 019a 01       		.byte	0x1
 1610 019b 08       		.byte	0x8
 1611 019c FF       		.byte	0xff
 1612 019d 1A       		.byte	0x1a
 1613 019e 21       		.byte	0x21
 1614 019f 40       		.byte	0x40
 1615 01a0 24       		.byte	0x24
 1616 01a1 72       		.byte	0x72
 1617 01a2 00       		.sleb128 0
 1618 01a3 40       		.byte	0x40
 1619 01a4 24       		.byte	0x24
 1620 01a5 29       		.byte	0x29
 1621 01a6 08       		.byte	0x8
 1622 01a7 FF       		.byte	0xff
 1623 01a8 1A       		.byte	0x1a
 1624 01a9 9F       		.byte	0x9f
 1625 01aa 34000000 		.4byte	.LVL13
 1626 01ae 40000000 		.4byte	.LVL16
 1627 01b2 1C00     		.2byte	0x1c
 1628 01b4 71       		.byte	0x71
 1629 01b5 7F       		.sleb128 -1
 1630 01b6 94       		.byte	0x94
 1631 01b7 01       		.byte	0x1
 1632 01b8 08       		.byte	0x8
ARM GAS  C:\Users\glenn\AppData\Local\Temp\ccnPEDOu.s 			page 32


 1633 01b9 FF       		.byte	0xff
 1634 01ba 1A       		.byte	0x1a
 1635 01bb 38       		.byte	0x38
 1636 01bc 24       		.byte	0x24
 1637 01bd 71       		.byte	0x71
 1638 01be 00       		.sleb128 0
 1639 01bf 94       		.byte	0x94
 1640 01c0 01       		.byte	0x1
 1641 01c1 08       		.byte	0x8
 1642 01c2 FF       		.byte	0xff
 1643 01c3 1A       		.byte	0x1a
 1644 01c4 21       		.byte	0x21
 1645 01c5 40       		.byte	0x40
 1646 01c6 24       		.byte	0x24
 1647 01c7 72       		.byte	0x72
 1648 01c8 00       		.sleb128 0
 1649 01c9 40       		.byte	0x40
 1650 01ca 24       		.byte	0x24
 1651 01cb 29       		.byte	0x29
 1652 01cc 08       		.byte	0x8
 1653 01cd FF       		.byte	0xff
 1654 01ce 1A       		.byte	0x1a
 1655 01cf 9F       		.byte	0x9f
 1656 01d0 00000000 		.4byte	0
 1657 01d4 00000000 		.4byte	0
 1658              	.LLST4:
 1659 01d8 00000000 		.4byte	.LVL0
 1660 01dc 12000000 		.4byte	.LVL1
 1661 01e0 0100     		.2byte	0x1
 1662 01e2 51       		.byte	0x51
 1663 01e3 12000000 		.4byte	.LVL1
 1664 01e7 16000000 		.4byte	.LVL2
 1665 01eb 0100     		.2byte	0x1
 1666 01ed 54       		.byte	0x54
 1667 01ee 16000000 		.4byte	.LVL2
 1668 01f2 1A000000 		.4byte	.LVL3
 1669 01f6 0300     		.2byte	0x3
 1670 01f8 74       		.byte	0x74
 1671 01f9 01       		.sleb128 1
 1672 01fa 9F       		.byte	0x9f
 1673 01fb 1A000000 		.4byte	.LVL3
 1674 01ff 2A000000 		.4byte	.LVL9
 1675 0203 0100     		.2byte	0x1
 1676 0205 54       		.byte	0x54
 1677 0206 46000000 		.4byte	.LVL17
 1678 020a 58000000 		.4byte	.LFE62
 1679 020e 0100     		.2byte	0x1
 1680 0210 51       		.byte	0x51
 1681 0211 00000000 		.4byte	0
 1682 0215 00000000 		.4byte	0
 1683              	.LLST5:
 1684 0219 00000000 		.4byte	.LVL0
 1685 021d 16000000 		.4byte	.LVL2
 1686 0221 0300     		.2byte	0x3
 1687 0223 70       		.byte	0x70
 1688 0224 7D       		.sleb128 -3
 1689 0225 9F       		.byte	0x9f
ARM GAS  C:\Users\glenn\AppData\Local\Temp\ccnPEDOu.s 			page 33


 1690 0226 16000000 		.4byte	.LVL2
 1691 022a 1A000000 		.4byte	.LVL3
 1692 022e 0B00     		.2byte	0xb
 1693 0230 7C       		.byte	0x7c
 1694 0231 00       		.sleb128 0
 1695 0232 70       		.byte	0x70
 1696 0233 00       		.sleb128 0
 1697 0234 22       		.byte	0x22
 1698 0235 74       		.byte	0x74
 1699 0236 00       		.sleb128 0
 1700 0237 1C       		.byte	0x1c
 1701 0238 33       		.byte	0x33
 1702 0239 1C       		.byte	0x1c
 1703 023a 9F       		.byte	0x9f
 1704 023b 1A000000 		.4byte	.LVL3
 1705 023f 22000000 		.4byte	.LVL7
 1706 0243 0B00     		.2byte	0xb
 1707 0245 7C       		.byte	0x7c
 1708 0246 00       		.sleb128 0
 1709 0247 70       		.byte	0x70
 1710 0248 00       		.sleb128 0
 1711 0249 22       		.byte	0x22
 1712 024a 74       		.byte	0x74
 1713 024b 00       		.sleb128 0
 1714 024c 1C       		.byte	0x1c
 1715 024d 32       		.byte	0x32
 1716 024e 1C       		.byte	0x1c
 1717 024f 9F       		.byte	0x9f
 1718 0250 46000000 		.4byte	.LVL17
 1719 0254 58000000 		.4byte	.LFE62
 1720 0258 0300     		.2byte	0x3
 1721 025a 70       		.byte	0x70
 1722 025b 7D       		.sleb128 -3
 1723 025c 9F       		.byte	0x9f
 1724 025d 00000000 		.4byte	0
 1725 0261 00000000 		.4byte	0
 1726              	.LLST6:
 1727 0265 00000000 		.4byte	.LVL0
 1728 0269 16000000 		.4byte	.LVL2
 1729 026d 0300     		.2byte	0x3
 1730 026f 09       		.byte	0x9
 1731 0270 FF       		.byte	0xff
 1732 0271 9F       		.byte	0x9f
 1733 0272 16000000 		.4byte	.LVL2
 1734 0276 1E000000 		.4byte	.LVL5
 1735 027a 0100     		.2byte	0x1
 1736 027c 52       		.byte	0x52
 1737 027d 20000000 		.4byte	.LVL6
 1738 0281 28000000 		.4byte	.LVL8
 1739 0285 0100     		.2byte	0x1
 1740 0287 52       		.byte	0x52
 1741 0288 46000000 		.4byte	.LVL17
 1742 028c 58000000 		.4byte	.LFE62
 1743 0290 0300     		.2byte	0x3
 1744 0292 09       		.byte	0x9
 1745 0293 FF       		.byte	0xff
 1746 0294 9F       		.byte	0x9f
ARM GAS  C:\Users\glenn\AppData\Local\Temp\ccnPEDOu.s 			page 34


 1747 0295 00000000 		.4byte	0
 1748 0299 00000000 		.4byte	0
 1749              	.LLST7:
 1750 029d 00000000 		.4byte	.LVL0
 1751 02a1 16000000 		.4byte	.LVL2
 1752 02a5 0300     		.2byte	0x3
 1753 02a7 09       		.byte	0x9
 1754 02a8 FF       		.byte	0xff
 1755 02a9 9F       		.byte	0x9f
 1756 02aa 16000000 		.4byte	.LVL2
 1757 02ae 2A000000 		.4byte	.LVL9
 1758 02b2 0100     		.2byte	0x1
 1759 02b4 55       		.byte	0x55
 1760 02b5 46000000 		.4byte	.LVL17
 1761 02b9 58000000 		.4byte	.LFE62
 1762 02bd 0300     		.2byte	0x3
 1763 02bf 09       		.byte	0x9
 1764 02c0 FF       		.byte	0xff
 1765 02c1 9F       		.byte	0x9f
 1766 02c2 00000000 		.4byte	0
 1767 02c6 00000000 		.4byte	0
 1768              	.LLST8:
 1769 02ca 1C000000 		.4byte	.LVL4
 1770 02ce 2A000000 		.4byte	.LVL9
 1771 02d2 0100     		.2byte	0x1
 1772 02d4 53       		.byte	0x53
 1773 02d5 00000000 		.4byte	0
 1774 02d9 00000000 		.4byte	0
 1775              	.LLST9:
 1776 02dd 00000000 		.4byte	.LVL18
 1777 02e1 2E000000 		.4byte	.LVL27
 1778 02e5 0100     		.2byte	0x1
 1779 02e7 50       		.byte	0x50
 1780 02e8 2E000000 		.4byte	.LVL27
 1781 02ec 32000000 		.4byte	.LVL28
 1782 02f0 0300     		.2byte	0x3
 1783 02f2 70       		.byte	0x70
 1784 02f3 01       		.sleb128 1
 1785 02f4 9F       		.byte	0x9f
 1786 02f5 32000000 		.4byte	.LVL28
 1787 02f9 36000000 		.4byte	.LVL29
 1788 02fd 0300     		.2byte	0x3
 1789 02ff 70       		.byte	0x70
 1790 0300 02       		.sleb128 2
 1791 0301 9F       		.byte	0x9f
 1792 0302 36000000 		.4byte	.LVL29
 1793 0306 48000000 		.4byte	.LFE63
 1794 030a 0100     		.2byte	0x1
 1795 030c 50       		.byte	0x50
 1796 030d 00000000 		.4byte	0
 1797 0311 00000000 		.4byte	0
 1798              	.LLST10:
 1799 0315 00000000 		.4byte	.LVL18
 1800 0319 14000000 		.4byte	.LVL19
 1801 031d 0100     		.2byte	0x1
 1802 031f 51       		.byte	0x51
 1803 0320 14000000 		.4byte	.LVL19
ARM GAS  C:\Users\glenn\AppData\Local\Temp\ccnPEDOu.s 			page 35


 1804 0324 36000000 		.4byte	.LVL29
 1805 0328 0100     		.2byte	0x1
 1806 032a 5C       		.byte	0x5c
 1807 032b 36000000 		.4byte	.LVL29
 1808 032f 48000000 		.4byte	.LFE63
 1809 0333 0100     		.2byte	0x1
 1810 0335 51       		.byte	0x51
 1811 0336 00000000 		.4byte	0
 1812 033a 00000000 		.4byte	0
 1813              	.LLST11:
 1814 033e 00000000 		.4byte	.LVL18
 1815 0342 14000000 		.4byte	.LVL19
 1816 0346 0100     		.2byte	0x1
 1817 0348 51       		.byte	0x51
 1818 0349 14000000 		.4byte	.LVL19
 1819 034d 18000000 		.4byte	.LVL20
 1820 0351 0300     		.2byte	0x3
 1821 0353 74       		.byte	0x74
 1822 0354 01       		.sleb128 1
 1823 0355 9F       		.byte	0x9f
 1824 0356 18000000 		.4byte	.LVL20
 1825 035a 2E000000 		.4byte	.LVL27
 1826 035e 0100     		.2byte	0x1
 1827 0360 54       		.byte	0x54
 1828 0361 36000000 		.4byte	.LVL29
 1829 0365 48000000 		.4byte	.LFE63
 1830 0369 0100     		.2byte	0x1
 1831 036b 51       		.byte	0x51
 1832 036c 00000000 		.4byte	0
 1833 0370 00000000 		.4byte	0
 1834              	.LLST12:
 1835 0374 00000000 		.4byte	.LVL18
 1836 0378 14000000 		.4byte	.LVL19
 1837 037c 0300     		.2byte	0x3
 1838 037e 70       		.byte	0x70
 1839 037f 7F       		.sleb128 -1
 1840 0380 9F       		.byte	0x9f
 1841 0381 14000000 		.4byte	.LVL19
 1842 0385 18000000 		.4byte	.LVL20
 1843 0389 0A00     		.2byte	0xa
 1844 038b 74       		.byte	0x74
 1845 038c 00       		.sleb128 0
 1846 038d 20       		.byte	0x20
 1847 038e 7C       		.byte	0x7c
 1848 038f 00       		.sleb128 0
 1849 0390 22       		.byte	0x22
 1850 0391 70       		.byte	0x70
 1851 0392 00       		.sleb128 0
 1852 0393 22       		.byte	0x22
 1853 0394 9F       		.byte	0x9f
 1854 0395 18000000 		.4byte	.LVL20
 1855 0399 20000000 		.4byte	.LVL24
 1856 039d 0900     		.2byte	0x9
 1857 039f 7C       		.byte	0x7c
 1858 03a0 00       		.sleb128 0
 1859 03a1 74       		.byte	0x74
 1860 03a2 00       		.sleb128 0
ARM GAS  C:\Users\glenn\AppData\Local\Temp\ccnPEDOu.s 			page 36


 1861 03a3 1C       		.byte	0x1c
 1862 03a4 70       		.byte	0x70
 1863 03a5 00       		.sleb128 0
 1864 03a6 22       		.byte	0x22
 1865 03a7 9F       		.byte	0x9f
 1866 03a8 36000000 		.4byte	.LVL29
 1867 03ac 48000000 		.4byte	.LFE63
 1868 03b0 0300     		.2byte	0x3
 1869 03b2 70       		.byte	0x70
 1870 03b3 7F       		.sleb128 -1
 1871 03b4 9F       		.byte	0x9f
 1872 03b5 00000000 		.4byte	0
 1873 03b9 00000000 		.4byte	0
 1874              	.LLST13:
 1875 03bd 00000000 		.4byte	.LVL18
 1876 03c1 14000000 		.4byte	.LVL19
 1877 03c5 0300     		.2byte	0x3
 1878 03c7 09       		.byte	0x9
 1879 03c8 FF       		.byte	0xff
 1880 03c9 9F       		.byte	0x9f
 1881 03ca 14000000 		.4byte	.LVL19
 1882 03ce 1C000000 		.4byte	.LVL22
 1883 03d2 0100     		.2byte	0x1
 1884 03d4 52       		.byte	0x52
 1885 03d5 1E000000 		.4byte	.LVL23
 1886 03d9 26000000 		.4byte	.LVL25
 1887 03dd 0100     		.2byte	0x1
 1888 03df 52       		.byte	0x52
 1889 03e0 36000000 		.4byte	.LVL29
 1890 03e4 48000000 		.4byte	.LFE63
 1891 03e8 0300     		.2byte	0x3
 1892 03ea 09       		.byte	0x9
 1893 03eb FF       		.byte	0xff
 1894 03ec 9F       		.byte	0x9f
 1895 03ed 00000000 		.4byte	0
 1896 03f1 00000000 		.4byte	0
 1897              	.LLST14:
 1898 03f5 00000000 		.4byte	.LVL18
 1899 03f9 14000000 		.4byte	.LVL19
 1900 03fd 0300     		.2byte	0x3
 1901 03ff 09       		.byte	0x9
 1902 0400 FF       		.byte	0xff
 1903 0401 9F       		.byte	0x9f
 1904 0402 14000000 		.4byte	.LVL19
 1905 0406 2E000000 		.4byte	.LVL27
 1906 040a 0100     		.2byte	0x1
 1907 040c 55       		.byte	0x55
 1908 040d 36000000 		.4byte	.LVL29
 1909 0411 48000000 		.4byte	.LFE63
 1910 0415 0300     		.2byte	0x3
 1911 0417 09       		.byte	0x9
 1912 0418 FF       		.byte	0xff
 1913 0419 9F       		.byte	0x9f
 1914 041a 00000000 		.4byte	0
 1915 041e 00000000 		.4byte	0
 1916              	.LLST15:
 1917 0422 1A000000 		.4byte	.LVL21
ARM GAS  C:\Users\glenn\AppData\Local\Temp\ccnPEDOu.s 			page 37


 1918 0426 2A000000 		.4byte	.LVL26
 1919 042a 0100     		.2byte	0x1
 1920 042c 53       		.byte	0x53
 1921 042d 00000000 		.4byte	0
 1922 0431 00000000 		.4byte	0
 1923              		.section	.debug_aranges,"",%progbits
 1924 0000 24000000 		.4byte	0x24
 1925 0004 0200     		.2byte	0x2
 1926 0006 00000000 		.4byte	.Ldebug_info0
 1927 000a 04       		.byte	0x4
 1928 000b 00       		.byte	0
 1929 000c 0000     		.2byte	0
 1930 000e 0000     		.2byte	0
 1931 0010 00000000 		.4byte	.LFB62
 1932 0014 58000000 		.4byte	.LFE62-.LFB62
 1933 0018 00000000 		.4byte	.LFB63
 1934 001c 48000000 		.4byte	.LFE63-.LFB63
 1935 0020 00000000 		.4byte	0
 1936 0024 00000000 		.4byte	0
 1937              		.section	.debug_ranges,"",%progbits
 1938              	.Ldebug_ranges0:
 1939 0000 04000000 		.4byte	.LBB6
 1940 0004 2A000000 		.4byte	.LBE6
 1941 0008 46000000 		.4byte	.LBB9
 1942 000c 58000000 		.4byte	.LBE9
 1943 0010 00000000 		.4byte	0
 1944 0014 00000000 		.4byte	0
 1945 0018 04000000 		.4byte	.LBB10
 1946 001c 2E000000 		.4byte	.LBE10
 1947 0020 36000000 		.4byte	.LBB13
 1948 0024 48000000 		.4byte	.LBE13
 1949 0028 00000000 		.4byte	0
 1950 002c 00000000 		.4byte	0
 1951 0030 00000000 		.4byte	.LFB62
 1952 0034 58000000 		.4byte	.LFE62
 1953 0038 00000000 		.4byte	.LFB63
 1954 003c 48000000 		.4byte	.LFE63
 1955 0040 00000000 		.4byte	0
 1956 0044 00000000 		.4byte	0
 1957              		.section	.debug_line,"",%progbits
 1958              	.Ldebug_line0:
 1959 0000 95010000 		.section	.debug_str,"MS",%progbits,1
 1959      02004B01 
 1959      00000201 
 1959      FB0E0D00 
 1959      01010101 
 1960              	.LASF27:
 1961 0000 7461626C 		.ascii	"table_crc_hi\000"
 1961      655F6372 
 1961      635F6869 
 1961      00
 1962              	.LASF9:
 1963 000d 5F5F7569 		.ascii	"__uint8_t\000"
 1963      6E74385F 
 1963      7400
 1964              	.LASF23:
 1965 0017 6372635F 		.ascii	"crc_received\000"
ARM GAS  C:\Users\glenn\AppData\Local\Temp\ccnPEDOu.s 			page 38


 1965      72656365 
 1965      69766564 
 1965      00
 1966              	.LASF20:
 1967 0024 6372635F 		.ascii	"crc_lo\000"
 1967      6C6F00
 1968              	.LASF17:
 1969 002b 62756666 		.ascii	"buffer_length\000"
 1969      65725F6C 
 1969      656E6774 
 1969      6800
 1970              	.LASF26:
 1971 0039 6F75745F 		.ascii	"out_buffer\000"
 1971      62756666 
 1971      657200
 1972              	.LASF3:
 1973 0044 73686F72 		.ascii	"short unsigned int\000"
 1973      7420756E 
 1973      7369676E 
 1973      65642069 
 1973      6E7400
 1974              	.LASF28:
 1975 0057 7461626C 		.ascii	"table_crc_lo\000"
 1975      655F6372 
 1975      635F6C6F 
 1975      00
 1976              	.LASF24:
 1977 0064 73746174 		.ascii	"status\000"
 1977      757300
 1978              	.LASF25:
 1979 006b 6F75745F 		.ascii	"out_length\000"
 1979      6C656E67 
 1979      746800
 1980              	.LASF13:
 1981 0076 666C6F61 		.ascii	"float\000"
 1981      7400
 1982              	.LASF22:
 1983 007c 6372635F 		.ascii	"crc_calculated\000"
 1983      63616C63 
 1983      756C6174 
 1983      656400
 1984              	.LASF29:
 1985 008b 474E5520 		.ascii	"GNU C 4.9.3 20150303 (release) [ARM/embedded-4_9-br"
 1985      4320342E 
 1985      392E3320 
 1985      32303135 
 1985      30333033 
 1986 00be 616E6368 		.ascii	"anch revision 221220] -mcpu=cortex-m0 -mthumb -g -O"
 1986      20726576 
 1986      6973696F 
 1986      6E203232 
 1986      31323230 
 1987 00f1 32202D66 		.ascii	"2 -ffunction-sections -finline-functions -ffat-lto-"
 1987      66756E63 
 1987      74696F6E 
 1987      2D736563 
 1987      74696F6E 
ARM GAS  C:\Users\glenn\AppData\Local\Temp\ccnPEDOu.s 			page 39


 1988 0124 6F626A65 		.ascii	"objects\000"
 1988      63747300 
 1989              	.LASF1:
 1990 012c 756E7369 		.ascii	"unsigned char\000"
 1990      676E6564 
 1990      20636861 
 1990      7200
 1991              	.LASF30:
 1992 013a 7274755F 		.ascii	"rtu_modbus\\process_crc.c\000"
 1992      6D6F6462 
 1992      75735C70 
 1992      726F6365 
 1992      73735F63 
 1993              	.LASF5:
 1994 0153 6C6F6E67 		.ascii	"long unsigned int\000"
 1994      20756E73 
 1994      69676E65 
 1994      6420696E 
 1994      7400
 1995              	.LASF11:
 1996 0165 75696E74 		.ascii	"uint8\000"
 1996      3800
 1997              	.LASF33:
 1998 016b 636F6D70 		.ascii	"compute_crc\000"
 1998      7574655F 
 1998      63726300 
 1999              	.LASF14:
 2000 0177 646F7562 		.ascii	"double\000"
 2000      6C6500
 2001              	.LASF12:
 2002 017e 75696E74 		.ascii	"uint16\000"
 2002      313600
 2003              	.LASF8:
 2004 0185 756E7369 		.ascii	"unsigned int\000"
 2004      676E6564 
 2004      20696E74 
 2004      00
 2005              	.LASF7:
 2006 0192 6C6F6E67 		.ascii	"long long unsigned int\000"
 2006      206C6F6E 
 2006      6720756E 
 2006      7369676E 
 2006      65642069 
 2007              	.LASF10:
 2008 01a9 75696E74 		.ascii	"uint8_t\000"
 2008      385F7400 
 2009              	.LASF34:
 2010 01b1 61707065 		.ascii	"append_crc\000"
 2010      6E645F63 
 2010      726300
 2011              	.LASF16:
 2012 01bc 73697A65 		.ascii	"sizetype\000"
 2012      74797065 
 2012      00
 2013              	.LASF6:
 2014 01c5 6C6F6E67 		.ascii	"long long int\000"
 2014      206C6F6E 
ARM GAS  C:\Users\glenn\AppData\Local\Temp\ccnPEDOu.s 			page 40


 2014      6720696E 
 2014      7400
 2015              	.LASF15:
 2016 01d3 63686172 		.ascii	"char\000"
 2016      00
 2017              	.LASF2:
 2018 01d8 73686F72 		.ascii	"short int\000"
 2018      7420696E 
 2018      7400
 2019              	.LASF18:
 2020 01e2 62756666 		.ascii	"buffer\000"
 2020      657200
 2021              	.LASF32:
 2022 01e9 63726331 		.ascii	"crc16\000"
 2022      3600
 2023              	.LASF4:
 2024 01ef 6C6F6E67 		.ascii	"long int\000"
 2024      20696E74 
 2024      00
 2025              	.LASF19:
 2026 01f8 6372635F 		.ascii	"crc_hi\000"
 2026      686900
 2027              	.LASF31:
 2028 01ff 433A5C55 		.ascii	"C:\\Users\\glenn\\OneDrive\\PSOC\\moisture_sensor_4"
 2028      73657273 
 2028      5C676C65 
 2028      6E6E5C4F 
 2028      6E654472 
 2029 022d 6D5C4D6F 		.ascii	"m\\Moisture_Sensor\\Moisture_Sensor.cydsn\000"
 2029      69737475 
 2029      72655F53 
 2029      656E736F 
 2029      725C4D6F 
 2030              	.LASF0:
 2031 0255 7369676E 		.ascii	"signed char\000"
 2031      65642063 
 2031      68617200 
 2032              	.LASF21:
 2033 0261 6C656E67 		.ascii	"length\000"
 2033      746800
 2034              		.ident	"GCC: (GNU Tools for ARM Embedded Processors) 4.9.3 20150303 (release) [ARM/embedded-4_9-br
