ARM GAS  C:\Users\glenn\AppData\Local\Temp\ccnEihoi.s 			page 1


   1              		.cpu cortex-m0
   2              		.fpu softvfp
   3              		.eabi_attribute 20, 1
   4              		.eabi_attribute 21, 1
   5              		.eabi_attribute 23, 3
   6              		.eabi_attribute 24, 1
   7              		.eabi_attribute 25, 1
   8              		.eabi_attribute 26, 1
   9              		.eabi_attribute 30, 6
  10              		.eabi_attribute 34, 0
  11              		.eabi_attribute 18, 4
  12              		.code	16
  13              		.file	"process_type_24_message.c"
  14              		.text
  15              	.Ltext0:
  16              		.cfi_sections	.debug_frame
  17              		.section	.text.swap_16,"ax",%progbits
  18              		.align	2
  19              		.code	16
  20              		.thumb_func
  21              		.type	swap_16, %function
  22              	swap_16:
  23              	.LFB62:
  24              		.file 1 "rtu_modbus\\modbus_utilities.h"
   1:rtu_modbus/modbus_utilities.h **** /*
   2:rtu_modbus/modbus_utilities.h **** **
   3:rtu_modbus/modbus_utilities.h **** ** File: modbus_utilities.h
   4:rtu_modbus/modbus_utilities.h **** ** File for shuffling bytes for network ordering
   5:rtu_modbus/modbus_utilities.h **** **
   6:rtu_modbus/modbus_utilities.h **** **
   7:rtu_modbus/modbus_utilities.h **** **
   8:rtu_modbus/modbus_utilities.h **** */
   9:rtu_modbus/modbus_utilities.h **** 
  10:rtu_modbus/modbus_utilities.h **** #ifndef _MODBUS_UTILITES_H_
  11:rtu_modbus/modbus_utilities.h **** #define _MODBUS_UTILITES_H_
  12:rtu_modbus/modbus_utilities.h **** 
  13:rtu_modbus/modbus_utilities.h **** #include <project.h>
  14:rtu_modbus/modbus_utilities.h ****   
  15:rtu_modbus/modbus_utilities.h **** 
  16:rtu_modbus/modbus_utilities.h **** 
  17:rtu_modbus/modbus_utilities.h ****     
  18:rtu_modbus/modbus_utilities.h **** static inline void swap_16( uint8 *input )
  19:rtu_modbus/modbus_utilities.h **** {
  25              		.loc 1 19 0
  26              		.cfi_startproc
  27 0000 80B5     		push	{r7, lr}
  28              		.cfi_def_cfa_offset 8
  29              		.cfi_offset 7, -8
  30              		.cfi_offset 14, -4
  31 0002 84B0     		sub	sp, sp, #16
  32              		.cfi_def_cfa_offset 24
  33 0004 00AF     		add	r7, sp, #0
  34              		.cfi_def_cfa_register 7
  35 0006 7860     		str	r0, [r7, #4]
  20:rtu_modbus/modbus_utilities.h ****     uint8 temp;
  21:rtu_modbus/modbus_utilities.h ****     uint8 *swap_ptr;
  22:rtu_modbus/modbus_utilities.h ****     
ARM GAS  C:\Users\glenn\AppData\Local\Temp\ccnEihoi.s 			page 2


  23:rtu_modbus/modbus_utilities.h ****     swap_ptr = input+1;
  36              		.loc 1 23 0
  37 0008 7B68     		ldr	r3, [r7, #4]
  38 000a 0133     		add	r3, r3, #1
  39 000c FB60     		str	r3, [r7, #12]
  24:rtu_modbus/modbus_utilities.h ****     temp     = *input;
  40              		.loc 1 24 0
  41 000e 0B23     		mov	r3, #11
  42 0010 FB18     		add	r3, r7, r3
  43 0012 7A68     		ldr	r2, [r7, #4]
  44 0014 1278     		ldrb	r2, [r2]
  45 0016 1A70     		strb	r2, [r3]
  25:rtu_modbus/modbus_utilities.h ****     *input   = *swap_ptr;
  46              		.loc 1 25 0
  47 0018 FB68     		ldr	r3, [r7, #12]
  48 001a 1A78     		ldrb	r2, [r3]
  49 001c 7B68     		ldr	r3, [r7, #4]
  50 001e 1A70     		strb	r2, [r3]
  26:rtu_modbus/modbus_utilities.h ****     *swap_ptr = temp;
  51              		.loc 1 26 0
  52 0020 FB68     		ldr	r3, [r7, #12]
  53 0022 0B22     		mov	r2, #11
  54 0024 BA18     		add	r2, r7, r2
  55 0026 1278     		ldrb	r2, [r2]
  56 0028 1A70     		strb	r2, [r3]
  27:rtu_modbus/modbus_utilities.h **** 
  28:rtu_modbus/modbus_utilities.h ****       
  29:rtu_modbus/modbus_utilities.h ****    
  30:rtu_modbus/modbus_utilities.h **** }
  57              		.loc 1 30 0
  58 002a BD46     		mov	sp, r7
  59 002c 04B0     		add	sp, sp, #16
  60              		@ sp needed
  61 002e 80BD     		pop	{r7, pc}
  62              		.cfi_endproc
  63              	.LFE62:
  64              		.size	swap_16, .-swap_16
  65              		.section	.text.process_type_24_message,"ax",%progbits
  66              		.align	2
  67              		.global	process_type_24_message
  68              		.code	16
  69              		.thumb_func
  70              		.type	process_type_24_message, %function
  71              	process_type_24_message:
  72              	.LFB64:
  73              		.file 2 "rtu_modbus\\process_type_24_message.c"
   1:rtu_modbus/process_type_24_message.c **** 
   2:rtu_modbus/process_type_24_message.c **** /*
   3:rtu_modbus/process_type_24_message.c **** **   File: "process_type_24_message.h"
   4:rtu_modbus/process_type_24_message.c **** **
   5:rtu_modbus/process_type_24_message.c **** **
   6:rtu_modbus/process_type_24_message.c **** Type 24 Query FIFO
   7:rtu_modbus/process_type_24_message.c ****     
   8:rtu_modbus/process_type_24_message.c **** Query
   9:rtu_modbus/process_type_24_message.c **** Slave Address 11
  10:rtu_modbus/process_type_24_message.c **** Function 18
  11:rtu_modbus/process_type_24_message.c **** FIFO Pointer Address Hi 04
ARM GAS  C:\Users\glenn\AppData\Local\Temp\ccnEihoi.s 			page 3


  12:rtu_modbus/process_type_24_message.c **** FIFO Pointer Address Lo DE
  13:rtu_modbus/process_type_24_message.c **** Error Check (LRC or CRC) ––
  14:rtu_modbus/process_type_24_message.c **** 
  15:rtu_modbus/process_type_24_message.c **** Response
  16:rtu_modbus/process_type_24_message.c **** Slave Address 11
  17:rtu_modbus/process_type_24_message.c **** Function 18
  18:rtu_modbus/process_type_24_message.c **** Byte Count Hi 00
  19:rtu_modbus/process_type_24_message.c **** Byte Count Lo 08
  20:rtu_modbus/process_type_24_message.c **** FIFO Count Hi 00
  21:rtu_modbus/process_type_24_message.c **** FIFO Count Lo 03
  22:rtu_modbus/process_type_24_message.c **** FIFO Data Reg 1 Hi 01
  23:rtu_modbus/process_type_24_message.c **** FIFO Data Reg 1 Lo B8
  24:rtu_modbus/process_type_24_message.c **** FIFO Data Reg 2 Hi 12
  25:rtu_modbus/process_type_24_message.c **** FIFO Data Reg 2 Lo 84
  26:rtu_modbus/process_type_24_message.c **** FIFO Data Reg 3 Hi 13
  27:rtu_modbus/process_type_24_message.c **** FIFO Data Reg 3 Lo 22
  28:rtu_modbus/process_type_24_message.c **** Error Check (LRC or CRC) ––
  29:rtu_modbus/process_type_24_message.c **** */
  30:rtu_modbus/process_type_24_message.c **** 
  31:rtu_modbus/process_type_24_message.c **** 
  32:rtu_modbus/process_type_24_message.c **** 
  33:rtu_modbus/process_type_24_message.c **** 
  34:rtu_modbus/process_type_24_message.c **** #include <project.h>
  35:rtu_modbus/process_type_24_message.c **** #include "process_type_24_message.h" 
  36:rtu_modbus/process_type_24_message.c **** #include "modbus_utilities.h"
  37:rtu_modbus/process_type_24_message.c **** #include "event_fifo.h"
  38:rtu_modbus/process_type_24_message.c **** 
  39:rtu_modbus/process_type_24_message.c **** #define MAX_FIFO_NUMBER 10
  40:rtu_modbus/process_type_24_message.c **** 
  41:rtu_modbus/process_type_24_message.c **** int process_type_24_message( int in_length, uint8 *in, int out_length, uint8 *out )
  42:rtu_modbus/process_type_24_message.c **** {
  74              		.loc 2 42 0
  75              		.cfi_startproc
  76 0000 80B5     		push	{r7, lr}
  77              		.cfi_def_cfa_offset 8
  78              		.cfi_offset 7, -8
  79              		.cfi_offset 14, -4
  80 0002 8AB0     		sub	sp, sp, #40
  81              		.cfi_def_cfa_offset 48
  82 0004 00AF     		add	r7, sp, #0
  83              		.cfi_def_cfa_register 7
  84 0006 F860     		str	r0, [r7, #12]
  85 0008 B960     		str	r1, [r7, #8]
  86 000a 7A60     		str	r2, [r7, #4]
  87 000c 3B60     		str	r3, [r7]
  43:rtu_modbus/process_type_24_message.c ****     unsigned fifo_number;
  44:rtu_modbus/process_type_24_message.c ****     uint16 event_data;
  45:rtu_modbus/process_type_24_message.c ****     unsigned i;
  46:rtu_modbus/process_type_24_message.c ****     uint16 event_id;
  47:rtu_modbus/process_type_24_message.c ****     unsigned queue_index;
  48:rtu_modbus/process_type_24_message.c ****     uint16   *temp_ptr;
  49:rtu_modbus/process_type_24_message.c ****     
  50:rtu_modbus/process_type_24_message.c ****     temp_ptr = (uint16 *)out;
  88              		.loc 2 50 0
  89 000e 3B68     		ldr	r3, [r7]
  90 0010 FB61     		str	r3, [r7, #28]
  51:rtu_modbus/process_type_24_message.c ****     queue_index  = (*in++)*256;
ARM GAS  C:\Users\glenn\AppData\Local\Temp\ccnEihoi.s 			page 4


  91              		.loc 2 51 0
  92 0012 BB68     		ldr	r3, [r7, #8]
  93 0014 5A1C     		add	r2, r3, #1
  94 0016 BA60     		str	r2, [r7, #8]
  95 0018 1B78     		ldrb	r3, [r3]
  96 001a 1B02     		lsl	r3, r3, #8
  97 001c BB61     		str	r3, [r7, #24]
  52:rtu_modbus/process_type_24_message.c ****     queue_index  += (*in);
  98              		.loc 2 52 0
  99 001e BB68     		ldr	r3, [r7, #8]
 100 0020 1B78     		ldrb	r3, [r3]
 101 0022 1A1C     		mov	r2, r3
 102 0024 BB69     		ldr	r3, [r7, #24]
 103 0026 9B18     		add	r3, r3, r2
 104 0028 BB61     		str	r3, [r7, #24]
  53:rtu_modbus/process_type_24_message.c ****     if( queue_index >= EF_number_of_queues() )
 105              		.loc 2 53 0
 106 002a FFF7FEFF 		bl	EF_number_of_queues
 107 002e 021E     		sub	r2, r0, #0
 108 0030 BB69     		ldr	r3, [r7, #24]
 109 0032 9A42     		cmp	r2, r3
 110 0034 01D8     		bhi	.L3
  54:rtu_modbus/process_type_24_message.c ****     {
  55:rtu_modbus/process_type_24_message.c ****         return 0;
 111              		.loc 2 55 0
 112 0036 0023     		mov	r3, #0
 113 0038 4FE0     		b	.L8
 114              	.L3:
  56:rtu_modbus/process_type_24_message.c ****     }
  57:rtu_modbus/process_type_24_message.c ****     
  58:rtu_modbus/process_type_24_message.c ****     fifo_number = EF_elements_in_queue( queue_index );
 115              		.loc 2 58 0
 116 003a BB69     		ldr	r3, [r7, #24]
 117 003c 181C     		mov	r0, r3
 118 003e FFF7FEFF 		bl	EF_elements_in_queue
 119 0042 031C     		mov	r3, r0
 120 0044 7B62     		str	r3, [r7, #36]
  59:rtu_modbus/process_type_24_message.c ****     if( fifo_number > MAX_FIFO_NUMBER )
 121              		.loc 2 59 0
 122 0046 7B6A     		ldr	r3, [r7, #36]
 123 0048 0A2B     		cmp	r3, #10
 124 004a 01D9     		bls	.L5
  60:rtu_modbus/process_type_24_message.c ****     {
  61:rtu_modbus/process_type_24_message.c ****         fifo_number = MAX_FIFO_NUMBER;
 125              		.loc 2 61 0
 126 004c 0A23     		mov	r3, #10
 127 004e 7B62     		str	r3, [r7, #36]
 128              	.L5:
  62:rtu_modbus/process_type_24_message.c ****     }
  63:rtu_modbus/process_type_24_message.c ****     /*
  64:rtu_modbus/process_type_24_message.c ****     ** Write out byte count
  65:rtu_modbus/process_type_24_message.c ****     **
  66:rtu_modbus/process_type_24_message.c ****     */
  67:rtu_modbus/process_type_24_message.c ****     *temp_ptr = fifo_number *4;
 129              		.loc 2 67 0
 130 0050 7B6A     		ldr	r3, [r7, #36]
 131 0052 9BB2     		uxth	r3, r3
ARM GAS  C:\Users\glenn\AppData\Local\Temp\ccnEihoi.s 			page 5


 132 0054 9B00     		lsl	r3, r3, #2
 133 0056 9AB2     		uxth	r2, r3
 134 0058 FB69     		ldr	r3, [r7, #28]
 135 005a 1A80     		strh	r2, [r3]
  68:rtu_modbus/process_type_24_message.c ****     swap_16( (uint8 *)temp_ptr++ );
 136              		.loc 2 68 0
 137 005c FB69     		ldr	r3, [r7, #28]
 138 005e 9A1C     		add	r2, r3, #2
 139 0060 FA61     		str	r2, [r7, #28]
 140 0062 181C     		mov	r0, r3
 141 0064 FFF7FEFF 		bl	swap_16
  69:rtu_modbus/process_type_24_message.c ****     /*
  70:rtu_modbus/process_type_24_message.c ****     ** Write out fifo number 
  71:rtu_modbus/process_type_24_message.c ****     */
  72:rtu_modbus/process_type_24_message.c ****     *temp_ptr = fifo_number *2;
 142              		.loc 2 72 0
 143 0068 7B6A     		ldr	r3, [r7, #36]
 144 006a 9BB2     		uxth	r3, r3
 145 006c DB18     		add	r3, r3, r3
 146 006e 9AB2     		uxth	r2, r3
 147 0070 FB69     		ldr	r3, [r7, #28]
 148 0072 1A80     		strh	r2, [r3]
  73:rtu_modbus/process_type_24_message.c ****     swap_16( (uint8 *)temp_ptr++ );
 149              		.loc 2 73 0
 150 0074 FB69     		ldr	r3, [r7, #28]
 151 0076 9A1C     		add	r2, r3, #2
 152 0078 FA61     		str	r2, [r7, #28]
 153 007a 181C     		mov	r0, r3
 154 007c FFF7FEFF 		bl	swap_16
  74:rtu_modbus/process_type_24_message.c ****     
  75:rtu_modbus/process_type_24_message.c **** 
  76:rtu_modbus/process_type_24_message.c ****  
  77:rtu_modbus/process_type_24_message.c ****     for( i= 0; i < fifo_number; i ++)
 155              		.loc 2 77 0
 156 0080 0023     		mov	r3, #0
 157 0082 3B62     		str	r3, [r7, #32]
 158 0084 22E0     		b	.L6
 159              	.L7:
  78:rtu_modbus/process_type_24_message.c ****     {
  79:rtu_modbus/process_type_24_message.c ****         EF_dequeue_element( queue_index, &event_id, &event_data );
 160              		.loc 2 79 0 discriminator 3
 161 0086 B969     		ldr	r1, [r7, #24]
 162 0088 1423     		mov	r3, #20
 163 008a FA18     		add	r2, r7, r3
 164 008c 1623     		mov	r3, #22
 165 008e FB18     		add	r3, r7, r3
 166 0090 081C     		mov	r0, r1
 167 0092 111C     		mov	r1, r2
 168 0094 1A1C     		mov	r2, r3
 169 0096 FFF7FEFF 		bl	EF_dequeue_element
  80:rtu_modbus/process_type_24_message.c ****         *temp_ptr = event_id ;
 170              		.loc 2 80 0 discriminator 3
 171 009a 1423     		mov	r3, #20
 172 009c FB18     		add	r3, r7, r3
 173 009e 1A88     		ldrh	r2, [r3]
 174 00a0 FB69     		ldr	r3, [r7, #28]
 175 00a2 1A80     		strh	r2, [r3]
ARM GAS  C:\Users\glenn\AppData\Local\Temp\ccnEihoi.s 			page 6


  81:rtu_modbus/process_type_24_message.c ****         swap_16( (uint8 *)temp_ptr++ );
 176              		.loc 2 81 0 discriminator 3
 177 00a4 FB69     		ldr	r3, [r7, #28]
 178 00a6 9A1C     		add	r2, r3, #2
 179 00a8 FA61     		str	r2, [r7, #28]
 180 00aa 181C     		mov	r0, r3
 181 00ac FFF7FEFF 		bl	swap_16
  82:rtu_modbus/process_type_24_message.c ****         *temp_ptr = event_data;
 182              		.loc 2 82 0 discriminator 3
 183 00b0 1623     		mov	r3, #22
 184 00b2 FB18     		add	r3, r7, r3
 185 00b4 1A88     		ldrh	r2, [r3]
 186 00b6 FB69     		ldr	r3, [r7, #28]
 187 00b8 1A80     		strh	r2, [r3]
  83:rtu_modbus/process_type_24_message.c ****          swap_16( (uint8 *)temp_ptr++ );
 188              		.loc 2 83 0 discriminator 3
 189 00ba FB69     		ldr	r3, [r7, #28]
 190 00bc 9A1C     		add	r2, r3, #2
 191 00be FA61     		str	r2, [r7, #28]
 192 00c0 181C     		mov	r0, r3
 193 00c2 FFF7FEFF 		bl	swap_16
  77:rtu_modbus/process_type_24_message.c ****     {
 194              		.loc 2 77 0 discriminator 3
 195 00c6 3B6A     		ldr	r3, [r7, #32]
 196 00c8 0133     		add	r3, r3, #1
 197 00ca 3B62     		str	r3, [r7, #32]
 198              	.L6:
  77:rtu_modbus/process_type_24_message.c ****     {
 199              		.loc 2 77 0 is_stmt 0 discriminator 1
 200 00cc 3A6A     		ldr	r2, [r7, #32]
 201 00ce 7B6A     		ldr	r3, [r7, #36]
 202 00d0 9A42     		cmp	r2, r3
 203 00d2 D8D3     		bcc	.L7
  84:rtu_modbus/process_type_24_message.c **** 
  85:rtu_modbus/process_type_24_message.c ****     }
  86:rtu_modbus/process_type_24_message.c ****     return fifo_number*4+4;
 204              		.loc 2 86 0 is_stmt 1
 205 00d4 7B6A     		ldr	r3, [r7, #36]
 206 00d6 0133     		add	r3, r3, #1
 207 00d8 9B00     		lsl	r3, r3, #2
 208              	.L8:
  87:rtu_modbus/process_type_24_message.c **** }    
 209              		.loc 2 87 0 discriminator 1
 210 00da 181C     		mov	r0, r3
 211 00dc BD46     		mov	sp, r7
 212 00de 0AB0     		add	sp, sp, #40
 213              		@ sp needed
 214 00e0 80BD     		pop	{r7, pc}
 215              		.cfi_endproc
 216              	.LFE64:
 217              		.size	process_type_24_message, .-process_type_24_message
 218 00e2 C046     		.text
 219              	.Letext0:
 220              		.file 3 "Generated_Source\\PSoC4/cytypes.h"
 221              		.section	.debug_info,"",%progbits
 222              	.Ldebug_info0:
 223 0000 87010000 		.4byte	0x187
ARM GAS  C:\Users\glenn\AppData\Local\Temp\ccnEihoi.s 			page 7


 224 0004 0400     		.2byte	0x4
 225 0006 00000000 		.4byte	.Ldebug_abbrev0
 226 000a 04       		.byte	0x4
 227 000b 01       		.uleb128 0x1
 228 000c B1000000 		.4byte	.LASF25
 229 0010 01       		.byte	0x1
 230 0011 62000000 		.4byte	.LASF26
 231 0015 C7010000 		.4byte	.LASF27
 232 0019 00000000 		.4byte	.Ldebug_ranges0+0
 233 001d 00000000 		.4byte	0
 234 0021 00000000 		.4byte	.Ldebug_line0
 235 0025 02       		.uleb128 0x2
 236 0026 01       		.byte	0x1
 237 0027 06       		.byte	0x6
 238 0028 1D020000 		.4byte	.LASF0
 239 002c 02       		.uleb128 0x2
 240 002d 01       		.byte	0x1
 241 002e 08       		.byte	0x8
 242 002f 43000000 		.4byte	.LASF1
 243 0033 02       		.uleb128 0x2
 244 0034 02       		.byte	0x2
 245 0035 05       		.byte	0x5
 246 0036 B4010000 		.4byte	.LASF2
 247 003a 02       		.uleb128 0x2
 248 003b 02       		.byte	0x2
 249 003c 07       		.byte	0x7
 250 003d 15000000 		.4byte	.LASF3
 251 0041 02       		.uleb128 0x2
 252 0042 04       		.byte	0x4
 253 0043 05       		.byte	0x5
 254 0044 BE010000 		.4byte	.LASF4
 255 0048 02       		.uleb128 0x2
 256 0049 04       		.byte	0x4
 257 004a 07       		.byte	0x7
 258 004b 46010000 		.4byte	.LASF5
 259 004f 02       		.uleb128 0x2
 260 0050 08       		.byte	0x8
 261 0051 05       		.byte	0x5
 262 0052 98010000 		.4byte	.LASF6
 263 0056 02       		.uleb128 0x2
 264 0057 08       		.byte	0x8
 265 0058 07       		.byte	0x7
 266 0059 65010000 		.4byte	.LASF7
 267 005d 03       		.uleb128 0x3
 268 005e 04       		.byte	0x4
 269 005f 05       		.byte	0x5
 270 0060 696E7400 		.ascii	"int\000"
 271 0064 02       		.uleb128 0x2
 272 0065 04       		.byte	0x4
 273 0066 07       		.byte	0x7
 274 0067 58010000 		.4byte	.LASF8
 275 006b 04       		.uleb128 0x4
 276 006c 8C000000 		.4byte	.LASF9
 277 0070 03       		.byte	0x3
 278 0071 9801     		.2byte	0x198
 279 0073 2C000000 		.4byte	0x2c
 280 0077 04       		.uleb128 0x4
ARM GAS  C:\Users\glenn\AppData\Local\Temp\ccnEihoi.s 			page 8


 281 0078 3F010000 		.4byte	.LASF10
 282 007c 03       		.byte	0x3
 283 007d 9901     		.2byte	0x199
 284 007f 3A000000 		.4byte	0x3a
 285 0083 02       		.uleb128 0x2
 286 0084 04       		.byte	0x4
 287 0085 04       		.byte	0x4
 288 0086 34000000 		.4byte	.LASF11
 289 008a 02       		.uleb128 0x2
 290 008b 08       		.byte	0x8
 291 008c 04       		.byte	0x4
 292 008d AA000000 		.4byte	.LASF12
 293 0091 02       		.uleb128 0x2
 294 0092 01       		.byte	0x1
 295 0093 08       		.byte	0x8
 296 0094 A6010000 		.4byte	.LASF13
 297 0098 02       		.uleb128 0x2
 298 0099 04       		.byte	0x4
 299 009a 07       		.byte	0x7
 300 009b 84010000 		.4byte	.LASF14
 301 009f 05       		.uleb128 0x5
 302 00a0 04       		.byte	0x4
 303 00a1 6B000000 		.4byte	0x6b
 304 00a5 05       		.uleb128 0x5
 305 00a6 04       		.byte	0x4
 306 00a7 77000000 		.4byte	0x77
 307 00ab 06       		.uleb128 0x6
 308 00ac 7C010000 		.4byte	.LASF28
 309 00b0 01       		.byte	0x1
 310 00b1 12       		.byte	0x12
 311 00b2 00000000 		.4byte	.LFB62
 312 00b6 30000000 		.4byte	.LFE62-.LFB62
 313 00ba 01       		.uleb128 0x1
 314 00bb 9C       		.byte	0x9c
 315 00bc EB000000 		.4byte	0xeb
 316 00c0 07       		.uleb128 0x7
 317 00c1 51000000 		.4byte	.LASF17
 318 00c5 01       		.byte	0x1
 319 00c6 12       		.byte	0x12
 320 00c7 9F000000 		.4byte	0x9f
 321 00cb 02       		.uleb128 0x2
 322 00cc 91       		.byte	0x91
 323 00cd 6C       		.sleb128 -20
 324 00ce 08       		.uleb128 0x8
 325 00cf 87000000 		.4byte	.LASF15
 326 00d3 01       		.byte	0x1
 327 00d4 14       		.byte	0x14
 328 00d5 6B000000 		.4byte	0x6b
 329 00d9 02       		.uleb128 0x2
 330 00da 91       		.byte	0x91
 331 00db 73       		.sleb128 -13
 332 00dc 08       		.uleb128 0x8
 333 00dd AB010000 		.4byte	.LASF16
 334 00e1 01       		.byte	0x1
 335 00e2 15       		.byte	0x15
 336 00e3 9F000000 		.4byte	0x9f
 337 00e7 02       		.uleb128 0x2
ARM GAS  C:\Users\glenn\AppData\Local\Temp\ccnEihoi.s 			page 9


 338 00e8 91       		.byte	0x91
 339 00e9 74       		.sleb128 -12
 340 00ea 00       		.byte	0
 341 00eb 09       		.uleb128 0x9
 342 00ec 92000000 		.4byte	.LASF29
 343 00f0 02       		.byte	0x2
 344 00f1 29       		.byte	0x29
 345 00f2 5D000000 		.4byte	0x5d
 346 00f6 00000000 		.4byte	.LFB64
 347 00fa E2000000 		.4byte	.LFE64-.LFB64
 348 00fe 01       		.uleb128 0x1
 349 00ff 9C       		.byte	0x9c
 350 0100 07       		.uleb128 0x7
 351 0101 29020000 		.4byte	.LASF18
 352 0105 02       		.byte	0x2
 353 0106 29       		.byte	0x29
 354 0107 5D000000 		.4byte	0x5d
 355 010b 02       		.uleb128 0x2
 356 010c 91       		.byte	0x91
 357 010d 5C       		.sleb128 -36
 358 010e 0A       		.uleb128 0xa
 359 010f 696E00   		.ascii	"in\000"
 360 0112 02       		.byte	0x2
 361 0113 29       		.byte	0x29
 362 0114 9F000000 		.4byte	0x9f
 363 0118 02       		.uleb128 0x2
 364 0119 91       		.byte	0x91
 365 011a 58       		.sleb128 -40
 366 011b 07       		.uleb128 0x7
 367 011c 8D010000 		.4byte	.LASF19
 368 0120 02       		.byte	0x2
 369 0121 29       		.byte	0x29
 370 0122 5D000000 		.4byte	0x5d
 371 0126 02       		.uleb128 0x2
 372 0127 91       		.byte	0x91
 373 0128 54       		.sleb128 -44
 374 0129 0A       		.uleb128 0xa
 375 012a 6F757400 		.ascii	"out\000"
 376 012e 02       		.byte	0x2
 377 012f 29       		.byte	0x29
 378 0130 9F000000 		.4byte	0x9f
 379 0134 02       		.uleb128 0x2
 380 0135 91       		.byte	0x91
 381 0136 50       		.sleb128 -48
 382 0137 08       		.uleb128 0x8
 383 0138 28000000 		.4byte	.LASF20
 384 013c 02       		.byte	0x2
 385 013d 2B       		.byte	0x2b
 386 013e 64000000 		.4byte	0x64
 387 0142 02       		.uleb128 0x2
 388 0143 91       		.byte	0x91
 389 0144 74       		.sleb128 -12
 390 0145 08       		.uleb128 0x8
 391 0146 57000000 		.4byte	.LASF21
 392 014a 02       		.byte	0x2
 393 014b 2C       		.byte	0x2c
 394 014c 77000000 		.4byte	0x77
ARM GAS  C:\Users\glenn\AppData\Local\Temp\ccnEihoi.s 			page 10


 395 0150 02       		.uleb128 0x2
 396 0151 91       		.byte	0x91
 397 0152 66       		.sleb128 -26
 398 0153 0B       		.uleb128 0xb
 399 0154 6900     		.ascii	"i\000"
 400 0156 02       		.byte	0x2
 401 0157 2D       		.byte	0x2d
 402 0158 64000000 		.4byte	0x64
 403 015c 02       		.uleb128 0x2
 404 015d 91       		.byte	0x91
 405 015e 70       		.sleb128 -16
 406 015f 08       		.uleb128 0x8
 407 0160 3A000000 		.4byte	.LASF22
 408 0164 02       		.byte	0x2
 409 0165 2E       		.byte	0x2e
 410 0166 77000000 		.4byte	0x77
 411 016a 02       		.uleb128 0x2
 412 016b 91       		.byte	0x91
 413 016c 64       		.sleb128 -28
 414 016d 08       		.uleb128 0x8
 415 016e 09000000 		.4byte	.LASF23
 416 0172 02       		.byte	0x2
 417 0173 2F       		.byte	0x2f
 418 0174 64000000 		.4byte	0x64
 419 0178 02       		.uleb128 0x2
 420 0179 91       		.byte	0x91
 421 017a 68       		.sleb128 -24
 422 017b 08       		.uleb128 0x8
 423 017c 00000000 		.4byte	.LASF24
 424 0180 02       		.byte	0x2
 425 0181 30       		.byte	0x30
 426 0182 A5000000 		.4byte	0xa5
 427 0186 02       		.uleb128 0x2
 428 0187 91       		.byte	0x91
 429 0188 6C       		.sleb128 -20
 430 0189 00       		.byte	0
 431 018a 00       		.byte	0
 432              		.section	.debug_abbrev,"",%progbits
 433              	.Ldebug_abbrev0:
 434 0000 01       		.uleb128 0x1
 435 0001 11       		.uleb128 0x11
 436 0002 01       		.byte	0x1
 437 0003 25       		.uleb128 0x25
 438 0004 0E       		.uleb128 0xe
 439 0005 13       		.uleb128 0x13
 440 0006 0B       		.uleb128 0xb
 441 0007 03       		.uleb128 0x3
 442 0008 0E       		.uleb128 0xe
 443 0009 1B       		.uleb128 0x1b
 444 000a 0E       		.uleb128 0xe
 445 000b 55       		.uleb128 0x55
 446 000c 17       		.uleb128 0x17
 447 000d 11       		.uleb128 0x11
 448 000e 01       		.uleb128 0x1
 449 000f 10       		.uleb128 0x10
 450 0010 17       		.uleb128 0x17
 451 0011 00       		.byte	0
ARM GAS  C:\Users\glenn\AppData\Local\Temp\ccnEihoi.s 			page 11


 452 0012 00       		.byte	0
 453 0013 02       		.uleb128 0x2
 454 0014 24       		.uleb128 0x24
 455 0015 00       		.byte	0
 456 0016 0B       		.uleb128 0xb
 457 0017 0B       		.uleb128 0xb
 458 0018 3E       		.uleb128 0x3e
 459 0019 0B       		.uleb128 0xb
 460 001a 03       		.uleb128 0x3
 461 001b 0E       		.uleb128 0xe
 462 001c 00       		.byte	0
 463 001d 00       		.byte	0
 464 001e 03       		.uleb128 0x3
 465 001f 24       		.uleb128 0x24
 466 0020 00       		.byte	0
 467 0021 0B       		.uleb128 0xb
 468 0022 0B       		.uleb128 0xb
 469 0023 3E       		.uleb128 0x3e
 470 0024 0B       		.uleb128 0xb
 471 0025 03       		.uleb128 0x3
 472 0026 08       		.uleb128 0x8
 473 0027 00       		.byte	0
 474 0028 00       		.byte	0
 475 0029 04       		.uleb128 0x4
 476 002a 16       		.uleb128 0x16
 477 002b 00       		.byte	0
 478 002c 03       		.uleb128 0x3
 479 002d 0E       		.uleb128 0xe
 480 002e 3A       		.uleb128 0x3a
 481 002f 0B       		.uleb128 0xb
 482 0030 3B       		.uleb128 0x3b
 483 0031 05       		.uleb128 0x5
 484 0032 49       		.uleb128 0x49
 485 0033 13       		.uleb128 0x13
 486 0034 00       		.byte	0
 487 0035 00       		.byte	0
 488 0036 05       		.uleb128 0x5
 489 0037 0F       		.uleb128 0xf
 490 0038 00       		.byte	0
 491 0039 0B       		.uleb128 0xb
 492 003a 0B       		.uleb128 0xb
 493 003b 49       		.uleb128 0x49
 494 003c 13       		.uleb128 0x13
 495 003d 00       		.byte	0
 496 003e 00       		.byte	0
 497 003f 06       		.uleb128 0x6
 498 0040 2E       		.uleb128 0x2e
 499 0041 01       		.byte	0x1
 500 0042 03       		.uleb128 0x3
 501 0043 0E       		.uleb128 0xe
 502 0044 3A       		.uleb128 0x3a
 503 0045 0B       		.uleb128 0xb
 504 0046 3B       		.uleb128 0x3b
 505 0047 0B       		.uleb128 0xb
 506 0048 27       		.uleb128 0x27
 507 0049 19       		.uleb128 0x19
 508 004a 11       		.uleb128 0x11
ARM GAS  C:\Users\glenn\AppData\Local\Temp\ccnEihoi.s 			page 12


 509 004b 01       		.uleb128 0x1
 510 004c 12       		.uleb128 0x12
 511 004d 06       		.uleb128 0x6
 512 004e 40       		.uleb128 0x40
 513 004f 18       		.uleb128 0x18
 514 0050 9742     		.uleb128 0x2117
 515 0052 19       		.uleb128 0x19
 516 0053 01       		.uleb128 0x1
 517 0054 13       		.uleb128 0x13
 518 0055 00       		.byte	0
 519 0056 00       		.byte	0
 520 0057 07       		.uleb128 0x7
 521 0058 05       		.uleb128 0x5
 522 0059 00       		.byte	0
 523 005a 03       		.uleb128 0x3
 524 005b 0E       		.uleb128 0xe
 525 005c 3A       		.uleb128 0x3a
 526 005d 0B       		.uleb128 0xb
 527 005e 3B       		.uleb128 0x3b
 528 005f 0B       		.uleb128 0xb
 529 0060 49       		.uleb128 0x49
 530 0061 13       		.uleb128 0x13
 531 0062 02       		.uleb128 0x2
 532 0063 18       		.uleb128 0x18
 533 0064 00       		.byte	0
 534 0065 00       		.byte	0
 535 0066 08       		.uleb128 0x8
 536 0067 34       		.uleb128 0x34
 537 0068 00       		.byte	0
 538 0069 03       		.uleb128 0x3
 539 006a 0E       		.uleb128 0xe
 540 006b 3A       		.uleb128 0x3a
 541 006c 0B       		.uleb128 0xb
 542 006d 3B       		.uleb128 0x3b
 543 006e 0B       		.uleb128 0xb
 544 006f 49       		.uleb128 0x49
 545 0070 13       		.uleb128 0x13
 546 0071 02       		.uleb128 0x2
 547 0072 18       		.uleb128 0x18
 548 0073 00       		.byte	0
 549 0074 00       		.byte	0
 550 0075 09       		.uleb128 0x9
 551 0076 2E       		.uleb128 0x2e
 552 0077 01       		.byte	0x1
 553 0078 3F       		.uleb128 0x3f
 554 0079 19       		.uleb128 0x19
 555 007a 03       		.uleb128 0x3
 556 007b 0E       		.uleb128 0xe
 557 007c 3A       		.uleb128 0x3a
 558 007d 0B       		.uleb128 0xb
 559 007e 3B       		.uleb128 0x3b
 560 007f 0B       		.uleb128 0xb
 561 0080 27       		.uleb128 0x27
 562 0081 19       		.uleb128 0x19
 563 0082 49       		.uleb128 0x49
 564 0083 13       		.uleb128 0x13
 565 0084 11       		.uleb128 0x11
ARM GAS  C:\Users\glenn\AppData\Local\Temp\ccnEihoi.s 			page 13


 566 0085 01       		.uleb128 0x1
 567 0086 12       		.uleb128 0x12
 568 0087 06       		.uleb128 0x6
 569 0088 40       		.uleb128 0x40
 570 0089 18       		.uleb128 0x18
 571 008a 9642     		.uleb128 0x2116
 572 008c 19       		.uleb128 0x19
 573 008d 00       		.byte	0
 574 008e 00       		.byte	0
 575 008f 0A       		.uleb128 0xa
 576 0090 05       		.uleb128 0x5
 577 0091 00       		.byte	0
 578 0092 03       		.uleb128 0x3
 579 0093 08       		.uleb128 0x8
 580 0094 3A       		.uleb128 0x3a
 581 0095 0B       		.uleb128 0xb
 582 0096 3B       		.uleb128 0x3b
 583 0097 0B       		.uleb128 0xb
 584 0098 49       		.uleb128 0x49
 585 0099 13       		.uleb128 0x13
 586 009a 02       		.uleb128 0x2
 587 009b 18       		.uleb128 0x18
 588 009c 00       		.byte	0
 589 009d 00       		.byte	0
 590 009e 0B       		.uleb128 0xb
 591 009f 34       		.uleb128 0x34
 592 00a0 00       		.byte	0
 593 00a1 03       		.uleb128 0x3
 594 00a2 08       		.uleb128 0x8
 595 00a3 3A       		.uleb128 0x3a
 596 00a4 0B       		.uleb128 0xb
 597 00a5 3B       		.uleb128 0x3b
 598 00a6 0B       		.uleb128 0xb
 599 00a7 49       		.uleb128 0x49
 600 00a8 13       		.uleb128 0x13
 601 00a9 02       		.uleb128 0x2
 602 00aa 18       		.uleb128 0x18
 603 00ab 00       		.byte	0
 604 00ac 00       		.byte	0
 605 00ad 00       		.byte	0
 606              		.section	.debug_aranges,"",%progbits
 607 0000 24000000 		.4byte	0x24
 608 0004 0200     		.2byte	0x2
 609 0006 00000000 		.4byte	.Ldebug_info0
 610 000a 04       		.byte	0x4
 611 000b 00       		.byte	0
 612 000c 0000     		.2byte	0
 613 000e 0000     		.2byte	0
 614 0010 00000000 		.4byte	.LFB62
 615 0014 30000000 		.4byte	.LFE62-.LFB62
 616 0018 00000000 		.4byte	.LFB64
 617 001c E2000000 		.4byte	.LFE64-.LFB64
 618 0020 00000000 		.4byte	0
 619 0024 00000000 		.4byte	0
 620              		.section	.debug_ranges,"",%progbits
 621              	.Ldebug_ranges0:
 622 0000 00000000 		.4byte	.LFB62
ARM GAS  C:\Users\glenn\AppData\Local\Temp\ccnEihoi.s 			page 14


 623 0004 30000000 		.4byte	.LFE62
 624 0008 00000000 		.4byte	.LFB64
 625 000c E2000000 		.4byte	.LFE64
 626 0010 00000000 		.4byte	0
 627 0014 00000000 		.4byte	0
 628              		.section	.debug_line,"",%progbits
 629              	.Ldebug_line0:
 630 0000 DC000000 		.section	.debug_str,"MS",%progbits,1
 630      02007500 
 630      00000201 
 630      FB0E0D00 
 630      01010101 
 631              	.LASF24:
 632 0000 74656D70 		.ascii	"temp_ptr\000"
 632      5F707472 
 632      00
 633              	.LASF23:
 634 0009 71756575 		.ascii	"queue_index\000"
 634      655F696E 
 634      64657800 
 635              	.LASF3:
 636 0015 73686F72 		.ascii	"short unsigned int\000"
 636      7420756E 
 636      7369676E 
 636      65642069 
 636      6E7400
 637              	.LASF20:
 638 0028 6669666F 		.ascii	"fifo_number\000"
 638      5F6E756D 
 638      62657200 
 639              	.LASF11:
 640 0034 666C6F61 		.ascii	"float\000"
 640      7400
 641              	.LASF22:
 642 003a 6576656E 		.ascii	"event_id\000"
 642      745F6964 
 642      00
 643              	.LASF1:
 644 0043 756E7369 		.ascii	"unsigned char\000"
 644      676E6564 
 644      20636861 
 644      7200
 645              	.LASF17:
 646 0051 696E7075 		.ascii	"input\000"
 646      7400
 647              	.LASF21:
 648 0057 6576656E 		.ascii	"event_data\000"
 648      745F6461 
 648      746100
 649              	.LASF26:
 650 0062 7274755F 		.ascii	"rtu_modbus\\process_type_24_message.c\000"
 650      6D6F6462 
 650      75735C70 
 650      726F6365 
 650      73735F74 
 651              	.LASF15:
 652 0087 74656D70 		.ascii	"temp\000"
ARM GAS  C:\Users\glenn\AppData\Local\Temp\ccnEihoi.s 			page 15


 652      00
 653              	.LASF9:
 654 008c 75696E74 		.ascii	"uint8\000"
 654      3800
 655              	.LASF29:
 656 0092 70726F63 		.ascii	"process_type_24_message\000"
 656      6573735F 
 656      74797065 
 656      5F32345F 
 656      6D657373 
 657              	.LASF12:
 658 00aa 646F7562 		.ascii	"double\000"
 658      6C6500
 659              	.LASF25:
 660 00b1 474E5520 		.ascii	"GNU C 4.9.3 20150303 (release) [ARM/embedded-4_9-br"
 660      4320342E 
 660      392E3320 
 660      32303135 
 660      30333033 
 661 00e4 616E6368 		.ascii	"anch revision 221220] -mcpu=cortex-m0 -mthumb -g -O"
 661      20726576 
 661      6973696F 
 661      6E203232 
 661      31323230 
 662 0117 30202D66 		.ascii	"0 -ffunction-sections -ffat-lto-objects\000"
 662      66756E63 
 662      74696F6E 
 662      2D736563 
 662      74696F6E 
 663              	.LASF10:
 664 013f 75696E74 		.ascii	"uint16\000"
 664      313600
 665              	.LASF5:
 666 0146 6C6F6E67 		.ascii	"long unsigned int\000"
 666      20756E73 
 666      69676E65 
 666      6420696E 
 666      7400
 667              	.LASF8:
 668 0158 756E7369 		.ascii	"unsigned int\000"
 668      676E6564 
 668      20696E74 
 668      00
 669              	.LASF7:
 670 0165 6C6F6E67 		.ascii	"long long unsigned int\000"
 670      206C6F6E 
 670      6720756E 
 670      7369676E 
 670      65642069 
 671              	.LASF28:
 672 017c 73776170 		.ascii	"swap_16\000"
 672      5F313600 
 673              	.LASF14:
 674 0184 73697A65 		.ascii	"sizetype\000"
 674      74797065 
 674      00
 675              	.LASF19:
ARM GAS  C:\Users\glenn\AppData\Local\Temp\ccnEihoi.s 			page 16


 676 018d 6F75745F 		.ascii	"out_length\000"
 676      6C656E67 
 676      746800
 677              	.LASF6:
 678 0198 6C6F6E67 		.ascii	"long long int\000"
 678      206C6F6E 
 678      6720696E 
 678      7400
 679              	.LASF13:
 680 01a6 63686172 		.ascii	"char\000"
 680      00
 681              	.LASF16:
 682 01ab 73776170 		.ascii	"swap_ptr\000"
 682      5F707472 
 682      00
 683              	.LASF2:
 684 01b4 73686F72 		.ascii	"short int\000"
 684      7420696E 
 684      7400
 685              	.LASF4:
 686 01be 6C6F6E67 		.ascii	"long int\000"
 686      20696E74 
 686      00
 687              	.LASF27:
 688 01c7 433A5C55 		.ascii	"C:\\Users\\glenn\\OneDrive\\PSOC\\moisture_sensor_4"
 688      73657273 
 688      5C676C65 
 688      6E6E5C4F 
 688      6E654472 
 689 01f5 6D5C4D6F 		.ascii	"m\\Moisture_Sensor\\Moisture_Sensor.cydsn\000"
 689      69737475 
 689      72655F53 
 689      656E736F 
 689      725C4D6F 
 690              	.LASF0:
 691 021d 7369676E 		.ascii	"signed char\000"
 691      65642063 
 691      68617200 
 692              	.LASF18:
 693 0229 696E5F6C 		.ascii	"in_length\000"
 693      656E6774 
 693      6800
 694              		.ident	"GCC: (GNU Tools for ARM Embedded Processors) 4.9.3 20150303 (release) [ARM/embedded-4_9-br
