--------------- Rebuild Started: 12/19/2016 10:45:10 Project: Moisture_Sensor, Configuration: ARM GCC 4.9-2015-q1-update Debug ---------------
Deleting file ".\CortexM0\ARM_GCC_493\Debug\rtc_functions.o"
Deleting file ".\CortexM0\ARM_GCC_493\Debug\moisture_measurements.o"
Deleting file ".\CortexM0\ARM_GCC_493\Debug\cf_events.o"
Deleting file ".\CortexM0\ARM_GCC_493\Debug\cf_external_functions.o"
Deleting file ".\CortexM0\ARM_GCC_493\Debug\cf_runtime_functions.o"
Deleting file ".\CortexM0\ARM_GCC_493\Debug\cf_status_bit.o"
Deleting file ".\CortexM0\ARM_GCC_493\Debug\chain_flow_support.o"
Deleting file ".\CortexM0\ARM_GCC_493\Debug\modbus_serial_ctrl.o"
Deleting file ".\CortexM0\ARM_GCC_493\Debug\process_crc.o"
Deleting file ".\CortexM0\ARM_GCC_493\Debug\process_modbus_message.o"
Deleting file ".\CortexM0\ARM_GCC_493\Debug\process_type_3_message.o"
Deleting file ".\CortexM0\ARM_GCC_493\Debug\process_type_16_message.o"
Deleting file ".\CortexM0\ARM_GCC_493\Debug\process_type_24_message.o"
Deleting file ".\CortexM0\ARM_GCC_493\Debug\one_wire.o"
Deleting file ".\CortexM0\ARM_GCC_493\Debug\DS18B20.o"
Deleting file ".\CortexM0\ARM_GCC_493\Debug\event_fifo.o"
Deleting file ".\CortexM0\ARM_GCC_493\Debug\dht22.o"
Deleting file ".\CortexM0\ARM_GCC_493\Debug\cf_dht22.o"
Deleting file ".\CortexM0\ARM_GCC_493\Debug\main.o"
Deleting file ".\CortexM0\ARM_GCC_493\Debug\configuration_data.o"
Deleting file ".\CortexM0\ARM_GCC_493\Debug\cyfitter_cfg.o"
Deleting file ".\CortexM0\ARM_GCC_493\Debug\cymetadata.o"
Deleting file ".\CortexM0\ARM_GCC_493\Debug\Switch_Pin.o"
Deleting file ".\CortexM0\ARM_GCC_493\Debug\Switch_Pin_PM.o"
Deleting file ".\CortexM0\ARM_GCC_493\Debug\Heart_Beat_Pin.o"
Deleting file ".\CortexM0\ARM_GCC_493\Debug\Heart_Beat_Pin_PM.o"
Deleting file ".\CortexM0\ARM_GCC_493\Debug\UART_1.o"
Deleting file ".\CortexM0\ARM_GCC_493\Debug\UART_1_PM.o"
Deleting file ".\CortexM0\ARM_GCC_493\Debug\UART_1_INT.o"
Deleting file ".\CortexM0\ARM_GCC_493\Debug\UART_1_BOOT.o"
Deleting file ".\CortexM0\ARM_GCC_493\Debug\UART_1_IntClock.o"
Deleting file ".\CortexM0\ARM_GCC_493\Debug\Cm0Start.o"
Deleting file ".\CortexM0\ARM_GCC_493\Debug\CyBootAsmGnu.o"
Deleting file ".\CortexM0\ARM_GCC_493\Debug\CyFlash.o"
Deleting file ".\CortexM0\ARM_GCC_493\Debug\CyLib.o"
Deleting file ".\CortexM0\ARM_GCC_493\Debug\cyPm.o"
Deleting file ".\CortexM0\ARM_GCC_493\Debug\cyutils.o"
Deleting file ".\CortexM0\ARM_GCC_493\Debug\CyDMA.o"
Deleting file ".\CortexM0\ARM_GCC_493\Debug\CyLFClk.o"
Deleting file ".\CortexM0\ARM_GCC_493\Debug\AMux_2.o"
Deleting file ".\CortexM0\ARM_GCC_493\Debug\ADC_SAR_Seq_1.o"
Deleting file ".\CortexM0\ARM_GCC_493\Debug\ADC_SAR_Seq_1_PM.o"
Deleting file ".\CortexM0\ARM_GCC_493\Debug\ADC_SAR_Seq_1_INT.o"
Deleting file ".\CortexM0\ARM_GCC_493\Debug\ADC_SAR_Seq_1_IRQ.o"
Deleting file ".\CortexM0\ARM_GCC_493\Debug\ADC_SAR_Seq_1_intClock.o"
Deleting file ".\CortexM0\ARM_GCC_493\Debug\RS_485_Dir.o"
Deleting file ".\CortexM0\ARM_GCC_493\Debug\RS_485_Dir_PM.o"
Deleting file ".\CortexM0\ARM_GCC_493\Debug\RTC_1.o"
Deleting file ".\CortexM0\ARM_GCC_493\Debug\One_Wire_Pin.o"
Deleting file ".\CortexM0\ARM_GCC_493\Debug\One_Wire_Pin_PM.o"
Deleting file ".\CortexM0\ARM_GCC_493\Debug\WdtIsr.o"
Deleting file ".\CortexM0\ARM_GCC_493\Debug\modbus_tx_interrupt.o"
Deleting file ".\CortexM0\ARM_GCC_493\Debug\modbus_rx_interrupt.o"
Deleting file ".\CortexM0\ARM_GCC_493\Debug\I2C_1.o"
Deleting file ".\CortexM0\ARM_GCC_493\Debug\I2C_1_I2C_INT.o"
Deleting file ".\CortexM0\ARM_GCC_493\Debug\I2C_1_I2C.o"
Deleting file ".\CortexM0\ARM_GCC_493\Debug\I2C_1_I2C_BOOT.o"
Deleting file ".\CortexM0\ARM_GCC_493\Debug\I2C_1_I2C_MASTER.o"
Deleting file ".\CortexM0\ARM_GCC_493\Debug\I2C_1_PM.o"
Deleting file ".\CortexM0\ARM_GCC_493\Debug\I2C_1_BOOT.o"
Deleting file ".\CortexM0\ARM_GCC_493\Debug\I2C_1_SCBCLK.o"
Deleting file ".\CortexM0\ARM_GCC_493\Debug\I2C_1_sda.o"
Deleting file ".\CortexM0\ARM_GCC_493\Debug\I2C_1_sda_PM.o"
Deleting file ".\CortexM0\ARM_GCC_493\Debug\I2C_1_scl.o"
Deleting file ".\CortexM0\ARM_GCC_493\Debug\I2C_1_scl_PM.o"
Deleting file ".\CortexM0\ARM_GCC_493\Debug\I2C_1_SCB_IRQ.o"
Deleting file ".\CortexM0\ARM_GCC_493\Debug\temp_humidity_pin.o"
Deleting file ".\CortexM0\ARM_GCC_493\Debug\temp_humidity_pin_PM.o"
Deleting file ".\CortexM0\ARM_GCC_493\Debug\Input_Pin_1.o"
Deleting file ".\CortexM0\ARM_GCC_493\Debug\Input_Pin_1_PM.o"
Deleting file ".\CortexM0\ARM_GCC_493\Debug\input_Pin_2.o"
Deleting file ".\CortexM0\ARM_GCC_493\Debug\input_Pin_2_PM.o"
Deleting file ".\CortexM0\ARM_GCC_493\Debug\input_Pin_3.o"
Deleting file ".\CortexM0\ARM_GCC_493\Debug\input_Pin_3_PM.o"
Deleting file ".\CortexM0\ARM_GCC_493\Debug\Source_Pin_1.o"
Deleting file ".\CortexM0\ARM_GCC_493\Debug\Source_Pin_1_PM.o"
Deleting file ".\CortexM0\ARM_GCC_493\Debug\Sink_Pin_1.o"
Deleting file ".\CortexM0\ARM_GCC_493\Debug\Sink_Pin_1_PM.o"
Deleting file ".\CortexM0\ARM_GCC_493\Debug\Source_Pin_2.o"
Deleting file ".\CortexM0\ARM_GCC_493\Debug\Source_Pin_2_PM.o"
Deleting file ".\CortexM0\ARM_GCC_493\Debug\Sink_Pin_2.o"
Deleting file ".\CortexM0\ARM_GCC_493\Debug\Sink_Pin_2_PM.o"
Deleting file ".\CortexM0\ARM_GCC_493\Debug\Sink_Control.o"
Deleting file ".\CortexM0\ARM_GCC_493\Debug\Sink_Control_PM.o"
Deleting file ".\CortexM0\ARM_GCC_493\Debug\Source_Control.o"
Deleting file ".\CortexM0\ARM_GCC_493\Debug\Source_Control_PM.o"
Deleting file ".\CortexM0\ARM_GCC_493\Debug\Moisture_Sensor.hex"
Deleting file ".\CortexM0\ARM_GCC_493\Debug\Moisture_Sensor.elf"
Deleting file ".\CortexM0\ARM_GCC_493\Debug\Moisture_Sensor.map"
Deleting file ".\Moisture_Sensor.cycdx"
Deleting file ".\Moisture_Sensor.svd"
Deleting file ".\Moisture_Sensor.rpt"
Deleting file ".\Moisture_Sensor_timing.html"
Deleting file ".\CortexM0\ARM_GCC_493\Debug\.deps\SOURCE_C__ARM_GCC_GENERIC.P"
Deleting file ".\CortexM0\ARM_GCC_493\Debug\.deps\SOURCE_ASM__ARM_GCC_GENERIC.P"
cydsfit.exe -.appdatapath "C:\Users\glenn\AppData\Local\Cypress Semiconductor\PSoC Creator\4.0" -.fdsnotice -.fdswarpdepfile=warp_dependencies.txt -.fdselabdepfile=elab_dependencies.txt -.fdsbldfile=generated_files.txt -.fdsreffile=referenced_files.txt -p C:\Users\glenn\OneDrive\PSOC\moisture_sensor_4m\Moisture_Sensor\Moisture_Sensor.cydsn\Moisture_Sensor.cyprj -d CY8C4247AZI-M485 -s C:\Users\glenn\OneDrive\PSOC\moisture_sensor_4m\Moisture_Sensor\Moisture_Sensor.cydsn\Generated_Source\PSoC4 -- -yv2 -q10 -ygs -o2 -v3 -.fftcfgtype=LE
Elaborating Design...
ADD: sdb.M0061: information: Info from component: ADC_SAR_Seq_1. The actual sample rate (92592 SPS) differs from the desired sample rate (93750 SPS) due to the clock configuration in the DWR.
 * C:\Users\glenn\OneDrive\PSOC\moisture_sensor_4m\Moisture_Sensor\Moisture_Sensor.cydsn\TopDesign\TopDesign.cysch (Instance:ADC_SAR_Seq_1)
HDL Generation...
Synthesis...
Tech Mapping...
Analog Placement...
Analog Routing...
Analog Code Generation...
Digital Placement...
Digital Routing...
Bitstream Generation...
Bitstream Verification...
Static timing analysis...
API Generation...
Dependency Generation...
Cleanup...
arm-none-eabi-gcc.exe -mcpu=cortex-m0 -mthumb -I.\chain_flow -I.\chain_flow\chain_flow_assembler -I.\rtc_functions -I.\utilities -I.\rtu_modbus -I.\moisture_measurement -I.\event_fifo -I.\capsense_sensor -I.\humidity_sensor -I. -IGenerated_Source\PSoC4 -Wa,-alh=.\CortexM0\ARM_GCC_493\Debug/rtc_functions.lst -g -D DEBUG -Wall -ffunction-sections -finline-functions -O1 -ffat-lto-objects -c rtc_functions\rtc_functions.c -o .\CortexM0\ARM_GCC_493\Debug\rtc_functions.o
arm-none-eabi-gcc.exe -mcpu=cortex-m0 -mthumb -I.\chain_flow -I.\chain_flow\chain_flow_assembler -I.\rtc_functions -I.\utilities -I.\rtu_modbus -I.\moisture_measurement -I.\event_fifo -I.\capsense_sensor -I.\humidity_sensor -I. -IGenerated_Source\PSoC4 -Wa,-alh=.\CortexM0\ARM_GCC_493\Debug/moisture_measurements.lst -g -D DEBUG -Wall -ffunction-sections -finline-functions -O1 -ffat-lto-objects -c moisture_measurement\moisture_measurements.c -o .\CortexM0\ARM_GCC_493\Debug\moisture_measurements.o
arm-none-eabi-gcc.exe -mcpu=cortex-m0 -mthumb -I.\chain_flow -I.\chain_flow\chain_flow_assembler -I.\rtc_functions -I.\utilities -I.\rtu_modbus -I.\moisture_measurement -I.\event_fifo -I.\capsense_sensor -I.\humidity_sensor -I. -IGenerated_Source\PSoC4 -Wa,-alh=.\CortexM0\ARM_GCC_493\Debug/cf_events.lst -g -D DEBUG -Wall -ffunction-sections -finline-functions -O1 -ffat-lto-objects -c chain_flow\cf_events.c -o .\CortexM0\ARM_GCC_493\Debug\cf_events.o
arm-none-eabi-gcc.exe -mcpu=cortex-m0 -mthumb -I.\chain_flow -I.\chain_flow\chain_flow_assembler -I.\rtc_functions -I.\utilities -I.\rtu_modbus -I.\moisture_measurement -I.\event_fifo -I.\capsense_sensor -I.\humidity_sensor -I. -IGenerated_Source\PSoC4 -Wa,-alh=.\CortexM0\ARM_GCC_493\Debug/cf_external_functions.lst -g -D DEBUG -Wall -ffunction-sections -finline-functions -O1 -ffat-lto-objects -c chain_flow\cf_external_functions.c -o .\CortexM0\ARM_GCC_493\Debug\cf_external_functions.o
arm-none-eabi-gcc.exe -mcpu=cortex-m0 -mthumb -I.\chain_flow -I.\chain_flow\chain_flow_assembler -I.\rtc_functions -I.\utilities -I.\rtu_modbus -I.\moisture_measurement -I.\event_fifo -I.\capsense_sensor -I.\humidity_sensor -I. -IGenerated_Source\PSoC4 -Wa,-alh=.\CortexM0\ARM_GCC_493\Debug/cf_runtime_functions.lst -g -D DEBUG -Wall -ffunction-sections -finline-functions -O1 -ffat-lto-objects -c chain_flow\cf_runtime_functions.c -o .\CortexM0\ARM_GCC_493\Debug\cf_runtime_functions.o
arm-none-eabi-gcc.exe -mcpu=cortex-m0 -mthumb -I.\chain_flow -I.\chain_flow\chain_flow_assembler -I.\rtc_functions -I.\utilities -I.\rtu_modbus -I.\moisture_measurement -I.\event_fifo -I.\capsense_sensor -I.\humidity_sensor -I. -IGenerated_Source\PSoC4 -Wa,-alh=.\CortexM0\ARM_GCC_493\Debug/cf_status_bit.lst -g -D DEBUG -Wall -ffunction-sections -finline-functions -O1 -ffat-lto-objects -c chain_flow\cf_status_bit.c -o .\CortexM0\ARM_GCC_493\Debug\cf_status_bit.o
arm-none-eabi-gcc.exe -mcpu=cortex-m0 -mthumb -I.\chain_flow -I.\chain_flow\chain_flow_assembler -I.\rtc_functions -I.\utilities -I.\rtu_modbus -I.\moisture_measurement -I.\event_fifo -I.\capsense_sensor -I.\humidity_sensor -I. -IGenerated_Source\PSoC4 -Wa,-alh=.\CortexM0\ARM_GCC_493\Debug/chain_flow_support.lst -g -D DEBUG -Wall -ffunction-sections -finline-functions -O1 -ffat-lto-objects -c chain_flow\chain_flow_support.c -o .\CortexM0\ARM_GCC_493\Debug\chain_flow_support.o
arm-none-eabi-gcc.exe -mcpu=cortex-m0 -mthumb -I.\chain_flow -I.\chain_flow\chain_flow_assembler -I.\rtc_functions -I.\utilities -I.\rtu_modbus -I.\moisture_measurement -I.\event_fifo -I.\capsense_sensor -I.\humidity_sensor -I. -IGenerated_Source\PSoC4 -Wa,-alh=.\CortexM0\ARM_GCC_493\Debug/modbus_serial_ctrl.lst -g -D DEBUG -Wall -ffunction-sections -finline-functions -O1 -ffat-lto-objects -c rtu_modbus\modbus_serial_ctrl.c -o .\CortexM0\ARM_GCC_493\Debug\modbus_serial_ctrl.o
arm-none-eabi-gcc.exe -mcpu=cortex-m0 -mthumb -I.\chain_flow -I.\chain_flow\chain_flow_assembler -I.\rtc_functions -I.\utilities -I.\rtu_modbus -I.\moisture_measurement -I.\event_fifo -I.\capsense_sensor -I.\humidity_sensor -I. -IGenerated_Source\PSoC4 -Wa,-alh=.\CortexM0\ARM_GCC_493\Debug/process_crc.lst -g -D DEBUG -Wall -ffunction-sections -finline-functions -O1 -ffat-lto-objects -c rtu_modbus\process_crc.c -o .\CortexM0\ARM_GCC_493\Debug\process_crc.o
arm-none-eabi-gcc.exe -mcpu=cortex-m0 -mthumb -I.\chain_flow -I.\chain_flow\chain_flow_assembler -I.\rtc_functions -I.\utilities -I.\rtu_modbus -I.\moisture_measurement -I.\event_fifo -I.\capsense_sensor -I.\humidity_sensor -I. -IGenerated_Source\PSoC4 -Wa,-alh=.\CortexM0\ARM_GCC_493\Debug/process_modbus_message.lst -g -D DEBUG -Wall -ffunction-sections -finline-functions -O1 -ffat-lto-objects -c rtu_modbus\process_modbus_message.c -o .\CortexM0\ARM_GCC_493\Debug\process_modbus_message.o
arm-none-eabi-gcc.exe -mcpu=cortex-m0 -mthumb -I.\chain_flow -I.\chain_flow\chain_flow_assembler -I.\rtc_functions -I.\utilities -I.\rtu_modbus -I.\moisture_measurement -I.\event_fifo -I.\capsense_sensor -I.\humidity_sensor -I. -IGenerated_Source\PSoC4 -Wa,-alh=.\CortexM0\ARM_GCC_493\Debug/process_type_3_message.lst -g -D DEBUG -Wall -ffunction-sections -finline-functions -O1 -ffat-lto-objects -c rtu_modbus\process_type_3_message.c -o .\CortexM0\ARM_GCC_493\Debug\process_type_3_message.o
arm-none-eabi-gcc.exe -mcpu=cortex-m0 -mthumb -I.\chain_flow -I.\chain_flow\chain_flow_assembler -I.\rtc_functions -I.\utilities -I.\rtu_modbus -I.\moisture_measurement -I.\event_fifo -I.\capsense_sensor -I.\humidity_sensor -I. -IGenerated_Source\PSoC4 -Wa,-alh=.\CortexM0\ARM_GCC_493\Debug/process_type_16_message.lst -g -D DEBUG -Wall -ffunction-sections -finline-functions -O1 -ffat-lto-objects -c rtu_modbus\process_type_16_message.c -o .\CortexM0\ARM_GCC_493\Debug\process_type_16_message.o
arm-none-eabi-gcc.exe -mcpu=cortex-m0 -mthumb -I.\chain_flow -I.\chain_flow\chain_flow_assembler -I.\rtc_functions -I.\utilities -I.\rtu_modbus -I.\moisture_measurement -I.\event_fifo -I.\capsense_sensor -I.\humidity_sensor -I. -IGenerated_Source\PSoC4 -Wa,-alh=.\CortexM0\ARM_GCC_493\Debug/process_type_24_message.lst -g -D DEBUG -Wall -ffunction-sections -finline-functions -O1 -ffat-lto-objects -c rtu_modbus\process_type_24_message.c -o .\CortexM0\ARM_GCC_493\Debug\process_type_24_message.o
arm-none-eabi-gcc.exe -mcpu=cortex-m0 -mthumb -I.\chain_flow -I.\chain_flow\chain_flow_assembler -I.\rtc_functions -I.\utilities -I.\rtu_modbus -I.\moisture_measurement -I.\event_fifo -I.\capsense_sensor -I.\humidity_sensor -I. -IGenerated_Source\PSoC4 -Wa,-alh=.\CortexM0\ARM_GCC_493\Debug/one_wire.lst -g -D DEBUG -Wall -ffunction-sections -finline-functions -O1 -ffat-lto-objects -c one_wire\one_wire.c -o .\CortexM0\ARM_GCC_493\Debug\one_wire.o
arm-none-eabi-gcc.exe -mcpu=cortex-m0 -mthumb -I.\chain_flow -I.\chain_flow\chain_flow_assembler -I.\rtc_functions -I.\utilities -I.\rtu_modbus -I.\moisture_measurement -I.\event_fifo -I.\capsense_sensor -I.\humidity_sensor -I. -IGenerated_Source\PSoC4 -Wa,-alh=.\CortexM0\ARM_GCC_493\Debug/DS18B20.lst -g -D DEBUG -Wall -ffunction-sections -finline-functions -O1 -ffat-lto-objects -c one_wire\DS18B20.c -o .\CortexM0\ARM_GCC_493\Debug\DS18B20.o
arm-none-eabi-gcc.exe -mcpu=cortex-m0 -mthumb -I.\chain_flow -I.\chain_flow\chain_flow_assembler -I.\rtc_functions -I.\utilities -I.\rtu_modbus -I.\moisture_measurement -I.\event_fifo -I.\capsense_sensor -I.\humidity_sensor -I. -IGenerated_Source\PSoC4 -Wa,-alh=.\CortexM0\ARM_GCC_493\Debug/event_fifo.lst -g -D DEBUG -Wall -ffunction-sections -finline-functions -O1 -ffat-lto-objects -c event_fifo\event_fifo.c -o .\CortexM0\ARM_GCC_493\Debug\event_fifo.o
arm-none-eabi-gcc.exe -mcpu=cortex-m0 -mthumb -I.\chain_flow -I.\chain_flow\chain_flow_assembler -I.\rtc_functions -I.\utilities -I.\rtu_modbus -I.\moisture_measurement -I.\event_fifo -I.\capsense_sensor -I.\humidity_sensor -I. -IGenerated_Source\PSoC4 -Wa,-alh=.\CortexM0\ARM_GCC_493\Debug/dht22.lst -g -D DEBUG -Wall -ffunction-sections -finline-functions -O1 -ffat-lto-objects -c humidity_sensor\dht22.c -o .\CortexM0\ARM_GCC_493\Debug\dht22.o
arm-none-eabi-gcc.exe -mcpu=cortex-m0 -mthumb -I.\chain_flow -I.\chain_flow\chain_flow_assembler -I.\rtc_functions -I.\utilities -I.\rtu_modbus -I.\moisture_measurement -I.\event_fifo -I.\capsense_sensor -I.\humidity_sensor -I. -IGenerated_Source\PSoC4 -Wa,-alh=.\CortexM0\ARM_GCC_493\Debug/cf_dht22.lst -g -D DEBUG -Wall -ffunction-sections -finline-functions -O1 -ffat-lto-objects -c humidity_sensor\cf_dht22.c -o .\CortexM0\ARM_GCC_493\Debug\cf_dht22.o
arm-none-eabi-gcc.exe -mcpu=cortex-m0 -mthumb -I.\chain_flow -I.\chain_flow\chain_flow_assembler -I.\rtc_functions -I.\utilities -I.\rtu_modbus -I.\moisture_measurement -I.\event_fifo -I.\capsense_sensor -I.\humidity_sensor -I. -IGenerated_Source\PSoC4 -Wa,-alh=.\CortexM0\ARM_GCC_493\Debug/main.lst -g -D DEBUG -Wall -ffunction-sections -finline-functions -O1 -ffat-lto-objects -c main.c -o .\CortexM0\ARM_GCC_493\Debug\main.o
arm-none-eabi-gcc.exe -mcpu=cortex-m0 -mthumb -I.\chain_flow -I.\chain_flow\chain_flow_assembler -I.\rtc_functions -I.\utilities -I.\rtu_modbus -I.\moisture_measurement -I.\event_fifo -I.\capsense_sensor -I.\humidity_sensor -I. -IGenerated_Source\PSoC4 -Wa,-alh=.\CortexM0\ARM_GCC_493\Debug/configuration_data.lst -g -D DEBUG -Wall -ffunction-sections -finline-functions -O1 -ffat-lto-objects -c configuration_data.c -o .\CortexM0\ARM_GCC_493\Debug\configuration_data.o
arm-none-eabi-gcc.exe -mcpu=cortex-m0 -mthumb -I.\chain_flow -I.\chain_flow\chain_flow_assembler -I.\rtc_functions -I.\utilities -I.\rtu_modbus -I.\moisture_measurement -I.\event_fifo -I.\capsense_sensor -I.\humidity_sensor -I. -IGenerated_Source\PSoC4 -Wa,-alh=.\CortexM0\ARM_GCC_493\Debug/cyfitter_cfg.lst -g -D DEBUG -Wall -ffunction-sections -finline-functions -O1 -ffat-lto-objects -c Generated_Source\PSoC4\cyfitter_cfg.c -o .\CortexM0\ARM_GCC_493\Debug\cyfitter_cfg.o
arm-none-eabi-gcc.exe -mcpu=cortex-m0 -mthumb -I.\chain_flow -I.\chain_flow\chain_flow_assembler -I.\rtc_functions -I.\utilities -I.\rtu_modbus -I.\moisture_measurement -I.\event_fifo -I.\capsense_sensor -I.\humidity_sensor -I. -IGenerated_Source\PSoC4 -Wa,-alh=.\CortexM0\ARM_GCC_493\Debug/cymetadata.lst -g -D DEBUG -Wall -ffunction-sections -finline-functions -O1 -ffat-lto-objects -c Generated_Source\PSoC4\cymetadata.c -o .\CortexM0\ARM_GCC_493\Debug\cymetadata.o
arm-none-eabi-gcc.exe -mcpu=cortex-m0 -mthumb -I.\chain_flow -I.\chain_flow\chain_flow_assembler -I.\rtc_functions -I.\utilities -I.\rtu_modbus -I.\moisture_measurement -I.\event_fifo -I.\capsense_sensor -I.\humidity_sensor -I. -IGenerated_Source\PSoC4 -Wa,-alh=.\CortexM0\ARM_GCC_493\Debug/Switch_Pin.lst -g -D DEBUG -Wall -ffunction-sections -finline-functions -O1 -ffat-lto-objects -c Generated_Source\PSoC4\Switch_Pin.c -o .\CortexM0\ARM_GCC_493\Debug\Switch_Pin.o
arm-none-eabi-gcc.exe -mcpu=cortex-m0 -mthumb -I.\chain_flow -I.\chain_flow\chain_flow_assembler -I.\rtc_functions -I.\utilities -I.\rtu_modbus -I.\moisture_measurement -I.\event_fifo -I.\capsense_sensor -I.\humidity_sensor -I. -IGenerated_Source\PSoC4 -Wa,-alh=.\CortexM0\ARM_GCC_493\Debug/Switch_Pin_PM.lst -g -D DEBUG -Wall -ffunction-sections -finline-functions -O1 -ffat-lto-objects -c Generated_Source\PSoC4\Switch_Pin_PM.c -o .\CortexM0\ARM_GCC_493\Debug\Switch_Pin_PM.o
arm-none-eabi-gcc.exe -mcpu=cortex-m0 -mthumb -I.\chain_flow -I.\chain_flow\chain_flow_assembler -I.\rtc_functions -I.\utilities -I.\rtu_modbus -I.\moisture_measurement -I.\event_fifo -I.\capsense_sensor -I.\humidity_sensor -I. -IGenerated_Source\PSoC4 -Wa,-alh=.\CortexM0\ARM_GCC_493\Debug/Heart_Beat_Pin.lst -g -D DEBUG -Wall -ffunction-sections -finline-functions -O1 -ffat-lto-objects -c Generated_Source\PSoC4\Heart_Beat_Pin.c -o .\CortexM0\ARM_GCC_493\Debug\Heart_Beat_Pin.o
arm-none-eabi-gcc.exe -mcpu=cortex-m0 -mthumb -I.\chain_flow -I.\chain_flow\chain_flow_assembler -I.\rtc_functions -I.\utilities -I.\rtu_modbus -I.\moisture_measurement -I.\event_fifo -I.\capsense_sensor -I.\humidity_sensor -I. -IGenerated_Source\PSoC4 -Wa,-alh=.\CortexM0\ARM_GCC_493\Debug/Heart_Beat_Pin_PM.lst -g -D DEBUG -Wall -ffunction-sections -finline-functions -O1 -ffat-lto-objects -c Generated_Source\PSoC4\Heart_Beat_Pin_PM.c -o .\CortexM0\ARM_GCC_493\Debug\Heart_Beat_Pin_PM.o
arm-none-eabi-gcc.exe -mcpu=cortex-m0 -mthumb -I.\chain_flow -I.\chain_flow\chain_flow_assembler -I.\rtc_functions -I.\utilities -I.\rtu_modbus -I.\moisture_measurement -I.\event_fifo -I.\capsense_sensor -I.\humidity_sensor -I. -IGenerated_Source\PSoC4 -Wa,-alh=.\CortexM0\ARM_GCC_493\Debug/UART_1.lst -g -D DEBUG -Wall -ffunction-sections -finline-functions -O1 -ffat-lto-objects -c Generated_Source\PSoC4\UART_1.c -o .\CortexM0\ARM_GCC_493\Debug\UART_1.o
arm-none-eabi-gcc.exe -mcpu=cortex-m0 -mthumb -I.\chain_flow -I.\chain_flow\chain_flow_assembler -I.\rtc_functions -I.\utilities -I.\rtu_modbus -I.\moisture_measurement -I.\event_fifo -I.\capsense_sensor -I.\humidity_sensor -I. -IGenerated_Source\PSoC4 -Wa,-alh=.\CortexM0\ARM_GCC_493\Debug/UART_1_PM.lst -g -D DEBUG -Wall -ffunction-sections -finline-functions -O1 -ffat-lto-objects -c Generated_Source\PSoC4\UART_1_PM.c -o .\CortexM0\ARM_GCC_493\Debug\UART_1_PM.o
arm-none-eabi-gcc.exe -mcpu=cortex-m0 -mthumb -I.\chain_flow -I.\chain_flow\chain_flow_assembler -I.\rtc_functions -I.\utilities -I.\rtu_modbus -I.\moisture_measurement -I.\event_fifo -I.\capsense_sensor -I.\humidity_sensor -I. -IGenerated_Source\PSoC4 -Wa,-alh=.\CortexM0\ARM_GCC_493\Debug/UART_1_INT.lst -g -D DEBUG -Wall -ffunction-sections -finline-functions -O1 -ffat-lto-objects -c Generated_Source\PSoC4\UART_1_INT.c -o .\CortexM0\ARM_GCC_493\Debug\UART_1_INT.o
arm-none-eabi-gcc.exe -mcpu=cortex-m0 -mthumb -I.\chain_flow -I.\chain_flow\chain_flow_assembler -I.\rtc_functions -I.\utilities -I.\rtu_modbus -I.\moisture_measurement -I.\event_fifo -I.\capsense_sensor -I.\humidity_sensor -I. -IGenerated_Source\PSoC4 -Wa,-alh=.\CortexM0\ARM_GCC_493\Debug/UART_1_BOOT.lst -g -D DEBUG -Wall -ffunction-sections -finline-functions -O1 -ffat-lto-objects -c Generated_Source\PSoC4\UART_1_BOOT.c -o .\CortexM0\ARM_GCC_493\Debug\UART_1_BOOT.o
arm-none-eabi-gcc.exe -mcpu=cortex-m0 -mthumb -I.\chain_flow -I.\chain_flow\chain_flow_assembler -I.\rtc_functions -I.\utilities -I.\rtu_modbus -I.\moisture_measurement -I.\event_fifo -I.\capsense_sensor -I.\humidity_sensor -I. -IGenerated_Source\PSoC4 -Wa,-alh=.\CortexM0\ARM_GCC_493\Debug/UART_1_IntClock.lst -g -D DEBUG -Wall -ffunction-sections -finline-functions -O1 -ffat-lto-objects -c Generated_Source\PSoC4\UART_1_IntClock.c -o .\CortexM0\ARM_GCC_493\Debug\UART_1_IntClock.o
arm-none-eabi-gcc.exe -mcpu=cortex-m0 -mthumb -I.\chain_flow -I.\chain_flow\chain_flow_assembler -I.\rtc_functions -I.\utilities -I.\rtu_modbus -I.\moisture_measurement -I.\event_fifo -I.\capsense_sensor -I.\humidity_sensor -I. -IGenerated_Source\PSoC4 -Wa,-alh=.\CortexM0\ARM_GCC_493\Debug/Cm0Start.lst -g -D DEBUG -Wall -ffunction-sections -finline-functions -O1 -ffat-lto-objects -c Generated_Source\PSoC4\Cm0Start.c -o .\CortexM0\ARM_GCC_493\Debug\Cm0Start.o
arm-none-eabi-gcc.exe -mcpu=cortex-m0 -mthumb -I.\chain_flow -I.\chain_flow\chain_flow_assembler -I.\rtc_functions -I.\utilities -I.\rtu_modbus -I.\moisture_measurement -I.\event_fifo -I.\capsense_sensor -I.\humidity_sensor -I. -IGenerated_Source\PSoC4 -Wa,-alh=.\CortexM0\ARM_GCC_493\Debug/CyFlash.lst -g -D DEBUG -Wall -ffunction-sections -finline-functions -O1 -ffat-lto-objects -c Generated_Source\PSoC4\CyFlash.c -o .\CortexM0\ARM_GCC_493\Debug\CyFlash.o
arm-none-eabi-gcc.exe -mcpu=cortex-m0 -mthumb -I.\chain_flow -I.\chain_flow\chain_flow_assembler -I.\rtc_functions -I.\utilities -I.\rtu_modbus -I.\moisture_measurement -I.\event_fifo -I.\capsense_sensor -I.\humidity_sensor -I. -IGenerated_Source\PSoC4 -Wa,-alh=.\CortexM0\ARM_GCC_493\Debug/CyLib.lst -g -D DEBUG -Wall -ffunction-sections -finline-functions -O1 -ffat-lto-objects -c Generated_Source\PSoC4\CyLib.c -o .\CortexM0\ARM_GCC_493\Debug\CyLib.o
arm-none-eabi-gcc.exe -mcpu=cortex-m0 -mthumb -I.\chain_flow -I.\chain_flow\chain_flow_assembler -I.\rtc_functions -I.\utilities -I.\rtu_modbus -I.\moisture_measurement -I.\event_fifo -I.\capsense_sensor -I.\humidity_sensor -I. -IGenerated_Source\PSoC4 -Wa,-alh=.\CortexM0\ARM_GCC_493\Debug/cyPm.lst -g -D DEBUG -Wall -ffunction-sections -finline-functions -O1 -ffat-lto-objects -c Generated_Source\PSoC4\cyPm.c -o .\CortexM0\ARM_GCC_493\Debug\cyPm.o
arm-none-eabi-gcc.exe -mcpu=cortex-m0 -mthumb -I.\chain_flow -I.\chain_flow\chain_flow_assembler -I.\rtc_functions -I.\utilities -I.\rtu_modbus -I.\moisture_measurement -I.\event_fifo -I.\capsense_sensor -I.\humidity_sensor -I. -IGenerated_Source\PSoC4 -Wa,-alh=.\CortexM0\ARM_GCC_493\Debug/cyutils.lst -g -D DEBUG -Wall -ffunction-sections -finline-functions -O1 -ffat-lto-objects -c Generated_Source\PSoC4\cyutils.c -o .\CortexM0\ARM_GCC_493\Debug\cyutils.o
arm-none-eabi-gcc.exe -mcpu=cortex-m0 -mthumb -I.\chain_flow -I.\chain_flow\chain_flow_assembler -I.\rtc_functions -I.\utilities -I.\rtu_modbus -I.\moisture_measurement -I.\event_fifo -I.\capsense_sensor -I.\humidity_sensor -I. -IGenerated_Source\PSoC4 -Wa,-alh=.\CortexM0\ARM_GCC_493\Debug/CyDMA.lst -g -D DEBUG -Wall -ffunction-sections -finline-functions -O1 -ffat-lto-objects -c Generated_Source\PSoC4\CyDMA.c -o .\CortexM0\ARM_GCC_493\Debug\CyDMA.o
arm-none-eabi-gcc.exe -mcpu=cortex-m0 -mthumb -I.\chain_flow -I.\chain_flow\chain_flow_assembler -I.\rtc_functions -I.\utilities -I.\rtu_modbus -I.\moisture_measurement -I.\event_fifo -I.\capsense_sensor -I.\humidity_sensor -I. -IGenerated_Source\PSoC4 -Wa,-alh=.\CortexM0\ARM_GCC_493\Debug/CyLFClk.lst -g -D DEBUG -Wall -ffunction-sections -finline-functions -O1 -ffat-lto-objects -c Generated_Source\PSoC4\CyLFClk.c -o .\CortexM0\ARM_GCC_493\Debug\CyLFClk.o
arm-none-eabi-gcc.exe -mcpu=cortex-m0 -mthumb -I.\chain_flow -I.\chain_flow\chain_flow_assembler -I.\rtc_functions -I.\utilities -I.\rtu_modbus -I.\moisture_measurement -I.\event_fifo -I.\capsense_sensor -I.\humidity_sensor -I. -IGenerated_Source\PSoC4 -Wa,-alh=.\CortexM0\ARM_GCC_493\Debug/AMux_2.lst -g -D DEBUG -Wall -ffunction-sections -finline-functions -O1 -ffat-lto-objects -c Generated_Source\PSoC4\AMux_2.c -o .\CortexM0\ARM_GCC_493\Debug\AMux_2.o
arm-none-eabi-gcc.exe -mcpu=cortex-m0 -mthumb -I.\chain_flow -I.\chain_flow\chain_flow_assembler -I.\rtc_functions -I.\utilities -I.\rtu_modbus -I.\moisture_measurement -I.\event_fifo -I.\capsense_sensor -I.\humidity_sensor -I. -IGenerated_Source\PSoC4 -Wa,-alh=.\CortexM0\ARM_GCC_493\Debug/ADC_SAR_Seq_1.lst -g -D DEBUG -Wall -ffunction-sections -finline-functions -O1 -ffat-lto-objects -c Generated_Source\PSoC4\ADC_SAR_Seq_1.c -o .\CortexM0\ARM_GCC_493\Debug\ADC_SAR_Seq_1.o
arm-none-eabi-gcc.exe -mcpu=cortex-m0 -mthumb -I.\chain_flow -I.\chain_flow\chain_flow_assembler -I.\rtc_functions -I.\utilities -I.\rtu_modbus -I.\moisture_measurement -I.\event_fifo -I.\capsense_sensor -I.\humidity_sensor -I. -IGenerated_Source\PSoC4 -Wa,-alh=.\CortexM0\ARM_GCC_493\Debug/ADC_SAR_Seq_1_PM.lst -g -D DEBUG -Wall -ffunction-sections -finline-functions -O1 -ffat-lto-objects -c Generated_Source\PSoC4\ADC_SAR_Seq_1_PM.c -o .\CortexM0\ARM_GCC_493\Debug\ADC_SAR_Seq_1_PM.o
arm-none-eabi-gcc.exe -mcpu=cortex-m0 -mthumb -I.\chain_flow -I.\chain_flow\chain_flow_assembler -I.\rtc_functions -I.\utilities -I.\rtu_modbus -I.\moisture_measurement -I.\event_fifo -I.\capsense_sensor -I.\humidity_sensor -I. -IGenerated_Source\PSoC4 -Wa,-alh=.\CortexM0\ARM_GCC_493\Debug/ADC_SAR_Seq_1_INT.lst -g -D DEBUG -Wall -ffunction-sections -finline-functions -O1 -ffat-lto-objects -c Generated_Source\PSoC4\ADC_SAR_Seq_1_INT.c -o .\CortexM0\ARM_GCC_493\Debug\ADC_SAR_Seq_1_INT.o
arm-none-eabi-gcc.exe -mcpu=cortex-m0 -mthumb -I.\chain_flow -I.\chain_flow\chain_flow_assembler -I.\rtc_functions -I.\utilities -I.\rtu_modbus -I.\moisture_measurement -I.\event_fifo -I.\capsense_sensor -I.\humidity_sensor -I. -IGenerated_Source\PSoC4 -Wa,-alh=.\CortexM0\ARM_GCC_493\Debug/ADC_SAR_Seq_1_IRQ.lst -g -D DEBUG -Wall -ffunction-sections -finline-functions -O1 -ffat-lto-objects -c Generated_Source\PSoC4\ADC_SAR_Seq_1_IRQ.c -o .\CortexM0\ARM_GCC_493\Debug\ADC_SAR_Seq_1_IRQ.o
arm-none-eabi-gcc.exe -mcpu=cortex-m0 -mthumb -I.\chain_flow -I.\chain_flow\chain_flow_assembler -I.\rtc_functions -I.\utilities -I.\rtu_modbus -I.\moisture_measurement -I.\event_fifo -I.\capsense_sensor -I.\humidity_sensor -I. -IGenerated_Source\PSoC4 -Wa,-alh=.\CortexM0\ARM_GCC_493\Debug/ADC_SAR_Seq_1_intClock.lst -g -D DEBUG -Wall -ffunction-sections -finline-functions -O1 -ffat-lto-objects -c Generated_Source\PSoC4\ADC_SAR_Seq_1_intClock.c -o .\CortexM0\ARM_GCC_493\Debug\ADC_SAR_Seq_1_intClock.o
arm-none-eabi-gcc.exe -mcpu=cortex-m0 -mthumb -I.\chain_flow -I.\chain_flow\chain_flow_assembler -I.\rtc_functions -I.\utilities -I.\rtu_modbus -I.\moisture_measurement -I.\event_fifo -I.\capsense_sensor -I.\humidity_sensor -I. -IGenerated_Source\PSoC4 -Wa,-alh=.\CortexM0\ARM_GCC_493\Debug/RS_485_Dir.lst -g -D DEBUG -Wall -ffunction-sections -finline-functions -O1 -ffat-lto-objects -c Generated_Source\PSoC4\RS_485_Dir.c -o .\CortexM0\ARM_GCC_493\Debug\RS_485_Dir.o
arm-none-eabi-gcc.exe -mcpu=cortex-m0 -mthumb -I.\chain_flow -I.\chain_flow\chain_flow_assembler -I.\rtc_functions -I.\utilities -I.\rtu_modbus -I.\moisture_measurement -I.\event_fifo -I.\capsense_sensor -I.\humidity_sensor -I. -IGenerated_Source\PSoC4 -Wa,-alh=.\CortexM0\ARM_GCC_493\Debug/RS_485_Dir_PM.lst -g -D DEBUG -Wall -ffunction-sections -finline-functions -O1 -ffat-lto-objects -c Generated_Source\PSoC4\RS_485_Dir_PM.c -o .\CortexM0\ARM_GCC_493\Debug\RS_485_Dir_PM.o
arm-none-eabi-gcc.exe -mcpu=cortex-m0 -mthumb -I.\chain_flow -I.\chain_flow\chain_flow_assembler -I.\rtc_functions -I.\utilities -I.\rtu_modbus -I.\moisture_measurement -I.\event_fifo -I.\capsense_sensor -I.\humidity_sensor -I. -IGenerated_Source\PSoC4 -Wa,-alh=.\CortexM0\ARM_GCC_493\Debug/RTC_1.lst -g -D DEBUG -Wall -ffunction-sections -finline-functions -O1 -ffat-lto-objects -c Generated_Source\PSoC4\RTC_1.c -o .\CortexM0\ARM_GCC_493\Debug\RTC_1.o
arm-none-eabi-gcc.exe -mcpu=cortex-m0 -mthumb -I.\chain_flow -I.\chain_flow\chain_flow_assembler -I.\rtc_functions -I.\utilities -I.\rtu_modbus -I.\moisture_measurement -I.\event_fifo -I.\capsense_sensor -I.\humidity_sensor -I. -IGenerated_Source\PSoC4 -Wa,-alh=.\CortexM0\ARM_GCC_493\Debug/One_Wire_Pin.lst -g -D DEBUG -Wall -ffunction-sections -finline-functions -O1 -ffat-lto-objects -c Generated_Source\PSoC4\One_Wire_Pin.c -o .\CortexM0\ARM_GCC_493\Debug\One_Wire_Pin.o
arm-none-eabi-gcc.exe -mcpu=cortex-m0 -mthumb -I.\chain_flow -I.\chain_flow\chain_flow_assembler -I.\rtc_functions -I.\utilities -I.\rtu_modbus -I.\moisture_measurement -I.\event_fifo -I.\capsense_sensor -I.\humidity_sensor -I. -IGenerated_Source\PSoC4 -Wa,-alh=.\CortexM0\ARM_GCC_493\Debug/One_Wire_Pin_PM.lst -g -D DEBUG -Wall -ffunction-sections -finline-functions -O1 -ffat-lto-objects -c Generated_Source\PSoC4\One_Wire_Pin_PM.c -o .\CortexM0\ARM_GCC_493\Debug\One_Wire_Pin_PM.o
arm-none-eabi-gcc.exe -mcpu=cortex-m0 -mthumb -I.\chain_flow -I.\chain_flow\chain_flow_assembler -I.\rtc_functions -I.\utilities -I.\rtu_modbus -I.\moisture_measurement -I.\event_fifo -I.\capsense_sensor -I.\humidity_sensor -I. -IGenerated_Source\PSoC4 -Wa,-alh=.\CortexM0\ARM_GCC_493\Debug/WdtIsr.lst -g -D DEBUG -Wall -ffunction-sections -finline-functions -O1 -ffat-lto-objects -c Generated_Source\PSoC4\WdtIsr.c -o .\CortexM0\ARM_GCC_493\Debug\WdtIsr.o
arm-none-eabi-gcc.exe -mcpu=cortex-m0 -mthumb -I.\chain_flow -I.\chain_flow\chain_flow_assembler -I.\rtc_functions -I.\utilities -I.\rtu_modbus -I.\moisture_measurement -I.\event_fifo -I.\capsense_sensor -I.\humidity_sensor -I. -IGenerated_Source\PSoC4 -Wa,-alh=.\CortexM0\ARM_GCC_493\Debug/modbus_tx_interrupt.lst -g -D DEBUG -Wall -ffunction-sections -finline-functions -O1 -ffat-lto-objects -c Generated_Source\PSoC4\modbus_tx_interrupt.c -o .\CortexM0\ARM_GCC_493\Debug\modbus_tx_interrupt.o
arm-none-eabi-gcc.exe -mcpu=cortex-m0 -mthumb -I.\chain_flow -I.\chain_flow\chain_flow_assembler -I.\rtc_functions -I.\utilities -I.\rtu_modbus -I.\moisture_measurement -I.\event_fifo -I.\capsense_sensor -I.\humidity_sensor -I. -IGenerated_Source\PSoC4 -Wa,-alh=.\CortexM0\ARM_GCC_493\Debug/modbus_rx_interrupt.lst -g -D DEBUG -Wall -ffunction-sections -finline-functions -O1 -ffat-lto-objects -c Generated_Source\PSoC4\modbus_rx_interrupt.c -o .\CortexM0\ARM_GCC_493\Debug\modbus_rx_interrupt.o
arm-none-eabi-gcc.exe -mcpu=cortex-m0 -mthumb -I.\chain_flow -I.\chain_flow\chain_flow_assembler -I.\rtc_functions -I.\utilities -I.\rtu_modbus -I.\moisture_measurement -I.\event_fifo -I.\capsense_sensor -I.\humidity_sensor -I. -IGenerated_Source\PSoC4 -Wa,-alh=.\CortexM0\ARM_GCC_493\Debug/I2C_1.lst -g -D DEBUG -Wall -ffunction-sections -finline-functions -O1 -ffat-lto-objects -c Generated_Source\PSoC4\I2C_1.c -o .\CortexM0\ARM_GCC_493\Debug\I2C_1.o
arm-none-eabi-gcc.exe -mcpu=cortex-m0 -mthumb -I.\chain_flow -I.\chain_flow\chain_flow_assembler -I.\rtc_functions -I.\utilities -I.\rtu_modbus -I.\moisture_measurement -I.\event_fifo -I.\capsense_sensor -I.\humidity_sensor -I. -IGenerated_Source\PSoC4 -Wa,-alh=.\CortexM0\ARM_GCC_493\Debug/I2C_1_I2C_INT.lst -g -D DEBUG -Wall -ffunction-sections -finline-functions -O1 -ffat-lto-objects -c Generated_Source\PSoC4\I2C_1_I2C_INT.c -o .\CortexM0\ARM_GCC_493\Debug\I2C_1_I2C_INT.o
arm-none-eabi-gcc.exe -mcpu=cortex-m0 -mthumb -I.\chain_flow -I.\chain_flow\chain_flow_assembler -I.\rtc_functions -I.\utilities -I.\rtu_modbus -I.\moisture_measurement -I.\event_fifo -I.\capsense_sensor -I.\humidity_sensor -I. -IGenerated_Source\PSoC4 -Wa,-alh=.\CortexM0\ARM_GCC_493\Debug/I2C_1_I2C.lst -g -D DEBUG -Wall -ffunction-sections -finline-functions -O1 -ffat-lto-objects -c Generated_Source\PSoC4\I2C_1_I2C.c -o .\CortexM0\ARM_GCC_493\Debug\I2C_1_I2C.o
arm-none-eabi-gcc.exe -mcpu=cortex-m0 -mthumb -I.\chain_flow -I.\chain_flow\chain_flow_assembler -I.\rtc_functions -I.\utilities -I.\rtu_modbus -I.\moisture_measurement -I.\event_fifo -I.\capsense_sensor -I.\humidity_sensor -I. -IGenerated_Source\PSoC4 -Wa,-alh=.\CortexM0\ARM_GCC_493\Debug/I2C_1_I2C_BOOT.lst -g -D DEBUG -Wall -ffunction-sections -finline-functions -O1 -ffat-lto-objects -c Generated_Source\PSoC4\I2C_1_I2C_BOOT.c -o .\CortexM0\ARM_GCC_493\Debug\I2C_1_I2C_BOOT.o
arm-none-eabi-gcc.exe -mcpu=cortex-m0 -mthumb -I.\chain_flow -I.\chain_flow\chain_flow_assembler -I.\rtc_functions -I.\utilities -I.\rtu_modbus -I.\moisture_measurement -I.\event_fifo -I.\capsense_sensor -I.\humidity_sensor -I. -IGenerated_Source\PSoC4 -Wa,-alh=.\CortexM0\ARM_GCC_493\Debug/I2C_1_I2C_MASTER.lst -g -D DEBUG -Wall -ffunction-sections -finline-functions -O1 -ffat-lto-objects -c Generated_Source\PSoC4\I2C_1_I2C_MASTER.c -o .\CortexM0\ARM_GCC_493\Debug\I2C_1_I2C_MASTER.o
arm-none-eabi-gcc.exe -mcpu=cortex-m0 -mthumb -I.\chain_flow -I.\chain_flow\chain_flow_assembler -I.\rtc_functions -I.\utilities -I.\rtu_modbus -I.\moisture_measurement -I.\event_fifo -I.\capsense_sensor -I.\humidity_sensor -I. -IGenerated_Source\PSoC4 -Wa,-alh=.\CortexM0\ARM_GCC_493\Debug/I2C_1_PM.lst -g -D DEBUG -Wall -ffunction-sections -finline-functions -O1 -ffat-lto-objects -c Generated_Source\PSoC4\I2C_1_PM.c -o .\CortexM0\ARM_GCC_493\Debug\I2C_1_PM.o
arm-none-eabi-gcc.exe -mcpu=cortex-m0 -mthumb -I.\chain_flow -I.\chain_flow\chain_flow_assembler -I.\rtc_functions -I.\utilities -I.\rtu_modbus -I.\moisture_measurement -I.\event_fifo -I.\capsense_sensor -I.\humidity_sensor -I. -IGenerated_Source\PSoC4 -Wa,-alh=.\CortexM0\ARM_GCC_493\Debug/I2C_1_BOOT.lst -g -D DEBUG -Wall -ffunction-sections -finline-functions -O1 -ffat-lto-objects -c Generated_Source\PSoC4\I2C_1_BOOT.c -o .\CortexM0\ARM_GCC_493\Debug\I2C_1_BOOT.o
arm-none-eabi-gcc.exe -mcpu=cortex-m0 -mthumb -I.\chain_flow -I.\chain_flow\chain_flow_assembler -I.\rtc_functions -I.\utilities -I.\rtu_modbus -I.\moisture_measurement -I.\event_fifo -I.\capsense_sensor -I.\humidity_sensor -I. -IGenerated_Source\PSoC4 -Wa,-alh=.\CortexM0\ARM_GCC_493\Debug/I2C_1_SCBCLK.lst -g -D DEBUG -Wall -ffunction-sections -finline-functions -O1 -ffat-lto-objects -c Generated_Source\PSoC4\I2C_1_SCBCLK.c -o .\CortexM0\ARM_GCC_493\Debug\I2C_1_SCBCLK.o
arm-none-eabi-gcc.exe -mcpu=cortex-m0 -mthumb -I.\chain_flow -I.\chain_flow\chain_flow_assembler -I.\rtc_functions -I.\utilities -I.\rtu_modbus -I.\moisture_measurement -I.\event_fifo -I.\capsense_sensor -I.\humidity_sensor -I. -IGenerated_Source\PSoC4 -Wa,-alh=.\CortexM0\ARM_GCC_493\Debug/I2C_1_sda.lst -g -D DEBUG -Wall -ffunction-sections -finline-functions -O1 -ffat-lto-objects -c Generated_Source\PSoC4\I2C_1_sda.c -o .\CortexM0\ARM_GCC_493\Debug\I2C_1_sda.o
arm-none-eabi-gcc.exe -mcpu=cortex-m0 -mthumb -I.\chain_flow -I.\chain_flow\chain_flow_assembler -I.\rtc_functions -I.\utilities -I.\rtu_modbus -I.\moisture_measurement -I.\event_fifo -I.\capsense_sensor -I.\humidity_sensor -I. -IGenerated_Source\PSoC4 -Wa,-alh=.\CortexM0\ARM_GCC_493\Debug/I2C_1_sda_PM.lst -g -D DEBUG -Wall -ffunction-sections -finline-functions -O1 -ffat-lto-objects -c Generated_Source\PSoC4\I2C_1_sda_PM.c -o .\CortexM0\ARM_GCC_493\Debug\I2C_1_sda_PM.o
arm-none-eabi-gcc.exe -mcpu=cortex-m0 -mthumb -I.\chain_flow -I.\chain_flow\chain_flow_assembler -I.\rtc_functions -I.\utilities -I.\rtu_modbus -I.\moisture_measurement -I.\event_fifo -I.\capsense_sensor -I.\humidity_sensor -I. -IGenerated_Source\PSoC4 -Wa,-alh=.\CortexM0\ARM_GCC_493\Debug/I2C_1_scl.lst -g -D DEBUG -Wall -ffunction-sections -finline-functions -O1 -ffat-lto-objects -c Generated_Source\PSoC4\I2C_1_scl.c -o .\CortexM0\ARM_GCC_493\Debug\I2C_1_scl.o
arm-none-eabi-gcc.exe -mcpu=cortex-m0 -mthumb -I.\chain_flow -I.\chain_flow\chain_flow_assembler -I.\rtc_functions -I.\utilities -I.\rtu_modbus -I.\moisture_measurement -I.\event_fifo -I.\capsense_sensor -I.\humidity_sensor -I. -IGenerated_Source\PSoC4 -Wa,-alh=.\CortexM0\ARM_GCC_493\Debug/I2C_1_scl_PM.lst -g -D DEBUG -Wall -ffunction-sections -finline-functions -O1 -ffat-lto-objects -c Generated_Source\PSoC4\I2C_1_scl_PM.c -o .\CortexM0\ARM_GCC_493\Debug\I2C_1_scl_PM.o
arm-none-eabi-gcc.exe -mcpu=cortex-m0 -mthumb -I.\chain_flow -I.\chain_flow\chain_flow_assembler -I.\rtc_functions -I.\utilities -I.\rtu_modbus -I.\moisture_measurement -I.\event_fifo -I.\capsense_sensor -I.\humidity_sensor -I. -IGenerated_Source\PSoC4 -Wa,-alh=.\CortexM0\ARM_GCC_493\Debug/I2C_1_SCB_IRQ.lst -g -D DEBUG -Wall -ffunction-sections -finline-functions -O1 -ffat-lto-objects -c Generated_Source\PSoC4\I2C_1_SCB_IRQ.c -o .\CortexM0\ARM_GCC_493\Debug\I2C_1_SCB_IRQ.o
arm-none-eabi-gcc.exe -mcpu=cortex-m0 -mthumb -I.\chain_flow -I.\chain_flow\chain_flow_assembler -I.\rtc_functions -I.\utilities -I.\rtu_modbus -I.\moisture_measurement -I.\event_fifo -I.\capsense_sensor -I.\humidity_sensor -I. -IGenerated_Source\PSoC4 -Wa,-alh=.\CortexM0\ARM_GCC_493\Debug/temp_humidity_pin.lst -g -D DEBUG -Wall -ffunction-sections -finline-functions -O1 -ffat-lto-objects -c Generated_Source\PSoC4\temp_humidity_pin.c -o .\CortexM0\ARM_GCC_493\Debug\temp_humidity_pin.o
arm-none-eabi-gcc.exe -mcpu=cortex-m0 -mthumb -I.\chain_flow -I.\chain_flow\chain_flow_assembler -I.\rtc_functions -I.\utilities -I.\rtu_modbus -I.\moisture_measurement -I.\event_fifo -I.\capsense_sensor -I.\humidity_sensor -I. -IGenerated_Source\PSoC4 -Wa,-alh=.\CortexM0\ARM_GCC_493\Debug/temp_humidity_pin_PM.lst -g -D DEBUG -Wall -ffunction-sections -finline-functions -O1 -ffat-lto-objects -c Generated_Source\PSoC4\temp_humidity_pin_PM.c -o .\CortexM0\ARM_GCC_493\Debug\temp_humidity_pin_PM.o
arm-none-eabi-gcc.exe -mcpu=cortex-m0 -mthumb -I.\chain_flow -I.\chain_flow\chain_flow_assembler -I.\rtc_functions -I.\utilities -I.\rtu_modbus -I.\moisture_measurement -I.\event_fifo -I.\capsense_sensor -I.\humidity_sensor -I. -IGenerated_Source\PSoC4 -Wa,-alh=.\CortexM0\ARM_GCC_493\Debug/Input_Pin_1.lst -g -D DEBUG -Wall -ffunction-sections -finline-functions -O1 -ffat-lto-objects -c Generated_Source\PSoC4\Input_Pin_1.c -o .\CortexM0\ARM_GCC_493\Debug\Input_Pin_1.o
arm-none-eabi-gcc.exe -mcpu=cortex-m0 -mthumb -I.\chain_flow -I.\chain_flow\chain_flow_assembler -I.\rtc_functions -I.\utilities -I.\rtu_modbus -I.\moisture_measurement -I.\event_fifo -I.\capsense_sensor -I.\humidity_sensor -I. -IGenerated_Source\PSoC4 -Wa,-alh=.\CortexM0\ARM_GCC_493\Debug/Input_Pin_1_PM.lst -g -D DEBUG -Wall -ffunction-sections -finline-functions -O1 -ffat-lto-objects -c Generated_Source\PSoC4\Input_Pin_1_PM.c -o .\CortexM0\ARM_GCC_493\Debug\Input_Pin_1_PM.o
arm-none-eabi-gcc.exe -mcpu=cortex-m0 -mthumb -I.\chain_flow -I.\chain_flow\chain_flow_assembler -I.\rtc_functions -I.\utilities -I.\rtu_modbus -I.\moisture_measurement -I.\event_fifo -I.\capsense_sensor -I.\humidity_sensor -I. -IGenerated_Source\PSoC4 -Wa,-alh=.\CortexM0\ARM_GCC_493\Debug/input_Pin_2.lst -g -D DEBUG -Wall -ffunction-sections -finline-functions -O1 -ffat-lto-objects -c Generated_Source\PSoC4\input_Pin_2.c -o .\CortexM0\ARM_GCC_493\Debug\input_Pin_2.o
arm-none-eabi-gcc.exe -mcpu=cortex-m0 -mthumb -I.\chain_flow -I.\chain_flow\chain_flow_assembler -I.\rtc_functions -I.\utilities -I.\rtu_modbus -I.\moisture_measurement -I.\event_fifo -I.\capsense_sensor -I.\humidity_sensor -I. -IGenerated_Source\PSoC4 -Wa,-alh=.\CortexM0\ARM_GCC_493\Debug/input_Pin_2_PM.lst -g -D DEBUG -Wall -ffunction-sections -finline-functions -O1 -ffat-lto-objects -c Generated_Source\PSoC4\input_Pin_2_PM.c -o .\CortexM0\ARM_GCC_493\Debug\input_Pin_2_PM.o
arm-none-eabi-gcc.exe -mcpu=cortex-m0 -mthumb -I.\chain_flow -I.\chain_flow\chain_flow_assembler -I.\rtc_functions -I.\utilities -I.\rtu_modbus -I.\moisture_measurement -I.\event_fifo -I.\capsense_sensor -I.\humidity_sensor -I. -IGenerated_Source\PSoC4 -Wa,-alh=.\CortexM0\ARM_GCC_493\Debug/input_Pin_3.lst -g -D DEBUG -Wall -ffunction-sections -finline-functions -O1 -ffat-lto-objects -c Generated_Source\PSoC4\input_Pin_3.c -o .\CortexM0\ARM_GCC_493\Debug\input_Pin_3.o
arm-none-eabi-gcc.exe -mcpu=cortex-m0 -mthumb -I.\chain_flow -I.\chain_flow\chain_flow_assembler -I.\rtc_functions -I.\utilities -I.\rtu_modbus -I.\moisture_measurement -I.\event_fifo -I.\capsense_sensor -I.\humidity_sensor -I. -IGenerated_Source\PSoC4 -Wa,-alh=.\CortexM0\ARM_GCC_493\Debug/input_Pin_3_PM.lst -g -D DEBUG -Wall -ffunction-sections -finline-functions -O1 -ffat-lto-objects -c Generated_Source\PSoC4\input_Pin_3_PM.c -o .\CortexM0\ARM_GCC_493\Debug\input_Pin_3_PM.o
arm-none-eabi-gcc.exe -mcpu=cortex-m0 -mthumb -I.\chain_flow -I.\chain_flow\chain_flow_assembler -I.\rtc_functions -I.\utilities -I.\rtu_modbus -I.\moisture_measurement -I.\event_fifo -I.\capsense_sensor -I.\humidity_sensor -I. -IGenerated_Source\PSoC4 -Wa,-alh=.\CortexM0\ARM_GCC_493\Debug/Source_Pin_1.lst -g -D DEBUG -Wall -ffunction-sections -finline-functions -O1 -ffat-lto-objects -c Generated_Source\PSoC4\Source_Pin_1.c -o .\CortexM0\ARM_GCC_493\Debug\Source_Pin_1.o
arm-none-eabi-gcc.exe -mcpu=cortex-m0 -mthumb -I.\chain_flow -I.\chain_flow\chain_flow_assembler -I.\rtc_functions -I.\utilities -I.\rtu_modbus -I.\moisture_measurement -I.\event_fifo -I.\capsense_sensor -I.\humidity_sensor -I. -IGenerated_Source\PSoC4 -Wa,-alh=.\CortexM0\ARM_GCC_493\Debug/Source_Pin_1_PM.lst -g -D DEBUG -Wall -ffunction-sections -finline-functions -O1 -ffat-lto-objects -c Generated_Source\PSoC4\Source_Pin_1_PM.c -o .\CortexM0\ARM_GCC_493\Debug\Source_Pin_1_PM.o
arm-none-eabi-gcc.exe -mcpu=cortex-m0 -mthumb -I.\chain_flow -I.\chain_flow\chain_flow_assembler -I.\rtc_functions -I.\utilities -I.\rtu_modbus -I.\moisture_measurement -I.\event_fifo -I.\capsense_sensor -I.\humidity_sensor -I. -IGenerated_Source\PSoC4 -Wa,-alh=.\CortexM0\ARM_GCC_493\Debug/Sink_Pin_1.lst -g -D DEBUG -Wall -ffunction-sections -finline-functions -O1 -ffat-lto-objects -c Generated_Source\PSoC4\Sink_Pin_1.c -o .\CortexM0\ARM_GCC_493\Debug\Sink_Pin_1.o
arm-none-eabi-gcc.exe -mcpu=cortex-m0 -mthumb -I.\chain_flow -I.\chain_flow\chain_flow_assembler -I.\rtc_functions -I.\utilities -I.\rtu_modbus -I.\moisture_measurement -I.\event_fifo -I.\capsense_sensor -I.\humidity_sensor -I. -IGenerated_Source\PSoC4 -Wa,-alh=.\CortexM0\ARM_GCC_493\Debug/Sink_Pin_1_PM.lst -g -D DEBUG -Wall -ffunction-sections -finline-functions -O1 -ffat-lto-objects -c Generated_Source\PSoC4\Sink_Pin_1_PM.c -o .\CortexM0\ARM_GCC_493\Debug\Sink_Pin_1_PM.o
arm-none-eabi-gcc.exe -mcpu=cortex-m0 -mthumb -I.\chain_flow -I.\chain_flow\chain_flow_assembler -I.\rtc_functions -I.\utilities -I.\rtu_modbus -I.\moisture_measurement -I.\event_fifo -I.\capsense_sensor -I.\humidity_sensor -I. -IGenerated_Source\PSoC4 -Wa,-alh=.\CortexM0\ARM_GCC_493\Debug/Source_Pin_2.lst -g -D DEBUG -Wall -ffunction-sections -finline-functions -O1 -ffat-lto-objects -c Generated_Source\PSoC4\Source_Pin_2.c -o .\CortexM0\ARM_GCC_493\Debug\Source_Pin_2.o
arm-none-eabi-gcc.exe -mcpu=cortex-m0 -mthumb -I.\chain_flow -I.\chain_flow\chain_flow_assembler -I.\rtc_functions -I.\utilities -I.\rtu_modbus -I.\moisture_measurement -I.\event_fifo -I.\capsense_sensor -I.\humidity_sensor -I. -IGenerated_Source\PSoC4 -Wa,-alh=.\CortexM0\ARM_GCC_493\Debug/Source_Pin_2_PM.lst -g -D DEBUG -Wall -ffunction-sections -finline-functions -O1 -ffat-lto-objects -c Generated_Source\PSoC4\Source_Pin_2_PM.c -o .\CortexM0\ARM_GCC_493\Debug\Source_Pin_2_PM.o
arm-none-eabi-gcc.exe -mcpu=cortex-m0 -mthumb -I.\chain_flow -I.\chain_flow\chain_flow_assembler -I.\rtc_functions -I.\utilities -I.\rtu_modbus -I.\moisture_measurement -I.\event_fifo -I.\capsense_sensor -I.\humidity_sensor -I. -IGenerated_Source\PSoC4 -Wa,-alh=.\CortexM0\ARM_GCC_493\Debug/Sink_Pin_2.lst -g -D DEBUG -Wall -ffunction-sections -finline-functions -O1 -ffat-lto-objects -c Generated_Source\PSoC4\Sink_Pin_2.c -o .\CortexM0\ARM_GCC_493\Debug\Sink_Pin_2.o
arm-none-eabi-gcc.exe -mcpu=cortex-m0 -mthumb -I.\chain_flow -I.\chain_flow\chain_flow_assembler -I.\rtc_functions -I.\utilities -I.\rtu_modbus -I.\moisture_measurement -I.\event_fifo -I.\capsense_sensor -I.\humidity_sensor -I. -IGenerated_Source\PSoC4 -Wa,-alh=.\CortexM0\ARM_GCC_493\Debug/Sink_Pin_2_PM.lst -g -D DEBUG -Wall -ffunction-sections -finline-functions -O1 -ffat-lto-objects -c Generated_Source\PSoC4\Sink_Pin_2_PM.c -o .\CortexM0\ARM_GCC_493\Debug\Sink_Pin_2_PM.o
arm-none-eabi-gcc.exe -mcpu=cortex-m0 -mthumb -I.\chain_flow -I.\chain_flow\chain_flow_assembler -I.\rtc_functions -I.\utilities -I.\rtu_modbus -I.\moisture_measurement -I.\event_fifo -I.\capsense_sensor -I.\humidity_sensor -I. -IGenerated_Source\PSoC4 -Wa,-alh=.\CortexM0\ARM_GCC_493\Debug/Sink_Control.lst -g -D DEBUG -Wall -ffunction-sections -finline-functions -O1 -ffat-lto-objects -c Generated_Source\PSoC4\Sink_Control.c -o .\CortexM0\ARM_GCC_493\Debug\Sink_Control.o
arm-none-eabi-gcc.exe -mcpu=cortex-m0 -mthumb -I.\chain_flow -I.\chain_flow\chain_flow_assembler -I.\rtc_functions -I.\utilities -I.\rtu_modbus -I.\moisture_measurement -I.\event_fifo -I.\capsense_sensor -I.\humidity_sensor -I. -IGenerated_Source\PSoC4 -Wa,-alh=.\CortexM0\ARM_GCC_493\Debug/Sink_Control_PM.lst -g -D DEBUG -Wall -ffunction-sections -finline-functions -O1 -ffat-lto-objects -c Generated_Source\PSoC4\Sink_Control_PM.c -o .\CortexM0\ARM_GCC_493\Debug\Sink_Control_PM.o
arm-none-eabi-gcc.exe -mcpu=cortex-m0 -mthumb -I.\chain_flow -I.\chain_flow\chain_flow_assembler -I.\rtc_functions -I.\utilities -I.\rtu_modbus -I.\moisture_measurement -I.\event_fifo -I.\capsense_sensor -I.\humidity_sensor -I. -IGenerated_Source\PSoC4 -Wa,-alh=.\CortexM0\ARM_GCC_493\Debug/Source_Control.lst -g -D DEBUG -Wall -ffunction-sections -finline-functions -O1 -ffat-lto-objects -c Generated_Source\PSoC4\Source_Control.c -o .\CortexM0\ARM_GCC_493\Debug\Source_Control.o
arm-none-eabi-gcc.exe -mcpu=cortex-m0 -mthumb -I.\chain_flow -I.\chain_flow\chain_flow_assembler -I.\rtc_functions -I.\utilities -I.\rtu_modbus -I.\moisture_measurement -I.\event_fifo -I.\capsense_sensor -I.\humidity_sensor -I. -IGenerated_Source\PSoC4 -Wa,-alh=.\CortexM0\ARM_GCC_493\Debug/Source_Control_PM.lst -g -D DEBUG -Wall -ffunction-sections -finline-functions -O1 -ffat-lto-objects -c Generated_Source\PSoC4\Source_Control_PM.c -o .\CortexM0\ARM_GCC_493\Debug\Source_Control_PM.o
arm-none-eabi-as.exe -mcpu=cortex-m0 -mthumb -I. -IGenerated_Source\PSoC4 -alh=.\CortexM0\ARM_GCC_493\Debug/CyBootAsmGnu.lst -g -W -o .\CortexM0\ARM_GCC_493\Debug\CyBootAsmGnu.o Generated_Source\PSoC4\CyBootAsmGnu.s
arm-none-eabi-ar.exe -rs .\CortexM0\ARM_GCC_493\Debug\Moisture_Sensor.a .\CortexM0\ARM_GCC_493\Debug\cyfitter_cfg.o .\CortexM0\ARM_GCC_493\Debug\Switch_Pin.o .\CortexM0\ARM_GCC_493\Debug\Switch_Pin_PM.o .\CortexM0\ARM_GCC_493\Debug\Heart_Beat_Pin.o .\CortexM0\ARM_GCC_493\Debug\Heart_Beat_Pin_PM.o .\CortexM0\ARM_GCC_493\Debug\UART_1.o .\CortexM0\ARM_GCC_493\Debug\UART_1_PM.o .\CortexM0\ARM_GCC_493\Debug\UART_1_INT.o .\CortexM0\ARM_GCC_493\Debug\UART_1_BOOT.o .\CortexM0\ARM_GCC_493\Debug\UART_1_IntClock.o .\CortexM0\ARM_GCC_493\Debug\CyFlash.o .\CortexM0\ARM_GCC_493\Debug\CyLib.o .\CortexM0\ARM_GCC_493\Debug\cyPm.o .\CortexM0\ARM_GCC_493\Debug\cyutils.o .\CortexM0\ARM_GCC_493\Debug\CyDMA.o .\CortexM0\ARM_GCC_493\Debug\CyLFClk.o .\CortexM0\ARM_GCC_493\Debug\AMux_2.o .\CortexM0\ARM_GCC_493\Debug\ADC_SAR_Seq_1.o .\CortexM0\ARM_GCC_493\Debug\ADC_SAR_Seq_1_PM.o .\CortexM0\ARM_GCC_493\Debug\ADC_SAR_Seq_1_INT.o .\CortexM0\ARM_GCC_493\Debug\ADC_SAR_Seq_1_IRQ.o .\CortexM0\ARM_GCC_493\Debug\ADC_SAR_Seq_1_intClock.o .\CortexM0\ARM_GCC_493\Debug\RS_485_Dir.o .\CortexM0\ARM_GCC_493\Debug\RS_485_Dir_PM.o .\CortexM0\ARM_GCC_493\Debug\RTC_1.o .\CortexM0\ARM_GCC_493\Debug\One_Wire_Pin.o .\CortexM0\ARM_GCC_493\Debug\One_Wire_Pin_PM.o .\CortexM0\ARM_GCC_493\Debug\WdtIsr.o .\CortexM0\ARM_GCC_493\Debug\modbus_tx_interrupt.o .\CortexM0\ARM_GCC_493\Debug\modbus_rx_interrupt.o .\CortexM0\ARM_GCC_493\Debug\I2C_1.o .\CortexM0\ARM_GCC_493\Debug\I2C_1_I2C_INT.o .\CortexM0\ARM_GCC_493\Debug\I2C_1_I2C.o .\CortexM0\ARM_GCC_493\Debug\I2C_1_I2C_BOOT.o .\CortexM0\ARM_GCC_493\Debug\I2C_1_I2C_MASTER.o .\CortexM0\ARM_GCC_493\Debug\I2C_1_PM.o .\CortexM0\ARM_GCC_493\Debug\I2C_1_BOOT.o .\CortexM0\ARM_GCC_493\Debug\I2C_1_SCBCLK.o .\CortexM0\ARM_GCC_493\Debug\I2C_1_sda.o .\CortexM0\ARM_GCC_493\Debug\I2C_1_sda_PM.o .\CortexM0\ARM_GCC_493\Debug\I2C_1_scl.o .\CortexM0\ARM_GCC_493\Debug\I2C_1_scl_PM.o .\CortexM0\ARM_GCC_493\Debug\I2C_1_SCB_IRQ.o .\CortexM0\ARM_GCC_493\Debug\temp_humidity_pin.o .\CortexM0\ARM_GCC_493\Debug\temp_humidity_pin_PM.o .\CortexM0\ARM_GCC_493\Debug\Input_Pin_1.o .\CortexM0\ARM_GCC_493\Debug\Input_Pin_1_PM.o .\CortexM0\ARM_GCC_493\Debug\input_Pin_2.o .\CortexM0\ARM_GCC_493\Debug\input_Pin_2_PM.o .\CortexM0\ARM_GCC_493\Debug\input_Pin_3.o .\CortexM0\ARM_GCC_493\Debug\input_Pin_3_PM.o .\CortexM0\ARM_GCC_493\Debug\Source_Pin_1.o .\CortexM0\ARM_GCC_493\Debug\Source_Pin_1_PM.o .\CortexM0\ARM_GCC_493\Debug\Sink_Pin_1.o .\CortexM0\ARM_GCC_493\Debug\Sink_Pin_1_PM.o .\CortexM0\ARM_GCC_493\Debug\Source_Pin_2.o .\CortexM0\ARM_GCC_493\Debug\Source_Pin_2_PM.o .\CortexM0\ARM_GCC_493\Debug\Sink_Pin_2.o .\CortexM0\ARM_GCC_493\Debug\Sink_Pin_2_PM.o .\CortexM0\ARM_GCC_493\Debug\Sink_Control.o .\CortexM0\ARM_GCC_493\Debug\Sink_Control_PM.o .\CortexM0\ARM_GCC_493\Debug\Source_Control.o .\CortexM0\ARM_GCC_493\Debug\Source_Control_PM.o .\CortexM0\ARM_GCC_493\Debug\CyBootAsmGnu.o
arm-none-eabi-ar.exe: creating .\CortexM0\ARM_GCC_493\Debug\Moisture_Sensor.a
arm-none-eabi-gcc.exe -Wl,--start-group -o .\CortexM0\ARM_GCC_493\Debug\Moisture_Sensor.elf .\CortexM0\ARM_GCC_493\Debug\rtc_functions.o .\CortexM0\ARM_GCC_493\Debug\moisture_measurements.o .\CortexM0\ARM_GCC_493\Debug\cf_events.o .\CortexM0\ARM_GCC_493\Debug\cf_external_functions.o .\CortexM0\ARM_GCC_493\Debug\cf_runtime_functions.o .\CortexM0\ARM_GCC_493\Debug\cf_status_bit.o .\CortexM0\ARM_GCC_493\Debug\chain_flow_support.o .\CortexM0\ARM_GCC_493\Debug\modbus_serial_ctrl.o .\CortexM0\ARM_GCC_493\Debug\process_crc.o .\CortexM0\ARM_GCC_493\Debug\process_modbus_message.o .\CortexM0\ARM_GCC_493\Debug\process_type_3_message.o .\CortexM0\ARM_GCC_493\Debug\process_type_16_message.o .\CortexM0\ARM_GCC_493\Debug\process_type_24_message.o .\CortexM0\ARM_GCC_493\Debug\one_wire.o .\CortexM0\ARM_GCC_493\Debug\DS18B20.o .\CortexM0\ARM_GCC_493\Debug\event_fifo.o .\CortexM0\ARM_GCC_493\Debug\dht22.o .\CortexM0\ARM_GCC_493\Debug\cf_dht22.o .\CortexM0\ARM_GCC_493\Debug\main.o .\CortexM0\ARM_GCC_493\Debug\configuration_data.o .\CortexM0\ARM_GCC_493\Debug\cymetadata.o .\CortexM0\ARM_GCC_493\Debug\Cm0Start.o .\CortexM0\ARM_GCC_493\Debug\Moisture_Sensor.a "C:\Program Files (x86)\Cypress\PSoC Creator\4.0\PSoC Creator\psoc\content\cycomponentlibrary\CyComponentLibrary.cylib\CortexM0\ARM_GCC_493\Debug\CyComponentLibrary.a" -mcpu=cortex-m0 -mthumb -g -ffunction-sections -finline-functions -O1 -ffat-lto-objects -L Generated_Source\PSoC4 -Wl,-Map,.\CortexM0\ARM_GCC_493\Debug/Moisture_Sensor.map -T C:\Users\glenn\OneDrive\PSOC\moisture_sensor_4m\Moisture_Sensor\Moisture_Sensor.cydsn\Generated_Source\PSoC4\cm0gcc.ld -specs=nano.specs -Wl,--gc-sections -Wl,--end-group
cyelftool.exe -C C:\Users\glenn\OneDrive\PSOC\moisture_sensor_4m\Moisture_Sensor\Moisture_Sensor.cydsn\CortexM0\ARM_GCC_493\Debug\Moisture_Sensor.elf --flash_row_size 128 --flash_size 131072
cyelftool.exe -S C:\Users\glenn\OneDrive\PSOC\moisture_sensor_4m\Moisture_Sensor\Moisture_Sensor.cydsn\CortexM0\ARM_GCC_493\Debug\Moisture_Sensor.elf
Flash used: 37776 of 131072 bytes (28.8 %).
SRAM used: 10836 of 16384 bytes (66.1 %). Stack: 6144 bytes. Heap: 128 bytes.
--------------- Rebuild Succeeded: 12/19/2016 10:45:39 ---------------
